[2022-02-21T13:47:31.593] [INFO] ma-core - database URI mongodb://localhost:27017/core
[2022-02-21T13:47:32.220] [INFO] ma-core - server started at port 5000
[2022-02-21T13:47:32.240] [INFO] ma-core - mongodb conected
[2022-02-21T13:47:39.518] [INFO] ma-core - database URI mongodb://localhost:27017/core
[2022-02-21T13:47:40.170] [INFO] ma-core - server started at port 5000
[2022-02-21T13:47:40.202] [INFO] ma-core - mongodb conected
[2022-02-21T13:47:41.557] [INFO] ma-core - database URI mongodb://localhost:27017/core
[2022-02-21T13:47:42.140] [INFO] ma-core - server started at port 5000
[2022-02-21T13:47:42.159] [INFO] ma-core - mongodb conected
[2022-02-21T13:47:45.121] [INFO] ma-core - database URI mongodb://localhost:27017/core
[2022-02-21T13:47:45.719] [INFO] ma-core - server started at port 5000
[2022-02-21T13:47:45.740] [INFO] ma-core - mongodb conected
[2022-02-21T13:47:57.215] [INFO] ma-core - database URI mongodb://localhost:27017/core
[2022-02-21T13:47:57.794] [INFO] ma-core - server started at port 5000
[2022-02-21T13:47:57.813] [INFO] ma-core - mongodb conected
[2022-02-21T13:55:25.822] [INFO] ma-core - database URI mongodb://localhost:27017/core
[2022-02-21T13:55:26.543] [INFO] ma-core - server started at port 5000
[2022-02-21T13:55:26.570] [INFO] ma-core - mongodb conected
[2022-02-21T13:56:00.218] [INFO] ma-core - database URI mongodb://localhost:27017/core
[2022-02-21T13:56:00.834] [INFO] ma-core - server started at port 5000
[2022-02-21T13:56:00.856] [INFO] ma-core - mongodb conected
[2022-02-21T13:56:17.519] [INFO] ma-core - database URI mongodb://localhost:27017/core
[2022-02-21T13:56:18.150] [INFO] ma-core - server started at port 5000
[2022-02-21T13:56:18.174] [INFO] ma-core - mongodb conected
[2022-02-21T13:56:54.991] [INFO] ma-core - database URI mongodb://localhost:27017/core
[2022-02-21T13:56:55.638] [INFO] ma-core - server started at port 5000
[2022-02-21T13:56:55.658] [INFO] ma-core - mongodb conected
[2022-02-21T13:56:58.383] [INFO] ma-core - database URI mongodb://localhost:27017/core
[2022-02-21T13:56:59.004] [INFO] ma-core - server started at port 5000
[2022-02-21T13:56:59.023] [INFO] ma-core - mongodb conected
[2022-02-21T13:57:06.832] [INFO] ma-core - database URI mongodb://localhost:27017/core
[2022-02-21T13:57:07.761] [INFO] ma-core - server started at port 5000
[2022-02-21T13:57:07.788] [INFO] ma-core - mongodb conected
[2022-02-21T13:57:09.483] [INFO] ma-core - database URI mongodb://localhost:27017/core
[2022-02-21T13:57:10.182] [INFO] ma-core - server started at port 5000
[2022-02-21T13:57:10.201] [INFO] ma-core - mongodb conected
[2022-02-21T13:57:13.022] [INFO] ma-core - database URI mongodb://localhost:27017/core
[2022-02-21T13:57:13.649] [INFO] ma-core - server started at port 5000
[2022-02-21T13:57:13.667] [INFO] ma-core - mongodb conected
[2022-02-21T13:57:20.633] [INFO] ma-core - database URI mongodb://localhost:27017/core
[2022-02-21T13:57:21.211] [INFO] ma-core - server started at port 5000
[2022-02-21T13:57:21.233] [INFO] ma-core - mongodb conected
[2022-02-21T13:57:27.593] [INFO] ma-core - database URI mongodb://localhost:27017/core
[2022-02-21T13:57:28.181] [INFO] ma-core - server started at port 5000
[2022-02-21T13:57:28.209] [INFO] ma-core - mongodb conected
[2022-02-21T13:57:29.614] [INFO] ma-core - database URI mongodb://localhost:27017/core
[2022-02-21T13:57:30.192] [INFO] ma-core - server started at port 5000
[2022-02-21T13:57:30.216] [INFO] ma-core - mongodb conected
[2022-02-21T13:59:30.483] [INFO] ma-core - database URI mongodb://localhost:27017/core
[2022-02-21T13:59:31.111] [INFO] ma-core - server started at port 5000
[2022-02-21T13:59:31.135] [INFO] ma-core - mongodb conected
[2022-02-21T14:00:12.441] [INFO] ma-core - database URI mongodb://localhost:27017/core
[2022-02-21T14:00:13.085] [INFO] ma-core - server started at port 5000
[2022-02-21T14:00:13.111] [INFO] ma-core - mongodb conected
[2022-02-21T14:00:15.379] [INFO] ma-core - database URI mongodb://localhost:27017/core
[2022-02-21T14:00:16.026] [INFO] ma-core - server started at port 5000
[2022-02-21T14:00:16.059] [INFO] ma-core - mongodb conected
[2022-02-21T14:00:19.134] [INFO] ma-core - database URI mongodb://localhost:27017/core
[2022-02-21T14:00:19.839] [INFO] ma-core - server started at port 5000
[2022-02-21T14:00:19.860] [INFO] ma-core - mongodb conected
[2022-02-21T14:00:59.696] [ERROR] ma-core - "timeZone" is required /api/itoperation/getAllActive POST ::1
[2022-02-21T14:01:19.962] [INFO] ma-core - get All Active itOperation success /api/itoperation/getAllActive POST ::1
[2022-02-21T14:01:42.152] [INFO] ma-core - get All Active itOperation success /api/itoperation/getAllActive POST ::1
[2022-02-21T14:06:06.452] [INFO] ma-core - get All Active itOperation success /api/itoperation/getAllActive POST ::1
[2022-02-21T14:07:59.721] [INFO] ma-core - database URI mongodb://localhost:27017/core
[2022-02-21T14:08:00.427] [INFO] ma-core - server started at port 5000
[2022-02-21T14:08:00.447] [INFO] ma-core - mongodb conected
[2022-02-21T14:08:01.655] [INFO] ma-core - database URI mongodb://localhost:27017/core
[2022-02-21T14:08:02.287] [INFO] ma-core - server started at port 5000
[2022-02-21T14:08:02.306] [INFO] ma-core - mongodb conected
[2022-02-21T14:08:04.617] [INFO] ma-core - database URI mongodb://localhost:27017/core
[2022-02-21T14:08:05.253] [INFO] ma-core - server started at port 5000
[2022-02-21T14:08:05.273] [INFO] ma-core - mongodb conected
[2022-02-21T14:08:06.431] [INFO] ma-core - database URI mongodb://localhost:27017/core
[2022-02-21T14:08:07.034] [INFO] ma-core - server started at port 5000
[2022-02-21T14:08:07.053] [INFO] ma-core - mongodb conected
[2022-02-21T14:08:09.045] [INFO] ma-core - database URI mongodb://localhost:27017/core
[2022-02-21T14:08:09.683] [INFO] ma-core - server started at port 5000
[2022-02-21T14:08:09.707] [INFO] ma-core - mongodb conected
[2022-02-21T14:08:11.402] [INFO] ma-core - database URI mongodb://localhost:27017/core
[2022-02-21T14:08:11.992] [INFO] ma-core - server started at port 5000
[2022-02-21T14:08:12.010] [INFO] ma-core - mongodb conected
[2022-02-21T14:08:19.983] [INFO] ma-core - database URI mongodb://localhost:27017/core
[2022-02-21T14:08:20.590] [INFO] ma-core - server started at port 5000
[2022-02-21T14:08:20.609] [INFO] ma-core - mongodb conected
[2022-02-21T14:08:32.305] [INFO] ma-core - database URI mongodb://localhost:27017/core
[2022-02-21T14:08:33.156] [INFO] ma-core - server started at port 5000
[2022-02-21T14:08:33.176] [INFO] ma-core - mongodb conected
[2022-02-21T14:08:35.772] [INFO] ma-core - database URI mongodb://localhost:27017/core
[2022-02-21T14:08:36.625] [INFO] ma-core - server started at port 5000
[2022-02-21T14:08:36.657] [INFO] ma-core - mongodb conected
[2022-02-21T14:08:38.248] [INFO] ma-core - database URI mongodb://localhost:27017/core
[2022-02-21T14:08:38.860] [INFO] ma-core - server started at port 5000
[2022-02-21T14:08:38.878] [INFO] ma-core - mongodb conected
[2022-02-21T14:08:41.068] [INFO] ma-core - database URI mongodb://localhost:27017/core
[2022-02-21T14:08:41.753] [INFO] ma-core - server started at port 5000
[2022-02-21T14:08:41.779] [INFO] ma-core - mongodb conected
[2022-02-21T14:08:56.322] [INFO] ma-core - database URI mongodb://localhost:27017/core
[2022-02-21T14:08:56.941] [INFO] ma-core - server started at port 5000
[2022-02-21T14:08:56.964] [INFO] ma-core - mongodb conected
[2022-02-21T14:08:57.160] [INFO] ma-core - get All Active itOperation success /api/itoperation/getAllActive POST ::1
[2022-02-21T14:09:27.594] [INFO] ma-core - database URI mongodb://localhost:27017/core
[2022-02-21T14:09:28.214] [INFO] ma-core - server started at port 5000
[2022-02-21T14:09:28.234] [INFO] ma-core - mongodb conected
[2022-02-21T14:09:29.271] [INFO] ma-core - database URI mongodb://localhost:27017/core
[2022-02-21T14:09:29.904] [INFO] ma-core - server started at port 5000
[2022-02-21T14:09:29.924] [INFO] ma-core - mongodb conected
[2022-02-21T14:09:32.905] [INFO] ma-core - database URI mongodb://localhost:27017/core
[2022-02-21T14:09:33.542] [INFO] ma-core - server started at port 5000
[2022-02-21T14:09:33.564] [INFO] ma-core - mongodb conected
[2022-02-21T14:09:34.451] [INFO] ma-core - database URI mongodb://localhost:27017/core
[2022-02-21T14:09:35.063] [INFO] ma-core - server started at port 5000
[2022-02-21T14:09:35.082] [INFO] ma-core - mongodb conected
[2022-02-21T14:09:48.716] [INFO] ma-core - get All Active itOperation success /api/itoperation/getAllActive POST ::1
[2022-02-21T14:10:44.286] [INFO] ma-core - get All Active itOperation success /api/itoperation/getAllActive POST ::1
[2022-02-21T14:11:58.678] [INFO] ma-core - get All Active itOperation success /api/itoperation/getAllActive POST ::1
[2022-02-21T14:12:06.165] [INFO] ma-core - get All Active itOperation success /api/itoperation/getAllActive POST ::1
[2022-02-21T14:12:45.613] [INFO] ma-core - get All Active itOperation success /api/itoperation/getAllActive POST ::1
[2022-02-21T14:14:58.871] [INFO] ma-core - get All Active itOperation success /api/itoperation/getAllActive POST ::1
[2022-02-21T14:15:55.438] [INFO] ma-core - get All Active itOperation success /api/itoperation/getAllActive POST ::1
[2022-02-21T14:18:06.811] [INFO] ma-core - get All Active itOperation success /api/itoperation/getAllActive POST ::1
[2022-02-21T14:20:01.195] [INFO] ma-core - get All Active itOperation success /api/itoperation/getAllActive POST ::1
[2022-02-21T14:21:16.523] [INFO] ma-core - get All Active itOperation success /api/itoperation/getAllActive POST ::1
[2022-02-21T14:21:46.953] [INFO] ma-core - get All Active itOperation success /api/itoperation/getAllActive POST ::1
[2022-02-21T14:23:32.602] [INFO] ma-core - get All Active itOperation success /api/itoperation/getAllActive POST ::1
[2022-02-21T14:23:50.430] [INFO] ma-core - database URI mongodb://localhost:27017/core
[2022-02-21T14:23:51.117] [INFO] ma-core - server started at port 5000
[2022-02-21T14:23:51.146] [INFO] ma-core - mongodb conected
[2022-02-21T14:23:56.290] [INFO] ma-core - database URI mongodb://localhost:27017/core
[2022-02-21T14:23:56.945] [INFO] ma-core - server started at port 5000
[2022-02-21T14:23:56.969] [INFO] ma-core - mongodb conected
[2022-02-21T14:24:13.777] [ERROR] ma-core - formValidator in insert resultform validation : gStatus | taskId undefined testing testing testing
[2022-02-21T14:24:13.783] [ERROR] ma-core - formValidator in insert resultform validation : gStatus | taskId undefined testing testing testing
[2022-02-21T14:24:13.784] [ERROR] ma-core - formValidator in insert resultform validation : gStatus | taskId undefined testing testing testing
[2022-02-21T14:26:09.008] [INFO] ma-core - cancel itOperation success testing testing testing
[2022-02-21T14:26:09.008] [ERROR] ma-core - cancel ItOperation :itOperation not found testing testing testing
[2022-02-21T14:26:09.010] [INFO] ma-core - finish itOperation success testing testing testing
[2022-02-21T14:26:09.010] [ERROR] ma-core - finish ItOperation :itOperation not found testing testing testing
[2022-02-21T14:26:09.053] [INFO] ma-core - get All Active itOperation success testing testing testing
[2022-02-21T14:26:09.060] [ERROR] ma-core - get All Active ItOperation :undefined testing testing testing
[2022-02-21T14:26:09.069] [INFO] ma-core - get All Archived itOperation success testing testing testing
[2022-02-21T14:26:09.077] [ERROR] ma-core - Error occur while Getting ItOperation By System Id : Error: Random error
    at Context.<anonymous> (/home/azer/avaxia-monitpring-app/core-service/test/unit/itOperation/getAllBySystem/getAllBySystemServiceTest.js:50:21)
    at callFn (/home/azer/avaxia-monitpring-app/core-service/node_modules/mocha/lib/runnable.js:366:21)
    at Test.Runnable.run (/home/azer/avaxia-monitpring-app/core-service/node_modules/mocha/lib/runnable.js:354:5)
    at Runner.runTest (/home/azer/avaxia-monitpring-app/core-service/node_modules/mocha/lib/runner.js:681:10)
    at /home/azer/avaxia-monitpring-app/core-service/node_modules/mocha/lib/runner.js:804:12
    at next (/home/azer/avaxia-monitpring-app/core-service/node_modules/mocha/lib/runner.js:596:14)
    at /home/azer/avaxia-monitpring-app/core-service/node_modules/mocha/lib/runner.js:606:7
    at next (/home/azer/avaxia-monitpring-app/core-service/node_modules/mocha/lib/runner.js:489:14)
    at cbHookRun (/home/azer/avaxia-monitpring-app/core-service/node_modules/mocha/lib/runner.js:554:7)
    at done (/home/azer/avaxia-monitpring-app/core-service/node_modules/mocha/lib/runnable.js:310:5)
    at callFn (/home/azer/avaxia-monitpring-app/core-service/node_modules/mocha/lib/runnable.js:389:7)
    at Hook.Runnable.run (/home/azer/avaxia-monitpring-app/core-service/node_modules/mocha/lib/runnable.js:354:5)
    at next (/home/azer/avaxia-monitpring-app/core-service/node_modules/mocha/lib/runner.js:513:10)
    at Immediate._onImmediate (/home/azer/avaxia-monitpring-app/core-service/node_modules/mocha/lib/runner.js:574:5)
    at processImmediate (internal/timers.js:464:21)
[2022-02-21T14:26:09.090] [INFO] ma-core - add ItOperation success testing testing testing
[2022-02-21T14:26:09.092] [ERROR] ma-core - add ItOperation fail :missing property testing testing testing
[2022-02-21T14:26:09.027] [INFO] ma-core - remind itOperation success testing testing testing
[2022-02-21T14:26:09.027] [ERROR] ma-core - remind ItOperation :itOperation not found testing testing testing
[2022-02-21T14:26:09.028] [INFO] ma-core - send changes itOperation success testing testing testing
[2022-02-21T14:26:09.028] [ERROR] ma-core - send changes ItOperation :itOperation not found testing testing testing
[2022-02-21T14:26:09.107] [INFO] ma-core - update itOperation success testing testing testing
[2022-02-21T14:26:09.108] [ERROR] ma-core - update ItOperation :itOperation not found testing testing testing
[2022-02-21T14:30:30.824] [INFO] ma-core - cancel itOperation success testing testing testing
[2022-02-21T14:30:30.824] [ERROR] ma-core - cancel ItOperation :itOperation not found testing testing testing
[2022-02-21T14:30:30.827] [INFO] ma-core - finish itOperation success testing testing testing
[2022-02-21T14:30:30.827] [ERROR] ma-core - finish ItOperation :itOperation not found testing testing testing
[2022-02-21T14:30:30.882] [INFO] ma-core - get All Active itOperation success testing testing testing
[2022-02-21T14:30:30.889] [ERROR] ma-core - get All Active ItOperation :undefined testing testing testing
[2022-02-21T14:30:30.899] [INFO] ma-core - get All Archived itOperation success testing testing testing
[2022-02-21T14:30:30.908] [ERROR] ma-core - Error occur while Getting ItOperation By System Id : Error: Random error
    at Context.<anonymous> (/home/azer/avaxia-monitpring-app/core-service/test/unit/itOperation/getAllBySystem/getAllBySystemServiceTest.js:50:21)
    at callFn (/home/azer/avaxia-monitpring-app/core-service/node_modules/mocha/lib/runnable.js:366:21)
    at Test.Runnable.run (/home/azer/avaxia-monitpring-app/core-service/node_modules/mocha/lib/runnable.js:354:5)
    at Runner.runTest (/home/azer/avaxia-monitpring-app/core-service/node_modules/mocha/lib/runner.js:681:10)
    at /home/azer/avaxia-monitpring-app/core-service/node_modules/mocha/lib/runner.js:804:12
    at next (/home/azer/avaxia-monitpring-app/core-service/node_modules/mocha/lib/runner.js:596:14)
    at /home/azer/avaxia-monitpring-app/core-service/node_modules/mocha/lib/runner.js:606:7
    at next (/home/azer/avaxia-monitpring-app/core-service/node_modules/mocha/lib/runner.js:489:14)
    at cbHookRun (/home/azer/avaxia-monitpring-app/core-service/node_modules/mocha/lib/runner.js:554:7)
    at done (/home/azer/avaxia-monitpring-app/core-service/node_modules/mocha/lib/runnable.js:310:5)
    at callFn (/home/azer/avaxia-monitpring-app/core-service/node_modules/mocha/lib/runnable.js:389:7)
    at Hook.Runnable.run (/home/azer/avaxia-monitpring-app/core-service/node_modules/mocha/lib/runnable.js:354:5)
    at next (/home/azer/avaxia-monitpring-app/core-service/node_modules/mocha/lib/runner.js:513:10)
    at Immediate._onImmediate (/home/azer/avaxia-monitpring-app/core-service/node_modules/mocha/lib/runner.js:574:5)
    at processImmediate (internal/timers.js:464:21)
[2022-02-21T14:30:30.921] [INFO] ma-core - add ItOperation success testing testing testing
[2022-02-21T14:30:30.923] [ERROR] ma-core - add ItOperation fail :missing property testing testing testing
[2022-02-21T14:30:30.844] [INFO] ma-core - remind itOperation success testing testing testing
[2022-02-21T14:30:30.844] [ERROR] ma-core - remind ItOperation :itOperation not found testing testing testing
[2022-02-21T14:30:30.845] [INFO] ma-core - send changes itOperation success testing testing testing
[2022-02-21T14:30:30.845] [ERROR] ma-core - send changes ItOperation :itOperation not found testing testing testing
[2022-02-21T14:30:30.939] [INFO] ma-core - update itOperation success testing testing testing
[2022-02-21T14:30:30.941] [ERROR] ma-core - update ItOperation :itOperation not found testing testing testing
[2022-02-21T14:31:56.683] [INFO] ma-core - cancel itOperation success testing testing testing
[2022-02-21T14:31:56.683] [ERROR] ma-core - cancel ItOperation :itOperation not found testing testing testing
[2022-02-21T14:31:56.686] [INFO] ma-core - finish itOperation success testing testing testing
[2022-02-21T14:31:56.686] [ERROR] ma-core - finish ItOperation :itOperation not found testing testing testing
[2022-02-21T14:31:56.739] [INFO] ma-core - get All Active itOperation success testing testing testing
[2022-02-21T14:31:56.748] [ERROR] ma-core - get All Active ItOperation :undefined testing testing testing
[2022-02-21T14:31:56.758] [INFO] ma-core - get All Archived itOperation success testing testing testing
[2022-02-21T14:31:56.767] [ERROR] ma-core - Error occur while Getting ItOperation By System Id : Error: Random error
    at Context.<anonymous> (/home/azer/avaxia-monitpring-app/core-service/test/unit/itOperation/getAllBySystem/getAllBySystemServiceTest.js:50:21)
    at callFn (/home/azer/avaxia-monitpring-app/core-service/node_modules/mocha/lib/runnable.js:366:21)
    at Test.Runnable.run (/home/azer/avaxia-monitpring-app/core-service/node_modules/mocha/lib/runnable.js:354:5)
    at Runner.runTest (/home/azer/avaxia-monitpring-app/core-service/node_modules/mocha/lib/runner.js:681:10)
    at /home/azer/avaxia-monitpring-app/core-service/node_modules/mocha/lib/runner.js:804:12
    at next (/home/azer/avaxia-monitpring-app/core-service/node_modules/mocha/lib/runner.js:596:14)
    at /home/azer/avaxia-monitpring-app/core-service/node_modules/mocha/lib/runner.js:606:7
    at next (/home/azer/avaxia-monitpring-app/core-service/node_modules/mocha/lib/runner.js:489:14)
    at cbHookRun (/home/azer/avaxia-monitpring-app/core-service/node_modules/mocha/lib/runner.js:554:7)
    at done (/home/azer/avaxia-monitpring-app/core-service/node_modules/mocha/lib/runnable.js:310:5)
    at callFn (/home/azer/avaxia-monitpring-app/core-service/node_modules/mocha/lib/runnable.js:389:7)
    at Hook.Runnable.run (/home/azer/avaxia-monitpring-app/core-service/node_modules/mocha/lib/runnable.js:354:5)
    at next (/home/azer/avaxia-monitpring-app/core-service/node_modules/mocha/lib/runner.js:513:10)
    at Immediate._onImmediate (/home/azer/avaxia-monitpring-app/core-service/node_modules/mocha/lib/runner.js:574:5)
    at processImmediate (internal/timers.js:464:21)
[2022-02-21T14:31:56.779] [INFO] ma-core - add ItOperation success testing testing testing
[2022-02-21T14:31:56.781] [ERROR] ma-core - add ItOperation fail :missing property testing testing testing
[2022-02-21T14:31:56.702] [INFO] ma-core - remind itOperation success testing testing testing
[2022-02-21T14:31:56.702] [ERROR] ma-core - remind ItOperation :itOperation not found testing testing testing
[2022-02-21T14:31:56.704] [INFO] ma-core - send changes itOperation success testing testing testing
[2022-02-21T14:31:56.704] [ERROR] ma-core - send changes ItOperation :itOperation not found testing testing testing
[2022-02-21T14:31:56.798] [INFO] ma-core - update itOperation success testing testing testing
[2022-02-21T14:31:56.800] [ERROR] ma-core - update ItOperation :itOperation not found testing testing testing
[2022-02-21T14:33:31.423] [INFO] ma-core - cancel itOperation success testing testing testing
[2022-02-21T14:33:31.423] [ERROR] ma-core - cancel ItOperation :itOperation not found testing testing testing
[2022-02-21T14:33:31.426] [INFO] ma-core - finish itOperation success testing testing testing
[2022-02-21T14:33:31.426] [ERROR] ma-core - finish ItOperation :itOperation not found testing testing testing
[2022-02-21T14:33:31.474] [INFO] ma-core - get All Active itOperation success testing testing testing
[2022-02-21T14:33:31.480] [ERROR] ma-core - get All Active ItOperation :undefined testing testing testing
[2022-02-21T14:33:31.488] [INFO] ma-core - get All Archived itOperation success testing testing testing
[2022-02-21T14:33:31.496] [ERROR] ma-core - Error occur while Getting ItOperation By System Id : Error: Random error
    at Context.<anonymous> (/home/azer/avaxia-monitpring-app/core-service/test/unit/itOperation/getAllBySystem/getAllBySystemServiceTest.js:50:21)
    at callFn (/home/azer/avaxia-monitpring-app/core-service/node_modules/mocha/lib/runnable.js:366:21)
    at Test.Runnable.run (/home/azer/avaxia-monitpring-app/core-service/node_modules/mocha/lib/runnable.js:354:5)
    at Runner.runTest (/home/azer/avaxia-monitpring-app/core-service/node_modules/mocha/lib/runner.js:681:10)
    at /home/azer/avaxia-monitpring-app/core-service/node_modules/mocha/lib/runner.js:804:12
    at next (/home/azer/avaxia-monitpring-app/core-service/node_modules/mocha/lib/runner.js:596:14)
    at /home/azer/avaxia-monitpring-app/core-service/node_modules/mocha/lib/runner.js:606:7
    at next (/home/azer/avaxia-monitpring-app/core-service/node_modules/mocha/lib/runner.js:489:14)
    at cbHookRun (/home/azer/avaxia-monitpring-app/core-service/node_modules/mocha/lib/runner.js:554:7)
    at done (/home/azer/avaxia-monitpring-app/core-service/node_modules/mocha/lib/runnable.js:310:5)
    at callFn (/home/azer/avaxia-monitpring-app/core-service/node_modules/mocha/lib/runnable.js:389:7)
    at Hook.Runnable.run (/home/azer/avaxia-monitpring-app/core-service/node_modules/mocha/lib/runnable.js:354:5)
    at next (/home/azer/avaxia-monitpring-app/core-service/node_modules/mocha/lib/runner.js:513:10)
    at Immediate._onImmediate (/home/azer/avaxia-monitpring-app/core-service/node_modules/mocha/lib/runner.js:574:5)
    at processImmediate (internal/timers.js:464:21)
[2022-02-21T14:33:31.515] [INFO] ma-core - add ItOperation success testing testing testing
[2022-02-21T14:33:31.516] [ERROR] ma-core - add ItOperation fail :missing property testing testing testing
[2022-02-21T14:33:31.445] [INFO] ma-core - remind itOperation success testing testing testing
[2022-02-21T14:33:31.445] [ERROR] ma-core - remind ItOperation :itOperation not found testing testing testing
[2022-02-21T14:33:31.447] [INFO] ma-core - send changes itOperation success testing testing testing
[2022-02-21T14:33:31.447] [ERROR] ma-core - send changes ItOperation :itOperation not found testing testing testing
[2022-02-21T14:33:31.532] [INFO] ma-core - update itOperation success testing testing testing
[2022-02-21T14:33:31.533] [ERROR] ma-core - update ItOperation :itOperation not found testing testing testing
[2022-02-21T14:36:52.077] [INFO] ma-core - cancel itOperation success testing testing testing
[2022-02-21T14:36:52.077] [ERROR] ma-core - cancel ItOperation :itOperation not found testing testing testing
[2022-02-21T14:36:52.079] [INFO] ma-core - finish itOperation success testing testing testing
[2022-02-21T14:36:52.079] [ERROR] ma-core - finish ItOperation :itOperation not found testing testing testing
[2022-02-21T14:36:52.137] [INFO] ma-core - get All Active itOperation success testing testing testing
[2022-02-21T14:36:52.143] [ERROR] ma-core - get All Active ItOperation :undefined testing testing testing
[2022-02-21T14:36:52.153] [INFO] ma-core - get All Archived itOperation success testing testing testing
[2022-02-21T14:36:52.162] [ERROR] ma-core - Error occur while Getting ItOperation By System Id : Error: Random error
    at Context.<anonymous> (/home/azer/avaxia-monitpring-app/core-service/test/unit/itOperation/getAllBySystem/getAllBySystemServiceTest.js:50:21)
    at callFn (/home/azer/avaxia-monitpring-app/core-service/node_modules/mocha/lib/runnable.js:366:21)
    at Test.Runnable.run (/home/azer/avaxia-monitpring-app/core-service/node_modules/mocha/lib/runnable.js:354:5)
    at Runner.runTest (/home/azer/avaxia-monitpring-app/core-service/node_modules/mocha/lib/runner.js:681:10)
    at /home/azer/avaxia-monitpring-app/core-service/node_modules/mocha/lib/runner.js:804:12
    at next (/home/azer/avaxia-monitpring-app/core-service/node_modules/mocha/lib/runner.js:596:14)
    at /home/azer/avaxia-monitpring-app/core-service/node_modules/mocha/lib/runner.js:606:7
    at next (/home/azer/avaxia-monitpring-app/core-service/node_modules/mocha/lib/runner.js:489:14)
    at cbHookRun (/home/azer/avaxia-monitpring-app/core-service/node_modules/mocha/lib/runner.js:554:7)
    at done (/home/azer/avaxia-monitpring-app/core-service/node_modules/mocha/lib/runnable.js:310:5)
    at callFn (/home/azer/avaxia-monitpring-app/core-service/node_modules/mocha/lib/runnable.js:389:7)
    at Hook.Runnable.run (/home/azer/avaxia-monitpring-app/core-service/node_modules/mocha/lib/runnable.js:354:5)
    at next (/home/azer/avaxia-monitpring-app/core-service/node_modules/mocha/lib/runner.js:513:10)
    at Immediate._onImmediate (/home/azer/avaxia-monitpring-app/core-service/node_modules/mocha/lib/runner.js:574:5)
    at processImmediate (internal/timers.js:464:21)
[2022-02-21T14:36:52.175] [INFO] ma-core - add ItOperation success testing testing testing
[2022-02-21T14:36:52.177] [ERROR] ma-core - add ItOperation fail :missing property testing testing testing
[2022-02-21T14:36:52.095] [INFO] ma-core - remind itOperation success testing testing testing
[2022-02-21T14:36:52.095] [ERROR] ma-core - remind ItOperation :itOperation not found testing testing testing
[2022-02-21T14:36:52.097] [INFO] ma-core - send changes itOperation success testing testing testing
[2022-02-21T14:36:52.097] [ERROR] ma-core - send changes ItOperation :itOperation not found testing testing testing
[2022-02-21T14:36:52.193] [INFO] ma-core - update itOperation success testing testing testing
[2022-02-21T14:36:52.195] [ERROR] ma-core - update ItOperation :itOperation not found testing testing testing
[2022-02-21T14:39:25.226] [INFO] ma-core - cancel itOperation success testing testing testing
[2022-02-21T14:39:25.226] [ERROR] ma-core - cancel ItOperation :itOperation not found testing testing testing
[2022-02-21T14:39:25.228] [INFO] ma-core - finish itOperation success testing testing testing
[2022-02-21T14:39:25.228] [ERROR] ma-core - finish ItOperation :itOperation not found testing testing testing
[2022-02-21T14:39:25.292] [INFO] ma-core - get All Active itOperation success testing testing testing
[2022-02-21T14:39:25.294] [ERROR] ma-core - get All Active ItOperation :undefined testing testing testing
[2022-02-21T14:39:25.307] [INFO] ma-core - get All Archived itOperation success testing testing testing
[2022-02-21T14:39:25.316] [ERROR] ma-core - Error occur while Getting ItOperation By System Id : Error: Random error
    at Context.<anonymous> (/home/azer/avaxia-monitpring-app/core-service/test/unit/itOperation/getAllBySystem/getAllBySystemServiceTest.js:50:21)
    at callFn (/home/azer/avaxia-monitpring-app/core-service/node_modules/mocha/lib/runnable.js:366:21)
    at Test.Runnable.run (/home/azer/avaxia-monitpring-app/core-service/node_modules/mocha/lib/runnable.js:354:5)
    at Runner.runTest (/home/azer/avaxia-monitpring-app/core-service/node_modules/mocha/lib/runner.js:681:10)
    at /home/azer/avaxia-monitpring-app/core-service/node_modules/mocha/lib/runner.js:804:12
    at next (/home/azer/avaxia-monitpring-app/core-service/node_modules/mocha/lib/runner.js:596:14)
    at /home/azer/avaxia-monitpring-app/core-service/node_modules/mocha/lib/runner.js:606:7
    at next (/home/azer/avaxia-monitpring-app/core-service/node_modules/mocha/lib/runner.js:489:14)
    at cbHookRun (/home/azer/avaxia-monitpring-app/core-service/node_modules/mocha/lib/runner.js:554:7)
    at done (/home/azer/avaxia-monitpring-app/core-service/node_modules/mocha/lib/runnable.js:310:5)
    at callFn (/home/azer/avaxia-monitpring-app/core-service/node_modules/mocha/lib/runnable.js:389:7)
    at Hook.Runnable.run (/home/azer/avaxia-monitpring-app/core-service/node_modules/mocha/lib/runnable.js:354:5)
    at next (/home/azer/avaxia-monitpring-app/core-service/node_modules/mocha/lib/runner.js:513:10)
    at Immediate._onImmediate (/home/azer/avaxia-monitpring-app/core-service/node_modules/mocha/lib/runner.js:574:5)
    at processImmediate (internal/timers.js:464:21)
[2022-02-21T14:39:25.329] [INFO] ma-core - add ItOperation success testing testing testing
[2022-02-21T14:39:25.331] [ERROR] ma-core - add ItOperation fail :missing property testing testing testing
[2022-02-21T14:39:25.245] [INFO] ma-core - remind itOperation success testing testing testing
[2022-02-21T14:39:25.245] [ERROR] ma-core - remind ItOperation :itOperation not found testing testing testing
[2022-02-21T14:39:25.246] [INFO] ma-core - send changes itOperation success testing testing testing
[2022-02-21T14:39:25.246] [ERROR] ma-core - send changes ItOperation :itOperation not found testing testing testing
[2022-02-21T14:39:25.347] [INFO] ma-core - update itOperation success testing testing testing
[2022-02-21T14:39:25.349] [ERROR] ma-core - update ItOperation :itOperation not found testing testing testing
[2022-02-21T14:50:25.866] [INFO] ma-core - cancel itOperation success testing testing testing
[2022-02-21T14:50:25.866] [ERROR] ma-core - cancel ItOperation :itOperation not found testing testing testing
[2022-02-21T14:50:25.868] [INFO] ma-core - finish itOperation success testing testing testing
[2022-02-21T14:50:25.868] [ERROR] ma-core - finish ItOperation :itOperation not found testing testing testing
[2022-02-21T14:50:25.927] [INFO] ma-core - get All Active itOperation success testing testing testing
[2022-02-21T14:50:25.929] [ERROR] ma-core - get All Active ItOperation :undefined testing testing testing
[2022-02-21T14:50:25.944] [INFO] ma-core - get All Archived itOperation success testing testing testing
[2022-02-21T14:50:25.953] [ERROR] ma-core - Error occur while Getting ItOperation By System Id : Error: Random error
    at Context.<anonymous> (/home/azer/avaxia-monitpring-app/core-service/test/unit/itOperation/getAllBySystem/getAllBySystemServiceTest.js:50:21)
    at callFn (/home/azer/avaxia-monitpring-app/core-service/node_modules/mocha/lib/runnable.js:366:21)
    at Test.Runnable.run (/home/azer/avaxia-monitpring-app/core-service/node_modules/mocha/lib/runnable.js:354:5)
    at Runner.runTest (/home/azer/avaxia-monitpring-app/core-service/node_modules/mocha/lib/runner.js:681:10)
    at /home/azer/avaxia-monitpring-app/core-service/node_modules/mocha/lib/runner.js:804:12
    at next (/home/azer/avaxia-monitpring-app/core-service/node_modules/mocha/lib/runner.js:596:14)
    at /home/azer/avaxia-monitpring-app/core-service/node_modules/mocha/lib/runner.js:606:7
    at next (/home/azer/avaxia-monitpring-app/core-service/node_modules/mocha/lib/runner.js:489:14)
    at cbHookRun (/home/azer/avaxia-monitpring-app/core-service/node_modules/mocha/lib/runner.js:554:7)
    at done (/home/azer/avaxia-monitpring-app/core-service/node_modules/mocha/lib/runnable.js:310:5)
    at callFn (/home/azer/avaxia-monitpring-app/core-service/node_modules/mocha/lib/runnable.js:389:7)
    at Hook.Runnable.run (/home/azer/avaxia-monitpring-app/core-service/node_modules/mocha/lib/runnable.js:354:5)
    at next (/home/azer/avaxia-monitpring-app/core-service/node_modules/mocha/lib/runner.js:513:10)
    at Immediate._onImmediate (/home/azer/avaxia-monitpring-app/core-service/node_modules/mocha/lib/runner.js:574:5)
    at processImmediate (internal/timers.js:464:21)
[2022-02-21T14:50:25.967] [INFO] ma-core - add ItOperation success testing testing testing
[2022-02-21T14:50:25.968] [ERROR] ma-core - add ItOperation fail :missing property testing testing testing
[2022-02-21T14:50:25.884] [INFO] ma-core - remind itOperation success testing testing testing
[2022-02-21T14:50:25.884] [ERROR] ma-core - remind ItOperation :itOperation not found testing testing testing
[2022-02-21T14:50:25.885] [INFO] ma-core - send changes itOperation success testing testing testing
[2022-02-21T14:50:25.885] [ERROR] ma-core - send changes ItOperation :itOperation not found testing testing testing
[2022-02-21T14:50:25.984] [INFO] ma-core - update itOperation success testing testing testing
[2022-02-21T14:50:25.986] [ERROR] ma-core - update ItOperation :itOperation not found testing testing testing
[2022-02-21T14:51:18.296] [INFO] ma-core - cancel itOperation success testing testing testing
[2022-02-21T14:51:18.296] [ERROR] ma-core - cancel ItOperation :itOperation not found testing testing testing
[2022-02-21T14:51:18.298] [INFO] ma-core - finish itOperation success testing testing testing
[2022-02-21T14:51:18.298] [ERROR] ma-core - finish ItOperation :itOperation not found testing testing testing
[2022-02-21T14:51:18.344] [INFO] ma-core - get All Active itOperation success testing testing testing
[2022-02-21T14:51:18.346] [ERROR] ma-core - get All Active ItOperation :undefined testing testing testing
[2022-02-21T14:51:18.358] [INFO] ma-core - get All Archived itOperation success testing testing testing
[2022-02-21T14:51:18.366] [ERROR] ma-core - Error occur while Getting ItOperation By System Id : Error: Random error
    at Context.<anonymous> (/home/azer/avaxia-monitpring-app/core-service/test/unit/itOperation/getAllBySystem/getAllBySystemServiceTest.js:50:21)
    at callFn (/home/azer/avaxia-monitpring-app/core-service/node_modules/mocha/lib/runnable.js:366:21)
    at Test.Runnable.run (/home/azer/avaxia-monitpring-app/core-service/node_modules/mocha/lib/runnable.js:354:5)
    at Runner.runTest (/home/azer/avaxia-monitpring-app/core-service/node_modules/mocha/lib/runner.js:681:10)
    at /home/azer/avaxia-monitpring-app/core-service/node_modules/mocha/lib/runner.js:804:12
    at next (/home/azer/avaxia-monitpring-app/core-service/node_modules/mocha/lib/runner.js:596:14)
    at /home/azer/avaxia-monitpring-app/core-service/node_modules/mocha/lib/runner.js:606:7
    at next (/home/azer/avaxia-monitpring-app/core-service/node_modules/mocha/lib/runner.js:489:14)
    at cbHookRun (/home/azer/avaxia-monitpring-app/core-service/node_modules/mocha/lib/runner.js:554:7)
    at done (/home/azer/avaxia-monitpring-app/core-service/node_modules/mocha/lib/runnable.js:310:5)
    at callFn (/home/azer/avaxia-monitpring-app/core-service/node_modules/mocha/lib/runnable.js:389:7)
    at Hook.Runnable.run (/home/azer/avaxia-monitpring-app/core-service/node_modules/mocha/lib/runnable.js:354:5)
    at next (/home/azer/avaxia-monitpring-app/core-service/node_modules/mocha/lib/runner.js:513:10)
    at Immediate._onImmediate (/home/azer/avaxia-monitpring-app/core-service/node_modules/mocha/lib/runner.js:574:5)
    at processImmediate (internal/timers.js:464:21)
[2022-02-21T14:51:18.380] [INFO] ma-core - add ItOperation success testing testing testing
[2022-02-21T14:51:18.381] [ERROR] ma-core - add ItOperation fail :missing property testing testing testing
[2022-02-21T14:51:18.314] [INFO] ma-core - remind itOperation success testing testing testing
[2022-02-21T14:51:18.314] [ERROR] ma-core - remind ItOperation :itOperation not found testing testing testing
[2022-02-21T14:51:18.316] [INFO] ma-core - send changes itOperation success testing testing testing
[2022-02-21T14:51:18.316] [ERROR] ma-core - send changes ItOperation :itOperation not found testing testing testing
[2022-02-21T14:51:18.396] [INFO] ma-core - update itOperation success testing testing testing
[2022-02-21T14:51:18.398] [ERROR] ma-core - update ItOperation :itOperation not found testing testing testing
[2022-02-21T14:54:11.390] [INFO] ma-core - cancel itOperation success testing testing testing
[2022-02-21T14:54:11.390] [ERROR] ma-core - cancel ItOperation :itOperation not found testing testing testing
[2022-02-21T14:54:11.393] [INFO] ma-core - finish itOperation success testing testing testing
[2022-02-21T14:54:11.393] [ERROR] ma-core - finish ItOperation :itOperation not found testing testing testing
[2022-02-21T14:54:11.449] [INFO] ma-core - get All Active itOperation success testing testing testing
[2022-02-21T14:54:11.452] [ERROR] ma-core - get All Active ItOperation :undefined testing testing testing
[2022-02-21T14:54:11.459] [INFO] ma-core - get All Archived itOperation success testing testing testing
[2022-02-21T14:54:11.467] [ERROR] ma-core - Error occur while Getting ItOperation By System Id : Error: Random error
    at Context.<anonymous> (/home/azer/avaxia-monitpring-app/core-service/test/unit/itOperation/getAllBySystem/getAllBySystemServiceTest.js:50:21)
    at callFn (/home/azer/avaxia-monitpring-app/core-service/node_modules/mocha/lib/runnable.js:366:21)
    at Test.Runnable.run (/home/azer/avaxia-monitpring-app/core-service/node_modules/mocha/lib/runnable.js:354:5)
    at Runner.runTest (/home/azer/avaxia-monitpring-app/core-service/node_modules/mocha/lib/runner.js:681:10)
    at /home/azer/avaxia-monitpring-app/core-service/node_modules/mocha/lib/runner.js:804:12
    at next (/home/azer/avaxia-monitpring-app/core-service/node_modules/mocha/lib/runner.js:596:14)
    at /home/azer/avaxia-monitpring-app/core-service/node_modules/mocha/lib/runner.js:606:7
    at next (/home/azer/avaxia-monitpring-app/core-service/node_modules/mocha/lib/runner.js:489:14)
    at cbHookRun (/home/azer/avaxia-monitpring-app/core-service/node_modules/mocha/lib/runner.js:554:7)
    at done (/home/azer/avaxia-monitpring-app/core-service/node_modules/mocha/lib/runnable.js:310:5)
    at callFn (/home/azer/avaxia-monitpring-app/core-service/node_modules/mocha/lib/runnable.js:389:7)
    at Hook.Runnable.run (/home/azer/avaxia-monitpring-app/core-service/node_modules/mocha/lib/runnable.js:354:5)
    at next (/home/azer/avaxia-monitpring-app/core-service/node_modules/mocha/lib/runner.js:513:10)
    at Immediate._onImmediate (/home/azer/avaxia-monitpring-app/core-service/node_modules/mocha/lib/runner.js:574:5)
    at processImmediate (internal/timers.js:464:21)
[2022-02-21T14:54:11.481] [INFO] ma-core - add ItOperation success testing testing testing
[2022-02-21T14:54:11.483] [ERROR] ma-core - add ItOperation fail :missing property testing testing testing
[2022-02-21T14:54:11.408] [INFO] ma-core - remind itOperation success testing testing testing
[2022-02-21T14:54:11.408] [ERROR] ma-core - remind ItOperation :itOperation not found testing testing testing
[2022-02-21T14:54:11.410] [INFO] ma-core - send changes itOperation success testing testing testing
[2022-02-21T14:54:11.410] [ERROR] ma-core - send changes ItOperation :itOperation not found testing testing testing
[2022-02-21T14:54:11.497] [INFO] ma-core - update itOperation success testing testing testing
[2022-02-21T14:54:11.499] [ERROR] ma-core - update ItOperation :itOperation not found testing testing testing
[2022-02-21T14:54:54.355] [INFO] ma-core - database URI mongodb://localhost:27017/core
[2022-02-21T14:54:54.945] [INFO] ma-core - server started at port 5000
[2022-02-21T14:54:54.964] [INFO] ma-core - mongodb conected
[2022-02-21T14:54:58.481] [INFO] ma-core - get All Active itOperation success /api/itoperation/getAllActive POST ::1
[2022-02-21T14:55:06.534] [INFO] ma-core - get All Active itOperation success /api/itoperation/getAllActive POST ::1
[2022-02-21T14:59:23.401] [INFO] ma-core - database URI mongodb://localhost:27017/core
[2022-02-21T14:59:23.993] [INFO] ma-core - server started at port 5000
[2022-02-21T14:59:24.012] [INFO] ma-core - mongodb conected
[2022-02-21T14:59:24.090] [INFO] ma-core - taskactivitylogs Collection created
[2022-02-21T15:04:03.600] [INFO] ma-core - database URI mongodb://localhost:27017/core
[2022-02-21T15:04:04.345] [INFO] ma-core - server started at port 5000
[2022-02-21T15:04:04.369] [INFO] ma-core - mongodb conected
[2022-02-21T15:09:49.971] [INFO] ma-core - database URI mongodb://localhost:27017/core
[2022-02-21T15:09:50.814] [INFO] ma-core - server started at port 5000
[2022-02-21T15:09:50.852] [INFO] ma-core - mongodb conected
[2022-02-21T15:11:51.277] [INFO] ma-core - database URI mongodb://localhost:27017/core
[2022-02-21T15:11:51.956] [INFO] ma-core - server started at port 5000
[2022-02-21T15:11:51.982] [INFO] ma-core - mongodb conected
[2022-02-21T15:14:12.820] [INFO] ma-core - database URI mongodb://localhost:27017/core
[2022-02-21T15:14:13.417] [INFO] ma-core - server started at port 5000
[2022-02-21T15:14:13.436] [INFO] ma-core - mongodb conected
[2022-02-21T15:14:23.892] [INFO] ma-core - database URI mongodb://localhost:27017/core
[2022-02-21T15:14:24.503] [INFO] ma-core - server started at port 5000
[2022-02-21T15:14:24.523] [INFO] ma-core - mongodb conected
[2022-02-21T15:14:27.736] [INFO] ma-core - database URI mongodb://localhost:27017/core
[2022-02-21T15:14:28.311] [INFO] ma-core - server started at port 5000
[2022-02-21T15:14:28.330] [INFO] ma-core - mongodb conected
[2022-02-21T15:14:31.864] [INFO] ma-core - database URI mongodb://localhost:27017/core
[2022-02-21T15:14:32.491] [INFO] ma-core - server started at port 5000
[2022-02-21T15:14:32.510] [INFO] ma-core - mongodb conected
[2022-02-21T15:14:35.906] [INFO] ma-core - database URI mongodb://localhost:27017/core
[2022-02-21T15:14:36.591] [INFO] ma-core - server started at port 5000
[2022-02-21T15:14:36.617] [INFO] ma-core - mongodb conected
[2022-02-21T15:14:39.472] [INFO] ma-core - database URI mongodb://localhost:27017/core
[2022-02-21T15:14:40.057] [INFO] ma-core - server started at port 5000
[2022-02-21T15:14:40.076] [INFO] ma-core - mongodb conected
[2022-02-21T15:14:46.264] [INFO] ma-core - database URI mongodb://localhost:27017/core
[2022-02-21T15:14:47.224] [INFO] ma-core - server started at port 5000
[2022-02-21T15:14:47.247] [INFO] ma-core - mongodb conected
[2022-02-21T15:14:53.241] [INFO] ma-core - database URI mongodb://localhost:27017/core
[2022-02-21T15:14:53.845] [INFO] ma-core - server started at port 5000
[2022-02-21T15:14:53.863] [INFO] ma-core - mongodb conected
[2022-02-21T15:14:58.469] [INFO] ma-core - database URI mongodb://localhost:27017/core
[2022-02-21T15:14:59.178] [INFO] ma-core - server started at port 5000
[2022-02-21T15:14:59.200] [INFO] ma-core - mongodb conected
[2022-02-21T15:14:59.918] [INFO] ma-core - database URI mongodb://localhost:27017/core
[2022-02-21T15:15:00.659] [INFO] ma-core - server started at port 5000
[2022-02-21T15:15:00.677] [INFO] ma-core - mongodb conected
[2022-02-21T15:15:03.116] [INFO] ma-core - database URI mongodb://localhost:27017/core
[2022-02-21T15:15:03.694] [INFO] ma-core - server started at port 5000
[2022-02-21T15:15:03.713] [INFO] ma-core - mongodb conected
[2022-02-21T15:16:24.907] [INFO] ma-core - database URI mongodb://localhost:27017/core
[2022-02-21T15:16:25.666] [INFO] ma-core - server started at port 5000
[2022-02-21T15:16:25.693] [INFO] ma-core - mongodb conected
[2022-02-21T15:16:31.083] [INFO] ma-core - database URI mongodb://localhost:27017/core
[2022-02-21T15:16:31.902] [INFO] ma-core - server started at port 5000
[2022-02-21T15:16:31.924] [INFO] ma-core - mongodb conected
[2022-02-21T15:16:33.544] [INFO] ma-core - database URI mongodb://localhost:27017/core
[2022-02-21T15:16:34.205] [INFO] ma-core - server started at port 5000
[2022-02-21T15:16:34.226] [INFO] ma-core - mongodb conected
[2022-02-21T15:16:40.826] [INFO] ma-core - database URI mongodb://localhost:27017/core
[2022-02-21T15:16:41.516] [INFO] ma-core - server started at port 5000
[2022-02-21T15:16:41.536] [INFO] ma-core - mongodb conected
[2022-02-21T15:16:42.238] [INFO] ma-core - database URI mongodb://localhost:27017/core
[2022-02-21T15:16:42.827] [INFO] ma-core - server started at port 5000
[2022-02-21T15:16:42.846] [INFO] ma-core - mongodb conected
[2022-02-21T15:17:05.958] [INFO] ma-core - database URI mongodb://localhost:27017/core
[2022-02-21T15:17:06.604] [INFO] ma-core - server started at port 5000
[2022-02-21T15:17:06.629] [INFO] ma-core - mongodb conected
[2022-02-21T15:17:15.929] [INFO] ma-core - database URI mongodb://localhost:27017/core
[2022-02-21T15:17:16.503] [INFO] ma-core - server started at port 5000
[2022-02-21T15:17:16.521] [INFO] ma-core - mongodb conected
[2022-02-21T15:18:24.713] [INFO] ma-core - database URI mongodb://localhost:27017/core
[2022-02-21T15:18:25.384] [INFO] ma-core - server started at port 5000
[2022-02-21T15:18:25.408] [INFO] ma-core - mongodb conected
[2022-02-21T15:20:01.406] [INFO] ma-core - database URI mongodb://localhost:27017/core
[2022-02-21T15:20:02.008] [INFO] ma-core - server started at port 5000
[2022-02-21T15:20:02.028] [INFO] ma-core - mongodb conected
[2022-02-21T15:23:25.067] [INFO] ma-core - add post success /api/newsfeed/ POST ::1
[2022-02-21T15:23:49.654] [INFO] ma-core - database URI mongodb://localhost:27017/core
[2022-02-21T15:23:50.241] [INFO] ma-core - server started at port 5000
[2022-02-21T15:23:50.261] [INFO] ma-core - mongodb conected
[2022-02-21T15:23:51.028] [INFO] ma-core - database URI mongodb://localhost:27017/core
[2022-02-21T15:23:51.615] [INFO] ma-core - server started at port 5000
[2022-02-21T15:23:51.635] [INFO] ma-core - mongodb conected
[2022-02-21T15:24:17.294] [INFO] ma-core - database URI mongodb://localhost:27017/core
[2022-02-21T15:24:17.921] [INFO] ma-core - server started at port 5000
[2022-02-21T15:24:17.941] [INFO] ma-core - mongodb conected
[2022-02-21T15:24:32.862] [INFO] ma-core - database URI mongodb://localhost:27017/core
[2022-02-21T15:24:33.484] [INFO] ma-core - server started at port 5000
[2022-02-21T15:24:33.503] [INFO] ma-core - mongodb conected
[2022-02-21T15:24:39.388] [INFO] ma-core - database URI mongodb://localhost:27017/core
[2022-02-21T15:24:39.986] [INFO] ma-core - server started at port 5000
[2022-02-21T15:24:40.005] [INFO] ma-core - mongodb conected
[2022-02-21T15:57:07.154] [INFO] ma-core - get all Customer success testing testing testing
[2022-02-21T15:57:07.158] [INFO] ma-core - get all Customer success NaN post 1234
[2022-02-21T15:57:07.160] [INFO] ma-core - get all Customer success testing testing testing
[2022-02-21T15:57:07.162] [INFO] ma-core - get all Customer error testing testing testing
[2022-02-21T15:57:07.163] [INFO] ma-core - get all Customer error NaN post 1234
[2022-02-21T15:57:07.178] [INFO] ma-core - get Customer success testing testing testing
[2022-02-21T15:57:07.180] [INFO] ma-core - get Customer error testing testing testing
[2022-02-21T15:57:07.186] [ERROR] ma-core - Error: random error
    at Context.<anonymous> (/home/azer/avaxia-monitpring-app/core-service/test/unit/customer/getById/getByIdCustomer.service.test.js:88:24)
    at callFn (/home/azer/avaxia-monitpring-app/core-service/node_modules/mocha/lib/runnable.js:366:21)
    at Test.Runnable.run (/home/azer/avaxia-monitpring-app/core-service/node_modules/mocha/lib/runnable.js:354:5)
    at Runner.runTest (/home/azer/avaxia-monitpring-app/core-service/node_modules/mocha/lib/runner.js:681:10)
    at /home/azer/avaxia-monitpring-app/core-service/node_modules/mocha/lib/runner.js:804:12
    at next (/home/azer/avaxia-monitpring-app/core-service/node_modules/mocha/lib/runner.js:596:14)
    at /home/azer/avaxia-monitpring-app/core-service/node_modules/mocha/lib/runner.js:606:7
    at next (/home/azer/avaxia-monitpring-app/core-service/node_modules/mocha/lib/runner.js:489:14)
    at cbHookRun (/home/azer/avaxia-monitpring-app/core-service/node_modules/mocha/lib/runner.js:554:7)
    at done (/home/azer/avaxia-monitpring-app/core-service/node_modules/mocha/lib/runnable.js:310:5)
    at callFn (/home/azer/avaxia-monitpring-app/core-service/node_modules/mocha/lib/runnable.js:389:7)
    at Hook.Runnable.run (/home/azer/avaxia-monitpring-app/core-service/node_modules/mocha/lib/runnable.js:354:5)
    at next (/home/azer/avaxia-monitpring-app/core-service/node_modules/mocha/lib/runner.js:513:10)
    at Immediate._onImmediate (/home/azer/avaxia-monitpring-app/core-service/node_modules/mocha/lib/runner.js:574:5)
    at processImmediate (internal/timers.js:464:21)
[2022-02-21T15:57:07.201] [INFO] ma-core - add customer success testing testing testing
[2022-02-21T15:57:07.204] [ERROR] ma-core - add customer fail :missing property testing testing testing
[2022-02-21T16:11:22.733] [INFO] ma-core - add post success testing testing testing
[2022-02-21T16:15:19.317] [INFO] ma-core - add post success testing testing testing
[2022-02-21T16:15:19.322] [ERROR] ma-core - add post :missing property testing testing testing
[2022-02-21T16:23:38.543] [INFO] ma-core - database URI mongodb://localhost:27017/core
[2022-02-21T16:23:39.207] [INFO] ma-core - server started at port 5000
[2022-02-21T16:23:39.231] [INFO] ma-core - mongodb conected
[2022-02-21T16:23:58.165] [INFO] ma-core - get all posts success /api/newsfeed/getAllPosts GET ::1
[2022-02-21T16:24:44.251] [INFO] ma-core - database URI mongodb://localhost:27017/core
[2022-02-21T16:24:44.840] [INFO] ma-core - server started at port 5000
[2022-02-21T16:24:44.859] [INFO] ma-core - mongodb conected
[2022-02-21T16:24:47.641] [INFO] ma-core - database URI mongodb://localhost:27017/core
[2022-02-21T16:24:48.235] [INFO] ma-core - server started at port 5000
[2022-02-21T16:24:48.267] [INFO] ma-core - mongodb conected
[2022-02-21T16:24:51.872] [INFO] ma-core - database URI mongodb://localhost:27017/core
[2022-02-21T16:24:52.450] [INFO] ma-core - server started at port 5000
[2022-02-21T16:24:52.470] [INFO] ma-core - mongodb conected
[2022-02-21T16:24:55.682] [INFO] ma-core - database URI mongodb://localhost:27017/core
[2022-02-21T16:24:56.286] [INFO] ma-core - server started at port 5000
[2022-02-21T16:24:56.305] [INFO] ma-core - mongodb conected
[2022-02-21T16:24:57.340] [INFO] ma-core - database URI mongodb://localhost:27017/core
[2022-02-21T16:24:57.990] [INFO] ma-core - server started at port 5000
[2022-02-21T16:24:58.024] [INFO] ma-core - mongodb conected
[2022-02-21T16:24:59.276] [INFO] ma-core - database URI mongodb://localhost:27017/core
[2022-02-21T16:25:00.058] [INFO] ma-core - server started at port 5000
[2022-02-21T16:25:00.078] [INFO] ma-core - mongodb conected
[2022-02-21T16:25:01.004] [INFO] ma-core - database URI mongodb://localhost:27017/core
[2022-02-21T16:25:01.579] [INFO] ma-core - server started at port 5000
[2022-02-21T16:25:01.600] [INFO] ma-core - mongodb conected
[2022-02-21T16:25:05.408] [INFO] ma-core - database URI mongodb://localhost:27017/core
[2022-02-21T16:25:06.163] [INFO] ma-core - server started at port 5000
[2022-02-21T16:25:06.181] [INFO] ma-core - mongodb conected
[2022-02-21T16:25:18.397] [INFO] ma-core - database URI mongodb://localhost:27017/core
[2022-02-21T16:25:19.027] [INFO] ma-core - server started at port 5000
[2022-02-21T16:25:19.048] [INFO] ma-core - mongodb conected
[2022-02-21T16:25:22.280] [INFO] ma-core - database URI mongodb://localhost:27017/core
[2022-02-21T16:25:23.022] [INFO] ma-core - server started at port 5000
[2022-02-21T16:25:23.069] [INFO] ma-core - mongodb conected
[2022-02-21T16:25:26.077] [INFO] ma-core - database URI mongodb://localhost:27017/core
[2022-02-21T16:25:26.846] [INFO] ma-core - server started at port 5000
[2022-02-21T16:25:26.865] [INFO] ma-core - mongodb conected
[2022-02-21T16:25:27.831] [INFO] ma-core - database URI mongodb://localhost:27017/core
[2022-02-21T16:25:28.452] [INFO] ma-core - server started at port 5000
[2022-02-21T16:25:28.472] [INFO] ma-core - mongodb conected
[2022-02-21T16:25:29.913] [INFO] ma-core - database URI mongodb://localhost:27017/core
[2022-02-21T16:25:30.620] [INFO] ma-core - server started at port 5000
[2022-02-21T16:25:30.644] [INFO] ma-core - mongodb conected
[2022-02-21T16:25:41.126] [INFO] ma-core - database URI mongodb://localhost:27017/core
[2022-02-21T16:25:41.720] [INFO] ma-core - server started at port 5000
[2022-02-21T16:25:41.744] [INFO] ma-core - mongodb conected
[2022-02-21T16:26:32.744] [INFO] ma-core - database URI mongodb://localhost:27017/core
[2022-02-21T16:26:33.338] [INFO] ma-core - server started at port 5000
[2022-02-21T16:26:33.357] [INFO] ma-core - mongodb conected
[2022-02-21T16:26:40.033] [INFO] ma-core - add post success testing testing testing
[2022-02-21T16:26:40.038] [ERROR] ma-core - add post :missing property testing testing testing
[2022-02-21T16:27:53.288] [INFO] ma-core - add post success testing testing testing
[2022-02-21T16:27:53.292] [ERROR] ma-core - add post :missing property testing testing testing
[2022-02-21T16:35:17.211] [INFO] ma-core - add post success testing testing testing
[2022-02-21T16:35:17.216] [ERROR] ma-core - add post :missing property testing testing testing
[2022-02-21T16:35:55.678] [INFO] ma-core - add post success testing testing testing
[2022-02-21T16:35:55.682] [ERROR] ma-core - add post :missing property testing testing testing
[2022-02-21T16:36:33.703] [INFO] ma-core - add post success testing testing testing
[2022-02-21T16:36:33.707] [ERROR] ma-core - add post :missing property testing testing testing
[2022-02-21T16:39:15.736] [INFO] ma-core - add post success testing testing testing
[2022-02-21T16:39:15.742] [ERROR] ma-core - add post :missing property testing testing testing
[2022-02-21T16:40:35.987] [INFO] ma-core - add post success testing testing testing
[2022-02-21T16:40:35.991] [ERROR] ma-core - add post :missing property testing testing testing
[2022-02-21T16:45:05.331] [INFO] ma-core - add post success testing testing testing
[2022-02-21T16:45:05.336] [ERROR] ma-core - add post :missing property testing testing testing
[2022-02-21T16:47:01.797] [INFO] ma-core - add post success testing testing testing
[2022-02-21T16:47:01.802] [ERROR] ma-core - add post :missing property testing testing testing
[2022-02-21T16:47:59.105] [INFO] ma-core - add post success testing testing testing
[2022-02-21T16:47:59.110] [ERROR] ma-core - add post :missing property testing testing testing
[2022-02-21T16:48:54.120] [INFO] ma-core - add post success testing testing testing
[2022-02-21T16:48:54.125] [ERROR] ma-core - add post :missing property testing testing testing
[2022-02-21T16:48:56.459] [INFO] ma-core - database URI mongodb://localhost:27017/core
[2022-02-21T16:48:57.056] [INFO] ma-core - server started at port 5000
[2022-02-21T16:48:57.075] [INFO] ma-core - mongodb conected
[2022-02-21T16:49:04.946] [INFO] ma-core - get all posts success /api/newsfeed/getAllPosts GET ::1
[2022-02-21T16:49:36.633] [INFO] ma-core - add post success /api/newsfeed/ POST ::1
[2022-02-21T16:49:38.906] [INFO] ma-core - add post success /api/newsfeed/ POST ::1
[2022-02-21T16:49:39.789] [INFO] ma-core - add post success /api/newsfeed/ POST ::1
[2022-02-21T16:49:43.084] [INFO] ma-core - get all posts success /api/newsfeed/getAllPosts GET ::1
[2022-02-21T16:49:51.353] [INFO] ma-core - add post success testing testing testing
[2022-02-21T16:49:51.358] [ERROR] ma-core - add post :missing property testing testing testing
[2022-02-21T16:51:56.581] [INFO] ma-core - add post success testing testing testing
[2022-02-21T16:51:56.586] [ERROR] ma-core - add post :missing property testing testing testing
[2022-02-21T16:53:09.148] [INFO] ma-core - add post success testing testing testing
[2022-02-21T16:53:09.153] [ERROR] ma-core - add post :missing property testing testing testing
[2022-02-21T16:54:13.912] [INFO] ma-core - add post success testing testing testing
[2022-02-21T16:54:13.916] [ERROR] ma-core - add post :missing property testing testing testing
[2022-02-21T16:55:51.944] [INFO] ma-core - add post success testing testing testing
[2022-02-21T16:55:51.948] [ERROR] ma-core - add post :missing property testing testing testing
[2022-02-21T16:55:51.959] [INFO] ma-core - get all posts success testing testing testing
[2022-02-21T16:55:51.965] [INFO] ma-core - get all posts success NaN post 1234
[2022-02-21T16:55:51.967] [INFO] ma-core - get all posts success testing testing testing
[2022-02-21T16:57:32.841] [INFO] ma-core - add post success testing testing testing
[2022-02-21T16:57:32.846] [ERROR] ma-core - add post :missing property testing testing testing
[2022-02-21T16:57:32.858] [INFO] ma-core - get all posts success testing testing testing
[2022-02-21T16:57:32.860] [INFO] ma-core - get all posts success NaN post 1234
[2022-02-21T16:57:32.865] [INFO] ma-core - get all posts success testing testing testing
[2022-02-21T16:58:06.696] [INFO] ma-core - add post success testing testing testing
[2022-02-21T16:58:06.700] [ERROR] ma-core - add post :missing property testing testing testing
[2022-02-21T16:58:06.710] [INFO] ma-core - get all posts success testing testing testing
[2022-02-21T16:58:06.712] [INFO] ma-core - get all posts success NaN post 1234
[2022-02-21T16:58:06.714] [INFO] ma-core - get all posts success testing testing testing
[2022-02-21T16:58:46.172] [INFO] ma-core - add post success testing testing testing
[2022-02-21T16:58:46.176] [ERROR] ma-core - add post :missing property testing testing testing
[2022-02-21T16:58:46.187] [INFO] ma-core - get all posts success testing testing testing
[2022-02-21T16:58:59.410] [INFO] ma-core - add post success testing testing testing
[2022-02-21T16:58:59.415] [ERROR] ma-core - add post :missing property testing testing testing
[2022-02-21T16:58:59.425] [INFO] ma-core - get all posts success testing testing testing
[2022-02-21T16:58:59.428] [INFO] ma-core - get all posts success testing testing testing
[2022-02-21T16:59:50.402] [INFO] ma-core - add post success testing testing testing
[2022-02-21T16:59:50.407] [ERROR] ma-core - add post :missing property testing testing testing
[2022-02-21T16:59:50.418] [INFO] ma-core - get all posts success testing testing testing
[2022-02-21T16:59:50.421] [INFO] ma-core - get all posts success NaN post 1234
[2022-02-21T17:00:03.456] [INFO] ma-core - add post success testing testing testing
[2022-02-21T17:00:03.460] [ERROR] ma-core - add post :missing property testing testing testing
[2022-02-21T17:00:03.471] [INFO] ma-core - get all posts success testing testing testing
[2022-02-21T17:00:03.473] [INFO] ma-core - get all posts success NaN post 1234
[2022-02-21T17:00:03.475] [INFO] ma-core - get all posts success testing testing testing
[2022-02-21T17:00:18.434] [INFO] ma-core - add post success testing testing testing
[2022-02-21T17:00:18.438] [ERROR] ma-core - add post :missing property testing testing testing
[2022-02-21T17:00:18.448] [INFO] ma-core - get all posts success NaN post 1234
[2022-02-21T17:00:33.417] [INFO] ma-core - add post success testing testing testing
[2022-02-21T17:00:33.422] [ERROR] ma-core - add post :missing property testing testing testing
[2022-02-21T17:00:33.432] [INFO] ma-core - get all posts success testing testing testing
[2022-02-21T17:00:33.437] [INFO] ma-core - get all posts success NaN post 1234
[2022-02-21T17:00:47.999] [INFO] ma-core - add post success testing testing testing
[2022-02-21T17:00:48.004] [ERROR] ma-core - add post :missing property testing testing testing
[2022-02-21T17:00:48.014] [INFO] ma-core - get all posts success testing testing testing
[2022-02-21T17:01:15.932] [INFO] ma-core - add post success testing testing testing
[2022-02-21T17:01:15.936] [ERROR] ma-core - add post :missing property testing testing testing
[2022-02-21T17:01:15.947] [INFO] ma-core - get all posts success testing testing testing
[2022-02-21T17:01:15.949] [INFO] ma-core - get all posts success NaN post 1234
[2022-02-21T17:02:18.431] [INFO] ma-core - add post success testing testing testing
[2022-02-21T17:02:18.435] [ERROR] ma-core - add post :missing property testing testing testing
[2022-02-21T17:02:18.445] [INFO] ma-core - get all posts success testing testing testing
[2022-02-21T17:02:18.447] [INFO] ma-core - get all posts success NaN post 1234
[2022-02-21T17:04:43.923] [INFO] ma-core - add post success testing testing testing
[2022-02-21T17:04:43.927] [ERROR] ma-core - add post :missing property testing testing testing
[2022-02-21T17:04:43.937] [INFO] ma-core - get all posts success testing testing testing
[2022-02-21T17:04:43.939] [INFO] ma-core - get all posts success NaN post 1234
[2022-02-21T17:04:43.943] [ERROR] ma-core - get All posts :An error message testing testing testing
[2022-02-21T17:04:43.945] [ERROR] ma-core - get All posts :An error message NaN post 1234
[2022-02-21T17:05:26.779] [INFO] ma-core - add post success testing testing testing
[2022-02-21T17:05:26.783] [ERROR] ma-core - add post :missing property testing testing testing
[2022-02-21T17:05:26.794] [INFO] ma-core - get all posts success testing testing testing
[2022-02-21T17:05:26.797] [INFO] ma-core - get all posts success NaN post 1234
[2022-02-21T17:05:26.799] [ERROR] ma-core - get All posts :An error message testing testing testing
[2022-02-21T17:05:26.801] [ERROR] ma-core - get All posts :An error message NaN post 1234
[2022-02-21T17:06:00.032] [INFO] ma-core - add post success testing testing testing
[2022-02-21T17:06:00.036] [ERROR] ma-core - add post :missing property testing testing testing
[2022-02-21T17:06:00.046] [INFO] ma-core - get all posts success testing testing testing
[2022-02-21T17:06:00.048] [INFO] ma-core - get all posts success NaN post 1234
[2022-02-21T17:06:00.050] [ERROR] ma-core - get All posts :An error message testing testing testing
[2022-02-21T17:06:00.051] [ERROR] ma-core - get All posts :An error message NaN post 1234
[2022-02-21T17:06:47.205] [INFO] ma-core - add post success testing testing testing
[2022-02-21T17:06:47.209] [ERROR] ma-core - add post :missing property testing testing testing
[2022-02-21T17:06:47.219] [INFO] ma-core - get all posts success testing testing testing
[2022-02-21T17:06:47.221] [INFO] ma-core - get all posts success NaN post 1234
[2022-02-21T17:06:47.223] [ERROR] ma-core - get All posts :An error message testing testing testing
[2022-02-21T17:06:47.225] [ERROR] ma-core - get All posts :An error message NaN post 1234
[2022-02-21T17:14:01.821] [INFO] ma-core - add post success testing testing testing
[2022-02-21T17:14:01.825] [ERROR] ma-core - add post :missing property testing testing testing
[2022-02-21T17:14:01.835] [INFO] ma-core - get all posts success testing testing testing
[2022-02-21T17:14:01.837] [INFO] ma-core - get all posts success NaN post 1234
[2022-02-21T17:14:01.839] [ERROR] ma-core - get All posts :An error message testing testing testing
[2022-02-21T17:14:01.841] [ERROR] ma-core - get All posts :An error message NaN post 1234
[2022-02-21T17:14:12.349] [INFO] ma-core - add post success testing testing testing
[2022-02-21T17:14:12.353] [ERROR] ma-core - add post :missing property testing testing testing
[2022-02-21T17:14:12.364] [INFO] ma-core - get all posts success testing testing testing
[2022-02-21T17:14:12.366] [INFO] ma-core - get all posts success NaN post 1234
[2022-02-21T17:14:12.368] [ERROR] ma-core - get All posts :An error message testing testing testing
[2022-02-21T17:14:12.370] [ERROR] ma-core - get All posts :An error message NaN post 1234
[2022-02-21T17:27:10.676] [INFO] ma-core - add post success testing testing testing
[2022-02-21T17:27:10.680] [ERROR] ma-core - add post :missing property testing testing testing
[2022-02-21T17:27:10.691] [INFO] ma-core - get all posts success testing testing testing
[2022-02-21T17:27:10.694] [INFO] ma-core - get all posts success NaN post 1234
[2022-02-21T17:27:10.696] [ERROR] ma-core - get All posts :An error message testing testing testing
[2022-02-21T17:27:10.698] [ERROR] ma-core - get All posts :An error message NaN post 1234
[2022-02-21T17:28:20.318] [INFO] ma-core - add post success testing testing testing
[2022-02-21T17:28:20.323] [ERROR] ma-core - add post :missing property testing testing testing
[2022-02-21T17:28:20.333] [INFO] ma-core - get all posts success testing testing testing
[2022-02-21T17:28:20.336] [INFO] ma-core - get all posts success NaN post 1234
[2022-02-21T17:28:20.338] [ERROR] ma-core - get All posts :An error message testing testing testing
[2022-02-21T17:28:20.340] [ERROR] ma-core - get All posts :An error message NaN post 1234
[2022-02-21T17:29:13.591] [INFO] ma-core - add post success testing testing testing
[2022-02-21T17:29:13.596] [ERROR] ma-core - add post :missing property testing testing testing
[2022-02-21T17:29:13.607] [INFO] ma-core - get all posts success testing testing testing
[2022-02-21T17:29:13.612] [INFO] ma-core - get all posts success NaN post 1234
[2022-02-21T17:29:13.615] [ERROR] ma-core - get All posts :An error message testing testing testing
[2022-02-21T17:29:13.617] [ERROR] ma-core - get All posts :An error message NaN post 1234
[2022-02-21T17:32:01.383] [INFO] ma-core - add post success testing testing testing
[2022-02-21T17:32:01.387] [ERROR] ma-core - add post :missing property testing testing testing
[2022-02-21T17:32:01.397] [INFO] ma-core - get all posts success testing testing testing
[2022-02-21T17:32:01.400] [INFO] ma-core - get all posts success NaN post 1234
[2022-02-21T17:32:01.402] [ERROR] ma-core - get All posts :An error message testing testing testing
[2022-02-21T17:32:01.404] [ERROR] ma-core - get All posts :An error message NaN post 1234
[2022-02-21T17:33:44.950] [INFO] ma-core - add post success testing testing testing
[2022-02-21T17:33:44.955] [ERROR] ma-core - add post :missing property testing testing testing
[2022-02-21T17:33:44.967] [INFO] ma-core - get all posts success NaN post 1234
[2022-02-21T17:33:44.970] [ERROR] ma-core - get All posts :An error message testing testing testing
[2022-02-21T17:33:44.972] [ERROR] ma-core - get All posts :An error message NaN post 1234
[2022-02-21T18:48:30.425] [INFO] ma-core - add post success testing testing testing
[2022-02-21T18:48:30.430] [ERROR] ma-core - add post :missing property testing testing testing
[2022-02-21T18:48:30.439] [INFO] ma-core - get all posts success testing testing testing
[2022-02-21T18:48:30.443] [INFO] ma-core - get all posts success NaN post 1234
[2022-02-21T18:48:30.445] [ERROR] ma-core - get All posts :An error message testing testing testing
[2022-02-21T18:48:30.447] [ERROR] ma-core - get All posts :An error message NaN post 1234
[2022-02-21T18:50:57.738] [INFO] ma-core - database URI mongodb://localhost:27017/core
[2022-02-21T18:50:59.348] [INFO] ma-core - server started at port 5000
[2022-02-21T18:50:59.412] [INFO] ma-core - mongodb conected
[2022-02-21T18:50:59.492] [INFO] ma-core - add Client success testing testing testing
[2022-02-21T18:50:59.494] [ERROR] ma-core - add Client :missing property testing testing testing
[2022-02-21T18:50:59.496] [ERROR] ma-core - add Client :missing property NaN post 1234
[2022-02-21T18:50:59.506] [ERROR] ma-core - Delete Error : Error
    at Context.<anonymous> (/home/azer/avaxia-monitpring-app/core-service/test/unit/client/delete/deleteClient.service.test.js:62:33)
    at callFn (/home/azer/avaxia-monitpring-app/core-service/node_modules/mocha/lib/runnable.js:366:21)
    at Test.Runnable.run (/home/azer/avaxia-monitpring-app/core-service/node_modules/mocha/lib/runnable.js:354:5)
    at Runner.runTest (/home/azer/avaxia-monitpring-app/core-service/node_modules/mocha/lib/runner.js:681:10)
    at /home/azer/avaxia-monitpring-app/core-service/node_modules/mocha/lib/runner.js:804:12
    at next (/home/azer/avaxia-monitpring-app/core-service/node_modules/mocha/lib/runner.js:596:14)
    at /home/azer/avaxia-monitpring-app/core-service/node_modules/mocha/lib/runner.js:606:7
    at next (/home/azer/avaxia-monitpring-app/core-service/node_modules/mocha/lib/runner.js:489:14)
    at cbHookRun (/home/azer/avaxia-monitpring-app/core-service/node_modules/mocha/lib/runner.js:554:7)
    at done (/home/azer/avaxia-monitpring-app/core-service/node_modules/mocha/lib/runnable.js:310:5)
    at callFn (/home/azer/avaxia-monitpring-app/core-service/node_modules/mocha/lib/runnable.js:389:7)
    at Hook.Runnable.run (/home/azer/avaxia-monitpring-app/core-service/node_modules/mocha/lib/runnable.js:354:5)
    at next (/home/azer/avaxia-monitpring-app/core-service/node_modules/mocha/lib/runner.js:513:10)
    at Immediate._onImmediate (/home/azer/avaxia-monitpring-app/core-service/node_modules/mocha/lib/runner.js:574:5)
    at processImmediate (internal/timers.js:464:21)
[2022-02-21T18:50:59.507] [ERROR] ma-core - Delete Error : Error: random error
    at Context.<anonymous> (/home/azer/avaxia-monitpring-app/core-service/test/unit/client/delete/deleteClient.service.test.js:72:33)
    at callFn (/home/azer/avaxia-monitpring-app/core-service/node_modules/mocha/lib/runnable.js:366:21)
    at Test.Runnable.run (/home/azer/avaxia-monitpring-app/core-service/node_modules/mocha/lib/runnable.js:354:5)
    at Runner.runTest (/home/azer/avaxia-monitpring-app/core-service/node_modules/mocha/lib/runner.js:681:10)
    at /home/azer/avaxia-monitpring-app/core-service/node_modules/mocha/lib/runner.js:804:12
    at next (/home/azer/avaxia-monitpring-app/core-service/node_modules/mocha/lib/runner.js:596:14)
    at /home/azer/avaxia-monitpring-app/core-service/node_modules/mocha/lib/runner.js:606:7
    at next (/home/azer/avaxia-monitpring-app/core-service/node_modules/mocha/lib/runner.js:489:14)
    at cbHookRun (/home/azer/avaxia-monitpring-app/core-service/node_modules/mocha/lib/runner.js:554:7)
    at done (/home/azer/avaxia-monitpring-app/core-service/node_modules/mocha/lib/runnable.js:310:5)
    at callFn (/home/azer/avaxia-monitpring-app/core-service/node_modules/mocha/lib/runnable.js:389:7)
    at Hook.Runnable.run (/home/azer/avaxia-monitpring-app/core-service/node_modules/mocha/lib/runnable.js:354:5)
    at next (/home/azer/avaxia-monitpring-app/core-service/node_modules/mocha/lib/runner.js:513:10)
    at Immediate._onImmediate (/home/azer/avaxia-monitpring-app/core-service/node_modules/mocha/lib/runner.js:574:5)
    at processImmediate (internal/timers.js:464:21)
[2022-02-21T18:50:59.531] [ERROR] ma-core - Get by System Error : Error: Random error
    at Context.<anonymous> (/home/azer/avaxia-monitpring-app/core-service/test/unit/client/getClientsBySystemId/getAllClientBySystemServiceTest.js:58:21)
    at callFn (/home/azer/avaxia-monitpring-app/core-service/node_modules/mocha/lib/runnable.js:366:21)
    at Test.Runnable.run (/home/azer/avaxia-monitpring-app/core-service/node_modules/mocha/lib/runnable.js:354:5)
    at Runner.runTest (/home/azer/avaxia-monitpring-app/core-service/node_modules/mocha/lib/runner.js:681:10)
    at /home/azer/avaxia-monitpring-app/core-service/node_modules/mocha/lib/runner.js:804:12
    at next (/home/azer/avaxia-monitpring-app/core-service/node_modules/mocha/lib/runner.js:596:14)
    at /home/azer/avaxia-monitpring-app/core-service/node_modules/mocha/lib/runner.js:606:7
    at next (/home/azer/avaxia-monitpring-app/core-service/node_modules/mocha/lib/runner.js:489:14)
    at cbHookRun (/home/azer/avaxia-monitpring-app/core-service/node_modules/mocha/lib/runner.js:554:7)
    at done (/home/azer/avaxia-monitpring-app/core-service/node_modules/mocha/lib/runnable.js:310:5)
    at callFn (/home/azer/avaxia-monitpring-app/core-service/node_modules/mocha/lib/runnable.js:389:7)
    at Hook.Runnable.run (/home/azer/avaxia-monitpring-app/core-service/node_modules/mocha/lib/runnable.js:354:5)
    at next (/home/azer/avaxia-monitpring-app/core-service/node_modules/mocha/lib/runner.js:513:10)
    at Immediate._onImmediate (/home/azer/avaxia-monitpring-app/core-service/node_modules/mocha/lib/runner.js:574:5)
    at processImmediate (internal/timers.js:464:21)
[2022-02-21T18:50:59.538] [ERROR] ma-core - Error
    at Context.<anonymous> (/home/azer/avaxia-monitpring-app/core-service/test/unit/client/update/updateClient.service.test.js:70:33)
    at callFn (/home/azer/avaxia-monitpring-app/core-service/node_modules/mocha/lib/runnable.js:366:21)
    at Test.Runnable.run (/home/azer/avaxia-monitpring-app/core-service/node_modules/mocha/lib/runnable.js:354:5)
    at Runner.runTest (/home/azer/avaxia-monitpring-app/core-service/node_modules/mocha/lib/runner.js:681:10)
    at /home/azer/avaxia-monitpring-app/core-service/node_modules/mocha/lib/runner.js:804:12
    at next (/home/azer/avaxia-monitpring-app/core-service/node_modules/mocha/lib/runner.js:596:14)
    at /home/azer/avaxia-monitpring-app/core-service/node_modules/mocha/lib/runner.js:606:7
    at next (/home/azer/avaxia-monitpring-app/core-service/node_modules/mocha/lib/runner.js:489:14)
    at cbHookRun (/home/azer/avaxia-monitpring-app/core-service/node_modules/mocha/lib/runner.js:554:7)
    at done (/home/azer/avaxia-monitpring-app/core-service/node_modules/mocha/lib/runnable.js:310:5)
    at callFn (/home/azer/avaxia-monitpring-app/core-service/node_modules/mocha/lib/runnable.js:389:7)
    at Hook.Runnable.run (/home/azer/avaxia-monitpring-app/core-service/node_modules/mocha/lib/runnable.js:354:5)
    at next (/home/azer/avaxia-monitpring-app/core-service/node_modules/mocha/lib/runner.js:513:10)
    at Immediate._onImmediate (/home/azer/avaxia-monitpring-app/core-service/node_modules/mocha/lib/runner.js:574:5)
    at processImmediate (internal/timers.js:464:21)
[2022-02-21T18:50:59.562] [ERROR] ma-core - Error while sending comment notification TypeError: Cannot read property 'split' of undefined
    at Object.build (/home/azer/avaxia-monitpring-app/core-service/node_modules/kafkajs/src/cluster/connectionBuilder.js:60:29)
    at async BrokerPool.createSeedBroker (/home/azer/avaxia-monitpring-app/core-service/node_modules/kafkajs/src/cluster/brokerPool.js:70:19)
    at async BrokerPool.connect (/home/azer/avaxia-monitpring-app/core-service/node_modules/kafkajs/src/cluster/brokerPool.js:85:7)
    at async Cluster.connect (/home/azer/avaxia-monitpring-app/core-service/node_modules/kafkajs/src/cluster/index.js:109:5)
    at async Object.connect (/home/azer/avaxia-monitpring-app/core-service/node_modules/kafkajs/src/producer/index.js:223:7)
    at async Object.exports.commentNotif (/home/azer/avaxia-monitpring-app/core-service/kafka/notificationServiceKafka.js:2:3972)
    at async module.exports (/home/azer/avaxia-monitpring-app/core-service/services/comment/blockComment.service.js:2:724)
    at async Context.<anonymous> (/home/azer/avaxia-monitpring-app/core-service/test/unit/comment/block/blockComment.service.test.js:34:17)
[2022-02-21T18:50:59.613] [INFO] ma-core - get all Customer success testing testing testing
[2022-02-21T18:50:59.615] [INFO] ma-core - get all Customer success NaN post 1234
[2022-02-21T18:50:59.616] [INFO] ma-core - get all Customer success testing testing testing
[2022-02-21T18:50:59.617] [INFO] ma-core - get all Customer error testing testing testing
[2022-02-21T18:50:59.619] [INFO] ma-core - get all Customer error NaN post 1234
[2022-02-21T18:50:59.627] [INFO] ma-core - get Customer success testing testing testing
[2022-02-21T18:50:59.628] [INFO] ma-core - get Customer error testing testing testing
[2022-02-21T18:50:59.633] [ERROR] ma-core - Error: random error
    at Context.<anonymous> (/home/azer/avaxia-monitpring-app/core-service/test/unit/customer/getById/getByIdCustomer.service.test.js:88:24)
    at callFn (/home/azer/avaxia-monitpring-app/core-service/node_modules/mocha/lib/runnable.js:366:21)
    at Test.Runnable.run (/home/azer/avaxia-monitpring-app/core-service/node_modules/mocha/lib/runnable.js:354:5)
    at Runner.runTest (/home/azer/avaxia-monitpring-app/core-service/node_modules/mocha/lib/runner.js:681:10)
    at /home/azer/avaxia-monitpring-app/core-service/node_modules/mocha/lib/runner.js:804:12
    at next (/home/azer/avaxia-monitpring-app/core-service/node_modules/mocha/lib/runner.js:596:14)
    at /home/azer/avaxia-monitpring-app/core-service/node_modules/mocha/lib/runner.js:606:7
    at next (/home/azer/avaxia-monitpring-app/core-service/node_modules/mocha/lib/runner.js:489:14)
    at cbHookRun (/home/azer/avaxia-monitpring-app/core-service/node_modules/mocha/lib/runner.js:554:7)
    at done (/home/azer/avaxia-monitpring-app/core-service/node_modules/mocha/lib/runnable.js:310:5)
    at callFn (/home/azer/avaxia-monitpring-app/core-service/node_modules/mocha/lib/runnable.js:389:7)
    at Hook.Runnable.run (/home/azer/avaxia-monitpring-app/core-service/node_modules/mocha/lib/runnable.js:354:5)
    at next (/home/azer/avaxia-monitpring-app/core-service/node_modules/mocha/lib/runner.js:513:10)
    at Immediate._onImmediate (/home/azer/avaxia-monitpring-app/core-service/node_modules/mocha/lib/runner.js:574:5)
    at processImmediate (internal/timers.js:464:21)
[2022-02-21T18:50:59.652] [INFO] ma-core - add customer success testing testing testing
[2022-02-21T18:50:59.653] [ERROR] ma-core - add customer fail :missing property testing testing testing
[2022-02-21T18:50:59.761] [ERROR] ma-core - Delete Error : Error
    at Context.<anonymous> (/home/azer/avaxia-monitpring-app/core-service/test/unit/host/delete/deleteHost.service.test.js:72:33)
    at callFn (/home/azer/avaxia-monitpring-app/core-service/node_modules/mocha/lib/runnable.js:366:21)
    at Test.Runnable.run (/home/azer/avaxia-monitpring-app/core-service/node_modules/mocha/lib/runnable.js:354:5)
    at Runner.runTest (/home/azer/avaxia-monitpring-app/core-service/node_modules/mocha/lib/runner.js:681:10)
    at /home/azer/avaxia-monitpring-app/core-service/node_modules/mocha/lib/runner.js:804:12
    at next (/home/azer/avaxia-monitpring-app/core-service/node_modules/mocha/lib/runner.js:596:14)
    at /home/azer/avaxia-monitpring-app/core-service/node_modules/mocha/lib/runner.js:606:7
    at next (/home/azer/avaxia-monitpring-app/core-service/node_modules/mocha/lib/runner.js:489:14)
    at cbHookRun (/home/azer/avaxia-monitpring-app/core-service/node_modules/mocha/lib/runner.js:554:7)
    at done (/home/azer/avaxia-monitpring-app/core-service/node_modules/mocha/lib/runnable.js:310:5)
    at callFn (/home/azer/avaxia-monitpring-app/core-service/node_modules/mocha/lib/runnable.js:389:7)
    at Hook.Runnable.run (/home/azer/avaxia-monitpring-app/core-service/node_modules/mocha/lib/runnable.js:354:5)
    at next (/home/azer/avaxia-monitpring-app/core-service/node_modules/mocha/lib/runner.js:513:10)
    at Immediate._onImmediate (/home/azer/avaxia-monitpring-app/core-service/node_modules/mocha/lib/runner.js:574:5)
    at processImmediate (internal/timers.js:464:21)
[2022-02-21T18:50:59.770] [ERROR] ma-core - Get by System Error : Error: Random error
    at Context.<anonymous> (/home/azer/avaxia-monitpring-app/core-service/test/unit/host/getAllBySystem/getAllBySystemServiceTest.js:59:21)
    at callFn (/home/azer/avaxia-monitpring-app/core-service/node_modules/mocha/lib/runnable.js:366:21)
    at Test.Runnable.run (/home/azer/avaxia-monitpring-app/core-service/node_modules/mocha/lib/runnable.js:354:5)
    at Runner.runTest (/home/azer/avaxia-monitpring-app/core-service/node_modules/mocha/lib/runner.js:681:10)
    at /home/azer/avaxia-monitpring-app/core-service/node_modules/mocha/lib/runner.js:804:12
    at next (/home/azer/avaxia-monitpring-app/core-service/node_modules/mocha/lib/runner.js:596:14)
    at /home/azer/avaxia-monitpring-app/core-service/node_modules/mocha/lib/runner.js:606:7
    at next (/home/azer/avaxia-monitpring-app/core-service/node_modules/mocha/lib/runner.js:489:14)
    at cbHookRun (/home/azer/avaxia-monitpring-app/core-service/node_modules/mocha/lib/runner.js:554:7)
    at done (/home/azer/avaxia-monitpring-app/core-service/node_modules/mocha/lib/runnable.js:310:5)
    at callFn (/home/azer/avaxia-monitpring-app/core-service/node_modules/mocha/lib/runnable.js:389:7)
    at Hook.Runnable.run (/home/azer/avaxia-monitpring-app/core-service/node_modules/mocha/lib/runnable.js:354:5)
    at next (/home/azer/avaxia-monitpring-app/core-service/node_modules/mocha/lib/runner.js:513:10)
    at Immediate._onImmediate (/home/azer/avaxia-monitpring-app/core-service/node_modules/mocha/lib/runner.js:574:5)
    at processImmediate (internal/timers.js:464:21)
[2022-02-21T18:50:59.777] [ERROR] ma-core - Get by ID Error : Error: random error
    at Context.<anonymous> (/home/azer/avaxia-monitpring-app/core-service/test/unit/host/getById/getByIdHost.service.test.js:58:24)
    at callFn (/home/azer/avaxia-monitpring-app/core-service/node_modules/mocha/lib/runnable.js:366:21)
    at Test.Runnable.run (/home/azer/avaxia-monitpring-app/core-service/node_modules/mocha/lib/runnable.js:354:5)
    at Runner.runTest (/home/azer/avaxia-monitpring-app/core-service/node_modules/mocha/lib/runner.js:681:10)
    at /home/azer/avaxia-monitpring-app/core-service/node_modules/mocha/lib/runner.js:804:12
    at next (/home/azer/avaxia-monitpring-app/core-service/node_modules/mocha/lib/runner.js:596:14)
    at /home/azer/avaxia-monitpring-app/core-service/node_modules/mocha/lib/runner.js:606:7
    at next (/home/azer/avaxia-monitpring-app/core-service/node_modules/mocha/lib/runner.js:489:14)
    at cbHookRun (/home/azer/avaxia-monitpring-app/core-service/node_modules/mocha/lib/runner.js:554:7)
    at done (/home/azer/avaxia-monitpring-app/core-service/node_modules/mocha/lib/runnable.js:310:5)
    at callFn (/home/azer/avaxia-monitpring-app/core-service/node_modules/mocha/lib/runnable.js:389:7)
    at Hook.Runnable.run (/home/azer/avaxia-monitpring-app/core-service/node_modules/mocha/lib/runnable.js:354:5)
    at next (/home/azer/avaxia-monitpring-app/core-service/node_modules/mocha/lib/runner.js:513:10)
    at Immediate._onImmediate (/home/azer/avaxia-monitpring-app/core-service/node_modules/mocha/lib/runner.js:574:5)
    at processImmediate (internal/timers.js:464:21)
[2022-02-21T18:50:59.782] [ERROR] ma-core - expected findOneAndUpdate to have been called exactly once, but it was called 0 times
[2022-02-21T18:50:59.791] [ERROR] ma-core - Update Error : Error
    at Context.<anonymous> (/home/azer/avaxia-monitpring-app/core-service/test/unit/host/update/updateHost.service.test.js:79:33)
    at callFn (/home/azer/avaxia-monitpring-app/core-service/node_modules/mocha/lib/runnable.js:366:21)
    at Test.Runnable.run (/home/azer/avaxia-monitpring-app/core-service/node_modules/mocha/lib/runnable.js:354:5)
    at Runner.runTest (/home/azer/avaxia-monitpring-app/core-service/node_modules/mocha/lib/runner.js:681:10)
    at /home/azer/avaxia-monitpring-app/core-service/node_modules/mocha/lib/runner.js:804:12
    at next (/home/azer/avaxia-monitpring-app/core-service/node_modules/mocha/lib/runner.js:596:14)
    at /home/azer/avaxia-monitpring-app/core-service/node_modules/mocha/lib/runner.js:606:7
    at next (/home/azer/avaxia-monitpring-app/core-service/node_modules/mocha/lib/runner.js:489:14)
    at cbHookRun (/home/azer/avaxia-monitpring-app/core-service/node_modules/mocha/lib/runner.js:554:7)
    at done (/home/azer/avaxia-monitpring-app/core-service/node_modules/mocha/lib/runnable.js:310:5)
    at callFn (/home/azer/avaxia-monitpring-app/core-service/node_modules/mocha/lib/runnable.js:389:7)
    at Hook.Runnable.run (/home/azer/avaxia-monitpring-app/core-service/node_modules/mocha/lib/runnable.js:354:5)
    at next (/home/azer/avaxia-monitpring-app/core-service/node_modules/mocha/lib/runner.js:513:10)
    at Immediate._onImmediate (/home/azer/avaxia-monitpring-app/core-service/node_modules/mocha/lib/runner.js:574:5)
    at processImmediate (internal/timers.js:464:21)
[2022-02-21T18:50:57.005] [INFO] ma-core - cancel itOperation success testing testing testing
[2022-02-21T18:50:57.005] [ERROR] ma-core - cancel ItOperation :itOperation not found testing testing testing
[2022-02-21T18:50:57.006] [INFO] ma-core - finish itOperation success testing testing testing
[2022-02-21T18:50:57.006] [ERROR] ma-core - finish ItOperation :itOperation not found testing testing testing
[2022-02-21T18:50:59.803] [INFO] ma-core - get All Active itOperation success testing testing testing
[2022-02-21T18:50:59.807] [INFO] ma-core - get All Archived itOperation success testing testing testing
[2022-02-21T18:50:59.814] [ERROR] ma-core - Error occur while Getting ItOperation By System Id : Error: Random error
    at Context.<anonymous> (/home/azer/avaxia-monitpring-app/core-service/test/unit/itOperation/getAllBySystem/getAllBySystemServiceTest.js:50:21)
    at callFn (/home/azer/avaxia-monitpring-app/core-service/node_modules/mocha/lib/runnable.js:366:21)
    at Test.Runnable.run (/home/azer/avaxia-monitpring-app/core-service/node_modules/mocha/lib/runnable.js:354:5)
    at Runner.runTest (/home/azer/avaxia-monitpring-app/core-service/node_modules/mocha/lib/runner.js:681:10)
    at /home/azer/avaxia-monitpring-app/core-service/node_modules/mocha/lib/runner.js:804:12
    at next (/home/azer/avaxia-monitpring-app/core-service/node_modules/mocha/lib/runner.js:596:14)
    at /home/azer/avaxia-monitpring-app/core-service/node_modules/mocha/lib/runner.js:606:7
    at next (/home/azer/avaxia-monitpring-app/core-service/node_modules/mocha/lib/runner.js:489:14)
    at cbHookRun (/home/azer/avaxia-monitpring-app/core-service/node_modules/mocha/lib/runner.js:554:7)
    at done (/home/azer/avaxia-monitpring-app/core-service/node_modules/mocha/lib/runnable.js:310:5)
    at callFn (/home/azer/avaxia-monitpring-app/core-service/node_modules/mocha/lib/runnable.js:389:7)
    at Hook.Runnable.run (/home/azer/avaxia-monitpring-app/core-service/node_modules/mocha/lib/runnable.js:354:5)
    at next (/home/azer/avaxia-monitpring-app/core-service/node_modules/mocha/lib/runner.js:513:10)
    at Immediate._onImmediate (/home/azer/avaxia-monitpring-app/core-service/node_modules/mocha/lib/runner.js:574:5)
    at processImmediate (internal/timers.js:464:21)
[2022-02-21T18:50:59.821] [INFO] ma-core - add ItOperation success testing testing testing
[2022-02-21T18:50:59.823] [ERROR] ma-core - add ItOperation fail :missing property testing testing testing
[2022-02-21T18:50:57.018] [INFO] ma-core - remind itOperation success testing testing testing
[2022-02-21T18:50:57.018] [ERROR] ma-core - remind ItOperation :itOperation not found testing testing testing
[2022-02-21T18:50:57.020] [INFO] ma-core - send changes itOperation success testing testing testing
[2022-02-21T18:50:57.020] [ERROR] ma-core - send changes ItOperation :itOperation not found testing testing testing
[2022-02-21T18:50:59.839] [INFO] ma-core - update itOperation success testing testing testing
[2022-02-21T18:50:59.840] [ERROR] ma-core - update ItOperation :itOperation not found testing testing testing
[2022-02-21T18:50:59.873] [INFO] ma-core - delete licence success testing testing testing
[2022-02-21T18:50:59.875] [INFO] ma-core - delete licence success NaN post 1234
[2022-02-21T18:50:59.876] [ERROR] ma-core - delete Licence :licence not found testing testing testing
[2022-02-21T18:50:59.877] [ERROR] ma-core - delete Licence :licence not found NaN post 1234
[2022-02-21T18:50:59.885] [INFO] ma-core - get latest customer licence By Id success testing testing testing
[2022-02-21T18:50:59.887] [INFO] ma-core - get latest customer licence By Id success NaN post 1234
[2022-02-21T18:50:59.888] [ERROR] ma-core - get licence By Id :Missing Customer ID NaN post 1234
[2022-02-21T18:50:59.890] [ERROR] ma-core - get licence By Id :Missing Customer ID testing testing testing
[2022-02-21T18:50:59.892] [ERROR] ma-core - get licence By Id :licence not found testing testing testing
[2022-02-21T18:50:59.893] [ERROR] ma-core - get licence By Id :licence not found NaN post 1234
[2022-02-21T18:50:59.897] [ERROR] ma-core - Error occur while Getting Licence By Customer Id : Error: random error
    at Context.<anonymous> (/home/azer/avaxia-monitpring-app/core-service/test/unit/licence/getActiveLicence/getActiveLIcenceServiceTest.js:52:17)
    at callFn (/home/azer/avaxia-monitpring-app/core-service/node_modules/mocha/lib/runnable.js:366:21)
    at Test.Runnable.run (/home/azer/avaxia-monitpring-app/core-service/node_modules/mocha/lib/runnable.js:354:5)
    at Runner.runTest (/home/azer/avaxia-monitpring-app/core-service/node_modules/mocha/lib/runner.js:681:10)
    at /home/azer/avaxia-monitpring-app/core-service/node_modules/mocha/lib/runner.js:804:12
    at next (/home/azer/avaxia-monitpring-app/core-service/node_modules/mocha/lib/runner.js:596:14)
    at /home/azer/avaxia-monitpring-app/core-service/node_modules/mocha/lib/runner.js:606:7
    at next (/home/azer/avaxia-monitpring-app/core-service/node_modules/mocha/lib/runner.js:489:14)
    at cbHookRun (/home/azer/avaxia-monitpring-app/core-service/node_modules/mocha/lib/runner.js:554:7)
    at done (/home/azer/avaxia-monitpring-app/core-service/node_modules/mocha/lib/runnable.js:310:5)
    at callFn (/home/azer/avaxia-monitpring-app/core-service/node_modules/mocha/lib/runnable.js:389:7)
    at Hook.Runnable.run (/home/azer/avaxia-monitpring-app/core-service/node_modules/mocha/lib/runnable.js:354:5)
    at next (/home/azer/avaxia-monitpring-app/core-service/node_modules/mocha/lib/runner.js:513:10)
    at Immediate._onImmediate (/home/azer/avaxia-monitpring-app/core-service/node_modules/mocha/lib/runner.js:574:5)
    at processImmediate (internal/timers.js:464:21)
[2022-02-21T18:50:59.900] [ERROR] ma-core - Error occur while Getting Licence By Customer Id : Error: random error
    at Context.<anonymous> (/home/azer/avaxia-monitpring-app/core-service/test/unit/licence/getByCustomer/getByCustomerLicence.service.test.js:61:17)
    at callFn (/home/azer/avaxia-monitpring-app/core-service/node_modules/mocha/lib/runnable.js:366:21)
    at Test.Runnable.run (/home/azer/avaxia-monitpring-app/core-service/node_modules/mocha/lib/runnable.js:354:5)
    at Runner.runTest (/home/azer/avaxia-monitpring-app/core-service/node_modules/mocha/lib/runner.js:681:10)
    at /home/azer/avaxia-monitpring-app/core-service/node_modules/mocha/lib/runner.js:804:12
    at next (/home/azer/avaxia-monitpring-app/core-service/node_modules/mocha/lib/runner.js:596:14)
    at /home/azer/avaxia-monitpring-app/core-service/node_modules/mocha/lib/runner.js:606:7
    at next (/home/azer/avaxia-monitpring-app/core-service/node_modules/mocha/lib/runner.js:489:14)
    at cbHookRun (/home/azer/avaxia-monitpring-app/core-service/node_modules/mocha/lib/runner.js:554:7)
    at done (/home/azer/avaxia-monitpring-app/core-service/node_modules/mocha/lib/runnable.js:310:5)
    at callFn (/home/azer/avaxia-monitpring-app/core-service/node_modules/mocha/lib/runnable.js:389:7)
    at Hook.Runnable.run (/home/azer/avaxia-monitpring-app/core-service/node_modules/mocha/lib/runnable.js:354:5)
    at next (/home/azer/avaxia-monitpring-app/core-service/node_modules/mocha/lib/runner.js:513:10)
    at Immediate._onImmediate (/home/azer/avaxia-monitpring-app/core-service/node_modules/mocha/lib/runner.js:574:5)
    at processImmediate (internal/timers.js:464:21)
[2022-02-21T18:50:59.903] [INFO] ma-core - get licence By Id success testing testing testing
[2022-02-21T18:50:59.905] [INFO] ma-core - get licence By Id success NaN post 1234
[2022-02-21T18:50:59.906] [ERROR] ma-core - get licence By Id :licence not found testing testing testing
[2022-02-21T18:50:59.908] [ERROR] ma-core - get licence By Id :licence not found NaN post 1234
[2022-02-21T18:50:59.915] [INFO] ma-core - add Licence success testing testing testing
[2022-02-21T18:50:59.916] [INFO] ma-core - add Licence success NaN post 1234
[2022-02-21T18:50:59.919] [ERROR] ma-core - add Licence :missing property testing testing testing
[2022-02-21T18:50:59.920] [ERROR] ma-core - add Licence :missing property NaN post 1234
[2022-02-21T18:50:59.930] [INFO] ma-core - update licence By Customer success testing testing testing
[2022-02-21T18:50:59.931] [INFO] ma-core - update licence By Customer success NaN post 1234
[2022-02-21T18:50:59.933] [ERROR] ma-core - update licence By Customer :licence not found testing testing testing
[2022-02-21T18:50:59.934] [ERROR] ma-core - update licence By Customer :licence not found NaN post 1234
[2022-02-21T18:50:59.948] [ERROR] ma-core - delete Map By Id :MAP not found testing testing testing
[2022-02-21T18:50:59.951] [ERROR] ma-core - delete Map By Id :missing ID testing testing testing
[2022-02-21T18:50:59.952] [ERROR] ma-core - delete Map By Id :missing ID testing testing testing
[2022-02-21T18:50:59.953] [ERROR] ma-core - delete Map By Id :missing ID NaN post 1234
[2022-02-21T18:50:59.974] [ERROR] ma-core - Get by System Error : TypeError: moment(...).tz(...).format is not a function
    at /home/azer/avaxia-monitpring-app/core-service/services/map/getBySystemId.js:2:1950
    at Array.map (<anonymous>)
    at module.exports (/home/azer/avaxia-monitpring-app/core-service/services/map/getBySystemId.js:2:1771)
    at async Context.<anonymous> (/home/azer/avaxia-monitpring-app/core-service/test/unit/map/getAllBySystem/getAllBySystemServiceTest.js:71:17)
[2022-02-21T18:50:59.977] [ERROR] ma-core - Get by System Error : Error: Random error
    at Context.<anonymous> (/home/azer/avaxia-monitpring-app/core-service/test/unit/map/getAllBySystem/getAllBySystemServiceTest.js:98:21)
    at callFn (/home/azer/avaxia-monitpring-app/core-service/node_modules/mocha/lib/runnable.js:366:21)
    at Test.Runnable.run (/home/azer/avaxia-monitpring-app/core-service/node_modules/mocha/lib/runnable.js:354:5)
    at Runner.runTest (/home/azer/avaxia-monitpring-app/core-service/node_modules/mocha/lib/runner.js:681:10)
    at /home/azer/avaxia-monitpring-app/core-service/node_modules/mocha/lib/runner.js:804:12
    at next (/home/azer/avaxia-monitpring-app/core-service/node_modules/mocha/lib/runner.js:596:14)
    at /home/azer/avaxia-monitpring-app/core-service/node_modules/mocha/lib/runner.js:606:7
    at next (/home/azer/avaxia-monitpring-app/core-service/node_modules/mocha/lib/runner.js:489:14)
    at cbHookRun (/home/azer/avaxia-monitpring-app/core-service/node_modules/mocha/lib/runner.js:554:7)
    at done (/home/azer/avaxia-monitpring-app/core-service/node_modules/mocha/lib/runnable.js:310:5)
    at callFn (/home/azer/avaxia-monitpring-app/core-service/node_modules/mocha/lib/runnable.js:389:7)
    at Hook.Runnable.run (/home/azer/avaxia-monitpring-app/core-service/node_modules/mocha/lib/runnable.js:354:5)
    at next (/home/azer/avaxia-monitpring-app/core-service/node_modules/mocha/lib/runner.js:513:10)
    at Immediate._onImmediate (/home/azer/avaxia-monitpring-app/core-service/node_modules/mocha/lib/runner.js:574:5)
    at processImmediate (internal/timers.js:464:21)
[2022-02-21T18:51:00.001] [INFO] ma-core - delete module success testing testing testing
[2022-02-21T18:51:00.003] [INFO] ma-core - delete module success NaN post 1234
[2022-02-21T18:51:00.004] [ERROR] ma-core - delete Module :module not found testing testing testing
[2022-02-21T18:51:00.005] [ERROR] ma-core - delete Module :module not found NaN post 1234
[2022-02-21T18:51:00.007] [ERROR] ma-core - delete Module :missing ID testing testing testing
[2022-02-21T18:51:00.009] [ERROR] ma-core - delete Module :missing ID testing testing testing
[2022-02-21T18:51:00.014] [INFO] ma-core - get All Basic Module success testing testing testing
[2022-02-21T18:51:00.015] [INFO] ma-core - get All Basic Module success NaN post 1234
[2022-02-21T18:51:00.017] [ERROR] ma-core - get All Basic Module :missing property testing testing testing
[2022-02-21T18:51:00.018] [ERROR] ma-core - get All Basic Module :missing property NaN post 1234
[2022-02-21T18:51:00.021] [INFO] ma-core - get All Module success testing testing testing
[2022-02-21T18:51:00.022] [INFO] ma-core - get All Module success NaN post 1234
[2022-02-21T18:51:00.024] [ERROR] ma-core - get All Module :missing property testing testing testing
[2022-02-21T18:51:00.026] [ERROR] ma-core - get All Module :missing property NaN post 1234
[2022-02-21T18:51:00.031] [INFO] ma-core - get module By Id success testing testing testing
[2022-02-21T18:51:00.032] [INFO] ma-core - get module By Id success NaN post 1234
[2022-02-21T18:51:00.034] [ERROR] ma-core - get module By Id :module not found testing testing testing
[2022-02-21T18:51:00.035] [ERROR] ma-core - get module By Id :module not found testing testing testing
[2022-02-21T18:51:00.037] [ERROR] ma-core - get module By Id :module not found NaN post 1234
[2022-02-21T18:51:00.044] [INFO] ma-core - add Module success testing testing testing
[2022-02-21T18:51:00.046] [INFO] ma-core - add Module success NaN post 1234
[2022-02-21T18:51:00.047] [ERROR] ma-core - add Module :missing property testing testing testing
[2022-02-21T18:51:00.049] [ERROR] ma-core - add Module :missing property NaN post 1234
[2022-02-21T18:51:00.059] [INFO] ma-core - update module By Customer success testing testing testing
[2022-02-21T18:51:00.061] [INFO] ma-core - update module By Customer success NaN post 1234
[2022-02-21T18:51:00.062] [ERROR] ma-core - update module By Customer :module not found testing testing testing
[2022-02-21T18:51:00.063] [ERROR] ma-core - update module By Customer :module not found testing testing testing
[2022-02-21T18:51:00.066] [ERROR] ma-core - update module By Customer :module not found NaN post 1234
[2022-02-21T18:51:00.136] [INFO] ma-core - add post success testing testing testing
[2022-02-21T18:51:00.137] [ERROR] ma-core - add post :missing property testing testing testing
[2022-02-21T18:51:00.142] [INFO] ma-core - get all posts success testing testing testing
[2022-02-21T18:51:00.144] [INFO] ma-core - get all posts success NaN post 1234
[2022-02-21T18:51:00.151] [ERROR] ma-core - get All posts :An error message testing testing testing
[2022-02-21T18:51:00.153] [ERROR] ma-core - get All posts :An error message NaN post 1234
[2022-02-21T18:51:00.157] [INFO] ma-core - get All nomenclature success testing testing testing
[2022-02-21T18:51:00.159] [INFO] ma-core - get All nomenclature success testing testing testing
[2022-02-21T18:51:00.160] [INFO] ma-core - get All nomenclature success testing testing testing
[2022-02-21T18:51:00.161] [INFO] ma-core - get All nomenclature success NaN post 1234
[2022-02-21T18:51:00.162] [ERROR] ma-core - get All nomenclature :get All nomenclature : testing testing testing
[2022-02-21T18:51:00.165] [ERROR] ma-core - get All nomenclature :get All nomenclature : NaN post 1234
[2022-02-21T18:51:00.188] [INFO] ma-core - delete Result Form success testing testing testing
[2022-02-21T18:51:00.190] [INFO] ma-core - delete Result Form success NaN post 1234
[2022-02-21T18:51:00.191] [ERROR] ma-core - delete Result Form :task not found testing testing testing
[2022-02-21T18:51:00.192] [ERROR] ma-core - delete Result Form :task not found NaN post 1234
[2022-02-21T18:51:00.204] [INFO] ma-core - get all result form success testing testing testing
[2022-02-21T18:51:00.206] [INFO] ma-core - get all result form success testing testing testing
[2022-02-21T18:51:00.207] [INFO] ma-core - get all result form success NaN post 1234
[2022-02-21T18:51:00.209] [ERROR] ma-core - get All result form :missing property testing testing testing
[2022-02-21T18:51:00.212] [ERROR] ma-core - get All result form :missing property NaN post 1234
[2022-02-21T18:51:00.217] [INFO] ma-core - get by id Result Form testing testing testing
[2022-02-21T18:51:00.218] [INFO] ma-core - get by id Result Form NaN post 1234
[2022-02-21T18:51:00.219] [ERROR] ma-core - get by id Result Form :task not found testing testing testing
[2022-02-21T18:51:00.221] [ERROR] ma-core - get by id Result Form :task not found NaN post 1234
[2022-02-21T18:51:00.226] [INFO] ma-core - get Monitoring Activities Without Result Form success testing testing testing
[2022-02-21T18:51:00.227] [INFO] ma-core - get Monitoring Activities Without Result Form success NaN post 1234
[2022-02-21T18:51:00.228] [ERROR] ma-core - get Monitoring Activities Without Result Forms :error testing testing testing
[2022-02-21T18:51:00.230] [ERROR] ma-core - get Monitoring Activities Without Result Forms :not found error testing testing testing
[2022-02-21T18:51:00.231] [ERROR] ma-core - get Monitoring Activities Without Result Forms :error NaN post 1234
[2022-02-21T18:51:00.236] [INFO] ma-core - add result form success testing testing testing
[2022-02-21T18:51:00.238] [INFO] ma-core - add result form success NaN post 1234
[2022-02-21T18:51:00.240] [ERROR] ma-core - add result form :missing property testing testing testing
[2022-02-21T18:51:00.248] [ERROR] ma-core - add result form :missing property NaN post 1234
[2022-02-21T18:51:00.252] [INFO] ma-core - update Result Form success testing testing testing
[2022-02-21T18:51:00.253] [INFO] ma-core - update Result Form success NaN post 1234
[2022-02-21T18:51:00.254] [ERROR] ma-core - update Result Form  :task not found testing testing testing
[2022-02-21T18:51:00.255] [ERROR] ma-core - update Result Form  :task not found NaN post 1234
[2022-02-21T18:51:00.261] [INFO] ma-core - delete Role success testing testing testing
[2022-02-21T18:51:00.262] [INFO] ma-core - delete Role success NaN post 1234
[2022-02-21T18:51:00.264] [ERROR] ma-core - delete Role :role not found testing testing testing
[2022-02-21T18:51:00.265] [ERROR] ma-core - delete Role :role not found NaN post 1234
[2022-02-21T18:51:00.266] [ERROR] ma-core - delete Role :missing ID testing testing testing
[2022-02-21T18:51:00.267] [ERROR] ma-core - delete Role :missing ID testing testing testing
[2022-02-21T18:51:00.275] [INFO] ma-core - get All Role success testing testing testing
[2022-02-21T18:51:00.277] [INFO] ma-core - get All Role success NaN post 1234
[2022-02-21T18:51:00.278] [ERROR] ma-core - get All Role :missing property testing testing testing
[2022-02-21T18:51:00.280] [ERROR] ma-core - get All Role :missing property NaN post 1234
[2022-02-21T18:51:00.284] [INFO] ma-core - get by id Role success testing testing testing
[2022-02-21T18:51:00.285] [INFO] ma-core - get by id Role success NaN post 1234
[2022-02-21T18:51:00.286] [ERROR] ma-core - get by id Role :role not found testing testing testing
[2022-02-21T18:51:00.287] [ERROR] ma-core - get by id Role :role not found testing testing testing
[2022-02-21T18:51:00.290] [ERROR] ma-core - get by id Role :role not found NaN post 1234
[2022-02-21T18:51:00.298] [INFO] ma-core - get by user Role success testing testing testing
[2022-02-21T18:51:00.299] [INFO] ma-core - get by user Role success NaN get 1234
[2022-02-21T18:51:00.301] [ERROR] ma-core - get by user Role :user not found testing testing testing
[2022-02-21T18:51:00.302] [ERROR] ma-core - get by user Role :role not found testing testing testing
[2022-02-21T18:51:00.305] [ERROR] ma-core - get by user Role :role not found NaN get 1234
[2022-02-21T18:51:00.306] [INFO] ma-core - add Role success testing testing testing
[2022-02-21T18:51:00.308] [ERROR] ma-core - add Role :missing property testing testing testing
[2022-02-21T18:51:00.309] [INFO] ma-core - add Role success NaN post 1234
[2022-02-21T18:51:00.310] [ERROR] ma-core - add Role :missing property NaN post 1234
[2022-02-21T18:51:00.319] [INFO] ma-core - update Role success testing testing testing
[2022-02-21T18:51:00.320] [INFO] ma-core - update Role success NaN post 1234
[2022-02-21T18:51:00.322] [ERROR] ma-core - update Role :role not found testing testing testing
[2022-02-21T18:51:00.323] [ERROR] ma-core - update Role :role not found testing testing testing
[2022-02-21T18:51:00.325] [ERROR] ma-core - update Role :role not found NaN post 1234
[2022-02-21T18:51:00.331] [INFO] ma-core - add Role History success testing testing testing
[2022-02-21T18:51:00.333] [INFO] ma-core - add Role History success NaN post 1234
[2022-02-21T18:51:00.341] [ERROR] ma-core - add Client :missing property testing testing testing
[2022-02-21T18:51:00.342] [ERROR] ma-core - add Client :missing property NaN post 1234
[2022-02-21T18:51:00.371] [ERROR] ma-core - 
[2022-02-21T18:51:00.384] [INFO] ma-core - Get all shifts success testing testing testing
[2022-02-21T18:51:00.405] [INFO] ma-core - Get all members success testing testing testing
[2022-02-21T18:51:00.443] [INFO] ma-core - delete sla success testing testing testing
[2022-02-21T18:51:00.444] [INFO] ma-core - delete sla success NaN post 1234
[2022-02-21T18:51:00.446] [ERROR] ma-core - delete Sla :sla not found testing testing testing
[2022-02-21T18:51:00.447] [ERROR] ma-core - delete Sla :sla not found testing testing testing
[2022-02-21T18:51:00.452] [ERROR] ma-core - delete Sla :sla not found NaN post 1234
[2022-02-21T18:51:00.458] [INFO] ma-core - get sla By Id success testing testing testing
[2022-02-21T18:51:00.460] [INFO] ma-core - get sla By Id success NaN post 1234
[2022-02-21T18:51:00.462] [ERROR] ma-core - get sla By Id :sla not found testing testing testing
[2022-02-21T18:51:00.464] [ERROR] ma-core - get sla By Id :sla not found testing testing testing
[2022-02-21T18:51:00.466] [ERROR] ma-core - get sla By Id :sla not found NaN post 1234
[2022-02-21T18:51:00.472] [ERROR] ma-core - Error occur while Getting Sla By slaContract Id : Error: Random error
    at Context.<anonymous> (/home/azer/avaxia-monitpring-app/core-service/test/unit/sla/getByslaContract/getslaBySlaContract.service.test.js:70:21)
    at callFn (/home/azer/avaxia-monitpring-app/core-service/node_modules/mocha/lib/runnable.js:366:21)
    at Test.Runnable.run (/home/azer/avaxia-monitpring-app/core-service/node_modules/mocha/lib/runnable.js:354:5)
    at Runner.runTest (/home/azer/avaxia-monitpring-app/core-service/node_modules/mocha/lib/runner.js:681:10)
    at /home/azer/avaxia-monitpring-app/core-service/node_modules/mocha/lib/runner.js:804:12
    at next (/home/azer/avaxia-monitpring-app/core-service/node_modules/mocha/lib/runner.js:596:14)
    at /home/azer/avaxia-monitpring-app/core-service/node_modules/mocha/lib/runner.js:606:7
    at next (/home/azer/avaxia-monitpring-app/core-service/node_modules/mocha/lib/runner.js:489:14)
    at cbHookRun (/home/azer/avaxia-monitpring-app/core-service/node_modules/mocha/lib/runner.js:554:7)
    at done (/home/azer/avaxia-monitpring-app/core-service/node_modules/mocha/lib/runnable.js:310:5)
    at callFn (/home/azer/avaxia-monitpring-app/core-service/node_modules/mocha/lib/runnable.js:389:7)
    at Hook.Runnable.run (/home/azer/avaxia-monitpring-app/core-service/node_modules/mocha/lib/runnable.js:354:5)
    at next (/home/azer/avaxia-monitpring-app/core-service/node_modules/mocha/lib/runner.js:513:10)
    at Immediate._onImmediate (/home/azer/avaxia-monitpring-app/core-service/node_modules/mocha/lib/runner.js:574:5)
    at processImmediate (internal/timers.js:464:21)
[2022-02-21T18:51:00.479] [INFO] ma-core - add Sla success testing testing testing
[2022-02-21T18:51:00.480] [INFO] ma-core - add Sla success NaN post 1234
[2022-02-21T18:51:00.481] [ERROR] ma-core - add Sla :missing property testing testing testing
[2022-02-21T18:51:00.483] [ERROR] ma-core - add Sla :missing property NaN post 1234
[2022-02-21T18:51:00.498] [INFO] ma-core - update sla By SlaContract success testing testing testing
[2022-02-21T18:51:00.499] [INFO] ma-core - update sla By SlaContract success NaN post 1234
[2022-02-21T18:51:00.500] [ERROR] ma-core - update sla By SlaContract :sla not found testing testing testing
[2022-02-21T18:51:00.501] [ERROR] ma-core - update sla By SlaContract :sla not found testing testing testing
[2022-02-21T18:51:00.503] [ERROR] ma-core - update sla By SlaContract :sla not found NaN post 1234
[2022-02-21T18:51:00.509] [INFO] ma-core - delete slaContract success testing testing testing
[2022-02-21T18:51:00.510] [INFO] ma-core - delete slaContract success NaN post 1234
[2022-02-21T18:51:00.512] [ERROR] ma-core - delete SlaContract :slaContract not found testing testing testing
[2022-02-21T18:51:00.513] [ERROR] ma-core - delete SlaContract :slaContract not found NaN post 1234
[2022-02-21T18:51:00.525] [ERROR] ma-core - Get by Customer Error : Error: Random error
    at Context.<anonymous> (/home/azer/avaxia-monitpring-app/core-service/test/unit/slaContract/getAllSlaContractByCustomerId/getAllSlaContractByCustomerIdServiceTest.js:78:21)
    at callFn (/home/azer/avaxia-monitpring-app/core-service/node_modules/mocha/lib/runnable.js:366:21)
    at Test.Runnable.run (/home/azer/avaxia-monitpring-app/core-service/node_modules/mocha/lib/runnable.js:354:5)
    at Runner.runTest (/home/azer/avaxia-monitpring-app/core-service/node_modules/mocha/lib/runner.js:681:10)
    at /home/azer/avaxia-monitpring-app/core-service/node_modules/mocha/lib/runner.js:804:12
    at next (/home/azer/avaxia-monitpring-app/core-service/node_modules/mocha/lib/runner.js:596:14)
    at /home/azer/avaxia-monitpring-app/core-service/node_modules/mocha/lib/runner.js:606:7
    at next (/home/azer/avaxia-monitpring-app/core-service/node_modules/mocha/lib/runner.js:489:14)
    at cbHookRun (/home/azer/avaxia-monitpring-app/core-service/node_modules/mocha/lib/runner.js:554:7)
    at done (/home/azer/avaxia-monitpring-app/core-service/node_modules/mocha/lib/runnable.js:310:5)
    at callFn (/home/azer/avaxia-monitpring-app/core-service/node_modules/mocha/lib/runnable.js:389:7)
    at Hook.Runnable.run (/home/azer/avaxia-monitpring-app/core-service/node_modules/mocha/lib/runnable.js:354:5)
    at next (/home/azer/avaxia-monitpring-app/core-service/node_modules/mocha/lib/runner.js:513:10)
    at Immediate._onImmediate (/home/azer/avaxia-monitpring-app/core-service/node_modules/mocha/lib/runner.js:574:5)
    at processImmediate (internal/timers.js:464:21)
[2022-02-21T18:51:00.528] [INFO] ma-core - get slaContract By Customer success testing testing testing
[2022-02-21T18:51:00.529] [INFO] ma-core - get slaContract By Customer success NaN post 1234
[2022-02-21T18:51:00.531] [ERROR] ma-core - get slaContract By Customer :customer not found testing testing testing
[2022-02-21T18:51:00.532] [ERROR] ma-core - get slaContract By Customer :customer not found NaN post 1234
[2022-02-21T18:51:00.533] [INFO] ma-core - get slaContract By Id success testing testing testing
[2022-02-21T18:51:00.535] [INFO] ma-core - get slaContract By Id success NaN post 1234
[2022-02-21T18:51:00.536] [ERROR] ma-core - get slaContract By Id :slaContract not found testing testing testing
[2022-02-21T18:51:00.537] [ERROR] ma-core - get slaContract By Id :slaContract not found NaN post 1234
[2022-02-21T18:51:00.545] [INFO] ma-core - add SlaContract success testing testing testing
[2022-02-21T18:51:00.547] [INFO] ma-core - add SlaContract success NaN post 1234
[2022-02-21T18:51:00.548] [ERROR] ma-core - add SlaContract :missing property testing testing testing
[2022-02-21T18:51:00.549] [ERROR] ma-core - add SlaContract :missing property NaN post 1234
[2022-02-21T18:51:00.558] [INFO] ma-core - update slaContract By Customer success testing testing testing
[2022-02-21T18:51:00.560] [INFO] ma-core - update slaContract By Customer success NaN post 1234
[2022-02-21T18:51:00.561] [ERROR] ma-core - update slaContract By Customer :slaContract not found testing testing testing
[2022-02-21T18:51:00.563] [ERROR] ma-core - update slaContract By Customer :slaContract not found NaN post 1234
[2022-02-21T18:51:00.730] [ERROR] ma-core - Get by Customer Error : Error: Random error
    at Context.<anonymous> (/home/azer/avaxia-monitpring-app/core-service/test/unit/system/getAllSystemByCustomerId/getAllSystemByCustomerIdServiceTest.js:52:21)
    at callFn (/home/azer/avaxia-monitpring-app/core-service/node_modules/mocha/lib/runnable.js:366:21)
    at Test.Runnable.run (/home/azer/avaxia-monitpring-app/core-service/node_modules/mocha/lib/runnable.js:354:5)
    at Runner.runTest (/home/azer/avaxia-monitpring-app/core-service/node_modules/mocha/lib/runner.js:681:10)
    at /home/azer/avaxia-monitpring-app/core-service/node_modules/mocha/lib/runner.js:804:12
    at next (/home/azer/avaxia-monitpring-app/core-service/node_modules/mocha/lib/runner.js:596:14)
    at /home/azer/avaxia-monitpring-app/core-service/node_modules/mocha/lib/runner.js:606:7
    at next (/home/azer/avaxia-monitpring-app/core-service/node_modules/mocha/lib/runner.js:489:14)
    at cbHookRun (/home/azer/avaxia-monitpring-app/core-service/node_modules/mocha/lib/runner.js:554:7)
    at done (/home/azer/avaxia-monitpring-app/core-service/node_modules/mocha/lib/runnable.js:310:5)
    at callFn (/home/azer/avaxia-monitpring-app/core-service/node_modules/mocha/lib/runnable.js:389:7)
    at Hook.Runnable.run (/home/azer/avaxia-monitpring-app/core-service/node_modules/mocha/lib/runnable.js:354:5)
    at next (/home/azer/avaxia-monitpring-app/core-service/node_modules/mocha/lib/runner.js:513:10)
    at Immediate._onImmediate (/home/azer/avaxia-monitpring-app/core-service/node_modules/mocha/lib/runner.js:574:5)
    at processImmediate (internal/timers.js:464:21)
[2022-02-21T18:51:00.760] [ERROR] ma-core - Get Categories by Customer ID and Type ID Error : Error: Random error
    at Context.<anonymous> (/home/azer/avaxia-monitpring-app/core-service/test/unit/system/getCategoryByTypesByCustomer/getCategoryByTypesByCustomerServiceTest.js:122:21)
    at callFn (/home/azer/avaxia-monitpring-app/core-service/node_modules/mocha/lib/runnable.js:366:21)
    at Test.Runnable.run (/home/azer/avaxia-monitpring-app/core-service/node_modules/mocha/lib/runnable.js:354:5)
    at Runner.runTest (/home/azer/avaxia-monitpring-app/core-service/node_modules/mocha/lib/runner.js:681:10)
    at /home/azer/avaxia-monitpring-app/core-service/node_modules/mocha/lib/runner.js:804:12
    at next (/home/azer/avaxia-monitpring-app/core-service/node_modules/mocha/lib/runner.js:596:14)
    at /home/azer/avaxia-monitpring-app/core-service/node_modules/mocha/lib/runner.js:606:7
    at next (/home/azer/avaxia-monitpring-app/core-service/node_modules/mocha/lib/runner.js:489:14)
    at cbHookRun (/home/azer/avaxia-monitpring-app/core-service/node_modules/mocha/lib/runner.js:554:7)
    at done (/home/azer/avaxia-monitpring-app/core-service/node_modules/mocha/lib/runnable.js:310:5)
    at callFn (/home/azer/avaxia-monitpring-app/core-service/node_modules/mocha/lib/runnable.js:389:7)
    at Hook.Runnable.run (/home/azer/avaxia-monitpring-app/core-service/node_modules/mocha/lib/runnable.js:354:5)
    at next (/home/azer/avaxia-monitpring-app/core-service/node_modules/mocha/lib/runner.js:513:10)
    at Immediate._onImmediate (/home/azer/avaxia-monitpring-app/core-service/node_modules/mocha/lib/runner.js:574:5)
    at processImmediate (internal/timers.js:464:21)
[2022-02-21T18:51:00.792] [ERROR] ma-core - Get types by Customer ID Error : Error: Random error
    at Context.<anonymous> (/home/azer/avaxia-monitpring-app/core-service/test/unit/system/getTypeByCustomer/getTypesByCustomerServiceTest.js:122:21)
    at callFn (/home/azer/avaxia-monitpring-app/core-service/node_modules/mocha/lib/runnable.js:366:21)
    at Test.Runnable.run (/home/azer/avaxia-monitpring-app/core-service/node_modules/mocha/lib/runnable.js:354:5)
    at Runner.runTest (/home/azer/avaxia-monitpring-app/core-service/node_modules/mocha/lib/runner.js:681:10)
    at /home/azer/avaxia-monitpring-app/core-service/node_modules/mocha/lib/runner.js:804:12
    at next (/home/azer/avaxia-monitpring-app/core-service/node_modules/mocha/lib/runner.js:596:14)
    at /home/azer/avaxia-monitpring-app/core-service/node_modules/mocha/lib/runner.js:606:7
    at next (/home/azer/avaxia-monitpring-app/core-service/node_modules/mocha/lib/runner.js:489:14)
    at cbHookRun (/home/azer/avaxia-monitpring-app/core-service/node_modules/mocha/lib/runner.js:554:7)
    at done (/home/azer/avaxia-monitpring-app/core-service/node_modules/mocha/lib/runnable.js:310:5)
    at callFn (/home/azer/avaxia-monitpring-app/core-service/node_modules/mocha/lib/runnable.js:389:7)
    at Hook.Runnable.run (/home/azer/avaxia-monitpring-app/core-service/node_modules/mocha/lib/runnable.js:354:5)
    at next (/home/azer/avaxia-monitpring-app/core-service/node_modules/mocha/lib/runner.js:513:10)
    at Immediate._onImmediate (/home/azer/avaxia-monitpring-app/core-service/node_modules/mocha/lib/runner.js:574:5)
    at processImmediate (internal/timers.js:464:21)
[2022-02-21T18:51:00.809] [INFO] ma-core - get All Task success testing testing testing
[2022-02-21T18:51:00.812] [INFO] ma-core - get All Task success NaN post 1234
[2022-02-21T18:51:00.814] [ERROR] ma-core - get All Task :an error occured testing testing testing
[2022-02-21T18:51:00.816] [ERROR] ma-core - get All Task :an error occured NaN post 1234
[2022-02-21T18:51:00.820] [INFO] ma-core - get All Task By filter success testing testing testing
[2022-02-21T18:51:00.822] [ERROR] ma-core - get All Task By filter error :error testing testing testing
[2022-02-21T18:51:00.823] [INFO] ma-core - get All Task By filter success testing testing testing
[2022-02-21T18:51:00.825] [INFO] ma-core - get by id Task success testing testing testing
[2022-02-21T18:51:00.826] [INFO] ma-core - get by id Task success NaN post 1234
[2022-02-21T18:51:00.831] [ERROR] ma-core - get by id Task :task not found testing testing testing
[2022-02-21T18:51:00.836] [ERROR] ma-core - get by id Task :task not found testing testing testing
[2022-02-21T18:51:00.838] [ERROR] ma-core - get by id Task :task not found NaN post 1234
[2022-02-21T18:51:00.844] [INFO] ma-core - get All Task By filter success testing testing testing
[2022-02-21T18:51:00.846] [ERROR] ma-core - get All Task By filter error :error testing testing testing
[2022-02-21T18:51:00.847] [INFO] ma-core - get All Task By filter success testing testing testing
[2022-02-21T18:51:00.905] [INFO] ma-core - get All Task By ID success testing testing testing
[2022-02-21T18:51:00.932] [INFO] ma-core - get All Task success testing testing testing
[2022-02-21T18:51:00.944] [INFO] ma-core - get Created Tasks success testing testing testing
[2022-02-21T18:51:00.954] [INFO] ma-core - get Created Tasks success NaN post 1234
[2022-02-21T18:51:00.959] [ERROR] ma-core - get Created Tasks error : error testing testing testing
[2022-02-21T18:51:00.964] [ERROR] ma-core - get Created Tasks error : error NaN post 1234
[2022-02-21T18:51:00.972] [INFO] ma-core - add Task success testing testing testing
[2022-02-21T18:51:01.017] [INFO] ma-core - add Task success NaN post 1234
[2022-02-21T18:51:01.042] [ERROR] ma-core - add Task :missing property testing testing testing
[2022-02-21T18:51:01.044] [ERROR] ma-core - add Task :missing property NaN post 1234
[2022-02-21T18:51:01.054] [INFO] ma-core - add Many Task success testing testing testing
[2022-02-21T18:51:01.058] [INFO] ma-core - add Many Task success NaN post 1234
[2022-02-21T18:51:01.060] [ERROR] ma-core - add Many Task :missing property testing testing testing
[2022-02-21T18:51:01.061] [ERROR] ma-core - add Many Task :missing property NaN post 1234
[2022-02-21T18:51:01.069] [INFO] ma-core - update Task success testing testing testing
[2022-02-21T18:51:01.070] [INFO] ma-core - update Task success NaN post 1234
[2022-02-21T18:51:01.072] [ERROR] ma-core - update Task :task not found testing testing testing
[2022-02-21T18:51:01.073] [ERROR] ma-core - update Task :task not found NaN post 1234
[2022-02-21T18:51:01.074] [DEBUG] ma-core - Before sending Info !!
[2022-02-21T18:51:01.075] [DEBUG] ma-core - Before sending inside the producer !
[2022-02-21T18:51:01.080] [INFO] ma-core - Update Task Assignee success testing testing testing
[2022-02-21T18:51:01.082] [INFO] ma-core - Update Task Assignee Incomplete testing testing testing
[2022-02-21T18:51:01.083] [ERROR] ma-core - Update Task Assignee :task not found testing testing testing
[2022-02-21T18:51:01.098] [INFO] ma-core - Canceled the Task testing testing testing
[2022-02-21T18:51:01.100] [INFO] ma-core - Canceled the Task NaN post 1234
[2022-02-21T18:51:01.105] [ERROR] ma-core - Failed to Cancel the Task :failed to update the task testing testing testing
[2022-02-21T18:51:01.107] [ERROR] ma-core - Failed to Cancel the Task :failed to update the task NaN post 1234
[2022-02-21T18:51:01.109] [INFO] ma-core - Closed the Task testing testing testing
[2022-02-21T18:51:01.111] [INFO] ma-core - Closed the Task NaN post 1234
[2022-02-21T18:51:01.117] [ERROR] ma-core - Failed to reject the Task :failed to update the task testing testing testing
[2022-02-21T18:51:01.120] [ERROR] ma-core - Failed to reject the Task :failed to update the task NaN post 1234
[2022-02-21T18:51:01.123] [INFO] ma-core - Deleted the Task testing testing testing
[2022-02-21T18:51:01.125] [INFO] ma-core - Deleted the Task NaN post 1234
[2022-02-21T18:51:01.130] [ERROR] ma-core - Failed to delete the Task :failed to update the task testing testing testing
[2022-02-21T18:51:01.132] [ERROR] ma-core - Failed to delete the Task :failed to update the task NaN post 1234
[2022-02-21T18:51:01.134] [INFO] ma-core - Finished the Task testing testing testing
[2022-02-21T18:51:01.136] [INFO] ma-core - Finished the Task NaN post 1234
[2022-02-21T18:51:01.140] [ERROR] ma-core - Failed to finish the Task :failed to update the task testing testing testing
[2022-02-21T18:51:01.141] [ERROR] ma-core - Failed to finish the Task :failed to update the task NaN post 1234
[2022-02-21T18:51:01.143] [INFO] ma-core - Rejected the Task testing testing testing
[2022-02-21T18:51:01.145] [INFO] ma-core - Rejected the Task NaN post 1234
[2022-02-21T18:51:01.153] [ERROR] ma-core - Failed to reject the Task :failed to update the task testing testing testing
[2022-02-21T18:51:01.154] [ERROR] ma-core - Failed to reject the Task :failed to update the task NaN post 1234
[2022-02-21T18:51:01.157] [ERROR] ma-core - An unexpected error occurred during auto start task Error: WARNING: Date in past. Will never be fired.
    at CronTime.sendAt (/home/azer/avaxia-monitpring-app/core-service/node_modules/cron/lib/cron.js:148:12)
    at CronTime.getTimeout (/home/azer/avaxia-monitpring-app/core-service/node_modules/cron/lib/cron.js:175:29)
    at CronJob.start (/home/azer/avaxia-monitpring-app/core-service/node_modules/cron/lib/cron.js:613:31)
    at new CronJob (/home/azer/avaxia-monitpring-app/core-service/node_modules/cron/lib/cron.js:576:10)
    at module.exports (/home/azer/avaxia-monitpring-app/core-service/services/task/autoStartTaskCron.js:2:1041)
    at Object.exports.validateTask (/home/azer/avaxia-monitpring-app/core-service/controllers/task.controller.js:11:699)
    at async Context.<anonymous> (/home/azer/avaxia-monitpring-app/core-service/test/unit/task/updateState/validateTask.controller.test.js:51:5)
[2022-02-21T18:51:01.158] [INFO] ma-core - Validated the Task testing testing testing
[2022-02-21T18:51:01.160] [ERROR] ma-core - An unexpected error occurred during auto start task Error: WARNING: Date in past. Will never be fired.
    at CronTime.sendAt (/home/azer/avaxia-monitpring-app/core-service/node_modules/cron/lib/cron.js:148:12)
    at CronTime.getTimeout (/home/azer/avaxia-monitpring-app/core-service/node_modules/cron/lib/cron.js:175:29)
    at CronJob.start (/home/azer/avaxia-monitpring-app/core-service/node_modules/cron/lib/cron.js:613:31)
    at new CronJob (/home/azer/avaxia-monitpring-app/core-service/node_modules/cron/lib/cron.js:576:10)
    at module.exports (/home/azer/avaxia-monitpring-app/core-service/services/task/autoStartTaskCron.js:2:1041)
    at Object.exports.validateTask (/home/azer/avaxia-monitpring-app/core-service/controllers/task.controller.js:11:699)
    at async Context.<anonymous> (/home/azer/avaxia-monitpring-app/core-service/test/unit/task/updateState/validateTask.controller.test.js:95:5)
[2022-02-21T18:51:01.160] [INFO] ma-core - Validated the Task NaN post 1234
[2022-02-21T18:51:01.165] [ERROR] ma-core - An unexpected error occurred during auto start task Error: WARNING: Date in past. Will never be fired.
    at CronTime.sendAt (/home/azer/avaxia-monitpring-app/core-service/node_modules/cron/lib/cron.js:148:12)
    at CronTime.getTimeout (/home/azer/avaxia-monitpring-app/core-service/node_modules/cron/lib/cron.js:175:29)
    at CronJob.start (/home/azer/avaxia-monitpring-app/core-service/node_modules/cron/lib/cron.js:613:31)
    at new CronJob (/home/azer/avaxia-monitpring-app/core-service/node_modules/cron/lib/cron.js:576:10)
    at module.exports (/home/azer/avaxia-monitpring-app/core-service/services/task/autoStartTaskCron.js:2:1041)
    at Object.exports.validateTask (/home/azer/avaxia-monitpring-app/core-service/controllers/task.controller.js:11:699)
    at async Context.<anonymous> (/home/azer/avaxia-monitpring-app/core-service/test/unit/task/updateState/validateTask.controller.test.js:176:5)
[2022-02-21T18:51:01.165] [ERROR] ma-core - Failed to validate the Task :failed to update the task testing testing testing
[2022-02-21T18:51:01.167] [ERROR] ma-core - An unexpected error occurred during auto start task Error: WARNING: Date in past. Will never be fired.
    at CronTime.sendAt (/home/azer/avaxia-monitpring-app/core-service/node_modules/cron/lib/cron.js:148:12)
    at CronTime.getTimeout (/home/azer/avaxia-monitpring-app/core-service/node_modules/cron/lib/cron.js:175:29)
    at CronJob.start (/home/azer/avaxia-monitpring-app/core-service/node_modules/cron/lib/cron.js:613:31)
    at new CronJob (/home/azer/avaxia-monitpring-app/core-service/node_modules/cron/lib/cron.js:576:10)
    at module.exports (/home/azer/avaxia-monitpring-app/core-service/services/task/autoStartTaskCron.js:2:1041)
    at Object.exports.validateTask (/home/azer/avaxia-monitpring-app/core-service/controllers/task.controller.js:11:699)
    at async Context.<anonymous> (/home/azer/avaxia-monitpring-app/core-service/test/unit/task/updateState/validateTask.controller.test.js:219:5)
[2022-02-21T18:51:01.168] [ERROR] ma-core - Failed to validate the Task :failed to update the task NaN post 1234
[2022-02-21T18:51:01.172] [INFO] ma-core - update Task success testing testing testing
[2022-02-21T18:51:01.175] [INFO] ma-core - update Task success NaN post 1234
[2022-02-21T18:51:01.178] [ERROR] ma-core - update Task :You are not authorized to perform this action testing testing testing
[2022-02-21T18:51:01.182] [ERROR] ma-core - update Task :task not found NaN post 1234
[2022-02-21T18:51:01.258] [ERROR] ma-core - random Error
[2022-02-21T18:51:01.923] [ERROR] ma-core - random error
[2022-02-21T18:53:09.386] [INFO] ma-core - database URI mongodb://localhost:27017/core
[2022-02-21T18:53:10.258] [INFO] ma-core - server started at port 5000
[2022-02-21T18:53:10.280] [INFO] ma-core - mongodb conected
[2022-02-21T18:53:10.363] [INFO] ma-core - add Client success testing testing testing
[2022-02-21T18:53:10.365] [ERROR] ma-core - add Client :missing property testing testing testing
[2022-02-21T18:53:10.367] [ERROR] ma-core - add Client :missing property NaN post 1234
[2022-02-21T18:53:10.378] [ERROR] ma-core - Delete Error : Error
    at Context.<anonymous> (/home/azer/avaxia-monitpring-app/core-service/test/unit/client/delete/deleteClient.service.test.js:62:33)
    at callFn (/home/azer/avaxia-monitpring-app/core-service/node_modules/mocha/lib/runnable.js:366:21)
    at Test.Runnable.run (/home/azer/avaxia-monitpring-app/core-service/node_modules/mocha/lib/runnable.js:354:5)
    at Runner.runTest (/home/azer/avaxia-monitpring-app/core-service/node_modules/mocha/lib/runner.js:681:10)
    at /home/azer/avaxia-monitpring-app/core-service/node_modules/mocha/lib/runner.js:804:12
    at next (/home/azer/avaxia-monitpring-app/core-service/node_modules/mocha/lib/runner.js:596:14)
    at /home/azer/avaxia-monitpring-app/core-service/node_modules/mocha/lib/runner.js:606:7
    at next (/home/azer/avaxia-monitpring-app/core-service/node_modules/mocha/lib/runner.js:489:14)
    at cbHookRun (/home/azer/avaxia-monitpring-app/core-service/node_modules/mocha/lib/runner.js:554:7)
    at done (/home/azer/avaxia-monitpring-app/core-service/node_modules/mocha/lib/runnable.js:310:5)
    at callFn (/home/azer/avaxia-monitpring-app/core-service/node_modules/mocha/lib/runnable.js:389:7)
    at Hook.Runnable.run (/home/azer/avaxia-monitpring-app/core-service/node_modules/mocha/lib/runnable.js:354:5)
    at next (/home/azer/avaxia-monitpring-app/core-service/node_modules/mocha/lib/runner.js:513:10)
    at Immediate._onImmediate (/home/azer/avaxia-monitpring-app/core-service/node_modules/mocha/lib/runner.js:574:5)
    at processImmediate (internal/timers.js:464:21)
[2022-02-21T18:53:10.379] [ERROR] ma-core - Delete Error : Error: random error
    at Context.<anonymous> (/home/azer/avaxia-monitpring-app/core-service/test/unit/client/delete/deleteClient.service.test.js:72:33)
    at callFn (/home/azer/avaxia-monitpring-app/core-service/node_modules/mocha/lib/runnable.js:366:21)
    at Test.Runnable.run (/home/azer/avaxia-monitpring-app/core-service/node_modules/mocha/lib/runnable.js:354:5)
    at Runner.runTest (/home/azer/avaxia-monitpring-app/core-service/node_modules/mocha/lib/runner.js:681:10)
    at /home/azer/avaxia-monitpring-app/core-service/node_modules/mocha/lib/runner.js:804:12
    at next (/home/azer/avaxia-monitpring-app/core-service/node_modules/mocha/lib/runner.js:596:14)
    at /home/azer/avaxia-monitpring-app/core-service/node_modules/mocha/lib/runner.js:606:7
    at next (/home/azer/avaxia-monitpring-app/core-service/node_modules/mocha/lib/runner.js:489:14)
    at cbHookRun (/home/azer/avaxia-monitpring-app/core-service/node_modules/mocha/lib/runner.js:554:7)
    at done (/home/azer/avaxia-monitpring-app/core-service/node_modules/mocha/lib/runnable.js:310:5)
    at callFn (/home/azer/avaxia-monitpring-app/core-service/node_modules/mocha/lib/runnable.js:389:7)
    at Hook.Runnable.run (/home/azer/avaxia-monitpring-app/core-service/node_modules/mocha/lib/runnable.js:354:5)
    at next (/home/azer/avaxia-monitpring-app/core-service/node_modules/mocha/lib/runner.js:513:10)
    at Immediate._onImmediate (/home/azer/avaxia-monitpring-app/core-service/node_modules/mocha/lib/runner.js:574:5)
    at processImmediate (internal/timers.js:464:21)
[2022-02-21T18:53:10.407] [ERROR] ma-core - Get by System Error : Error: Random error
    at Context.<anonymous> (/home/azer/avaxia-monitpring-app/core-service/test/unit/client/getClientsBySystemId/getAllClientBySystemServiceTest.js:58:21)
    at callFn (/home/azer/avaxia-monitpring-app/core-service/node_modules/mocha/lib/runnable.js:366:21)
    at Test.Runnable.run (/home/azer/avaxia-monitpring-app/core-service/node_modules/mocha/lib/runnable.js:354:5)
    at Runner.runTest (/home/azer/avaxia-monitpring-app/core-service/node_modules/mocha/lib/runner.js:681:10)
    at /home/azer/avaxia-monitpring-app/core-service/node_modules/mocha/lib/runner.js:804:12
    at next (/home/azer/avaxia-monitpring-app/core-service/node_modules/mocha/lib/runner.js:596:14)
    at /home/azer/avaxia-monitpring-app/core-service/node_modules/mocha/lib/runner.js:606:7
    at next (/home/azer/avaxia-monitpring-app/core-service/node_modules/mocha/lib/runner.js:489:14)
    at cbHookRun (/home/azer/avaxia-monitpring-app/core-service/node_modules/mocha/lib/runner.js:554:7)
    at done (/home/azer/avaxia-monitpring-app/core-service/node_modules/mocha/lib/runnable.js:310:5)
    at callFn (/home/azer/avaxia-monitpring-app/core-service/node_modules/mocha/lib/runnable.js:389:7)
    at Hook.Runnable.run (/home/azer/avaxia-monitpring-app/core-service/node_modules/mocha/lib/runnable.js:354:5)
    at next (/home/azer/avaxia-monitpring-app/core-service/node_modules/mocha/lib/runner.js:513:10)
    at Immediate._onImmediate (/home/azer/avaxia-monitpring-app/core-service/node_modules/mocha/lib/runner.js:574:5)
    at processImmediate (internal/timers.js:464:21)
[2022-02-21T18:53:10.414] [ERROR] ma-core - Error
    at Context.<anonymous> (/home/azer/avaxia-monitpring-app/core-service/test/unit/client/update/updateClient.service.test.js:70:33)
    at callFn (/home/azer/avaxia-monitpring-app/core-service/node_modules/mocha/lib/runnable.js:366:21)
    at Test.Runnable.run (/home/azer/avaxia-monitpring-app/core-service/node_modules/mocha/lib/runnable.js:354:5)
    at Runner.runTest (/home/azer/avaxia-monitpring-app/core-service/node_modules/mocha/lib/runner.js:681:10)
    at /home/azer/avaxia-monitpring-app/core-service/node_modules/mocha/lib/runner.js:804:12
    at next (/home/azer/avaxia-monitpring-app/core-service/node_modules/mocha/lib/runner.js:596:14)
    at /home/azer/avaxia-monitpring-app/core-service/node_modules/mocha/lib/runner.js:606:7
    at next (/home/azer/avaxia-monitpring-app/core-service/node_modules/mocha/lib/runner.js:489:14)
    at cbHookRun (/home/azer/avaxia-monitpring-app/core-service/node_modules/mocha/lib/runner.js:554:7)
    at done (/home/azer/avaxia-monitpring-app/core-service/node_modules/mocha/lib/runnable.js:310:5)
    at callFn (/home/azer/avaxia-monitpring-app/core-service/node_modules/mocha/lib/runnable.js:389:7)
    at Hook.Runnable.run (/home/azer/avaxia-monitpring-app/core-service/node_modules/mocha/lib/runnable.js:354:5)
    at next (/home/azer/avaxia-monitpring-app/core-service/node_modules/mocha/lib/runner.js:513:10)
    at Immediate._onImmediate (/home/azer/avaxia-monitpring-app/core-service/node_modules/mocha/lib/runner.js:574:5)
    at processImmediate (internal/timers.js:464:21)
[2022-02-21T18:53:10.433] [ERROR] ma-core - Error while sending comment notification TypeError: Cannot read property 'split' of undefined
    at Object.build (/home/azer/avaxia-monitpring-app/core-service/node_modules/kafkajs/src/cluster/connectionBuilder.js:60:29)
    at async BrokerPool.createSeedBroker (/home/azer/avaxia-monitpring-app/core-service/node_modules/kafkajs/src/cluster/brokerPool.js:70:19)
    at async BrokerPool.connect (/home/azer/avaxia-monitpring-app/core-service/node_modules/kafkajs/src/cluster/brokerPool.js:85:7)
    at async Cluster.connect (/home/azer/avaxia-monitpring-app/core-service/node_modules/kafkajs/src/cluster/index.js:109:5)
    at async Object.connect (/home/azer/avaxia-monitpring-app/core-service/node_modules/kafkajs/src/producer/index.js:223:7)
    at async Object.exports.commentNotif (/home/azer/avaxia-monitpring-app/core-service/kafka/notificationServiceKafka.js:2:3972)
    at async module.exports (/home/azer/avaxia-monitpring-app/core-service/services/comment/blockComment.service.js:2:724)
    at async Context.<anonymous> (/home/azer/avaxia-monitpring-app/core-service/test/unit/comment/block/blockComment.service.test.js:34:17)
[2022-02-21T18:53:10.484] [INFO] ma-core - get all Customer success testing testing testing
[2022-02-21T18:53:10.489] [INFO] ma-core - get all Customer success NaN post 1234
[2022-02-21T18:53:10.491] [INFO] ma-core - get all Customer success testing testing testing
[2022-02-21T18:53:10.493] [INFO] ma-core - get all Customer error testing testing testing
[2022-02-21T18:53:10.494] [INFO] ma-core - get all Customer error NaN post 1234
[2022-02-21T18:53:10.503] [INFO] ma-core - get Customer success testing testing testing
[2022-02-21T18:53:10.504] [INFO] ma-core - get Customer error testing testing testing
[2022-02-21T18:53:10.509] [ERROR] ma-core - Error: random error
    at Context.<anonymous> (/home/azer/avaxia-monitpring-app/core-service/test/unit/customer/getById/getByIdCustomer.service.test.js:88:24)
    at callFn (/home/azer/avaxia-monitpring-app/core-service/node_modules/mocha/lib/runnable.js:366:21)
    at Test.Runnable.run (/home/azer/avaxia-monitpring-app/core-service/node_modules/mocha/lib/runnable.js:354:5)
    at Runner.runTest (/home/azer/avaxia-monitpring-app/core-service/node_modules/mocha/lib/runner.js:681:10)
    at /home/azer/avaxia-monitpring-app/core-service/node_modules/mocha/lib/runner.js:804:12
    at next (/home/azer/avaxia-monitpring-app/core-service/node_modules/mocha/lib/runner.js:596:14)
    at /home/azer/avaxia-monitpring-app/core-service/node_modules/mocha/lib/runner.js:606:7
    at next (/home/azer/avaxia-monitpring-app/core-service/node_modules/mocha/lib/runner.js:489:14)
    at cbHookRun (/home/azer/avaxia-monitpring-app/core-service/node_modules/mocha/lib/runner.js:554:7)
    at done (/home/azer/avaxia-monitpring-app/core-service/node_modules/mocha/lib/runnable.js:310:5)
    at callFn (/home/azer/avaxia-monitpring-app/core-service/node_modules/mocha/lib/runnable.js:389:7)
    at Hook.Runnable.run (/home/azer/avaxia-monitpring-app/core-service/node_modules/mocha/lib/runnable.js:354:5)
    at next (/home/azer/avaxia-monitpring-app/core-service/node_modules/mocha/lib/runner.js:513:10)
    at Immediate._onImmediate (/home/azer/avaxia-monitpring-app/core-service/node_modules/mocha/lib/runner.js:574:5)
    at processImmediate (internal/timers.js:464:21)
[2022-02-21T18:53:10.523] [INFO] ma-core - add customer success testing testing testing
[2022-02-21T18:53:10.525] [ERROR] ma-core - add customer fail :missing property testing testing testing
[2022-02-21T18:53:10.630] [ERROR] ma-core - Delete Error : Error
    at Context.<anonymous> (/home/azer/avaxia-monitpring-app/core-service/test/unit/host/delete/deleteHost.service.test.js:72:33)
    at callFn (/home/azer/avaxia-monitpring-app/core-service/node_modules/mocha/lib/runnable.js:366:21)
    at Test.Runnable.run (/home/azer/avaxia-monitpring-app/core-service/node_modules/mocha/lib/runnable.js:354:5)
    at Runner.runTest (/home/azer/avaxia-monitpring-app/core-service/node_modules/mocha/lib/runner.js:681:10)
    at /home/azer/avaxia-monitpring-app/core-service/node_modules/mocha/lib/runner.js:804:12
    at next (/home/azer/avaxia-monitpring-app/core-service/node_modules/mocha/lib/runner.js:596:14)
    at /home/azer/avaxia-monitpring-app/core-service/node_modules/mocha/lib/runner.js:606:7
    at next (/home/azer/avaxia-monitpring-app/core-service/node_modules/mocha/lib/runner.js:489:14)
    at cbHookRun (/home/azer/avaxia-monitpring-app/core-service/node_modules/mocha/lib/runner.js:554:7)
    at done (/home/azer/avaxia-monitpring-app/core-service/node_modules/mocha/lib/runnable.js:310:5)
    at callFn (/home/azer/avaxia-monitpring-app/core-service/node_modules/mocha/lib/runnable.js:389:7)
    at Hook.Runnable.run (/home/azer/avaxia-monitpring-app/core-service/node_modules/mocha/lib/runnable.js:354:5)
    at next (/home/azer/avaxia-monitpring-app/core-service/node_modules/mocha/lib/runner.js:513:10)
    at Immediate._onImmediate (/home/azer/avaxia-monitpring-app/core-service/node_modules/mocha/lib/runner.js:574:5)
    at processImmediate (internal/timers.js:464:21)
[2022-02-21T18:53:10.637] [ERROR] ma-core - Get by System Error : Error: Random error
    at Context.<anonymous> (/home/azer/avaxia-monitpring-app/core-service/test/unit/host/getAllBySystem/getAllBySystemServiceTest.js:59:21)
    at callFn (/home/azer/avaxia-monitpring-app/core-service/node_modules/mocha/lib/runnable.js:366:21)
    at Test.Runnable.run (/home/azer/avaxia-monitpring-app/core-service/node_modules/mocha/lib/runnable.js:354:5)
    at Runner.runTest (/home/azer/avaxia-monitpring-app/core-service/node_modules/mocha/lib/runner.js:681:10)
    at /home/azer/avaxia-monitpring-app/core-service/node_modules/mocha/lib/runner.js:804:12
    at next (/home/azer/avaxia-monitpring-app/core-service/node_modules/mocha/lib/runner.js:596:14)
    at /home/azer/avaxia-monitpring-app/core-service/node_modules/mocha/lib/runner.js:606:7
    at next (/home/azer/avaxia-monitpring-app/core-service/node_modules/mocha/lib/runner.js:489:14)
    at cbHookRun (/home/azer/avaxia-monitpring-app/core-service/node_modules/mocha/lib/runner.js:554:7)
    at done (/home/azer/avaxia-monitpring-app/core-service/node_modules/mocha/lib/runnable.js:310:5)
    at callFn (/home/azer/avaxia-monitpring-app/core-service/node_modules/mocha/lib/runnable.js:389:7)
    at Hook.Runnable.run (/home/azer/avaxia-monitpring-app/core-service/node_modules/mocha/lib/runnable.js:354:5)
    at next (/home/azer/avaxia-monitpring-app/core-service/node_modules/mocha/lib/runner.js:513:10)
    at Immediate._onImmediate (/home/azer/avaxia-monitpring-app/core-service/node_modules/mocha/lib/runner.js:574:5)
    at processImmediate (internal/timers.js:464:21)
[2022-02-21T18:53:10.644] [ERROR] ma-core - Get by ID Error : Error: random error
    at Context.<anonymous> (/home/azer/avaxia-monitpring-app/core-service/test/unit/host/getById/getByIdHost.service.test.js:58:24)
    at callFn (/home/azer/avaxia-monitpring-app/core-service/node_modules/mocha/lib/runnable.js:366:21)
    at Test.Runnable.run (/home/azer/avaxia-monitpring-app/core-service/node_modules/mocha/lib/runnable.js:354:5)
    at Runner.runTest (/home/azer/avaxia-monitpring-app/core-service/node_modules/mocha/lib/runner.js:681:10)
    at /home/azer/avaxia-monitpring-app/core-service/node_modules/mocha/lib/runner.js:804:12
    at next (/home/azer/avaxia-monitpring-app/core-service/node_modules/mocha/lib/runner.js:596:14)
    at /home/azer/avaxia-monitpring-app/core-service/node_modules/mocha/lib/runner.js:606:7
    at next (/home/azer/avaxia-monitpring-app/core-service/node_modules/mocha/lib/runner.js:489:14)
    at cbHookRun (/home/azer/avaxia-monitpring-app/core-service/node_modules/mocha/lib/runner.js:554:7)
    at done (/home/azer/avaxia-monitpring-app/core-service/node_modules/mocha/lib/runnable.js:310:5)
    at callFn (/home/azer/avaxia-monitpring-app/core-service/node_modules/mocha/lib/runnable.js:389:7)
    at Hook.Runnable.run (/home/azer/avaxia-monitpring-app/core-service/node_modules/mocha/lib/runnable.js:354:5)
    at next (/home/azer/avaxia-monitpring-app/core-service/node_modules/mocha/lib/runner.js:513:10)
    at Immediate._onImmediate (/home/azer/avaxia-monitpring-app/core-service/node_modules/mocha/lib/runner.js:574:5)
    at processImmediate (internal/timers.js:464:21)
[2022-02-21T18:53:10.651] [ERROR] ma-core - expected findOneAndUpdate to have been called exactly once, but it was called 0 times
[2022-02-21T18:53:10.660] [ERROR] ma-core - Update Error : Error
    at Context.<anonymous> (/home/azer/avaxia-monitpring-app/core-service/test/unit/host/update/updateHost.service.test.js:79:33)
    at callFn (/home/azer/avaxia-monitpring-app/core-service/node_modules/mocha/lib/runnable.js:366:21)
    at Test.Runnable.run (/home/azer/avaxia-monitpring-app/core-service/node_modules/mocha/lib/runnable.js:354:5)
    at Runner.runTest (/home/azer/avaxia-monitpring-app/core-service/node_modules/mocha/lib/runner.js:681:10)
    at /home/azer/avaxia-monitpring-app/core-service/node_modules/mocha/lib/runner.js:804:12
    at next (/home/azer/avaxia-monitpring-app/core-service/node_modules/mocha/lib/runner.js:596:14)
    at /home/azer/avaxia-monitpring-app/core-service/node_modules/mocha/lib/runner.js:606:7
    at next (/home/azer/avaxia-monitpring-app/core-service/node_modules/mocha/lib/runner.js:489:14)
    at cbHookRun (/home/azer/avaxia-monitpring-app/core-service/node_modules/mocha/lib/runner.js:554:7)
    at done (/home/azer/avaxia-monitpring-app/core-service/node_modules/mocha/lib/runnable.js:310:5)
    at callFn (/home/azer/avaxia-monitpring-app/core-service/node_modules/mocha/lib/runnable.js:389:7)
    at Hook.Runnable.run (/home/azer/avaxia-monitpring-app/core-service/node_modules/mocha/lib/runnable.js:354:5)
    at next (/home/azer/avaxia-monitpring-app/core-service/node_modules/mocha/lib/runner.js:513:10)
    at Immediate._onImmediate (/home/azer/avaxia-monitpring-app/core-service/node_modules/mocha/lib/runner.js:574:5)
    at processImmediate (internal/timers.js:464:21)
[2022-02-21T18:53:08.687] [INFO] ma-core - cancel itOperation success testing testing testing
[2022-02-21T18:53:08.687] [ERROR] ma-core - cancel ItOperation :itOperation not found testing testing testing
[2022-02-21T18:53:08.689] [INFO] ma-core - finish itOperation success testing testing testing
[2022-02-21T18:53:08.689] [ERROR] ma-core - finish ItOperation :itOperation not found testing testing testing
[2022-02-21T18:53:10.671] [INFO] ma-core - get All Active itOperation success testing testing testing
[2022-02-21T18:53:10.675] [INFO] ma-core - get All Archived itOperation success testing testing testing
[2022-02-21T18:53:10.682] [ERROR] ma-core - Error occur while Getting ItOperation By System Id : Error: Random error
    at Context.<anonymous> (/home/azer/avaxia-monitpring-app/core-service/test/unit/itOperation/getAllBySystem/getAllBySystemServiceTest.js:50:21)
    at callFn (/home/azer/avaxia-monitpring-app/core-service/node_modules/mocha/lib/runnable.js:366:21)
    at Test.Runnable.run (/home/azer/avaxia-monitpring-app/core-service/node_modules/mocha/lib/runnable.js:354:5)
    at Runner.runTest (/home/azer/avaxia-monitpring-app/core-service/node_modules/mocha/lib/runner.js:681:10)
    at /home/azer/avaxia-monitpring-app/core-service/node_modules/mocha/lib/runner.js:804:12
    at next (/home/azer/avaxia-monitpring-app/core-service/node_modules/mocha/lib/runner.js:596:14)
    at /home/azer/avaxia-monitpring-app/core-service/node_modules/mocha/lib/runner.js:606:7
    at next (/home/azer/avaxia-monitpring-app/core-service/node_modules/mocha/lib/runner.js:489:14)
    at cbHookRun (/home/azer/avaxia-monitpring-app/core-service/node_modules/mocha/lib/runner.js:554:7)
    at done (/home/azer/avaxia-monitpring-app/core-service/node_modules/mocha/lib/runnable.js:310:5)
    at callFn (/home/azer/avaxia-monitpring-app/core-service/node_modules/mocha/lib/runnable.js:389:7)
    at Hook.Runnable.run (/home/azer/avaxia-monitpring-app/core-service/node_modules/mocha/lib/runnable.js:354:5)
    at next (/home/azer/avaxia-monitpring-app/core-service/node_modules/mocha/lib/runner.js:513:10)
    at Immediate._onImmediate (/home/azer/avaxia-monitpring-app/core-service/node_modules/mocha/lib/runner.js:574:5)
    at processImmediate (internal/timers.js:464:21)
[2022-02-21T18:53:10.690] [INFO] ma-core - add ItOperation success testing testing testing
[2022-02-21T18:53:10.695] [ERROR] ma-core - add ItOperation fail :missing property testing testing testing
[2022-02-21T18:53:08.703] [INFO] ma-core - remind itOperation success testing testing testing
[2022-02-21T18:53:08.703] [ERROR] ma-core - remind ItOperation :itOperation not found testing testing testing
[2022-02-21T18:53:08.705] [INFO] ma-core - send changes itOperation success testing testing testing
[2022-02-21T18:53:08.705] [ERROR] ma-core - send changes ItOperation :itOperation not found testing testing testing
[2022-02-21T18:53:10.709] [INFO] ma-core - update itOperation success testing testing testing
[2022-02-21T18:53:10.711] [ERROR] ma-core - update ItOperation :itOperation not found testing testing testing
[2022-02-21T18:53:10.738] [INFO] ma-core - delete licence success testing testing testing
[2022-02-21T18:53:10.739] [INFO] ma-core - delete licence success NaN post 1234
[2022-02-21T18:53:10.742] [ERROR] ma-core - delete Licence :licence not found testing testing testing
[2022-02-21T18:53:10.743] [ERROR] ma-core - delete Licence :licence not found NaN post 1234
[2022-02-21T18:53:10.755] [INFO] ma-core - get latest customer licence By Id success testing testing testing
[2022-02-21T18:53:10.757] [INFO] ma-core - get latest customer licence By Id success NaN post 1234
[2022-02-21T18:53:10.759] [ERROR] ma-core - get licence By Id :Missing Customer ID NaN post 1234
[2022-02-21T18:53:10.761] [ERROR] ma-core - get licence By Id :Missing Customer ID testing testing testing
[2022-02-21T18:53:10.763] [ERROR] ma-core - get licence By Id :licence not found testing testing testing
[2022-02-21T18:53:10.765] [ERROR] ma-core - get licence By Id :licence not found NaN post 1234
[2022-02-21T18:53:10.769] [ERROR] ma-core - Error occur while Getting Licence By Customer Id : Error: random error
    at Context.<anonymous> (/home/azer/avaxia-monitpring-app/core-service/test/unit/licence/getActiveLicence/getActiveLIcenceServiceTest.js:52:17)
    at callFn (/home/azer/avaxia-monitpring-app/core-service/node_modules/mocha/lib/runnable.js:366:21)
    at Test.Runnable.run (/home/azer/avaxia-monitpring-app/core-service/node_modules/mocha/lib/runnable.js:354:5)
    at Runner.runTest (/home/azer/avaxia-monitpring-app/core-service/node_modules/mocha/lib/runner.js:681:10)
    at /home/azer/avaxia-monitpring-app/core-service/node_modules/mocha/lib/runner.js:804:12
    at next (/home/azer/avaxia-monitpring-app/core-service/node_modules/mocha/lib/runner.js:596:14)
    at /home/azer/avaxia-monitpring-app/core-service/node_modules/mocha/lib/runner.js:606:7
    at next (/home/azer/avaxia-monitpring-app/core-service/node_modules/mocha/lib/runner.js:489:14)
    at cbHookRun (/home/azer/avaxia-monitpring-app/core-service/node_modules/mocha/lib/runner.js:554:7)
    at done (/home/azer/avaxia-monitpring-app/core-service/node_modules/mocha/lib/runnable.js:310:5)
    at callFn (/home/azer/avaxia-monitpring-app/core-service/node_modules/mocha/lib/runnable.js:389:7)
    at Hook.Runnable.run (/home/azer/avaxia-monitpring-app/core-service/node_modules/mocha/lib/runnable.js:354:5)
    at next (/home/azer/avaxia-monitpring-app/core-service/node_modules/mocha/lib/runner.js:513:10)
    at Immediate._onImmediate (/home/azer/avaxia-monitpring-app/core-service/node_modules/mocha/lib/runner.js:574:5)
    at processImmediate (internal/timers.js:464:21)
[2022-02-21T18:53:10.773] [ERROR] ma-core - Error occur while Getting Licence By Customer Id : Error: random error
    at Context.<anonymous> (/home/azer/avaxia-monitpring-app/core-service/test/unit/licence/getByCustomer/getByCustomerLicence.service.test.js:61:17)
    at callFn (/home/azer/avaxia-monitpring-app/core-service/node_modules/mocha/lib/runnable.js:366:21)
    at Test.Runnable.run (/home/azer/avaxia-monitpring-app/core-service/node_modules/mocha/lib/runnable.js:354:5)
    at Runner.runTest (/home/azer/avaxia-monitpring-app/core-service/node_modules/mocha/lib/runner.js:681:10)
    at /home/azer/avaxia-monitpring-app/core-service/node_modules/mocha/lib/runner.js:804:12
    at next (/home/azer/avaxia-monitpring-app/core-service/node_modules/mocha/lib/runner.js:596:14)
    at /home/azer/avaxia-monitpring-app/core-service/node_modules/mocha/lib/runner.js:606:7
    at next (/home/azer/avaxia-monitpring-app/core-service/node_modules/mocha/lib/runner.js:489:14)
    at cbHookRun (/home/azer/avaxia-monitpring-app/core-service/node_modules/mocha/lib/runner.js:554:7)
    at done (/home/azer/avaxia-monitpring-app/core-service/node_modules/mocha/lib/runnable.js:310:5)
    at callFn (/home/azer/avaxia-monitpring-app/core-service/node_modules/mocha/lib/runnable.js:389:7)
    at Hook.Runnable.run (/home/azer/avaxia-monitpring-app/core-service/node_modules/mocha/lib/runnable.js:354:5)
    at next (/home/azer/avaxia-monitpring-app/core-service/node_modules/mocha/lib/runner.js:513:10)
    at Immediate._onImmediate (/home/azer/avaxia-monitpring-app/core-service/node_modules/mocha/lib/runner.js:574:5)
    at processImmediate (internal/timers.js:464:21)
[2022-02-21T18:53:10.778] [INFO] ma-core - get licence By Id success testing testing testing
[2022-02-21T18:53:10.779] [INFO] ma-core - get licence By Id success NaN post 1234
[2022-02-21T18:53:10.781] [ERROR] ma-core - get licence By Id :licence not found testing testing testing
[2022-02-21T18:53:10.782] [ERROR] ma-core - get licence By Id :licence not found NaN post 1234
[2022-02-21T18:53:10.791] [INFO] ma-core - add Licence success testing testing testing
[2022-02-21T18:53:10.792] [INFO] ma-core - add Licence success NaN post 1234
[2022-02-21T18:53:10.793] [ERROR] ma-core - add Licence :missing property testing testing testing
[2022-02-21T18:53:10.795] [ERROR] ma-core - add Licence :missing property NaN post 1234
[2022-02-21T18:53:10.810] [INFO] ma-core - update licence By Customer success testing testing testing
[2022-02-21T18:53:10.812] [INFO] ma-core - update licence By Customer success NaN post 1234
[2022-02-21T18:53:10.814] [ERROR] ma-core - update licence By Customer :licence not found testing testing testing
[2022-02-21T18:53:10.815] [ERROR] ma-core - update licence By Customer :licence not found NaN post 1234
[2022-02-21T18:53:10.830] [ERROR] ma-core - delete Map By Id :MAP not found testing testing testing
[2022-02-21T18:53:10.833] [ERROR] ma-core - delete Map By Id :missing ID testing testing testing
[2022-02-21T18:53:10.834] [ERROR] ma-core - delete Map By Id :missing ID testing testing testing
[2022-02-21T18:53:10.836] [ERROR] ma-core - delete Map By Id :missing ID NaN post 1234
[2022-02-21T18:53:10.854] [ERROR] ma-core - Get by System Error : TypeError: moment(...).tz(...).format is not a function
    at /home/azer/avaxia-monitpring-app/core-service/services/map/getBySystemId.js:2:1950
    at Array.map (<anonymous>)
    at module.exports (/home/azer/avaxia-monitpring-app/core-service/services/map/getBySystemId.js:2:1771)
    at async Context.<anonymous> (/home/azer/avaxia-monitpring-app/core-service/test/unit/map/getAllBySystem/getAllBySystemServiceTest.js:71:17)
[2022-02-21T18:53:10.858] [ERROR] ma-core - Get by System Error : Error: Random error
    at Context.<anonymous> (/home/azer/avaxia-monitpring-app/core-service/test/unit/map/getAllBySystem/getAllBySystemServiceTest.js:98:21)
    at callFn (/home/azer/avaxia-monitpring-app/core-service/node_modules/mocha/lib/runnable.js:366:21)
    at Test.Runnable.run (/home/azer/avaxia-monitpring-app/core-service/node_modules/mocha/lib/runnable.js:354:5)
    at Runner.runTest (/home/azer/avaxia-monitpring-app/core-service/node_modules/mocha/lib/runner.js:681:10)
    at /home/azer/avaxia-monitpring-app/core-service/node_modules/mocha/lib/runner.js:804:12
    at next (/home/azer/avaxia-monitpring-app/core-service/node_modules/mocha/lib/runner.js:596:14)
    at /home/azer/avaxia-monitpring-app/core-service/node_modules/mocha/lib/runner.js:606:7
    at next (/home/azer/avaxia-monitpring-app/core-service/node_modules/mocha/lib/runner.js:489:14)
    at cbHookRun (/home/azer/avaxia-monitpring-app/core-service/node_modules/mocha/lib/runner.js:554:7)
    at done (/home/azer/avaxia-monitpring-app/core-service/node_modules/mocha/lib/runnable.js:310:5)
    at callFn (/home/azer/avaxia-monitpring-app/core-service/node_modules/mocha/lib/runnable.js:389:7)
    at Hook.Runnable.run (/home/azer/avaxia-monitpring-app/core-service/node_modules/mocha/lib/runnable.js:354:5)
    at next (/home/azer/avaxia-monitpring-app/core-service/node_modules/mocha/lib/runner.js:513:10)
    at Immediate._onImmediate (/home/azer/avaxia-monitpring-app/core-service/node_modules/mocha/lib/runner.js:574:5)
    at processImmediate (internal/timers.js:464:21)
[2022-02-21T18:53:10.884] [INFO] ma-core - delete module success testing testing testing
[2022-02-21T18:53:10.885] [INFO] ma-core - delete module success NaN post 1234
[2022-02-21T18:53:10.886] [ERROR] ma-core - delete Module :module not found testing testing testing
[2022-02-21T18:53:10.888] [ERROR] ma-core - delete Module :module not found NaN post 1234
[2022-02-21T18:53:10.890] [ERROR] ma-core - delete Module :missing ID testing testing testing
[2022-02-21T18:53:10.891] [ERROR] ma-core - delete Module :missing ID testing testing testing
[2022-02-21T18:53:10.896] [INFO] ma-core - get All Basic Module success testing testing testing
[2022-02-21T18:53:10.898] [INFO] ma-core - get All Basic Module success NaN post 1234
[2022-02-21T18:53:10.900] [ERROR] ma-core - get All Basic Module :missing property testing testing testing
[2022-02-21T18:53:10.902] [ERROR] ma-core - get All Basic Module :missing property NaN post 1234
[2022-02-21T18:53:10.904] [INFO] ma-core - get All Module success testing testing testing
[2022-02-21T18:53:10.912] [INFO] ma-core - get All Module success NaN post 1234
[2022-02-21T18:53:10.915] [ERROR] ma-core - get All Module :missing property testing testing testing
[2022-02-21T18:53:10.920] [ERROR] ma-core - get All Module :missing property NaN post 1234
[2022-02-21T18:53:10.938] [INFO] ma-core - get module By Id success testing testing testing
[2022-02-21T18:53:10.942] [INFO] ma-core - get module By Id success NaN post 1234
[2022-02-21T18:53:10.950] [ERROR] ma-core - get module By Id :module not found testing testing testing
[2022-02-21T18:53:10.952] [ERROR] ma-core - get module By Id :module not found testing testing testing
[2022-02-21T18:53:10.955] [ERROR] ma-core - get module By Id :module not found NaN post 1234
[2022-02-21T18:53:10.962] [INFO] ma-core - add Module success testing testing testing
[2022-02-21T18:53:10.965] [INFO] ma-core - add Module success NaN post 1234
[2022-02-21T18:53:10.967] [ERROR] ma-core - add Module :missing property testing testing testing
[2022-02-21T18:53:10.968] [ERROR] ma-core - add Module :missing property NaN post 1234
[2022-02-21T18:53:10.974] [INFO] ma-core - update module By Customer success testing testing testing
[2022-02-21T18:53:10.975] [INFO] ma-core - update module By Customer success NaN post 1234
[2022-02-21T18:53:10.976] [ERROR] ma-core - update module By Customer :module not found testing testing testing
[2022-02-21T18:53:10.978] [ERROR] ma-core - update module By Customer :module not found testing testing testing
[2022-02-21T18:53:10.980] [ERROR] ma-core - update module By Customer :module not found NaN post 1234
[2022-02-21T18:53:11.051] [INFO] ma-core - add post success testing testing testing
[2022-02-21T18:53:11.053] [ERROR] ma-core - add post :missing property testing testing testing
[2022-02-21T18:53:11.059] [INFO] ma-core - get all posts success testing testing testing
[2022-02-21T18:53:11.061] [INFO] ma-core - get all posts success NaN post 1234
[2022-02-21T18:53:11.068] [ERROR] ma-core - get All posts :An error message testing testing testing
[2022-02-21T18:53:11.070] [ERROR] ma-core - get All posts :An error message NaN post 1234
[2022-02-21T18:53:11.075] [INFO] ma-core - get All nomenclature success testing testing testing
[2022-02-21T18:53:11.076] [INFO] ma-core - get All nomenclature success testing testing testing
[2022-02-21T18:53:11.077] [INFO] ma-core - get All nomenclature success testing testing testing
[2022-02-21T18:53:11.079] [INFO] ma-core - get All nomenclature success NaN post 1234
[2022-02-21T18:53:11.080] [ERROR] ma-core - get All nomenclature :get All nomenclature : testing testing testing
[2022-02-21T18:53:11.083] [ERROR] ma-core - get All nomenclature :get All nomenclature : NaN post 1234
[2022-02-21T18:53:11.106] [INFO] ma-core - delete Result Form success testing testing testing
[2022-02-21T18:53:11.108] [INFO] ma-core - delete Result Form success NaN post 1234
[2022-02-21T18:53:11.109] [ERROR] ma-core - delete Result Form :task not found testing testing testing
[2022-02-21T18:53:11.110] [ERROR] ma-core - delete Result Form :task not found NaN post 1234
[2022-02-21T18:53:11.121] [INFO] ma-core - get all result form success testing testing testing
[2022-02-21T18:53:11.123] [INFO] ma-core - get all result form success testing testing testing
[2022-02-21T18:53:11.125] [INFO] ma-core - get all result form success NaN post 1234
[2022-02-21T18:53:11.127] [ERROR] ma-core - get All result form :missing property testing testing testing
[2022-02-21T18:53:11.129] [ERROR] ma-core - get All result form :missing property NaN post 1234
[2022-02-21T18:53:11.134] [INFO] ma-core - get by id Result Form testing testing testing
[2022-02-21T18:53:11.135] [INFO] ma-core - get by id Result Form NaN post 1234
[2022-02-21T18:53:11.137] [ERROR] ma-core - get by id Result Form :task not found testing testing testing
[2022-02-21T18:53:11.139] [ERROR] ma-core - get by id Result Form :task not found NaN post 1234
[2022-02-21T18:53:11.145] [INFO] ma-core - get Monitoring Activities Without Result Form success testing testing testing
[2022-02-21T18:53:11.146] [INFO] ma-core - get Monitoring Activities Without Result Form success NaN post 1234
[2022-02-21T18:53:11.147] [ERROR] ma-core - get Monitoring Activities Without Result Forms :error testing testing testing
[2022-02-21T18:53:11.149] [ERROR] ma-core - get Monitoring Activities Without Result Forms :not found error testing testing testing
[2022-02-21T18:53:11.150] [ERROR] ma-core - get Monitoring Activities Without Result Forms :error NaN post 1234
[2022-02-21T18:53:11.158] [INFO] ma-core - add result form success testing testing testing
[2022-02-21T18:53:11.160] [INFO] ma-core - add result form success NaN post 1234
[2022-02-21T18:53:11.162] [ERROR] ma-core - add result form :missing property testing testing testing
[2022-02-21T18:53:11.163] [ERROR] ma-core - add result form :missing property NaN post 1234
[2022-02-21T18:53:11.167] [INFO] ma-core - update Result Form success testing testing testing
[2022-02-21T18:53:11.168] [INFO] ma-core - update Result Form success NaN post 1234
[2022-02-21T18:53:11.169] [ERROR] ma-core - update Result Form  :task not found testing testing testing
[2022-02-21T18:53:11.170] [ERROR] ma-core - update Result Form  :task not found NaN post 1234
[2022-02-21T18:53:11.176] [INFO] ma-core - delete Role success testing testing testing
[2022-02-21T18:53:11.177] [INFO] ma-core - delete Role success NaN post 1234
[2022-02-21T18:53:11.179] [ERROR] ma-core - delete Role :role not found testing testing testing
[2022-02-21T18:53:11.180] [ERROR] ma-core - delete Role :role not found NaN post 1234
[2022-02-21T18:53:11.181] [ERROR] ma-core - delete Role :missing ID testing testing testing
[2022-02-21T18:53:11.183] [ERROR] ma-core - delete Role :missing ID testing testing testing
[2022-02-21T18:53:11.190] [INFO] ma-core - get All Role success testing testing testing
[2022-02-21T18:53:11.191] [INFO] ma-core - get All Role success NaN post 1234
[2022-02-21T18:53:11.193] [ERROR] ma-core - get All Role :missing property testing testing testing
[2022-02-21T18:53:11.195] [ERROR] ma-core - get All Role :missing property NaN post 1234
[2022-02-21T18:53:11.198] [INFO] ma-core - get by id Role success testing testing testing
[2022-02-21T18:53:11.199] [INFO] ma-core - get by id Role success NaN post 1234
[2022-02-21T18:53:11.201] [ERROR] ma-core - get by id Role :role not found testing testing testing
[2022-02-21T18:53:11.202] [ERROR] ma-core - get by id Role :role not found testing testing testing
[2022-02-21T18:53:11.204] [ERROR] ma-core - get by id Role :role not found NaN post 1234
[2022-02-21T18:53:11.212] [INFO] ma-core - get by user Role success testing testing testing
[2022-02-21T18:53:11.213] [INFO] ma-core - get by user Role success NaN get 1234
[2022-02-21T18:53:11.215] [ERROR] ma-core - get by user Role :user not found testing testing testing
[2022-02-21T18:53:11.216] [ERROR] ma-core - get by user Role :role not found testing testing testing
[2022-02-21T18:53:11.218] [ERROR] ma-core - get by user Role :role not found NaN get 1234
[2022-02-21T18:53:11.220] [INFO] ma-core - add Role success testing testing testing
[2022-02-21T18:53:11.222] [ERROR] ma-core - add Role :missing property testing testing testing
[2022-02-21T18:53:11.223] [INFO] ma-core - add Role success NaN post 1234
[2022-02-21T18:53:11.224] [ERROR] ma-core - add Role :missing property NaN post 1234
[2022-02-21T18:53:11.233] [INFO] ma-core - update Role success testing testing testing
[2022-02-21T18:53:11.234] [INFO] ma-core - update Role success NaN post 1234
[2022-02-21T18:53:11.236] [ERROR] ma-core - update Role :role not found testing testing testing
[2022-02-21T18:53:11.237] [ERROR] ma-core - update Role :role not found testing testing testing
[2022-02-21T18:53:11.239] [ERROR] ma-core - update Role :role not found NaN post 1234
[2022-02-21T18:53:11.249] [INFO] ma-core - add Role History success testing testing testing
[2022-02-21T18:53:11.251] [INFO] ma-core - add Role History success NaN post 1234
[2022-02-21T18:53:11.252] [ERROR] ma-core - add Client :missing property testing testing testing
[2022-02-21T18:53:11.253] [ERROR] ma-core - add Client :missing property NaN post 1234
[2022-02-21T18:53:11.281] [ERROR] ma-core - 
[2022-02-21T18:53:11.295] [INFO] ma-core - Get all shifts success testing testing testing
[2022-02-21T18:53:11.315] [INFO] ma-core - Get all members success testing testing testing
[2022-02-21T18:53:11.361] [INFO] ma-core - delete sla success testing testing testing
[2022-02-21T18:53:11.363] [INFO] ma-core - delete sla success NaN post 1234
[2022-02-21T18:53:11.365] [ERROR] ma-core - delete Sla :sla not found testing testing testing
[2022-02-21T18:53:11.366] [ERROR] ma-core - delete Sla :sla not found testing testing testing
[2022-02-21T18:53:11.368] [ERROR] ma-core - delete Sla :sla not found NaN post 1234
[2022-02-21T18:53:11.374] [INFO] ma-core - get sla By Id success testing testing testing
[2022-02-21T18:53:11.376] [INFO] ma-core - get sla By Id success NaN post 1234
[2022-02-21T18:53:11.377] [ERROR] ma-core - get sla By Id :sla not found testing testing testing
[2022-02-21T18:53:11.380] [ERROR] ma-core - get sla By Id :sla not found testing testing testing
[2022-02-21T18:53:11.381] [ERROR] ma-core - get sla By Id :sla not found NaN post 1234
[2022-02-21T18:53:11.388] [ERROR] ma-core - Error occur while Getting Sla By slaContract Id : Error: Random error
    at Context.<anonymous> (/home/azer/avaxia-monitpring-app/core-service/test/unit/sla/getByslaContract/getslaBySlaContract.service.test.js:70:21)
    at callFn (/home/azer/avaxia-monitpring-app/core-service/node_modules/mocha/lib/runnable.js:366:21)
    at Test.Runnable.run (/home/azer/avaxia-monitpring-app/core-service/node_modules/mocha/lib/runnable.js:354:5)
    at Runner.runTest (/home/azer/avaxia-monitpring-app/core-service/node_modules/mocha/lib/runner.js:681:10)
    at /home/azer/avaxia-monitpring-app/core-service/node_modules/mocha/lib/runner.js:804:12
    at next (/home/azer/avaxia-monitpring-app/core-service/node_modules/mocha/lib/runner.js:596:14)
    at /home/azer/avaxia-monitpring-app/core-service/node_modules/mocha/lib/runner.js:606:7
    at next (/home/azer/avaxia-monitpring-app/core-service/node_modules/mocha/lib/runner.js:489:14)
    at cbHookRun (/home/azer/avaxia-monitpring-app/core-service/node_modules/mocha/lib/runner.js:554:7)
    at done (/home/azer/avaxia-monitpring-app/core-service/node_modules/mocha/lib/runnable.js:310:5)
    at callFn (/home/azer/avaxia-monitpring-app/core-service/node_modules/mocha/lib/runnable.js:389:7)
    at Hook.Runnable.run (/home/azer/avaxia-monitpring-app/core-service/node_modules/mocha/lib/runnable.js:354:5)
    at next (/home/azer/avaxia-monitpring-app/core-service/node_modules/mocha/lib/runner.js:513:10)
    at Immediate._onImmediate (/home/azer/avaxia-monitpring-app/core-service/node_modules/mocha/lib/runner.js:574:5)
    at processImmediate (internal/timers.js:464:21)
[2022-02-21T18:53:11.394] [INFO] ma-core - add Sla success testing testing testing
[2022-02-21T18:53:11.395] [INFO] ma-core - add Sla success NaN post 1234
[2022-02-21T18:53:11.397] [ERROR] ma-core - add Sla :missing property testing testing testing
[2022-02-21T18:53:11.399] [ERROR] ma-core - add Sla :missing property NaN post 1234
[2022-02-21T18:53:11.413] [INFO] ma-core - update sla By SlaContract success testing testing testing
[2022-02-21T18:53:11.414] [INFO] ma-core - update sla By SlaContract success NaN post 1234
[2022-02-21T18:53:11.415] [ERROR] ma-core - update sla By SlaContract :sla not found testing testing testing
[2022-02-21T18:53:11.417] [ERROR] ma-core - update sla By SlaContract :sla not found testing testing testing
[2022-02-21T18:53:11.418] [ERROR] ma-core - update sla By SlaContract :sla not found NaN post 1234
[2022-02-21T18:53:11.424] [INFO] ma-core - delete slaContract success testing testing testing
[2022-02-21T18:53:11.426] [INFO] ma-core - delete slaContract success NaN post 1234
[2022-02-21T18:53:11.427] [ERROR] ma-core - delete SlaContract :slaContract not found testing testing testing
[2022-02-21T18:53:11.428] [ERROR] ma-core - delete SlaContract :slaContract not found NaN post 1234
[2022-02-21T18:53:11.440] [ERROR] ma-core - Get by Customer Error : Error: Random error
    at Context.<anonymous> (/home/azer/avaxia-monitpring-app/core-service/test/unit/slaContract/getAllSlaContractByCustomerId/getAllSlaContractByCustomerIdServiceTest.js:78:21)
    at callFn (/home/azer/avaxia-monitpring-app/core-service/node_modules/mocha/lib/runnable.js:366:21)
    at Test.Runnable.run (/home/azer/avaxia-monitpring-app/core-service/node_modules/mocha/lib/runnable.js:354:5)
    at Runner.runTest (/home/azer/avaxia-monitpring-app/core-service/node_modules/mocha/lib/runner.js:681:10)
    at /home/azer/avaxia-monitpring-app/core-service/node_modules/mocha/lib/runner.js:804:12
    at next (/home/azer/avaxia-monitpring-app/core-service/node_modules/mocha/lib/runner.js:596:14)
    at /home/azer/avaxia-monitpring-app/core-service/node_modules/mocha/lib/runner.js:606:7
    at next (/home/azer/avaxia-monitpring-app/core-service/node_modules/mocha/lib/runner.js:489:14)
    at cbHookRun (/home/azer/avaxia-monitpring-app/core-service/node_modules/mocha/lib/runner.js:554:7)
    at done (/home/azer/avaxia-monitpring-app/core-service/node_modules/mocha/lib/runnable.js:310:5)
    at callFn (/home/azer/avaxia-monitpring-app/core-service/node_modules/mocha/lib/runnable.js:389:7)
    at Hook.Runnable.run (/home/azer/avaxia-monitpring-app/core-service/node_modules/mocha/lib/runnable.js:354:5)
    at next (/home/azer/avaxia-monitpring-app/core-service/node_modules/mocha/lib/runner.js:513:10)
    at Immediate._onImmediate (/home/azer/avaxia-monitpring-app/core-service/node_modules/mocha/lib/runner.js:574:5)
    at processImmediate (internal/timers.js:464:21)
[2022-02-21T18:53:11.442] [INFO] ma-core - get slaContract By Customer success testing testing testing
[2022-02-21T18:53:11.443] [INFO] ma-core - get slaContract By Customer success NaN post 1234
[2022-02-21T18:53:11.445] [ERROR] ma-core - get slaContract By Customer :customer not found testing testing testing
[2022-02-21T18:53:11.446] [ERROR] ma-core - get slaContract By Customer :customer not found NaN post 1234
[2022-02-21T18:53:11.448] [INFO] ma-core - get slaContract By Id success testing testing testing
[2022-02-21T18:53:11.449] [INFO] ma-core - get slaContract By Id success NaN post 1234
[2022-02-21T18:53:11.453] [ERROR] ma-core - get slaContract By Id :slaContract not found testing testing testing
[2022-02-21T18:53:11.454] [ERROR] ma-core - get slaContract By Id :slaContract not found NaN post 1234
[2022-02-21T18:53:11.459] [INFO] ma-core - add SlaContract success testing testing testing
[2022-02-21T18:53:11.461] [INFO] ma-core - add SlaContract success NaN post 1234
[2022-02-21T18:53:11.462] [ERROR] ma-core - add SlaContract :missing property testing testing testing
[2022-02-21T18:53:11.463] [ERROR] ma-core - add SlaContract :missing property NaN post 1234
[2022-02-21T18:53:11.471] [INFO] ma-core - update slaContract By Customer success testing testing testing
[2022-02-21T18:53:11.473] [INFO] ma-core - update slaContract By Customer success NaN post 1234
[2022-02-21T18:53:11.474] [ERROR] ma-core - update slaContract By Customer :slaContract not found testing testing testing
[2022-02-21T18:53:11.476] [ERROR] ma-core - update slaContract By Customer :slaContract not found NaN post 1234
[2022-02-21T18:53:11.662] [ERROR] ma-core - Get by Customer Error : Error: Random error
    at Context.<anonymous> (/home/azer/avaxia-monitpring-app/core-service/test/unit/system/getAllSystemByCustomerId/getAllSystemByCustomerIdServiceTest.js:52:21)
    at callFn (/home/azer/avaxia-monitpring-app/core-service/node_modules/mocha/lib/runnable.js:366:21)
    at Test.Runnable.run (/home/azer/avaxia-monitpring-app/core-service/node_modules/mocha/lib/runnable.js:354:5)
    at Runner.runTest (/home/azer/avaxia-monitpring-app/core-service/node_modules/mocha/lib/runner.js:681:10)
    at /home/azer/avaxia-monitpring-app/core-service/node_modules/mocha/lib/runner.js:804:12
    at next (/home/azer/avaxia-monitpring-app/core-service/node_modules/mocha/lib/runner.js:596:14)
    at /home/azer/avaxia-monitpring-app/core-service/node_modules/mocha/lib/runner.js:606:7
    at next (/home/azer/avaxia-monitpring-app/core-service/node_modules/mocha/lib/runner.js:489:14)
    at cbHookRun (/home/azer/avaxia-monitpring-app/core-service/node_modules/mocha/lib/runner.js:554:7)
    at done (/home/azer/avaxia-monitpring-app/core-service/node_modules/mocha/lib/runnable.js:310:5)
    at callFn (/home/azer/avaxia-monitpring-app/core-service/node_modules/mocha/lib/runnable.js:389:7)
    at Hook.Runnable.run (/home/azer/avaxia-monitpring-app/core-service/node_modules/mocha/lib/runnable.js:354:5)
    at next (/home/azer/avaxia-monitpring-app/core-service/node_modules/mocha/lib/runner.js:513:10)
    at Immediate._onImmediate (/home/azer/avaxia-monitpring-app/core-service/node_modules/mocha/lib/runner.js:574:5)
    at processImmediate (internal/timers.js:464:21)
[2022-02-21T18:53:11.687] [ERROR] ma-core - Get Categories by Customer ID and Type ID Error : Error: Random error
    at Context.<anonymous> (/home/azer/avaxia-monitpring-app/core-service/test/unit/system/getCategoryByTypesByCustomer/getCategoryByTypesByCustomerServiceTest.js:122:21)
    at callFn (/home/azer/avaxia-monitpring-app/core-service/node_modules/mocha/lib/runnable.js:366:21)
    at Test.Runnable.run (/home/azer/avaxia-monitpring-app/core-service/node_modules/mocha/lib/runnable.js:354:5)
    at Runner.runTest (/home/azer/avaxia-monitpring-app/core-service/node_modules/mocha/lib/runner.js:681:10)
    at /home/azer/avaxia-monitpring-app/core-service/node_modules/mocha/lib/runner.js:804:12
    at next (/home/azer/avaxia-monitpring-app/core-service/node_modules/mocha/lib/runner.js:596:14)
    at /home/azer/avaxia-monitpring-app/core-service/node_modules/mocha/lib/runner.js:606:7
    at next (/home/azer/avaxia-monitpring-app/core-service/node_modules/mocha/lib/runner.js:489:14)
    at cbHookRun (/home/azer/avaxia-monitpring-app/core-service/node_modules/mocha/lib/runner.js:554:7)
    at done (/home/azer/avaxia-monitpring-app/core-service/node_modules/mocha/lib/runnable.js:310:5)
    at callFn (/home/azer/avaxia-monitpring-app/core-service/node_modules/mocha/lib/runnable.js:389:7)
    at Hook.Runnable.run (/home/azer/avaxia-monitpring-app/core-service/node_modules/mocha/lib/runnable.js:354:5)
    at next (/home/azer/avaxia-monitpring-app/core-service/node_modules/mocha/lib/runner.js:513:10)
    at Immediate._onImmediate (/home/azer/avaxia-monitpring-app/core-service/node_modules/mocha/lib/runner.js:574:5)
    at processImmediate (internal/timers.js:464:21)
[2022-02-21T18:53:11.721] [ERROR] ma-core - Get types by Customer ID Error : Error: Random error
    at Context.<anonymous> (/home/azer/avaxia-monitpring-app/core-service/test/unit/system/getTypeByCustomer/getTypesByCustomerServiceTest.js:122:21)
    at callFn (/home/azer/avaxia-monitpring-app/core-service/node_modules/mocha/lib/runnable.js:366:21)
    at Test.Runnable.run (/home/azer/avaxia-monitpring-app/core-service/node_modules/mocha/lib/runnable.js:354:5)
    at Runner.runTest (/home/azer/avaxia-monitpring-app/core-service/node_modules/mocha/lib/runner.js:681:10)
    at /home/azer/avaxia-monitpring-app/core-service/node_modules/mocha/lib/runner.js:804:12
    at next (/home/azer/avaxia-monitpring-app/core-service/node_modules/mocha/lib/runner.js:596:14)
    at /home/azer/avaxia-monitpring-app/core-service/node_modules/mocha/lib/runner.js:606:7
    at next (/home/azer/avaxia-monitpring-app/core-service/node_modules/mocha/lib/runner.js:489:14)
    at cbHookRun (/home/azer/avaxia-monitpring-app/core-service/node_modules/mocha/lib/runner.js:554:7)
    at done (/home/azer/avaxia-monitpring-app/core-service/node_modules/mocha/lib/runnable.js:310:5)
    at callFn (/home/azer/avaxia-monitpring-app/core-service/node_modules/mocha/lib/runnable.js:389:7)
    at Hook.Runnable.run (/home/azer/avaxia-monitpring-app/core-service/node_modules/mocha/lib/runnable.js:354:5)
    at next (/home/azer/avaxia-monitpring-app/core-service/node_modules/mocha/lib/runner.js:513:10)
    at Immediate._onImmediate (/home/azer/avaxia-monitpring-app/core-service/node_modules/mocha/lib/runner.js:574:5)
    at processImmediate (internal/timers.js:464:21)
[2022-02-21T18:53:11.738] [INFO] ma-core - get All Task success testing testing testing
[2022-02-21T18:53:11.739] [INFO] ma-core - get All Task success NaN post 1234
[2022-02-21T18:53:11.741] [ERROR] ma-core - get All Task :an error occured testing testing testing
[2022-02-21T18:53:11.745] [ERROR] ma-core - get All Task :an error occured NaN post 1234
[2022-02-21T18:53:11.749] [INFO] ma-core - get All Task By filter success testing testing testing
[2022-02-21T18:53:11.751] [ERROR] ma-core - get All Task By filter error :error testing testing testing
[2022-02-21T18:53:11.761] [INFO] ma-core - get All Task By filter success testing testing testing
[2022-02-21T18:53:11.763] [INFO] ma-core - get by id Task success testing testing testing
[2022-02-21T18:53:11.764] [INFO] ma-core - get by id Task success NaN post 1234
[2022-02-21T18:53:11.766] [ERROR] ma-core - get by id Task :task not found testing testing testing
[2022-02-21T18:53:11.771] [ERROR] ma-core - get by id Task :task not found testing testing testing
[2022-02-21T18:53:11.773] [ERROR] ma-core - get by id Task :task not found NaN post 1234
[2022-02-21T18:53:11.778] [INFO] ma-core - get All Task By filter success testing testing testing
[2022-02-21T18:53:11.780] [ERROR] ma-core - get All Task By filter error :error testing testing testing
[2022-02-21T18:53:11.781] [INFO] ma-core - get All Task By filter success testing testing testing
[2022-02-21T18:53:11.843] [INFO] ma-core - get All Task By ID success testing testing testing
[2022-02-21T18:53:11.873] [INFO] ma-core - get All Task success testing testing testing
[2022-02-21T18:53:11.888] [INFO] ma-core - get Created Tasks success testing testing testing
[2022-02-21T18:53:11.894] [INFO] ma-core - get Created Tasks success NaN post 1234
[2022-02-21T18:53:11.899] [ERROR] ma-core - get Created Tasks error : error testing testing testing
[2022-02-21T18:53:11.906] [ERROR] ma-core - get Created Tasks error : error NaN post 1234
[2022-02-21T18:53:11.912] [INFO] ma-core - add Task success testing testing testing
[2022-02-21T18:53:11.954] [INFO] ma-core - add Task success NaN post 1234
[2022-02-21T18:53:11.980] [ERROR] ma-core - add Task :missing property testing testing testing
[2022-02-21T18:53:11.982] [ERROR] ma-core - add Task :missing property NaN post 1234
[2022-02-21T18:53:11.992] [INFO] ma-core - add Many Task success testing testing testing
[2022-02-21T18:53:11.994] [INFO] ma-core - add Many Task success NaN post 1234
[2022-02-21T18:53:11.996] [ERROR] ma-core - add Many Task :missing property testing testing testing
[2022-02-21T18:53:11.997] [ERROR] ma-core - add Many Task :missing property NaN post 1234
[2022-02-21T18:53:12.008] [INFO] ma-core - update Task success testing testing testing
[2022-02-21T18:53:12.009] [INFO] ma-core - update Task success NaN post 1234
[2022-02-21T18:53:12.010] [ERROR] ma-core - update Task :task not found testing testing testing
[2022-02-21T18:53:12.012] [ERROR] ma-core - update Task :task not found NaN post 1234
[2022-02-21T18:53:12.014] [DEBUG] ma-core - Before sending Info !!
[2022-02-21T18:53:12.014] [DEBUG] ma-core - Before sending inside the producer !
[2022-02-21T18:53:12.025] [INFO] ma-core - Update Task Assignee success testing testing testing
[2022-02-21T18:53:12.026] [INFO] ma-core - Update Task Assignee Incomplete testing testing testing
[2022-02-21T18:53:12.027] [ERROR] ma-core - Update Task Assignee :task not found testing testing testing
[2022-02-21T18:53:12.038] [INFO] ma-core - Canceled the Task testing testing testing
[2022-02-21T18:53:12.040] [INFO] ma-core - Canceled the Task NaN post 1234
[2022-02-21T18:53:12.044] [ERROR] ma-core - Failed to Cancel the Task :failed to update the task testing testing testing
[2022-02-21T18:53:12.046] [ERROR] ma-core - Failed to Cancel the Task :failed to update the task NaN post 1234
[2022-02-21T18:53:12.048] [INFO] ma-core - Closed the Task testing testing testing
[2022-02-21T18:53:12.050] [INFO] ma-core - Closed the Task NaN post 1234
[2022-02-21T18:53:12.054] [ERROR] ma-core - Failed to reject the Task :failed to update the task testing testing testing
[2022-02-21T18:53:12.056] [ERROR] ma-core - Failed to reject the Task :failed to update the task NaN post 1234
[2022-02-21T18:53:12.058] [INFO] ma-core - Deleted the Task testing testing testing
[2022-02-21T18:53:12.059] [INFO] ma-core - Deleted the Task NaN post 1234
[2022-02-21T18:53:12.064] [ERROR] ma-core - Failed to delete the Task :failed to update the task testing testing testing
[2022-02-21T18:53:12.066] [ERROR] ma-core - Failed to delete the Task :failed to update the task NaN post 1234
[2022-02-21T18:53:12.069] [INFO] ma-core - Finished the Task testing testing testing
[2022-02-21T18:53:12.070] [INFO] ma-core - Finished the Task NaN post 1234
[2022-02-21T18:53:12.075] [ERROR] ma-core - Failed to finish the Task :failed to update the task testing testing testing
[2022-02-21T18:53:12.076] [ERROR] ma-core - Failed to finish the Task :failed to update the task NaN post 1234
[2022-02-21T18:53:12.078] [INFO] ma-core - Rejected the Task testing testing testing
[2022-02-21T18:53:12.080] [INFO] ma-core - Rejected the Task NaN post 1234
[2022-02-21T18:53:12.084] [ERROR] ma-core - Failed to reject the Task :failed to update the task testing testing testing
[2022-02-21T18:53:12.086] [ERROR] ma-core - Failed to reject the Task :failed to update the task NaN post 1234
[2022-02-21T18:53:12.089] [ERROR] ma-core - An unexpected error occurred during auto start task Error: WARNING: Date in past. Will never be fired.
    at CronTime.sendAt (/home/azer/avaxia-monitpring-app/core-service/node_modules/cron/lib/cron.js:148:12)
    at CronTime.getTimeout (/home/azer/avaxia-monitpring-app/core-service/node_modules/cron/lib/cron.js:175:29)
    at CronJob.start (/home/azer/avaxia-monitpring-app/core-service/node_modules/cron/lib/cron.js:613:31)
    at new CronJob (/home/azer/avaxia-monitpring-app/core-service/node_modules/cron/lib/cron.js:576:10)
    at module.exports (/home/azer/avaxia-monitpring-app/core-service/services/task/autoStartTaskCron.js:2:1041)
    at Object.exports.validateTask (/home/azer/avaxia-monitpring-app/core-service/controllers/task.controller.js:11:699)
    at async Context.<anonymous> (/home/azer/avaxia-monitpring-app/core-service/test/unit/task/updateState/validateTask.controller.test.js:51:5)
[2022-02-21T18:53:12.090] [INFO] ma-core - Validated the Task testing testing testing
[2022-02-21T18:53:12.093] [ERROR] ma-core - An unexpected error occurred during auto start task Error: WARNING: Date in past. Will never be fired.
    at CronTime.sendAt (/home/azer/avaxia-monitpring-app/core-service/node_modules/cron/lib/cron.js:148:12)
    at CronTime.getTimeout (/home/azer/avaxia-monitpring-app/core-service/node_modules/cron/lib/cron.js:175:29)
    at CronJob.start (/home/azer/avaxia-monitpring-app/core-service/node_modules/cron/lib/cron.js:613:31)
    at new CronJob (/home/azer/avaxia-monitpring-app/core-service/node_modules/cron/lib/cron.js:576:10)
    at module.exports (/home/azer/avaxia-monitpring-app/core-service/services/task/autoStartTaskCron.js:2:1041)
    at Object.exports.validateTask (/home/azer/avaxia-monitpring-app/core-service/controllers/task.controller.js:11:699)
    at async Context.<anonymous> (/home/azer/avaxia-monitpring-app/core-service/test/unit/task/updateState/validateTask.controller.test.js:95:5)
[2022-02-21T18:53:12.093] [INFO] ma-core - Validated the Task NaN post 1234
[2022-02-21T18:53:12.100] [ERROR] ma-core - An unexpected error occurred during auto start task Error: WARNING: Date in past. Will never be fired.
    at CronTime.sendAt (/home/azer/avaxia-monitpring-app/core-service/node_modules/cron/lib/cron.js:148:12)
    at CronTime.getTimeout (/home/azer/avaxia-monitpring-app/core-service/node_modules/cron/lib/cron.js:175:29)
    at CronJob.start (/home/azer/avaxia-monitpring-app/core-service/node_modules/cron/lib/cron.js:613:31)
    at new CronJob (/home/azer/avaxia-monitpring-app/core-service/node_modules/cron/lib/cron.js:576:10)
    at module.exports (/home/azer/avaxia-monitpring-app/core-service/services/task/autoStartTaskCron.js:2:1041)
    at Object.exports.validateTask (/home/azer/avaxia-monitpring-app/core-service/controllers/task.controller.js:11:699)
    at async Context.<anonymous> (/home/azer/avaxia-monitpring-app/core-service/test/unit/task/updateState/validateTask.controller.test.js:176:5)
[2022-02-21T18:53:12.101] [ERROR] ma-core - Failed to validate the Task :failed to update the task testing testing testing
[2022-02-21T18:53:12.104] [ERROR] ma-core - An unexpected error occurred during auto start task Error: WARNING: Date in past. Will never be fired.
    at CronTime.sendAt (/home/azer/avaxia-monitpring-app/core-service/node_modules/cron/lib/cron.js:148:12)
    at CronTime.getTimeout (/home/azer/avaxia-monitpring-app/core-service/node_modules/cron/lib/cron.js:175:29)
    at CronJob.start (/home/azer/avaxia-monitpring-app/core-service/node_modules/cron/lib/cron.js:613:31)
    at new CronJob (/home/azer/avaxia-monitpring-app/core-service/node_modules/cron/lib/cron.js:576:10)
    at module.exports (/home/azer/avaxia-monitpring-app/core-service/services/task/autoStartTaskCron.js:2:1041)
    at Object.exports.validateTask (/home/azer/avaxia-monitpring-app/core-service/controllers/task.controller.js:11:699)
    at async Context.<anonymous> (/home/azer/avaxia-monitpring-app/core-service/test/unit/task/updateState/validateTask.controller.test.js:219:5)
[2022-02-21T18:53:12.104] [ERROR] ma-core - Failed to validate the Task :failed to update the task NaN post 1234
[2022-02-21T18:53:12.108] [INFO] ma-core - update Task success testing testing testing
[2022-02-21T18:53:12.111] [INFO] ma-core - update Task success NaN post 1234
[2022-02-21T18:53:12.115] [ERROR] ma-core - update Task :You are not authorized to perform this action testing testing testing
[2022-02-21T18:53:12.118] [ERROR] ma-core - update Task :task not found NaN post 1234
[2022-02-21T18:53:12.200] [ERROR] ma-core - random Error
[2022-02-21T18:53:12.878] [ERROR] ma-core - random error
[2022-02-21T19:01:09.515] [INFO] ma-core - database URI mongodb://localhost:27017/core
[2022-02-21T19:01:10.326] [INFO] ma-core - server started at port 5000
[2022-02-21T19:01:10.347] [INFO] ma-core - mongodb conected
[2022-02-21T19:01:10.425] [INFO] ma-core - add Client success testing testing testing
[2022-02-21T19:01:10.427] [ERROR] ma-core - add Client :missing property testing testing testing
[2022-02-21T19:01:10.428] [ERROR] ma-core - add Client :missing property NaN post 1234
[2022-02-21T19:01:10.439] [ERROR] ma-core - Delete Error : Error
    at Context.<anonymous> (/home/azer/avaxia-monitpring-app/core-service/test/unit/client/delete/deleteClient.service.test.js:62:33)
    at callFn (/home/azer/avaxia-monitpring-app/core-service/node_modules/mocha/lib/runnable.js:366:21)
    at Test.Runnable.run (/home/azer/avaxia-monitpring-app/core-service/node_modules/mocha/lib/runnable.js:354:5)
    at Runner.runTest (/home/azer/avaxia-monitpring-app/core-service/node_modules/mocha/lib/runner.js:681:10)
    at /home/azer/avaxia-monitpring-app/core-service/node_modules/mocha/lib/runner.js:804:12
    at next (/home/azer/avaxia-monitpring-app/core-service/node_modules/mocha/lib/runner.js:596:14)
    at /home/azer/avaxia-monitpring-app/core-service/node_modules/mocha/lib/runner.js:606:7
    at next (/home/azer/avaxia-monitpring-app/core-service/node_modules/mocha/lib/runner.js:489:14)
    at cbHookRun (/home/azer/avaxia-monitpring-app/core-service/node_modules/mocha/lib/runner.js:554:7)
    at done (/home/azer/avaxia-monitpring-app/core-service/node_modules/mocha/lib/runnable.js:310:5)
    at callFn (/home/azer/avaxia-monitpring-app/core-service/node_modules/mocha/lib/runnable.js:389:7)
    at Hook.Runnable.run (/home/azer/avaxia-monitpring-app/core-service/node_modules/mocha/lib/runnable.js:354:5)
    at next (/home/azer/avaxia-monitpring-app/core-service/node_modules/mocha/lib/runner.js:513:10)
    at Immediate._onImmediate (/home/azer/avaxia-monitpring-app/core-service/node_modules/mocha/lib/runner.js:574:5)
    at processImmediate (internal/timers.js:464:21)
[2022-02-21T19:01:10.441] [ERROR] ma-core - Delete Error : Error: random error
    at Context.<anonymous> (/home/azer/avaxia-monitpring-app/core-service/test/unit/client/delete/deleteClient.service.test.js:72:33)
    at callFn (/home/azer/avaxia-monitpring-app/core-service/node_modules/mocha/lib/runnable.js:366:21)
    at Test.Runnable.run (/home/azer/avaxia-monitpring-app/core-service/node_modules/mocha/lib/runnable.js:354:5)
    at Runner.runTest (/home/azer/avaxia-monitpring-app/core-service/node_modules/mocha/lib/runner.js:681:10)
    at /home/azer/avaxia-monitpring-app/core-service/node_modules/mocha/lib/runner.js:804:12
    at next (/home/azer/avaxia-monitpring-app/core-service/node_modules/mocha/lib/runner.js:596:14)
    at /home/azer/avaxia-monitpring-app/core-service/node_modules/mocha/lib/runner.js:606:7
    at next (/home/azer/avaxia-monitpring-app/core-service/node_modules/mocha/lib/runner.js:489:14)
    at cbHookRun (/home/azer/avaxia-monitpring-app/core-service/node_modules/mocha/lib/runner.js:554:7)
    at done (/home/azer/avaxia-monitpring-app/core-service/node_modules/mocha/lib/runnable.js:310:5)
    at callFn (/home/azer/avaxia-monitpring-app/core-service/node_modules/mocha/lib/runnable.js:389:7)
    at Hook.Runnable.run (/home/azer/avaxia-monitpring-app/core-service/node_modules/mocha/lib/runnable.js:354:5)
    at next (/home/azer/avaxia-monitpring-app/core-service/node_modules/mocha/lib/runner.js:513:10)
    at Immediate._onImmediate (/home/azer/avaxia-monitpring-app/core-service/node_modules/mocha/lib/runner.js:574:5)
    at processImmediate (internal/timers.js:464:21)
[2022-02-21T19:01:10.466] [ERROR] ma-core - Get by System Error : Error: Random error
    at Context.<anonymous> (/home/azer/avaxia-monitpring-app/core-service/test/unit/client/getClientsBySystemId/getAllClientBySystemServiceTest.js:58:21)
    at callFn (/home/azer/avaxia-monitpring-app/core-service/node_modules/mocha/lib/runnable.js:366:21)
    at Test.Runnable.run (/home/azer/avaxia-monitpring-app/core-service/node_modules/mocha/lib/runnable.js:354:5)
    at Runner.runTest (/home/azer/avaxia-monitpring-app/core-service/node_modules/mocha/lib/runner.js:681:10)
    at /home/azer/avaxia-monitpring-app/core-service/node_modules/mocha/lib/runner.js:804:12
    at next (/home/azer/avaxia-monitpring-app/core-service/node_modules/mocha/lib/runner.js:596:14)
    at /home/azer/avaxia-monitpring-app/core-service/node_modules/mocha/lib/runner.js:606:7
    at next (/home/azer/avaxia-monitpring-app/core-service/node_modules/mocha/lib/runner.js:489:14)
    at cbHookRun (/home/azer/avaxia-monitpring-app/core-service/node_modules/mocha/lib/runner.js:554:7)
    at done (/home/azer/avaxia-monitpring-app/core-service/node_modules/mocha/lib/runnable.js:310:5)
    at callFn (/home/azer/avaxia-monitpring-app/core-service/node_modules/mocha/lib/runnable.js:389:7)
    at Hook.Runnable.run (/home/azer/avaxia-monitpring-app/core-service/node_modules/mocha/lib/runnable.js:354:5)
    at next (/home/azer/avaxia-monitpring-app/core-service/node_modules/mocha/lib/runner.js:513:10)
    at Immediate._onImmediate (/home/azer/avaxia-monitpring-app/core-service/node_modules/mocha/lib/runner.js:574:5)
    at processImmediate (internal/timers.js:464:21)
[2022-02-21T19:01:10.473] [ERROR] ma-core - Error
    at Context.<anonymous> (/home/azer/avaxia-monitpring-app/core-service/test/unit/client/update/updateClient.service.test.js:70:33)
    at callFn (/home/azer/avaxia-monitpring-app/core-service/node_modules/mocha/lib/runnable.js:366:21)
    at Test.Runnable.run (/home/azer/avaxia-monitpring-app/core-service/node_modules/mocha/lib/runnable.js:354:5)
    at Runner.runTest (/home/azer/avaxia-monitpring-app/core-service/node_modules/mocha/lib/runner.js:681:10)
    at /home/azer/avaxia-monitpring-app/core-service/node_modules/mocha/lib/runner.js:804:12
    at next (/home/azer/avaxia-monitpring-app/core-service/node_modules/mocha/lib/runner.js:596:14)
    at /home/azer/avaxia-monitpring-app/core-service/node_modules/mocha/lib/runner.js:606:7
    at next (/home/azer/avaxia-monitpring-app/core-service/node_modules/mocha/lib/runner.js:489:14)
    at cbHookRun (/home/azer/avaxia-monitpring-app/core-service/node_modules/mocha/lib/runner.js:554:7)
    at done (/home/azer/avaxia-monitpring-app/core-service/node_modules/mocha/lib/runnable.js:310:5)
    at callFn (/home/azer/avaxia-monitpring-app/core-service/node_modules/mocha/lib/runnable.js:389:7)
    at Hook.Runnable.run (/home/azer/avaxia-monitpring-app/core-service/node_modules/mocha/lib/runnable.js:354:5)
    at next (/home/azer/avaxia-monitpring-app/core-service/node_modules/mocha/lib/runner.js:513:10)
    at Immediate._onImmediate (/home/azer/avaxia-monitpring-app/core-service/node_modules/mocha/lib/runner.js:574:5)
    at processImmediate (internal/timers.js:464:21)
[2022-02-21T19:01:10.490] [ERROR] ma-core - Error while sending comment notification TypeError: Cannot read property 'split' of undefined
    at Object.build (/home/azer/avaxia-monitpring-app/core-service/node_modules/kafkajs/src/cluster/connectionBuilder.js:60:29)
    at async BrokerPool.createSeedBroker (/home/azer/avaxia-monitpring-app/core-service/node_modules/kafkajs/src/cluster/brokerPool.js:70:19)
    at async BrokerPool.connect (/home/azer/avaxia-monitpring-app/core-service/node_modules/kafkajs/src/cluster/brokerPool.js:85:7)
    at async Cluster.connect (/home/azer/avaxia-monitpring-app/core-service/node_modules/kafkajs/src/cluster/index.js:109:5)
    at async Object.connect (/home/azer/avaxia-monitpring-app/core-service/node_modules/kafkajs/src/producer/index.js:223:7)
    at async Object.exports.commentNotif (/home/azer/avaxia-monitpring-app/core-service/kafka/notificationServiceKafka.js:2:3972)
    at async module.exports (/home/azer/avaxia-monitpring-app/core-service/services/comment/blockComment.service.js:2:724)
    at async Context.<anonymous> (/home/azer/avaxia-monitpring-app/core-service/test/unit/comment/block/blockComment.service.test.js:34:17)
[2022-02-21T19:01:10.539] [INFO] ma-core - get all Customer success testing testing testing
[2022-02-21T19:01:10.540] [INFO] ma-core - get all Customer success NaN post 1234
[2022-02-21T19:01:10.542] [INFO] ma-core - get all Customer success testing testing testing
[2022-02-21T19:01:10.543] [INFO] ma-core - get all Customer error testing testing testing
[2022-02-21T19:01:10.544] [INFO] ma-core - get all Customer error NaN post 1234
[2022-02-21T19:01:10.555] [INFO] ma-core - get Customer success testing testing testing
[2022-02-21T19:01:10.557] [INFO] ma-core - get Customer error testing testing testing
[2022-02-21T19:01:10.562] [ERROR] ma-core - Error: random error
    at Context.<anonymous> (/home/azer/avaxia-monitpring-app/core-service/test/unit/customer/getById/getByIdCustomer.service.test.js:88:24)
    at callFn (/home/azer/avaxia-monitpring-app/core-service/node_modules/mocha/lib/runnable.js:366:21)
    at Test.Runnable.run (/home/azer/avaxia-monitpring-app/core-service/node_modules/mocha/lib/runnable.js:354:5)
    at Runner.runTest (/home/azer/avaxia-monitpring-app/core-service/node_modules/mocha/lib/runner.js:681:10)
    at /home/azer/avaxia-monitpring-app/core-service/node_modules/mocha/lib/runner.js:804:12
    at next (/home/azer/avaxia-monitpring-app/core-service/node_modules/mocha/lib/runner.js:596:14)
    at /home/azer/avaxia-monitpring-app/core-service/node_modules/mocha/lib/runner.js:606:7
    at next (/home/azer/avaxia-monitpring-app/core-service/node_modules/mocha/lib/runner.js:489:14)
    at cbHookRun (/home/azer/avaxia-monitpring-app/core-service/node_modules/mocha/lib/runner.js:554:7)
    at done (/home/azer/avaxia-monitpring-app/core-service/node_modules/mocha/lib/runnable.js:310:5)
    at callFn (/home/azer/avaxia-monitpring-app/core-service/node_modules/mocha/lib/runnable.js:389:7)
    at Hook.Runnable.run (/home/azer/avaxia-monitpring-app/core-service/node_modules/mocha/lib/runnable.js:354:5)
    at next (/home/azer/avaxia-monitpring-app/core-service/node_modules/mocha/lib/runner.js:513:10)
    at Immediate._onImmediate (/home/azer/avaxia-monitpring-app/core-service/node_modules/mocha/lib/runner.js:574:5)
    at processImmediate (internal/timers.js:464:21)
[2022-02-21T19:01:10.575] [INFO] ma-core - add customer success testing testing testing
[2022-02-21T19:01:10.576] [ERROR] ma-core - add customer fail :missing property testing testing testing
[2022-02-21T19:01:10.678] [ERROR] ma-core - Delete Error : Error
    at Context.<anonymous> (/home/azer/avaxia-monitpring-app/core-service/test/unit/host/delete/deleteHost.service.test.js:72:33)
    at callFn (/home/azer/avaxia-monitpring-app/core-service/node_modules/mocha/lib/runnable.js:366:21)
    at Test.Runnable.run (/home/azer/avaxia-monitpring-app/core-service/node_modules/mocha/lib/runnable.js:354:5)
    at Runner.runTest (/home/azer/avaxia-monitpring-app/core-service/node_modules/mocha/lib/runner.js:681:10)
    at /home/azer/avaxia-monitpring-app/core-service/node_modules/mocha/lib/runner.js:804:12
    at next (/home/azer/avaxia-monitpring-app/core-service/node_modules/mocha/lib/runner.js:596:14)
    at /home/azer/avaxia-monitpring-app/core-service/node_modules/mocha/lib/runner.js:606:7
    at next (/home/azer/avaxia-monitpring-app/core-service/node_modules/mocha/lib/runner.js:489:14)
    at cbHookRun (/home/azer/avaxia-monitpring-app/core-service/node_modules/mocha/lib/runner.js:554:7)
    at done (/home/azer/avaxia-monitpring-app/core-service/node_modules/mocha/lib/runnable.js:310:5)
    at callFn (/home/azer/avaxia-monitpring-app/core-service/node_modules/mocha/lib/runnable.js:389:7)
    at Hook.Runnable.run (/home/azer/avaxia-monitpring-app/core-service/node_modules/mocha/lib/runnable.js:354:5)
    at next (/home/azer/avaxia-monitpring-app/core-service/node_modules/mocha/lib/runner.js:513:10)
    at Immediate._onImmediate (/home/azer/avaxia-monitpring-app/core-service/node_modules/mocha/lib/runner.js:574:5)
    at processImmediate (internal/timers.js:464:21)
[2022-02-21T19:01:10.686] [ERROR] ma-core - Get by System Error : Error: Random error
    at Context.<anonymous> (/home/azer/avaxia-monitpring-app/core-service/test/unit/host/getAllBySystem/getAllBySystemServiceTest.js:59:21)
    at callFn (/home/azer/avaxia-monitpring-app/core-service/node_modules/mocha/lib/runnable.js:366:21)
    at Test.Runnable.run (/home/azer/avaxia-monitpring-app/core-service/node_modules/mocha/lib/runnable.js:354:5)
    at Runner.runTest (/home/azer/avaxia-monitpring-app/core-service/node_modules/mocha/lib/runner.js:681:10)
    at /home/azer/avaxia-monitpring-app/core-service/node_modules/mocha/lib/runner.js:804:12
    at next (/home/azer/avaxia-monitpring-app/core-service/node_modules/mocha/lib/runner.js:596:14)
    at /home/azer/avaxia-monitpring-app/core-service/node_modules/mocha/lib/runner.js:606:7
    at next (/home/azer/avaxia-monitpring-app/core-service/node_modules/mocha/lib/runner.js:489:14)
    at cbHookRun (/home/azer/avaxia-monitpring-app/core-service/node_modules/mocha/lib/runner.js:554:7)
    at done (/home/azer/avaxia-monitpring-app/core-service/node_modules/mocha/lib/runnable.js:310:5)
    at callFn (/home/azer/avaxia-monitpring-app/core-service/node_modules/mocha/lib/runnable.js:389:7)
    at Hook.Runnable.run (/home/azer/avaxia-monitpring-app/core-service/node_modules/mocha/lib/runnable.js:354:5)
    at next (/home/azer/avaxia-monitpring-app/core-service/node_modules/mocha/lib/runner.js:513:10)
    at Immediate._onImmediate (/home/azer/avaxia-monitpring-app/core-service/node_modules/mocha/lib/runner.js:574:5)
    at processImmediate (internal/timers.js:464:21)
[2022-02-21T19:01:10.692] [ERROR] ma-core - Get by ID Error : Error: random error
    at Context.<anonymous> (/home/azer/avaxia-monitpring-app/core-service/test/unit/host/getById/getByIdHost.service.test.js:58:24)
    at callFn (/home/azer/avaxia-monitpring-app/core-service/node_modules/mocha/lib/runnable.js:366:21)
    at Test.Runnable.run (/home/azer/avaxia-monitpring-app/core-service/node_modules/mocha/lib/runnable.js:354:5)
    at Runner.runTest (/home/azer/avaxia-monitpring-app/core-service/node_modules/mocha/lib/runner.js:681:10)
    at /home/azer/avaxia-monitpring-app/core-service/node_modules/mocha/lib/runner.js:804:12
    at next (/home/azer/avaxia-monitpring-app/core-service/node_modules/mocha/lib/runner.js:596:14)
    at /home/azer/avaxia-monitpring-app/core-service/node_modules/mocha/lib/runner.js:606:7
    at next (/home/azer/avaxia-monitpring-app/core-service/node_modules/mocha/lib/runner.js:489:14)
    at cbHookRun (/home/azer/avaxia-monitpring-app/core-service/node_modules/mocha/lib/runner.js:554:7)
    at done (/home/azer/avaxia-monitpring-app/core-service/node_modules/mocha/lib/runnable.js:310:5)
    at callFn (/home/azer/avaxia-monitpring-app/core-service/node_modules/mocha/lib/runnable.js:389:7)
    at Hook.Runnable.run (/home/azer/avaxia-monitpring-app/core-service/node_modules/mocha/lib/runnable.js:354:5)
    at next (/home/azer/avaxia-monitpring-app/core-service/node_modules/mocha/lib/runner.js:513:10)
    at Immediate._onImmediate (/home/azer/avaxia-monitpring-app/core-service/node_modules/mocha/lib/runner.js:574:5)
    at processImmediate (internal/timers.js:464:21)
[2022-02-21T19:01:10.698] [ERROR] ma-core - expected findOneAndUpdate to have been called exactly once, but it was called 0 times
[2022-02-21T19:01:10.706] [ERROR] ma-core - Update Error : Error
    at Context.<anonymous> (/home/azer/avaxia-monitpring-app/core-service/test/unit/host/update/updateHost.service.test.js:79:33)
    at callFn (/home/azer/avaxia-monitpring-app/core-service/node_modules/mocha/lib/runnable.js:366:21)
    at Test.Runnable.run (/home/azer/avaxia-monitpring-app/core-service/node_modules/mocha/lib/runnable.js:354:5)
    at Runner.runTest (/home/azer/avaxia-monitpring-app/core-service/node_modules/mocha/lib/runner.js:681:10)
    at /home/azer/avaxia-monitpring-app/core-service/node_modules/mocha/lib/runner.js:804:12
    at next (/home/azer/avaxia-monitpring-app/core-service/node_modules/mocha/lib/runner.js:596:14)
    at /home/azer/avaxia-monitpring-app/core-service/node_modules/mocha/lib/runner.js:606:7
    at next (/home/azer/avaxia-monitpring-app/core-service/node_modules/mocha/lib/runner.js:489:14)
    at cbHookRun (/home/azer/avaxia-monitpring-app/core-service/node_modules/mocha/lib/runner.js:554:7)
    at done (/home/azer/avaxia-monitpring-app/core-service/node_modules/mocha/lib/runnable.js:310:5)
    at callFn (/home/azer/avaxia-monitpring-app/core-service/node_modules/mocha/lib/runnable.js:389:7)
    at Hook.Runnable.run (/home/azer/avaxia-monitpring-app/core-service/node_modules/mocha/lib/runnable.js:354:5)
    at next (/home/azer/avaxia-monitpring-app/core-service/node_modules/mocha/lib/runner.js:513:10)
    at Immediate._onImmediate (/home/azer/avaxia-monitpring-app/core-service/node_modules/mocha/lib/runner.js:574:5)
    at processImmediate (internal/timers.js:464:21)
[2022-02-21T19:01:08.863] [INFO] ma-core - cancel itOperation success testing testing testing
[2022-02-21T19:01:08.863] [ERROR] ma-core - cancel ItOperation :itOperation not found testing testing testing
[2022-02-21T19:01:08.864] [INFO] ma-core - finish itOperation success testing testing testing
[2022-02-21T19:01:08.864] [ERROR] ma-core - finish ItOperation :itOperation not found testing testing testing
[2022-02-21T19:01:10.718] [INFO] ma-core - get All Active itOperation success testing testing testing
[2022-02-21T19:01:10.722] [INFO] ma-core - get All Archived itOperation success testing testing testing
[2022-02-21T19:01:10.728] [ERROR] ma-core - Error occur while Getting ItOperation By System Id : Error: Random error
    at Context.<anonymous> (/home/azer/avaxia-monitpring-app/core-service/test/unit/itOperation/getAllBySystem/getAllBySystemServiceTest.js:50:21)
    at callFn (/home/azer/avaxia-monitpring-app/core-service/node_modules/mocha/lib/runnable.js:366:21)
    at Test.Runnable.run (/home/azer/avaxia-monitpring-app/core-service/node_modules/mocha/lib/runnable.js:354:5)
    at Runner.runTest (/home/azer/avaxia-monitpring-app/core-service/node_modules/mocha/lib/runner.js:681:10)
    at /home/azer/avaxia-monitpring-app/core-service/node_modules/mocha/lib/runner.js:804:12
    at next (/home/azer/avaxia-monitpring-app/core-service/node_modules/mocha/lib/runner.js:596:14)
    at /home/azer/avaxia-monitpring-app/core-service/node_modules/mocha/lib/runner.js:606:7
    at next (/home/azer/avaxia-monitpring-app/core-service/node_modules/mocha/lib/runner.js:489:14)
    at cbHookRun (/home/azer/avaxia-monitpring-app/core-service/node_modules/mocha/lib/runner.js:554:7)
    at done (/home/azer/avaxia-monitpring-app/core-service/node_modules/mocha/lib/runnable.js:310:5)
    at callFn (/home/azer/avaxia-monitpring-app/core-service/node_modules/mocha/lib/runnable.js:389:7)
    at Hook.Runnable.run (/home/azer/avaxia-monitpring-app/core-service/node_modules/mocha/lib/runnable.js:354:5)
    at next (/home/azer/avaxia-monitpring-app/core-service/node_modules/mocha/lib/runner.js:513:10)
    at Immediate._onImmediate (/home/azer/avaxia-monitpring-app/core-service/node_modules/mocha/lib/runner.js:574:5)
    at processImmediate (internal/timers.js:464:21)
[2022-02-21T19:01:10.737] [INFO] ma-core - add ItOperation success testing testing testing
[2022-02-21T19:01:10.740] [ERROR] ma-core - add ItOperation fail :missing property testing testing testing
[2022-02-21T19:01:08.877] [INFO] ma-core - remind itOperation success testing testing testing
[2022-02-21T19:01:08.877] [ERROR] ma-core - remind ItOperation :itOperation not found testing testing testing
[2022-02-21T19:01:08.879] [INFO] ma-core - send changes itOperation success testing testing testing
[2022-02-21T19:01:08.879] [ERROR] ma-core - send changes ItOperation :itOperation not found testing testing testing
[2022-02-21T19:01:10.769] [INFO] ma-core - update itOperation success testing testing testing
[2022-02-21T19:01:10.770] [ERROR] ma-core - update ItOperation :itOperation not found testing testing testing
[2022-02-21T19:01:10.800] [INFO] ma-core - delete licence success testing testing testing
[2022-02-21T19:01:10.801] [INFO] ma-core - delete licence success NaN post 1234
[2022-02-21T19:01:10.802] [ERROR] ma-core - delete Licence :licence not found testing testing testing
[2022-02-21T19:01:10.804] [ERROR] ma-core - delete Licence :licence not found NaN post 1234
[2022-02-21T19:01:10.812] [INFO] ma-core - get latest customer licence By Id success testing testing testing
[2022-02-21T19:01:10.815] [INFO] ma-core - get latest customer licence By Id success NaN post 1234
[2022-02-21T19:01:10.817] [ERROR] ma-core - get licence By Id :Missing Customer ID NaN post 1234
[2022-02-21T19:01:10.818] [ERROR] ma-core - get licence By Id :Missing Customer ID testing testing testing
[2022-02-21T19:01:10.819] [ERROR] ma-core - get licence By Id :licence not found testing testing testing
[2022-02-21T19:01:10.820] [ERROR] ma-core - get licence By Id :licence not found NaN post 1234
[2022-02-21T19:01:10.823] [ERROR] ma-core - Error occur while Getting Licence By Customer Id : Error: random error
    at Context.<anonymous> (/home/azer/avaxia-monitpring-app/core-service/test/unit/licence/getActiveLicence/getActiveLIcenceServiceTest.js:52:17)
    at callFn (/home/azer/avaxia-monitpring-app/core-service/node_modules/mocha/lib/runnable.js:366:21)
    at Test.Runnable.run (/home/azer/avaxia-monitpring-app/core-service/node_modules/mocha/lib/runnable.js:354:5)
    at Runner.runTest (/home/azer/avaxia-monitpring-app/core-service/node_modules/mocha/lib/runner.js:681:10)
    at /home/azer/avaxia-monitpring-app/core-service/node_modules/mocha/lib/runner.js:804:12
    at next (/home/azer/avaxia-monitpring-app/core-service/node_modules/mocha/lib/runner.js:596:14)
    at /home/azer/avaxia-monitpring-app/core-service/node_modules/mocha/lib/runner.js:606:7
    at next (/home/azer/avaxia-monitpring-app/core-service/node_modules/mocha/lib/runner.js:489:14)
    at cbHookRun (/home/azer/avaxia-monitpring-app/core-service/node_modules/mocha/lib/runner.js:554:7)
    at done (/home/azer/avaxia-monitpring-app/core-service/node_modules/mocha/lib/runnable.js:310:5)
    at callFn (/home/azer/avaxia-monitpring-app/core-service/node_modules/mocha/lib/runnable.js:389:7)
    at Hook.Runnable.run (/home/azer/avaxia-monitpring-app/core-service/node_modules/mocha/lib/runnable.js:354:5)
    at next (/home/azer/avaxia-monitpring-app/core-service/node_modules/mocha/lib/runner.js:513:10)
    at Immediate._onImmediate (/home/azer/avaxia-monitpring-app/core-service/node_modules/mocha/lib/runner.js:574:5)
    at processImmediate (internal/timers.js:464:21)
[2022-02-21T19:01:10.827] [ERROR] ma-core - Error occur while Getting Licence By Customer Id : Error: random error
    at Context.<anonymous> (/home/azer/avaxia-monitpring-app/core-service/test/unit/licence/getByCustomer/getByCustomerLicence.service.test.js:61:17)
    at callFn (/home/azer/avaxia-monitpring-app/core-service/node_modules/mocha/lib/runnable.js:366:21)
    at Test.Runnable.run (/home/azer/avaxia-monitpring-app/core-service/node_modules/mocha/lib/runnable.js:354:5)
    at Runner.runTest (/home/azer/avaxia-monitpring-app/core-service/node_modules/mocha/lib/runner.js:681:10)
    at /home/azer/avaxia-monitpring-app/core-service/node_modules/mocha/lib/runner.js:804:12
    at next (/home/azer/avaxia-monitpring-app/core-service/node_modules/mocha/lib/runner.js:596:14)
    at /home/azer/avaxia-monitpring-app/core-service/node_modules/mocha/lib/runner.js:606:7
    at next (/home/azer/avaxia-monitpring-app/core-service/node_modules/mocha/lib/runner.js:489:14)
    at cbHookRun (/home/azer/avaxia-monitpring-app/core-service/node_modules/mocha/lib/runner.js:554:7)
    at done (/home/azer/avaxia-monitpring-app/core-service/node_modules/mocha/lib/runnable.js:310:5)
    at callFn (/home/azer/avaxia-monitpring-app/core-service/node_modules/mocha/lib/runnable.js:389:7)
    at Hook.Runnable.run (/home/azer/avaxia-monitpring-app/core-service/node_modules/mocha/lib/runnable.js:354:5)
    at next (/home/azer/avaxia-monitpring-app/core-service/node_modules/mocha/lib/runner.js:513:10)
    at Immediate._onImmediate (/home/azer/avaxia-monitpring-app/core-service/node_modules/mocha/lib/runner.js:574:5)
    at processImmediate (internal/timers.js:464:21)
[2022-02-21T19:01:10.830] [INFO] ma-core - get licence By Id success testing testing testing
[2022-02-21T19:01:10.831] [INFO] ma-core - get licence By Id success NaN post 1234
[2022-02-21T19:01:10.832] [ERROR] ma-core - get licence By Id :licence not found testing testing testing
[2022-02-21T19:01:10.834] [ERROR] ma-core - get licence By Id :licence not found NaN post 1234
[2022-02-21T19:01:10.843] [INFO] ma-core - add Licence success testing testing testing
[2022-02-21T19:01:10.845] [INFO] ma-core - add Licence success NaN post 1234
[2022-02-21T19:01:10.846] [ERROR] ma-core - add Licence :missing property testing testing testing
[2022-02-21T19:01:10.848] [ERROR] ma-core - add Licence :missing property NaN post 1234
[2022-02-21T19:01:10.857] [INFO] ma-core - update licence By Customer success testing testing testing
[2022-02-21T19:01:10.859] [INFO] ma-core - update licence By Customer success NaN post 1234
[2022-02-21T19:01:10.860] [ERROR] ma-core - update licence By Customer :licence not found testing testing testing
[2022-02-21T19:01:10.861] [ERROR] ma-core - update licence By Customer :licence not found NaN post 1234
[2022-02-21T19:01:10.880] [ERROR] ma-core - delete Map By Id :MAP not found testing testing testing
[2022-02-21T19:01:10.883] [ERROR] ma-core - delete Map By Id :missing ID testing testing testing
[2022-02-21T19:01:10.884] [ERROR] ma-core - delete Map By Id :missing ID testing testing testing
[2022-02-21T19:01:10.885] [ERROR] ma-core - delete Map By Id :missing ID NaN post 1234
[2022-02-21T19:01:10.901] [ERROR] ma-core - Get by System Error : TypeError: moment(...).tz(...).format is not a function
    at /home/azer/avaxia-monitpring-app/core-service/services/map/getBySystemId.js:2:1950
    at Array.map (<anonymous>)
    at module.exports (/home/azer/avaxia-monitpring-app/core-service/services/map/getBySystemId.js:2:1771)
    at async Context.<anonymous> (/home/azer/avaxia-monitpring-app/core-service/test/unit/map/getAllBySystem/getAllBySystemServiceTest.js:71:17)
[2022-02-21T19:01:10.905] [ERROR] ma-core - Get by System Error : Error: Random error
    at Context.<anonymous> (/home/azer/avaxia-monitpring-app/core-service/test/unit/map/getAllBySystem/getAllBySystemServiceTest.js:98:21)
    at callFn (/home/azer/avaxia-monitpring-app/core-service/node_modules/mocha/lib/runnable.js:366:21)
    at Test.Runnable.run (/home/azer/avaxia-monitpring-app/core-service/node_modules/mocha/lib/runnable.js:354:5)
    at Runner.runTest (/home/azer/avaxia-monitpring-app/core-service/node_modules/mocha/lib/runner.js:681:10)
    at /home/azer/avaxia-monitpring-app/core-service/node_modules/mocha/lib/runner.js:804:12
    at next (/home/azer/avaxia-monitpring-app/core-service/node_modules/mocha/lib/runner.js:596:14)
    at /home/azer/avaxia-monitpring-app/core-service/node_modules/mocha/lib/runner.js:606:7
    at next (/home/azer/avaxia-monitpring-app/core-service/node_modules/mocha/lib/runner.js:489:14)
    at cbHookRun (/home/azer/avaxia-monitpring-app/core-service/node_modules/mocha/lib/runner.js:554:7)
    at done (/home/azer/avaxia-monitpring-app/core-service/node_modules/mocha/lib/runnable.js:310:5)
    at callFn (/home/azer/avaxia-monitpring-app/core-service/node_modules/mocha/lib/runnable.js:389:7)
    at Hook.Runnable.run (/home/azer/avaxia-monitpring-app/core-service/node_modules/mocha/lib/runnable.js:354:5)
    at next (/home/azer/avaxia-monitpring-app/core-service/node_modules/mocha/lib/runner.js:513:10)
    at Immediate._onImmediate (/home/azer/avaxia-monitpring-app/core-service/node_modules/mocha/lib/runner.js:574:5)
    at processImmediate (internal/timers.js:464:21)
[2022-02-21T19:01:10.929] [INFO] ma-core - delete module success testing testing testing
[2022-02-21T19:01:10.931] [INFO] ma-core - delete module success NaN post 1234
[2022-02-21T19:01:10.932] [ERROR] ma-core - delete Module :module not found testing testing testing
[2022-02-21T19:01:10.933] [ERROR] ma-core - delete Module :module not found NaN post 1234
[2022-02-21T19:01:10.936] [ERROR] ma-core - delete Module :missing ID testing testing testing
[2022-02-21T19:01:10.938] [ERROR] ma-core - delete Module :missing ID testing testing testing
[2022-02-21T19:01:10.943] [INFO] ma-core - get All Basic Module success testing testing testing
[2022-02-21T19:01:10.944] [INFO] ma-core - get All Basic Module success NaN post 1234
[2022-02-21T19:01:10.947] [ERROR] ma-core - get All Basic Module :missing property testing testing testing
[2022-02-21T19:01:10.948] [ERROR] ma-core - get All Basic Module :missing property NaN post 1234
[2022-02-21T19:01:10.950] [INFO] ma-core - get All Module success testing testing testing
[2022-02-21T19:01:10.952] [INFO] ma-core - get All Module success NaN post 1234
[2022-02-21T19:01:10.953] [ERROR] ma-core - get All Module :missing property testing testing testing
[2022-02-21T19:01:10.955] [ERROR] ma-core - get All Module :missing property NaN post 1234
[2022-02-21T19:01:10.971] [INFO] ma-core - get module By Id success testing testing testing
[2022-02-21T19:01:10.976] [INFO] ma-core - get module By Id success NaN post 1234
[2022-02-21T19:01:10.979] [ERROR] ma-core - get module By Id :module not found testing testing testing
[2022-02-21T19:01:10.982] [ERROR] ma-core - get module By Id :module not found testing testing testing
[2022-02-21T19:01:10.987] [ERROR] ma-core - get module By Id :module not found NaN post 1234
[2022-02-21T19:01:11.008] [INFO] ma-core - add Module success testing testing testing
[2022-02-21T19:01:11.010] [INFO] ma-core - add Module success NaN post 1234
[2022-02-21T19:01:11.011] [ERROR] ma-core - add Module :missing property testing testing testing
[2022-02-21T19:01:11.013] [ERROR] ma-core - add Module :missing property NaN post 1234
[2022-02-21T19:01:11.018] [INFO] ma-core - update module By Customer success testing testing testing
[2022-02-21T19:01:11.019] [INFO] ma-core - update module By Customer success NaN post 1234
[2022-02-21T19:01:11.020] [ERROR] ma-core - update module By Customer :module not found testing testing testing
[2022-02-21T19:01:11.022] [ERROR] ma-core - update module By Customer :module not found testing testing testing
[2022-02-21T19:01:11.024] [ERROR] ma-core - update module By Customer :module not found NaN post 1234
[2022-02-21T19:01:11.094] [INFO] ma-core - add post success testing testing testing
[2022-02-21T19:01:11.096] [ERROR] ma-core - add post :missing property testing testing testing
[2022-02-21T19:01:11.102] [INFO] ma-core - get all posts success testing testing testing
[2022-02-21T19:01:11.103] [INFO] ma-core - get all posts success NaN post 1234
[2022-02-21T19:01:11.105] [ERROR] ma-core - get All posts :An error message testing testing testing
[2022-02-21T19:01:11.106] [ERROR] ma-core - get All posts :An error message NaN post 1234
[2022-02-21T19:01:11.111] [INFO] ma-core - get All nomenclature success testing testing testing
[2022-02-21T19:01:11.114] [INFO] ma-core - get All nomenclature success testing testing testing
[2022-02-21T19:01:11.115] [INFO] ma-core - get All nomenclature success testing testing testing
[2022-02-21T19:01:11.117] [INFO] ma-core - get All nomenclature success NaN post 1234
[2022-02-21T19:01:11.119] [ERROR] ma-core - get All nomenclature :get All nomenclature : testing testing testing
[2022-02-21T19:01:11.122] [ERROR] ma-core - get All nomenclature :get All nomenclature : NaN post 1234
[2022-02-21T19:01:11.147] [INFO] ma-core - delete Result Form success testing testing testing
[2022-02-21T19:01:11.149] [INFO] ma-core - delete Result Form success NaN post 1234
[2022-02-21T19:01:11.150] [ERROR] ma-core - delete Result Form :task not found testing testing testing
[2022-02-21T19:01:11.151] [ERROR] ma-core - delete Result Form :task not found NaN post 1234
[2022-02-21T19:01:11.162] [INFO] ma-core - get all result form success testing testing testing
[2022-02-21T19:01:11.164] [INFO] ma-core - get all result form success testing testing testing
[2022-02-21T19:01:11.165] [INFO] ma-core - get all result form success NaN post 1234
[2022-02-21T19:01:11.166] [ERROR] ma-core - get All result form :missing property testing testing testing
[2022-02-21T19:01:11.169] [ERROR] ma-core - get All result form :missing property NaN post 1234
[2022-02-21T19:01:11.173] [INFO] ma-core - get by id Result Form testing testing testing
[2022-02-21T19:01:11.174] [INFO] ma-core - get by id Result Form NaN post 1234
[2022-02-21T19:01:11.175] [ERROR] ma-core - get by id Result Form :task not found testing testing testing
[2022-02-21T19:01:11.177] [ERROR] ma-core - get by id Result Form :task not found NaN post 1234
[2022-02-21T19:01:11.182] [INFO] ma-core - get Monitoring Activities Without Result Form success testing testing testing
[2022-02-21T19:01:11.183] [INFO] ma-core - get Monitoring Activities Without Result Form success NaN post 1234
[2022-02-21T19:01:11.184] [ERROR] ma-core - get Monitoring Activities Without Result Forms :error testing testing testing
[2022-02-21T19:01:11.186] [ERROR] ma-core - get Monitoring Activities Without Result Forms :not found error testing testing testing
[2022-02-21T19:01:11.187] [ERROR] ma-core - get Monitoring Activities Without Result Forms :error NaN post 1234
[2022-02-21T19:01:11.191] [INFO] ma-core - add result form success testing testing testing
[2022-02-21T19:01:11.193] [INFO] ma-core - add result form success NaN post 1234
[2022-02-21T19:01:11.194] [ERROR] ma-core - add result form :missing property testing testing testing
[2022-02-21T19:01:11.198] [ERROR] ma-core - add result form :missing property NaN post 1234
[2022-02-21T19:01:11.202] [INFO] ma-core - update Result Form success testing testing testing
[2022-02-21T19:01:11.203] [INFO] ma-core - update Result Form success NaN post 1234
[2022-02-21T19:01:11.205] [ERROR] ma-core - update Result Form  :task not found testing testing testing
[2022-02-21T19:01:11.206] [ERROR] ma-core - update Result Form  :task not found NaN post 1234
[2022-02-21T19:01:11.211] [INFO] ma-core - delete Role success testing testing testing
[2022-02-21T19:01:11.213] [INFO] ma-core - delete Role success NaN post 1234
[2022-02-21T19:01:11.214] [ERROR] ma-core - delete Role :role not found testing testing testing
[2022-02-21T19:01:11.215] [ERROR] ma-core - delete Role :role not found NaN post 1234
[2022-02-21T19:01:11.217] [ERROR] ma-core - delete Role :missing ID testing testing testing
[2022-02-21T19:01:11.218] [ERROR] ma-core - delete Role :missing ID testing testing testing
[2022-02-21T19:01:11.225] [INFO] ma-core - get All Role success testing testing testing
[2022-02-21T19:01:11.226] [INFO] ma-core - get All Role success NaN post 1234
[2022-02-21T19:01:11.228] [ERROR] ma-core - get All Role :missing property testing testing testing
[2022-02-21T19:01:11.230] [ERROR] ma-core - get All Role :missing property NaN post 1234
[2022-02-21T19:01:11.233] [INFO] ma-core - get by id Role success testing testing testing
[2022-02-21T19:01:11.234] [INFO] ma-core - get by id Role success NaN post 1234
[2022-02-21T19:01:11.235] [ERROR] ma-core - get by id Role :role not found testing testing testing
[2022-02-21T19:01:11.237] [ERROR] ma-core - get by id Role :role not found testing testing testing
[2022-02-21T19:01:11.239] [ERROR] ma-core - get by id Role :role not found NaN post 1234
[2022-02-21T19:01:11.247] [INFO] ma-core - get by user Role success testing testing testing
[2022-02-21T19:01:11.249] [INFO] ma-core - get by user Role success NaN get 1234
[2022-02-21T19:01:11.251] [ERROR] ma-core - get by user Role :user not found testing testing testing
[2022-02-21T19:01:11.252] [ERROR] ma-core - get by user Role :role not found testing testing testing
[2022-02-21T19:01:11.254] [ERROR] ma-core - get by user Role :role not found NaN get 1234
[2022-02-21T19:01:11.256] [INFO] ma-core - add Role success testing testing testing
[2022-02-21T19:01:11.257] [ERROR] ma-core - add Role :missing property testing testing testing
[2022-02-21T19:01:11.258] [INFO] ma-core - add Role success NaN post 1234
[2022-02-21T19:01:11.259] [ERROR] ma-core - add Role :missing property NaN post 1234
[2022-02-21T19:01:11.268] [INFO] ma-core - update Role success testing testing testing
[2022-02-21T19:01:11.269] [INFO] ma-core - update Role success NaN post 1234
[2022-02-21T19:01:11.270] [ERROR] ma-core - update Role :role not found testing testing testing
[2022-02-21T19:01:11.271] [ERROR] ma-core - update Role :role not found testing testing testing
[2022-02-21T19:01:11.274] [ERROR] ma-core - update Role :role not found NaN post 1234
[2022-02-21T19:01:11.279] [INFO] ma-core - add Role History success testing testing testing
[2022-02-21T19:01:11.281] [INFO] ma-core - add Role History success NaN post 1234
[2022-02-21T19:01:11.288] [ERROR] ma-core - add Client :missing property testing testing testing
[2022-02-21T19:01:11.290] [ERROR] ma-core - add Client :missing property NaN post 1234
[2022-02-21T19:01:11.317] [ERROR] ma-core - 
[2022-02-21T19:01:11.330] [INFO] ma-core - Get all shifts success testing testing testing
[2022-02-21T19:01:11.350] [INFO] ma-core - Get all members success testing testing testing
[2022-02-21T19:01:11.389] [INFO] ma-core - delete sla success testing testing testing
[2022-02-21T19:01:11.391] [INFO] ma-core - delete sla success NaN post 1234
[2022-02-21T19:01:11.392] [ERROR] ma-core - delete Sla :sla not found testing testing testing
[2022-02-21T19:01:11.393] [ERROR] ma-core - delete Sla :sla not found testing testing testing
[2022-02-21T19:01:11.398] [ERROR] ma-core - delete Sla :sla not found NaN post 1234
[2022-02-21T19:01:11.404] [INFO] ma-core - get sla By Id success testing testing testing
[2022-02-21T19:01:11.405] [INFO] ma-core - get sla By Id success NaN post 1234
[2022-02-21T19:01:11.407] [ERROR] ma-core - get sla By Id :sla not found testing testing testing
[2022-02-21T19:01:11.409] [ERROR] ma-core - get sla By Id :sla not found testing testing testing
[2022-02-21T19:01:11.410] [ERROR] ma-core - get sla By Id :sla not found NaN post 1234
[2022-02-21T19:01:11.417] [ERROR] ma-core - Error occur while Getting Sla By slaContract Id : Error: Random error
    at Context.<anonymous> (/home/azer/avaxia-monitpring-app/core-service/test/unit/sla/getByslaContract/getslaBySlaContract.service.test.js:70:21)
    at callFn (/home/azer/avaxia-monitpring-app/core-service/node_modules/mocha/lib/runnable.js:366:21)
    at Test.Runnable.run (/home/azer/avaxia-monitpring-app/core-service/node_modules/mocha/lib/runnable.js:354:5)
    at Runner.runTest (/home/azer/avaxia-monitpring-app/core-service/node_modules/mocha/lib/runner.js:681:10)
    at /home/azer/avaxia-monitpring-app/core-service/node_modules/mocha/lib/runner.js:804:12
    at next (/home/azer/avaxia-monitpring-app/core-service/node_modules/mocha/lib/runner.js:596:14)
    at /home/azer/avaxia-monitpring-app/core-service/node_modules/mocha/lib/runner.js:606:7
    at next (/home/azer/avaxia-monitpring-app/core-service/node_modules/mocha/lib/runner.js:489:14)
    at cbHookRun (/home/azer/avaxia-monitpring-app/core-service/node_modules/mocha/lib/runner.js:554:7)
    at done (/home/azer/avaxia-monitpring-app/core-service/node_modules/mocha/lib/runnable.js:310:5)
    at callFn (/home/azer/avaxia-monitpring-app/core-service/node_modules/mocha/lib/runnable.js:389:7)
    at Hook.Runnable.run (/home/azer/avaxia-monitpring-app/core-service/node_modules/mocha/lib/runnable.js:354:5)
    at next (/home/azer/avaxia-monitpring-app/core-service/node_modules/mocha/lib/runner.js:513:10)
    at Immediate._onImmediate (/home/azer/avaxia-monitpring-app/core-service/node_modules/mocha/lib/runner.js:574:5)
    at processImmediate (internal/timers.js:464:21)
[2022-02-21T19:01:11.423] [INFO] ma-core - add Sla success testing testing testing
[2022-02-21T19:01:11.425] [INFO] ma-core - add Sla success NaN post 1234
[2022-02-21T19:01:11.426] [ERROR] ma-core - add Sla :missing property testing testing testing
[2022-02-21T19:01:11.428] [ERROR] ma-core - add Sla :missing property NaN post 1234
[2022-02-21T19:01:11.442] [INFO] ma-core - update sla By SlaContract success testing testing testing
[2022-02-21T19:01:11.443] [INFO] ma-core - update sla By SlaContract success NaN post 1234
[2022-02-21T19:01:11.445] [ERROR] ma-core - update sla By SlaContract :sla not found testing testing testing
[2022-02-21T19:01:11.446] [ERROR] ma-core - update sla By SlaContract :sla not found testing testing testing
[2022-02-21T19:01:11.447] [ERROR] ma-core - update sla By SlaContract :sla not found NaN post 1234
[2022-02-21T19:01:11.454] [INFO] ma-core - delete slaContract success testing testing testing
[2022-02-21T19:01:11.455] [INFO] ma-core - delete slaContract success NaN post 1234
[2022-02-21T19:01:11.456] [ERROR] ma-core - delete SlaContract :slaContract not found testing testing testing
[2022-02-21T19:01:11.457] [ERROR] ma-core - delete SlaContract :slaContract not found NaN post 1234
[2022-02-21T19:01:11.468] [ERROR] ma-core - Get by Customer Error : Error: Random error
    at Context.<anonymous> (/home/azer/avaxia-monitpring-app/core-service/test/unit/slaContract/getAllSlaContractByCustomerId/getAllSlaContractByCustomerIdServiceTest.js:78:21)
    at callFn (/home/azer/avaxia-monitpring-app/core-service/node_modules/mocha/lib/runnable.js:366:21)
    at Test.Runnable.run (/home/azer/avaxia-monitpring-app/core-service/node_modules/mocha/lib/runnable.js:354:5)
    at Runner.runTest (/home/azer/avaxia-monitpring-app/core-service/node_modules/mocha/lib/runner.js:681:10)
    at /home/azer/avaxia-monitpring-app/core-service/node_modules/mocha/lib/runner.js:804:12
    at next (/home/azer/avaxia-monitpring-app/core-service/node_modules/mocha/lib/runner.js:596:14)
    at /home/azer/avaxia-monitpring-app/core-service/node_modules/mocha/lib/runner.js:606:7
    at next (/home/azer/avaxia-monitpring-app/core-service/node_modules/mocha/lib/runner.js:489:14)
    at cbHookRun (/home/azer/avaxia-monitpring-app/core-service/node_modules/mocha/lib/runner.js:554:7)
    at done (/home/azer/avaxia-monitpring-app/core-service/node_modules/mocha/lib/runnable.js:310:5)
    at callFn (/home/azer/avaxia-monitpring-app/core-service/node_modules/mocha/lib/runnable.js:389:7)
    at Hook.Runnable.run (/home/azer/avaxia-monitpring-app/core-service/node_modules/mocha/lib/runnable.js:354:5)
    at next (/home/azer/avaxia-monitpring-app/core-service/node_modules/mocha/lib/runner.js:513:10)
    at Immediate._onImmediate (/home/azer/avaxia-monitpring-app/core-service/node_modules/mocha/lib/runner.js:574:5)
    at processImmediate (internal/timers.js:464:21)
[2022-02-21T19:01:11.470] [INFO] ma-core - get slaContract By Customer success testing testing testing
[2022-02-21T19:01:11.472] [INFO] ma-core - get slaContract By Customer success NaN post 1234
[2022-02-21T19:01:11.473] [ERROR] ma-core - get slaContract By Customer :customer not found testing testing testing
[2022-02-21T19:01:11.475] [ERROR] ma-core - get slaContract By Customer :customer not found NaN post 1234
[2022-02-21T19:01:11.476] [INFO] ma-core - get slaContract By Id success testing testing testing
[2022-02-21T19:01:11.478] [INFO] ma-core - get slaContract By Id success NaN post 1234
[2022-02-21T19:01:11.479] [ERROR] ma-core - get slaContract By Id :slaContract not found testing testing testing
[2022-02-21T19:01:11.480] [ERROR] ma-core - get slaContract By Id :slaContract not found NaN post 1234
[2022-02-21T19:01:11.488] [INFO] ma-core - add SlaContract success testing testing testing
[2022-02-21T19:01:11.490] [INFO] ma-core - add SlaContract success NaN post 1234
[2022-02-21T19:01:11.491] [ERROR] ma-core - add SlaContract :missing property testing testing testing
[2022-02-21T19:01:11.492] [ERROR] ma-core - add SlaContract :missing property NaN post 1234
[2022-02-21T19:01:11.500] [INFO] ma-core - update slaContract By Customer success testing testing testing
[2022-02-21T19:01:11.502] [INFO] ma-core - update slaContract By Customer success NaN post 1234
[2022-02-21T19:01:11.503] [ERROR] ma-core - update slaContract By Customer :slaContract not found testing testing testing
[2022-02-21T19:01:11.505] [ERROR] ma-core - update slaContract By Customer :slaContract not found NaN post 1234
[2022-02-21T19:01:11.666] [ERROR] ma-core - Get by Customer Error : Error: Random error
    at Context.<anonymous> (/home/azer/avaxia-monitpring-app/core-service/test/unit/system/getAllSystemByCustomerId/getAllSystemByCustomerIdServiceTest.js:52:21)
    at callFn (/home/azer/avaxia-monitpring-app/core-service/node_modules/mocha/lib/runnable.js:366:21)
    at Test.Runnable.run (/home/azer/avaxia-monitpring-app/core-service/node_modules/mocha/lib/runnable.js:354:5)
    at Runner.runTest (/home/azer/avaxia-monitpring-app/core-service/node_modules/mocha/lib/runner.js:681:10)
    at /home/azer/avaxia-monitpring-app/core-service/node_modules/mocha/lib/runner.js:804:12
    at next (/home/azer/avaxia-monitpring-app/core-service/node_modules/mocha/lib/runner.js:596:14)
    at /home/azer/avaxia-monitpring-app/core-service/node_modules/mocha/lib/runner.js:606:7
    at next (/home/azer/avaxia-monitpring-app/core-service/node_modules/mocha/lib/runner.js:489:14)
    at cbHookRun (/home/azer/avaxia-monitpring-app/core-service/node_modules/mocha/lib/runner.js:554:7)
    at done (/home/azer/avaxia-monitpring-app/core-service/node_modules/mocha/lib/runnable.js:310:5)
    at callFn (/home/azer/avaxia-monitpring-app/core-service/node_modules/mocha/lib/runnable.js:389:7)
    at Hook.Runnable.run (/home/azer/avaxia-monitpring-app/core-service/node_modules/mocha/lib/runnable.js:354:5)
    at next (/home/azer/avaxia-monitpring-app/core-service/node_modules/mocha/lib/runner.js:513:10)
    at Immediate._onImmediate (/home/azer/avaxia-monitpring-app/core-service/node_modules/mocha/lib/runner.js:574:5)
    at processImmediate (internal/timers.js:464:21)
[2022-02-21T19:01:11.690] [ERROR] ma-core - Get Categories by Customer ID and Type ID Error : Error: Random error
    at Context.<anonymous> (/home/azer/avaxia-monitpring-app/core-service/test/unit/system/getCategoryByTypesByCustomer/getCategoryByTypesByCustomerServiceTest.js:122:21)
    at callFn (/home/azer/avaxia-monitpring-app/core-service/node_modules/mocha/lib/runnable.js:366:21)
    at Test.Runnable.run (/home/azer/avaxia-monitpring-app/core-service/node_modules/mocha/lib/runnable.js:354:5)
    at Runner.runTest (/home/azer/avaxia-monitpring-app/core-service/node_modules/mocha/lib/runner.js:681:10)
    at /home/azer/avaxia-monitpring-app/core-service/node_modules/mocha/lib/runner.js:804:12
    at next (/home/azer/avaxia-monitpring-app/core-service/node_modules/mocha/lib/runner.js:596:14)
    at /home/azer/avaxia-monitpring-app/core-service/node_modules/mocha/lib/runner.js:606:7
    at next (/home/azer/avaxia-monitpring-app/core-service/node_modules/mocha/lib/runner.js:489:14)
    at cbHookRun (/home/azer/avaxia-monitpring-app/core-service/node_modules/mocha/lib/runner.js:554:7)
    at done (/home/azer/avaxia-monitpring-app/core-service/node_modules/mocha/lib/runnable.js:310:5)
    at callFn (/home/azer/avaxia-monitpring-app/core-service/node_modules/mocha/lib/runnable.js:389:7)
    at Hook.Runnable.run (/home/azer/avaxia-monitpring-app/core-service/node_modules/mocha/lib/runnable.js:354:5)
    at next (/home/azer/avaxia-monitpring-app/core-service/node_modules/mocha/lib/runner.js:513:10)
    at Immediate._onImmediate (/home/azer/avaxia-monitpring-app/core-service/node_modules/mocha/lib/runner.js:574:5)
    at processImmediate (internal/timers.js:464:21)
[2022-02-21T19:01:11.721] [ERROR] ma-core - Get types by Customer ID Error : Error: Random error
    at Context.<anonymous> (/home/azer/avaxia-monitpring-app/core-service/test/unit/system/getTypeByCustomer/getTypesByCustomerServiceTest.js:122:21)
    at callFn (/home/azer/avaxia-monitpring-app/core-service/node_modules/mocha/lib/runnable.js:366:21)
    at Test.Runnable.run (/home/azer/avaxia-monitpring-app/core-service/node_modules/mocha/lib/runnable.js:354:5)
    at Runner.runTest (/home/azer/avaxia-monitpring-app/core-service/node_modules/mocha/lib/runner.js:681:10)
    at /home/azer/avaxia-monitpring-app/core-service/node_modules/mocha/lib/runner.js:804:12
    at next (/home/azer/avaxia-monitpring-app/core-service/node_modules/mocha/lib/runner.js:596:14)
    at /home/azer/avaxia-monitpring-app/core-service/node_modules/mocha/lib/runner.js:606:7
    at next (/home/azer/avaxia-monitpring-app/core-service/node_modules/mocha/lib/runner.js:489:14)
    at cbHookRun (/home/azer/avaxia-monitpring-app/core-service/node_modules/mocha/lib/runner.js:554:7)
    at done (/home/azer/avaxia-monitpring-app/core-service/node_modules/mocha/lib/runnable.js:310:5)
    at callFn (/home/azer/avaxia-monitpring-app/core-service/node_modules/mocha/lib/runnable.js:389:7)
    at Hook.Runnable.run (/home/azer/avaxia-monitpring-app/core-service/node_modules/mocha/lib/runnable.js:354:5)
    at next (/home/azer/avaxia-monitpring-app/core-service/node_modules/mocha/lib/runner.js:513:10)
    at Immediate._onImmediate (/home/azer/avaxia-monitpring-app/core-service/node_modules/mocha/lib/runner.js:574:5)
    at processImmediate (internal/timers.js:464:21)
[2022-02-21T19:01:11.735] [INFO] ma-core - get All Task success testing testing testing
[2022-02-21T19:01:11.737] [INFO] ma-core - get All Task success NaN post 1234
[2022-02-21T19:01:11.738] [ERROR] ma-core - get All Task :an error occured testing testing testing
[2022-02-21T19:01:11.740] [ERROR] ma-core - get All Task :an error occured NaN post 1234
[2022-02-21T19:01:11.743] [INFO] ma-core - get All Task By filter success testing testing testing
[2022-02-21T19:01:11.745] [ERROR] ma-core - get All Task By filter error :error testing testing testing
[2022-02-21T19:01:11.747] [INFO] ma-core - get All Task By filter success testing testing testing
[2022-02-21T19:01:11.750] [INFO] ma-core - get by id Task success testing testing testing
[2022-02-21T19:01:11.752] [INFO] ma-core - get by id Task success NaN post 1234
[2022-02-21T19:01:11.754] [ERROR] ma-core - get by id Task :task not found testing testing testing
[2022-02-21T19:01:11.758] [ERROR] ma-core - get by id Task :task not found testing testing testing
[2022-02-21T19:01:11.763] [ERROR] ma-core - get by id Task :task not found NaN post 1234
[2022-02-21T19:01:11.768] [INFO] ma-core - get All Task By filter success testing testing testing
[2022-02-21T19:01:11.770] [ERROR] ma-core - get All Task By filter error :error testing testing testing
[2022-02-21T19:01:11.772] [INFO] ma-core - get All Task By filter success testing testing testing
[2022-02-21T19:01:11.834] [INFO] ma-core - get All Task By ID success testing testing testing
[2022-02-21T19:01:11.861] [INFO] ma-core - get All Task success testing testing testing
[2022-02-21T19:01:11.870] [INFO] ma-core - get Created Tasks success testing testing testing
[2022-02-21T19:01:11.880] [INFO] ma-core - get Created Tasks success NaN post 1234
[2022-02-21T19:01:11.885] [ERROR] ma-core - get Created Tasks error : error testing testing testing
[2022-02-21T19:01:11.889] [ERROR] ma-core - get Created Tasks error : error NaN post 1234
[2022-02-21T19:01:11.895] [INFO] ma-core - add Task success testing testing testing
[2022-02-21T19:01:11.928] [INFO] ma-core - add Task success NaN post 1234
[2022-02-21T19:01:11.948] [ERROR] ma-core - add Task :missing property testing testing testing
[2022-02-21T19:01:11.950] [ERROR] ma-core - add Task :missing property NaN post 1234
[2022-02-21T19:01:11.961] [INFO] ma-core - add Many Task success testing testing testing
[2022-02-21T19:01:11.963] [INFO] ma-core - add Many Task success NaN post 1234
[2022-02-21T19:01:11.965] [ERROR] ma-core - add Many Task :missing property testing testing testing
[2022-02-21T19:01:11.967] [ERROR] ma-core - add Many Task :missing property NaN post 1234
[2022-02-21T19:01:11.974] [INFO] ma-core - update Task success testing testing testing
[2022-02-21T19:01:11.976] [INFO] ma-core - update Task success NaN post 1234
[2022-02-21T19:01:11.977] [ERROR] ma-core - update Task :task not found testing testing testing
[2022-02-21T19:01:11.978] [ERROR] ma-core - update Task :task not found NaN post 1234
[2022-02-21T19:01:11.980] [DEBUG] ma-core - Before sending Info !!
[2022-02-21T19:01:11.980] [DEBUG] ma-core - Before sending inside the producer !
[2022-02-21T19:01:11.985] [INFO] ma-core - Update Task Assignee success testing testing testing
[2022-02-21T19:01:11.986] [INFO] ma-core - Update Task Assignee Incomplete testing testing testing
[2022-02-21T19:01:11.988] [ERROR] ma-core - Update Task Assignee :task not found testing testing testing
[2022-02-21T19:01:12.002] [INFO] ma-core - Canceled the Task testing testing testing
[2022-02-21T19:01:12.005] [INFO] ma-core - Canceled the Task NaN post 1234
[2022-02-21T19:01:12.009] [ERROR] ma-core - Failed to Cancel the Task :failed to update the task testing testing testing
[2022-02-21T19:01:12.010] [ERROR] ma-core - Failed to Cancel the Task :failed to update the task NaN post 1234
[2022-02-21T19:01:12.012] [INFO] ma-core - Closed the Task testing testing testing
[2022-02-21T19:01:12.014] [INFO] ma-core - Closed the Task NaN post 1234
[2022-02-21T19:01:12.018] [ERROR] ma-core - Failed to reject the Task :failed to update the task testing testing testing
[2022-02-21T19:01:12.020] [ERROR] ma-core - Failed to reject the Task :failed to update the task NaN post 1234
[2022-02-21T19:01:12.022] [INFO] ma-core - Deleted the Task testing testing testing
[2022-02-21T19:01:12.023] [INFO] ma-core - Deleted the Task NaN post 1234
[2022-02-21T19:01:12.027] [ERROR] ma-core - Failed to delete the Task :failed to update the task testing testing testing
[2022-02-21T19:01:12.029] [ERROR] ma-core - Failed to delete the Task :failed to update the task NaN post 1234
[2022-02-21T19:01:12.031] [INFO] ma-core - Finished the Task testing testing testing
[2022-02-21T19:01:12.033] [INFO] ma-core - Finished the Task NaN post 1234
[2022-02-21T19:01:12.037] [ERROR] ma-core - Failed to finish the Task :failed to update the task testing testing testing
[2022-02-21T19:01:12.038] [ERROR] ma-core - Failed to finish the Task :failed to update the task NaN post 1234
[2022-02-21T19:01:12.040] [INFO] ma-core - Rejected the Task testing testing testing
[2022-02-21T19:01:12.042] [INFO] ma-core - Rejected the Task NaN post 1234
[2022-02-21T19:01:12.046] [ERROR] ma-core - Failed to reject the Task :failed to update the task testing testing testing
[2022-02-21T19:01:12.048] [ERROR] ma-core - Failed to reject the Task :failed to update the task NaN post 1234
[2022-02-21T19:01:12.051] [ERROR] ma-core - An unexpected error occurred during auto start task Error: WARNING: Date in past. Will never be fired.
    at CronTime.sendAt (/home/azer/avaxia-monitpring-app/core-service/node_modules/cron/lib/cron.js:148:12)
    at CronTime.getTimeout (/home/azer/avaxia-monitpring-app/core-service/node_modules/cron/lib/cron.js:175:29)
    at CronJob.start (/home/azer/avaxia-monitpring-app/core-service/node_modules/cron/lib/cron.js:613:31)
    at new CronJob (/home/azer/avaxia-monitpring-app/core-service/node_modules/cron/lib/cron.js:576:10)
    at module.exports (/home/azer/avaxia-monitpring-app/core-service/services/task/autoStartTaskCron.js:2:1041)
    at Object.exports.validateTask (/home/azer/avaxia-monitpring-app/core-service/controllers/task.controller.js:11:699)
    at async Context.<anonymous> (/home/azer/avaxia-monitpring-app/core-service/test/unit/task/updateState/validateTask.controller.test.js:51:5)
[2022-02-21T19:01:12.052] [INFO] ma-core - Validated the Task testing testing testing
[2022-02-21T19:01:12.054] [ERROR] ma-core - An unexpected error occurred during auto start task Error: WARNING: Date in past. Will never be fired.
    at CronTime.sendAt (/home/azer/avaxia-monitpring-app/core-service/node_modules/cron/lib/cron.js:148:12)
    at CronTime.getTimeout (/home/azer/avaxia-monitpring-app/core-service/node_modules/cron/lib/cron.js:175:29)
    at CronJob.start (/home/azer/avaxia-monitpring-app/core-service/node_modules/cron/lib/cron.js:613:31)
    at new CronJob (/home/azer/avaxia-monitpring-app/core-service/node_modules/cron/lib/cron.js:576:10)
    at module.exports (/home/azer/avaxia-monitpring-app/core-service/services/task/autoStartTaskCron.js:2:1041)
    at Object.exports.validateTask (/home/azer/avaxia-monitpring-app/core-service/controllers/task.controller.js:11:699)
    at async Context.<anonymous> (/home/azer/avaxia-monitpring-app/core-service/test/unit/task/updateState/validateTask.controller.test.js:95:5)
[2022-02-21T19:01:12.054] [INFO] ma-core - Validated the Task NaN post 1234
[2022-02-21T19:01:12.059] [ERROR] ma-core - An unexpected error occurred during auto start task Error: WARNING: Date in past. Will never be fired.
    at CronTime.sendAt (/home/azer/avaxia-monitpring-app/core-service/node_modules/cron/lib/cron.js:148:12)
    at CronTime.getTimeout (/home/azer/avaxia-monitpring-app/core-service/node_modules/cron/lib/cron.js:175:29)
    at CronJob.start (/home/azer/avaxia-monitpring-app/core-service/node_modules/cron/lib/cron.js:613:31)
    at new CronJob (/home/azer/avaxia-monitpring-app/core-service/node_modules/cron/lib/cron.js:576:10)
    at module.exports (/home/azer/avaxia-monitpring-app/core-service/services/task/autoStartTaskCron.js:2:1041)
    at Object.exports.validateTask (/home/azer/avaxia-monitpring-app/core-service/controllers/task.controller.js:11:699)
    at async Context.<anonymous> (/home/azer/avaxia-monitpring-app/core-service/test/unit/task/updateState/validateTask.controller.test.js:176:5)
[2022-02-21T19:01:12.059] [ERROR] ma-core - Failed to validate the Task :failed to update the task testing testing testing
[2022-02-21T19:01:12.062] [ERROR] ma-core - An unexpected error occurred during auto start task Error: WARNING: Date in past. Will never be fired.
    at CronTime.sendAt (/home/azer/avaxia-monitpring-app/core-service/node_modules/cron/lib/cron.js:148:12)
    at CronTime.getTimeout (/home/azer/avaxia-monitpring-app/core-service/node_modules/cron/lib/cron.js:175:29)
    at CronJob.start (/home/azer/avaxia-monitpring-app/core-service/node_modules/cron/lib/cron.js:613:31)
    at new CronJob (/home/azer/avaxia-monitpring-app/core-service/node_modules/cron/lib/cron.js:576:10)
    at module.exports (/home/azer/avaxia-monitpring-app/core-service/services/task/autoStartTaskCron.js:2:1041)
    at Object.exports.validateTask (/home/azer/avaxia-monitpring-app/core-service/controllers/task.controller.js:11:699)
    at async Context.<anonymous> (/home/azer/avaxia-monitpring-app/core-service/test/unit/task/updateState/validateTask.controller.test.js:219:5)
[2022-02-21T19:01:12.062] [ERROR] ma-core - Failed to validate the Task :failed to update the task NaN post 1234
[2022-02-21T19:01:12.067] [INFO] ma-core - update Task success testing testing testing
[2022-02-21T19:01:12.070] [INFO] ma-core - update Task success NaN post 1234
[2022-02-21T19:01:12.073] [ERROR] ma-core - update Task :You are not authorized to perform this action testing testing testing
[2022-02-21T19:01:12.076] [ERROR] ma-core - update Task :task not found NaN post 1234
[2022-02-21T19:01:12.145] [ERROR] ma-core - random Error
[2022-02-21T19:01:12.803] [ERROR] ma-core - random error
