[2021-11-29T08:40:23.896] [ERROR] ma-core - add Many Task :newArray is not defined /api/task/addMany POST ::1
[2021-11-29T08:42:40.282] [ERROR] ma-core - add Many Task :result is not defined /api/task/addMany POST ::1
[2021-11-29T08:46:03.289] [ERROR] ma-core - add Many Task :comparer is not defined /api/task/addMany POST ::1
[2021-11-29T10:25:03.133] [ERROR] ma-core - add Many Task :map2 is not defined /api/task/addMany POST ::1
[2021-11-29T10:30:29.458] [ERROR] ma-core - add Many Task :Cannot read property 'toString' of undefined /api/task/addMany POST ::1
[2021-11-29T10:31:14.128] [ERROR] ma-core - add Many Task :Cannot read property 'toString' of undefined /api/task/addMany POST ::1
[2021-11-29T13:59:18.851] [ERROR] ma-core - get All Task By filter error :error testing testing testing
[2021-11-29T13:59:18.861] [ERROR] ma-core - get by id Task :task not found testing testing testing
[2021-11-29T13:59:18.863] [ERROR] ma-core - get by id Task :task not found NaN post 1234
[2021-11-29T13:59:18.870] [ERROR] ma-core - get All Task By filter error :error testing testing testing
[2021-11-29T13:59:18.973] [ERROR] ma-core - add Task :missing property testing testing testing
[2021-11-29T13:59:18.975] [ERROR] ma-core - add Task :missing property NaN post 1234
[2021-11-29T13:59:18.987] [ERROR] ma-core - add Many Task :missing property testing testing testing
[2021-11-29T13:59:18.988] [ERROR] ma-core - add Many Task :missing property NaN post 1234
[2021-11-29T13:59:19.017] [ERROR] ma-core - Update Task Assignee :task not found testing testing testing
[2021-11-29T13:59:19.031] [ERROR] ma-core - Failed to Cancel the Task :failed to update the task testing testing testing
[2021-11-29T13:59:19.033] [ERROR] ma-core - Failed to Cancel the Task :failed to update the task NaN post 1234
[2021-11-29T13:59:19.041] [ERROR] ma-core - Failed to delete the Task :failed to update the task testing testing testing
[2021-11-29T13:59:19.042] [ERROR] ma-core - Failed to delete the Task :failed to update the task NaN post 1234
[2021-11-29T13:59:19.050] [ERROR] ma-core - Failed to finish the Task :failed to update the task testing testing testing
[2021-11-29T13:59:19.052] [ERROR] ma-core - Failed to finish the Task :failed to update the task NaN post 1234
[2021-11-29T13:59:19.060] [ERROR] ma-core - Failed to reject the Task :failed to update the task testing testing testing
[2021-11-29T13:59:19.062] [ERROR] ma-core - Failed to reject the Task :failed to update the task NaN post 1234
[2021-11-29T13:59:19.078] [ERROR] ma-core - Failed to start the Task :failed to update the task testing testing testing
[2021-11-29T13:59:19.080] [ERROR] ma-core - Failed to start the Task :failed to update the task NaN post 1234
[2021-11-29T13:59:19.088] [ERROR] ma-core - Failed to validate the Task :failed to update the task testing testing testing
[2021-11-29T13:59:19.090] [ERROR] ma-core - Failed to validate the Task :failed to update the task NaN post 1234
[2021-11-29T16:52:56.541] [ERROR] ma-core - get All Task By filter error :error testing testing testing
[2021-11-29T16:52:56.550] [ERROR] ma-core - get by id Task :task not found testing testing testing
[2021-11-29T16:52:56.551] [ERROR] ma-core - get by id Task :task not found NaN post 1234
[2021-11-29T16:52:56.560] [ERROR] ma-core - get All Task By filter error :error testing testing testing
[2021-11-29T16:52:56.662] [ERROR] ma-core - add Task :missing property testing testing testing
[2021-11-29T16:52:56.665] [ERROR] ma-core - add Task :missing property NaN post 1234
[2021-11-29T16:52:56.676] [ERROR] ma-core - add Many Task :missing property testing testing testing
[2021-11-29T16:52:56.678] [ERROR] ma-core - add Many Task :missing property NaN post 1234
[2021-11-29T16:52:56.707] [ERROR] ma-core - Update Task Assignee :task not found testing testing testing
[2021-11-29T16:52:56.725] [ERROR] ma-core - Failed to Cancel the Task :failed to update the task testing testing testing
[2021-11-29T16:52:56.726] [ERROR] ma-core - Failed to Cancel the Task :failed to update the task NaN post 1234
[2021-11-29T16:52:56.735] [ERROR] ma-core - Failed to delete the Task :failed to update the task testing testing testing
[2021-11-29T16:52:56.738] [ERROR] ma-core - Failed to delete the Task :failed to update the task NaN post 1234
[2021-11-29T16:52:56.747] [ERROR] ma-core - Failed to finish the Task :failed to update the task testing testing testing
[2021-11-29T16:52:56.749] [ERROR] ma-core - Failed to finish the Task :failed to update the task NaN post 1234
[2021-11-29T16:52:56.759] [ERROR] ma-core - Failed to reject the Task :failed to update the task testing testing testing
[2021-11-29T16:52:56.760] [ERROR] ma-core - Failed to reject the Task :failed to update the task NaN post 1234
[2021-11-29T16:52:56.773] [ERROR] ma-core - Failed to start the Task :failed to update the task testing testing testing
[2021-11-29T16:52:56.775] [ERROR] ma-core - Failed to start the Task :failed to update the task NaN post 1234
[2021-11-29T16:52:56.787] [ERROR] ma-core - Failed to validate the Task :failed to update the task testing testing testing
[2021-11-29T16:52:56.788] [ERROR] ma-core - Failed to validate the Task :failed to update the task NaN post 1234
[2021-11-29T21:03:58.797] [ERROR] ma-core - get All Task By filter error :error testing testing testing
[2021-11-29T21:03:58.808] [ERROR] ma-core - get by id Task :task not found testing testing testing
[2021-11-29T21:03:58.810] [ERROR] ma-core - get by id Task :task not found NaN post 1234
[2021-11-29T21:03:58.818] [ERROR] ma-core - get All Task By filter error :error testing testing testing
[2021-11-29T21:03:58.918] [ERROR] ma-core - add Task :missing property testing testing testing
[2021-11-29T21:03:58.920] [ERROR] ma-core - add Task :missing property NaN post 1234
[2021-11-29T21:03:58.930] [ERROR] ma-core - add Many Task :missing property testing testing testing
[2021-11-29T21:03:58.932] [ERROR] ma-core - add Many Task :missing property NaN post 1234
[2021-11-29T21:03:58.959] [ERROR] ma-core - Update Task Assignee :task not found testing testing testing
[2021-11-29T21:03:58.975] [ERROR] ma-core - Failed to Cancel the Task :failed to update the task testing testing testing
[2021-11-29T21:03:58.977] [ERROR] ma-core - Failed to Cancel the Task :failed to update the task NaN post 1234
[2021-11-29T21:03:58.985] [ERROR] ma-core - Failed to delete the Task :failed to update the task testing testing testing
[2021-11-29T21:03:58.988] [ERROR] ma-core - Failed to delete the Task :failed to update the task NaN post 1234
[2021-11-29T21:03:58.995] [ERROR] ma-core - Failed to finish the Task :failed to update the task testing testing testing
[2021-11-29T21:03:58.997] [ERROR] ma-core - Failed to finish the Task :failed to update the task NaN post 1234
[2021-11-29T21:03:59.005] [ERROR] ma-core - Failed to reject the Task :failed to update the task testing testing testing
[2021-11-29T21:03:59.006] [ERROR] ma-core - Failed to reject the Task :failed to update the task NaN post 1234
[2021-11-29T21:03:59.021] [ERROR] ma-core - Failed to start the Task :failed to update the task testing testing testing
[2021-11-29T21:03:59.024] [ERROR] ma-core - Failed to start the Task :failed to update the task NaN post 1234
[2021-11-29T21:03:59.032] [ERROR] ma-core - Failed to validate the Task :failed to update the task testing testing testing
[2021-11-29T21:03:59.034] [ERROR] ma-core - Failed to validate the Task :failed to update the task NaN post 1234
[2021-11-29T21:35:06.152] [ERROR] ma-core - get All Task By filter error :error testing testing testing
[2021-11-29T21:35:06.159] [ERROR] ma-core - get by id Task :task not found testing testing testing
[2021-11-29T21:35:06.161] [ERROR] ma-core - get by id Task :task not found NaN post 1234
[2021-11-29T21:35:06.168] [ERROR] ma-core - get All Task By filter error :error testing testing testing
[2021-11-29T21:35:06.269] [ERROR] ma-core - add Task :missing property testing testing testing
[2021-11-29T21:35:06.272] [ERROR] ma-core - add Task :missing property NaN post 1234
[2021-11-29T21:35:06.281] [ERROR] ma-core - add Many Task :missing property testing testing testing
[2021-11-29T21:35:06.283] [ERROR] ma-core - add Many Task :missing property NaN post 1234
[2021-11-29T21:35:06.313] [ERROR] ma-core - Update Task Assignee :task not found testing testing testing
[2021-11-29T21:35:06.328] [ERROR] ma-core - Failed to Cancel the Task :failed to update the task testing testing testing
[2021-11-29T21:35:06.330] [ERROR] ma-core - Failed to Cancel the Task :failed to update the task NaN post 1234
[2021-11-29T21:35:06.340] [ERROR] ma-core - Failed to delete the Task :failed to update the task testing testing testing
[2021-11-29T21:35:06.342] [ERROR] ma-core - Failed to delete the Task :failed to update the task NaN post 1234
[2021-11-29T21:35:06.352] [ERROR] ma-core - Failed to finish the Task :failed to update the task testing testing testing
[2021-11-29T21:35:06.354] [ERROR] ma-core - Failed to finish the Task :failed to update the task NaN post 1234
[2021-11-29T21:35:06.363] [ERROR] ma-core - Failed to reject the Task :failed to update the task testing testing testing
[2021-11-29T21:35:06.365] [ERROR] ma-core - Failed to reject the Task :failed to update the task NaN post 1234
[2021-11-29T21:35:06.380] [ERROR] ma-core - Failed to start the Task :failed to update the task testing testing testing
[2021-11-29T21:35:06.382] [ERROR] ma-core - Failed to start the Task :failed to update the task NaN post 1234
[2021-11-29T21:35:06.392] [ERROR] ma-core - Failed to validate the Task :failed to update the task testing testing testing
[2021-11-29T21:35:06.395] [ERROR] ma-core - Failed to validate the Task :failed to update the task NaN post 1234
[2021-11-29T21:38:52.304] [ERROR] ma-core - get All Task By filter error :error testing testing testing
[2021-11-29T21:38:52.311] [ERROR] ma-core - get by id Task :task not found testing testing testing
[2021-11-29T21:38:52.312] [ERROR] ma-core - get by id Task :task not found NaN post 1234
[2021-11-29T21:38:52.319] [ERROR] ma-core - get All Task By filter error :error testing testing testing
[2021-11-29T21:38:52.418] [ERROR] ma-core - add Task :missing property testing testing testing
[2021-11-29T21:38:52.420] [ERROR] ma-core - add Task :missing property NaN post 1234
[2021-11-29T21:38:52.429] [ERROR] ma-core - add Many Task :missing property testing testing testing
[2021-11-29T21:38:52.431] [ERROR] ma-core - add Many Task :missing property NaN post 1234
[2021-11-29T21:38:52.459] [ERROR] ma-core - Update Task Assignee :task not found testing testing testing
[2021-11-29T21:38:52.474] [ERROR] ma-core - Failed to Cancel the Task :failed to update the task testing testing testing
[2021-11-29T21:38:52.476] [ERROR] ma-core - Failed to Cancel the Task :failed to update the task NaN post 1234
[2021-11-29T21:38:52.485] [ERROR] ma-core - Failed to delete the Task :failed to update the task testing testing testing
[2021-11-29T21:38:52.487] [ERROR] ma-core - Failed to delete the Task :failed to update the task NaN post 1234
[2021-11-29T21:38:52.494] [ERROR] ma-core - Failed to finish the Task :failed to update the task testing testing testing
[2021-11-29T21:38:52.495] [ERROR] ma-core - Failed to finish the Task :failed to update the task NaN post 1234
[2021-11-29T21:38:52.503] [ERROR] ma-core - Failed to reject the Task :failed to update the task testing testing testing
[2021-11-29T21:38:52.504] [ERROR] ma-core - Failed to reject the Task :failed to update the task NaN post 1234
[2021-11-29T21:38:52.518] [ERROR] ma-core - Failed to start the Task :failed to update the task testing testing testing
[2021-11-29T21:38:52.520] [ERROR] ma-core - Failed to start the Task :failed to update the task NaN post 1234
[2021-11-29T21:38:52.529] [ERROR] ma-core - Failed to validate the Task :failed to update the task testing testing testing
[2021-11-29T21:38:52.530] [ERROR] ma-core - Failed to validate the Task :failed to update the task NaN post 1234
[2021-11-29T21:40:45.295] [ERROR] ma-core - get All Task By filter error :error testing testing testing
[2021-11-29T21:40:45.307] [ERROR] ma-core - get by id Task :task not found testing testing testing
[2021-11-29T21:40:45.309] [ERROR] ma-core - get by id Task :task not found NaN post 1234
[2021-11-29T21:40:45.317] [ERROR] ma-core - get All Task By filter error :error testing testing testing
[2021-11-29T21:40:45.416] [ERROR] ma-core - add Task :missing property testing testing testing
[2021-11-29T21:40:45.417] [ERROR] ma-core - add Task :missing property NaN post 1234
[2021-11-29T21:40:45.427] [ERROR] ma-core - add Many Task :missing property testing testing testing
[2021-11-29T21:40:45.428] [ERROR] ma-core - add Many Task :missing property NaN post 1234
[2021-11-29T21:40:45.457] [ERROR] ma-core - Update Task Assignee :task not found testing testing testing
[2021-11-29T21:40:45.473] [ERROR] ma-core - Failed to Cancel the Task :failed to update the task testing testing testing
[2021-11-29T21:40:45.475] [ERROR] ma-core - Failed to Cancel the Task :failed to update the task NaN post 1234
[2021-11-29T21:40:45.483] [ERROR] ma-core - Failed to delete the Task :failed to update the task testing testing testing
[2021-11-29T21:40:45.486] [ERROR] ma-core - Failed to delete the Task :failed to update the task NaN post 1234
[2021-11-29T21:40:45.495] [ERROR] ma-core - Failed to finish the Task :failed to update the task testing testing testing
[2021-11-29T21:40:45.496] [ERROR] ma-core - Failed to finish the Task :failed to update the task NaN post 1234
[2021-11-29T21:40:45.505] [ERROR] ma-core - Failed to reject the Task :failed to update the task testing testing testing
[2021-11-29T21:40:45.506] [ERROR] ma-core - Failed to reject the Task :failed to update the task NaN post 1234
[2021-11-29T21:40:45.519] [ERROR] ma-core - Failed to start the Task :failed to update the task testing testing testing
[2021-11-29T21:40:45.521] [ERROR] ma-core - Failed to start the Task :failed to update the task NaN post 1234
[2021-11-29T21:40:45.530] [ERROR] ma-core - Failed to validate the Task :failed to update the task testing testing testing
[2021-11-29T21:40:45.531] [ERROR] ma-core - Failed to validate the Task :failed to update the task NaN post 1234
[2021-11-29T21:46:00.602] [ERROR] ma-core - get All Task By filter error :error testing testing testing
[2021-11-29T21:46:00.611] [ERROR] ma-core - get by id Task :task not found testing testing testing
[2021-11-29T21:46:00.613] [ERROR] ma-core - get by id Task :task not found NaN post 1234
[2021-11-29T21:46:00.621] [ERROR] ma-core - get All Task By filter error :error testing testing testing
[2021-11-29T21:46:00.722] [ERROR] ma-core - add Task :missing property testing testing testing
[2021-11-29T21:46:00.725] [ERROR] ma-core - add Task :missing property NaN post 1234
[2021-11-29T21:46:00.736] [ERROR] ma-core - add Many Task :missing property testing testing testing
[2021-11-29T21:46:00.738] [ERROR] ma-core - add Many Task :missing property NaN post 1234
[2021-11-29T21:46:00.768] [ERROR] ma-core - Update Task Assignee :task not found testing testing testing
[2021-11-29T21:46:00.785] [ERROR] ma-core - Failed to Cancel the Task :failed to update the task testing testing testing
[2021-11-29T21:46:00.787] [ERROR] ma-core - Failed to Cancel the Task :failed to update the task NaN post 1234
[2021-11-29T21:46:00.797] [ERROR] ma-core - Failed to delete the Task :failed to update the task testing testing testing
[2021-11-29T21:46:00.798] [ERROR] ma-core - Failed to delete the Task :failed to update the task NaN post 1234
[2021-11-29T21:46:00.807] [ERROR] ma-core - Failed to finish the Task :failed to update the task testing testing testing
[2021-11-29T21:46:00.808] [ERROR] ma-core - Failed to finish the Task :failed to update the task NaN post 1234
[2021-11-29T21:46:00.816] [ERROR] ma-core - Failed to reject the Task :failed to update the task testing testing testing
[2021-11-29T21:46:00.817] [ERROR] ma-core - Failed to reject the Task :failed to update the task NaN post 1234
[2021-11-29T21:46:00.830] [ERROR] ma-core - Failed to start the Task :failed to update the task testing testing testing
[2021-11-29T21:46:00.832] [ERROR] ma-core - Failed to start the Task :failed to update the task NaN post 1234
[2021-11-29T21:46:00.841] [ERROR] ma-core - Failed to validate the Task :failed to update the task testing testing testing
[2021-11-29T21:46:00.843] [ERROR] ma-core - Failed to validate the Task :failed to update the task NaN post 1234
[2021-11-29T21:47:33.526] [ERROR] ma-core - get All Task By filter error :error testing testing testing
[2021-11-29T21:47:33.535] [ERROR] ma-core - get by id Task :task not found testing testing testing
[2021-11-29T21:47:33.536] [ERROR] ma-core - get by id Task :task not found NaN post 1234
[2021-11-29T21:47:33.543] [ERROR] ma-core - get All Task By filter error :error testing testing testing
[2021-11-29T21:47:33.645] [ERROR] ma-core - add Task :missing property testing testing testing
[2021-11-29T21:47:33.648] [ERROR] ma-core - add Task :missing property NaN post 1234
[2021-11-29T21:47:33.657] [ERROR] ma-core - add Many Task :missing property testing testing testing
[2021-11-29T21:47:33.659] [ERROR] ma-core - add Many Task :missing property NaN post 1234
[2021-11-29T21:47:33.688] [ERROR] ma-core - Update Task Assignee :task not found testing testing testing
[2021-11-29T21:47:33.703] [ERROR] ma-core - Failed to Cancel the Task :failed to update the task testing testing testing
[2021-11-29T21:47:33.705] [ERROR] ma-core - Failed to Cancel the Task :failed to update the task NaN post 1234
[2021-11-29T21:47:33.714] [ERROR] ma-core - Failed to delete the Task :failed to update the task testing testing testing
[2021-11-29T21:47:33.716] [ERROR] ma-core - Failed to delete the Task :failed to update the task NaN post 1234
[2021-11-29T21:47:33.724] [ERROR] ma-core - Failed to finish the Task :failed to update the task testing testing testing
[2021-11-29T21:47:33.725] [ERROR] ma-core - Failed to finish the Task :failed to update the task NaN post 1234
[2021-11-29T21:47:33.733] [ERROR] ma-core - Failed to reject the Task :failed to update the task testing testing testing
[2021-11-29T21:47:33.735] [ERROR] ma-core - Failed to reject the Task :failed to update the task NaN post 1234
[2021-11-29T21:47:33.748] [ERROR] ma-core - Failed to start the Task :failed to update the task testing testing testing
[2021-11-29T21:47:33.752] [ERROR] ma-core - Failed to start the Task :failed to update the task NaN post 1234
[2021-11-29T21:47:33.759] [ERROR] ma-core - Failed to validate the Task :failed to update the task testing testing testing
[2021-11-29T21:47:33.761] [ERROR] ma-core - Failed to validate the Task :failed to update the task NaN post 1234
[2021-11-29T21:55:56.413] [ERROR] ma-core - get All Task By filter error :error testing testing testing
[2021-11-29T21:55:56.420] [ERROR] ma-core - get by id Task :task not found testing testing testing
[2021-11-29T21:55:56.421] [ERROR] ma-core - get by id Task :task not found NaN post 1234
[2021-11-29T21:55:56.429] [ERROR] ma-core - get All Task By filter error :error testing testing testing
[2021-11-29T21:55:56.531] [ERROR] ma-core - add Task :missing property testing testing testing
[2021-11-29T21:55:56.534] [ERROR] ma-core - add Task :missing property NaN post 1234
[2021-11-29T21:55:56.545] [ERROR] ma-core - add Many Task :missing property testing testing testing
[2021-11-29T21:55:56.546] [ERROR] ma-core - add Many Task :missing property NaN post 1234
[2021-11-29T21:55:56.577] [ERROR] ma-core - Update Task Assignee :task not found testing testing testing
[2021-11-29T21:55:56.594] [ERROR] ma-core - Failed to Cancel the Task :failed to update the task testing testing testing
[2021-11-29T21:55:56.595] [ERROR] ma-core - Failed to Cancel the Task :failed to update the task NaN post 1234
[2021-11-29T21:55:56.604] [ERROR] ma-core - Failed to delete the Task :failed to update the task testing testing testing
[2021-11-29T21:55:56.606] [ERROR] ma-core - Failed to delete the Task :failed to update the task NaN post 1234
[2021-11-29T21:55:56.613] [ERROR] ma-core - Failed to finish the Task :failed to update the task testing testing testing
[2021-11-29T21:55:56.616] [ERROR] ma-core - Failed to finish the Task :failed to update the task NaN post 1234
[2021-11-29T21:55:56.623] [ERROR] ma-core - Failed to reject the Task :failed to update the task testing testing testing
[2021-11-29T21:55:56.624] [ERROR] ma-core - Failed to reject the Task :failed to update the task NaN post 1234
[2021-11-29T21:55:56.637] [ERROR] ma-core - Failed to start the Task :failed to update the task testing testing testing
[2021-11-29T21:55:56.639] [ERROR] ma-core - Failed to start the Task :failed to update the task NaN post 1234
[2021-11-29T21:55:56.649] [ERROR] ma-core - Failed to validate the Task :failed to update the task testing testing testing
[2021-11-29T21:55:56.650] [ERROR] ma-core - Failed to validate the Task :failed to update the task NaN post 1234
[2021-11-29T21:58:47.933] [ERROR] ma-core - get All Task By filter error :error testing testing testing
[2021-11-29T21:58:47.940] [ERROR] ma-core - get by id Task :task not found testing testing testing
[2021-11-29T21:58:47.941] [ERROR] ma-core - get by id Task :task not found NaN post 1234
[2021-11-29T21:58:47.949] [ERROR] ma-core - get All Task By filter error :error testing testing testing
[2021-11-29T21:58:48.049] [ERROR] ma-core - add Task :missing property testing testing testing
[2021-11-29T21:58:48.051] [ERROR] ma-core - add Task :missing property NaN post 1234
[2021-11-29T21:58:48.060] [ERROR] ma-core - add Many Task :missing property testing testing testing
[2021-11-29T21:58:48.061] [ERROR] ma-core - add Many Task :missing property NaN post 1234
[2021-11-29T21:58:48.091] [ERROR] ma-core - Update Task Assignee :task not found testing testing testing
[2021-11-29T21:58:48.108] [ERROR] ma-core - Failed to Cancel the Task :failed to update the task testing testing testing
[2021-11-29T21:58:48.110] [ERROR] ma-core - Failed to Cancel the Task :failed to update the task NaN post 1234
[2021-11-29T21:58:48.118] [ERROR] ma-core - Failed to delete the Task :failed to update the task testing testing testing
[2021-11-29T21:58:48.120] [ERROR] ma-core - Failed to delete the Task :failed to update the task NaN post 1234
[2021-11-29T21:58:48.127] [ERROR] ma-core - Failed to finish the Task :failed to update the task testing testing testing
[2021-11-29T21:58:48.130] [ERROR] ma-core - Failed to finish the Task :failed to update the task NaN post 1234
[2021-11-29T21:58:48.138] [ERROR] ma-core - Failed to reject the Task :failed to update the task testing testing testing
[2021-11-29T21:58:48.139] [ERROR] ma-core - Failed to reject the Task :failed to update the task NaN post 1234
[2021-11-29T21:58:48.152] [ERROR] ma-core - Failed to start the Task :failed to update the task testing testing testing
[2021-11-29T21:58:48.153] [ERROR] ma-core - Failed to start the Task :failed to update the task NaN post 1234
[2021-11-29T21:58:48.163] [ERROR] ma-core - Failed to validate the Task :failed to update the task testing testing testing
[2021-11-29T21:58:48.164] [ERROR] ma-core - Failed to validate the Task :failed to update the task NaN post 1234
[2021-11-29T22:00:09.639] [ERROR] ma-core - get All Task By filter error :error testing testing testing
[2021-11-29T22:00:09.649] [ERROR] ma-core - get by id Task :task not found testing testing testing
[2021-11-29T22:00:09.650] [ERROR] ma-core - get by id Task :task not found NaN post 1234
[2021-11-29T22:00:09.658] [ERROR] ma-core - get All Task By filter error :error testing testing testing
[2021-11-29T22:00:09.759] [ERROR] ma-core - add Task :missing property testing testing testing
[2021-11-29T22:00:09.762] [ERROR] ma-core - add Task :missing property NaN post 1234
[2021-11-29T22:00:09.772] [ERROR] ma-core - add Many Task :missing property testing testing testing
[2021-11-29T22:00:09.773] [ERROR] ma-core - add Many Task :missing property NaN post 1234
[2021-11-29T22:00:09.803] [ERROR] ma-core - Update Task Assignee :task not found testing testing testing
[2021-11-29T22:00:09.818] [ERROR] ma-core - Failed to Cancel the Task :failed to update the task testing testing testing
[2021-11-29T22:00:09.820] [ERROR] ma-core - Failed to Cancel the Task :failed to update the task NaN post 1234
[2021-11-29T22:00:09.830] [ERROR] ma-core - Failed to delete the Task :failed to update the task testing testing testing
[2021-11-29T22:00:09.832] [ERROR] ma-core - Failed to delete the Task :failed to update the task NaN post 1234
[2021-11-29T22:00:09.840] [ERROR] ma-core - Failed to finish the Task :failed to update the task testing testing testing
[2021-11-29T22:00:09.841] [ERROR] ma-core - Failed to finish the Task :failed to update the task NaN post 1234
[2021-11-29T22:00:09.849] [ERROR] ma-core - Failed to reject the Task :failed to update the task testing testing testing
[2021-11-29T22:00:09.850] [ERROR] ma-core - Failed to reject the Task :failed to update the task NaN post 1234
[2021-11-29T22:00:09.863] [ERROR] ma-core - Failed to start the Task :failed to update the task testing testing testing
[2021-11-29T22:00:09.865] [ERROR] ma-core - Failed to start the Task :failed to update the task NaN post 1234
[2021-11-29T22:00:09.874] [ERROR] ma-core - Failed to validate the Task :failed to update the task testing testing testing
[2021-11-29T22:00:09.876] [ERROR] ma-core - Failed to validate the Task :failed to update the task NaN post 1234
[2021-11-29T22:01:28.938] [ERROR] ma-core - get All Task By filter error :error testing testing testing
[2021-11-29T22:01:28.944] [ERROR] ma-core - get by id Task :task not found testing testing testing
[2021-11-29T22:01:28.945] [ERROR] ma-core - get by id Task :task not found NaN post 1234
[2021-11-29T22:01:28.953] [ERROR] ma-core - get All Task By filter error :error testing testing testing
[2021-11-29T22:01:29.050] [ERROR] ma-core - add Task :missing property testing testing testing
[2021-11-29T22:01:29.052] [ERROR] ma-core - add Task :missing property NaN post 1234
[2021-11-29T22:01:29.062] [ERROR] ma-core - add Many Task :missing property testing testing testing
[2021-11-29T22:01:29.064] [ERROR] ma-core - add Many Task :missing property NaN post 1234
[2021-11-29T22:01:29.091] [ERROR] ma-core - Update Task Assignee :task not found testing testing testing
[2021-11-29T22:01:29.107] [ERROR] ma-core - Failed to Cancel the Task :failed to update the task testing testing testing
[2021-11-29T22:01:29.109] [ERROR] ma-core - Failed to Cancel the Task :failed to update the task NaN post 1234
[2021-11-29T22:01:29.118] [ERROR] ma-core - Failed to delete the Task :failed to update the task testing testing testing
[2021-11-29T22:01:29.120] [ERROR] ma-core - Failed to delete the Task :failed to update the task NaN post 1234
[2021-11-29T22:01:29.127] [ERROR] ma-core - Failed to finish the Task :failed to update the task testing testing testing
[2021-11-29T22:01:29.129] [ERROR] ma-core - Failed to finish the Task :failed to update the task NaN post 1234
[2021-11-29T22:01:29.137] [ERROR] ma-core - Failed to reject the Task :failed to update the task testing testing testing
[2021-11-29T22:01:29.138] [ERROR] ma-core - Failed to reject the Task :failed to update the task NaN post 1234
[2021-11-29T22:01:29.150] [ERROR] ma-core - Failed to start the Task :failed to update the task testing testing testing
[2021-11-29T22:01:29.152] [ERROR] ma-core - Failed to start the Task :failed to update the task NaN post 1234
[2021-11-29T22:01:29.161] [ERROR] ma-core - Failed to validate the Task :failed to update the task testing testing testing
[2021-11-29T22:01:29.162] [ERROR] ma-core - Failed to validate the Task :failed to update the task NaN post 1234
[2021-11-29T22:02:46.452] [ERROR] ma-core - get All Task By filter error :error testing testing testing
[2021-11-29T22:02:46.464] [ERROR] ma-core - get by id Task :task not found testing testing testing
[2021-11-29T22:02:46.466] [ERROR] ma-core - get by id Task :task not found NaN post 1234
[2021-11-29T22:02:46.475] [ERROR] ma-core - get All Task By filter error :error testing testing testing
[2021-11-29T22:02:46.575] [ERROR] ma-core - add Task :missing property testing testing testing
[2021-11-29T22:02:46.577] [ERROR] ma-core - add Task :missing property NaN post 1234
[2021-11-29T22:02:46.587] [ERROR] ma-core - add Many Task :missing property testing testing testing
[2021-11-29T22:02:46.588] [ERROR] ma-core - add Many Task :missing property NaN post 1234
[2021-11-29T22:02:46.617] [ERROR] ma-core - Update Task Assignee :task not found testing testing testing
[2021-11-29T22:02:46.633] [ERROR] ma-core - Failed to Cancel the Task :failed to update the task testing testing testing
[2021-11-29T22:02:46.634] [ERROR] ma-core - Failed to Cancel the Task :failed to update the task NaN post 1234
[2021-11-29T22:02:46.643] [ERROR] ma-core - Failed to delete the Task :failed to update the task testing testing testing
[2021-11-29T22:02:46.645] [ERROR] ma-core - Failed to delete the Task :failed to update the task NaN post 1234
[2021-11-29T22:02:46.652] [ERROR] ma-core - Failed to finish the Task :failed to update the task testing testing testing
[2021-11-29T22:02:46.654] [ERROR] ma-core - Failed to finish the Task :failed to update the task NaN post 1234
[2021-11-29T22:02:46.662] [ERROR] ma-core - Failed to reject the Task :failed to update the task testing testing testing
[2021-11-29T22:02:46.664] [ERROR] ma-core - Failed to reject the Task :failed to update the task NaN post 1234
[2021-11-29T22:02:46.678] [ERROR] ma-core - Failed to start the Task :failed to update the task testing testing testing
[2021-11-29T22:02:46.679] [ERROR] ma-core - Failed to start the Task :failed to update the task NaN post 1234
[2021-11-29T22:02:46.689] [ERROR] ma-core - Failed to validate the Task :failed to update the task testing testing testing
[2021-11-29T22:02:46.691] [ERROR] ma-core - Failed to validate the Task :failed to update the task NaN post 1234
