[2021-11-17T10:30:30.677] [ERROR] ma-core - add Role :missing property testing testing testing
[2021-11-17T10:31:11.915] [ERROR] ma-core - add Role :missing property testing testing testing
