TN:
SF:server.js
FN:41,(anonymous_0)
FN:64,(anonymous_1)
FNF:2
FNH:1
FNDA:1,(anonymous_0)
FNDA:0,(anonymous_1)
DA:1,1
DA:2,1
DA:3,1
DA:4,1
DA:5,1
DA:6,1
DA:7,1
DA:8,1
DA:11,1
DA:13,1
DA:14,1
DA:17,1
DA:26,1
DA:29,1
DA:30,1
DA:31,1
DA:32,1
DA:37,1
DA:39,1
DA:41,1
DA:42,1
DA:55,1
DA:56,1
DA:64,1
DA:65,0
DA:68,1
LF:26
LH:25
BRDA:39,0,0,1
BRDA:39,0,1,0
BRF:2
BRH:1
end_of_record
TN:
SF:config/db.js
FN:9,(anonymous_0)
FN:21,(anonymous_1)
FN:22,(anonymous_2)
FNF:3
FNH:3
FNDA:1,(anonymous_0)
FNDA:35,(anonymous_1)
FNDA:35,(anonymous_2)
DA:1,1
DA:2,1
DA:3,1
DA:5,1
DA:7,1
DA:8,1
DA:9,1
DA:10,1
DA:11,1
DA:17,1
DA:18,1
DA:19,1
DA:20,1
DA:21,1
DA:22,35
DA:23,35
DA:24,0
DA:32,0
DA:33,0
DA:36,1
LF:20
LH:17
BRDA:7,0,0,0
BRDA:7,0,1,1
BRDA:20,1,0,1
BRDA:20,1,1,0
BRDA:23,2,0,0
BRDA:23,2,1,35
BRF:6
BRH:3
end_of_record
TN:
SF:config/listCollections.js
FNF:0
FNH:0
DA:2,1
DA:7,1
LF:2
LH:2
BRF:0
BRH:0
end_of_record
TN:
SF:config/logger.js
FNF:0
FNH:0
DA:1,1
DA:108,1
DA:110,1
DA:111,1
DA:112,1
LF:5
LH:5
BRF:0
BRH:0
end_of_record
TN:
SF:controllers/category.controller.js
FN:5,(anonymous_0)
FN:14,(anonymous_1)
FN:37,(anonymous_2)
FN:46,(anonymous_3)
FNF:4
FNH:4
FNDA:3,(anonymous_0)
FNDA:4,(anonymous_1)
FNDA:3,(anonymous_2)
FNDA:4,(anonymous_3)
DA:1,1
DA:2,1
DA:5,1
DA:6,3
DA:7,3
DA:8,1
DA:9,2
DA:10,1
DA:14,1
DA:15,4
DA:16,4
DA:17,4
DA:18,4
DA:19,4
DA:20,4
DA:21,1
DA:23,4
DA:30,4
DA:31,2
DA:32,2
DA:33,1
DA:37,1
DA:38,3
DA:40,3
DA:41,1
DA:42,2
DA:43,1
DA:46,1
DA:47,4
DA:51,4
DA:55,4
DA:56,1
DA:57,3
DA:58,2
LF:34
LH:34
BRDA:7,0,0,1
BRDA:7,0,1,2
BRDA:9,1,0,1
BRDA:9,1,1,1
BRDA:20,2,0,1
BRDA:20,2,1,3
BRDA:30,3,0,2
BRDA:30,3,1,2
BRDA:32,4,0,1
BRDA:32,4,1,1
BRDA:40,5,0,1
BRDA:40,5,1,2
BRDA:42,6,0,1
BRDA:42,6,1,1
BRDA:55,7,0,1
BRDA:55,7,1,3
BRDA:57,8,0,2
BRDA:57,8,1,1
BRDA:59,9,0,1
BRDA:59,9,1,1
BRF:20
BRH:20
end_of_record
TN:
SF:controllers/client.controller.js
FN:5,(anonymous_0)
FN:30,(anonymous_1)
FN:42,(anonymous_2)
FN:56,(anonymous_3)
FN:68,(anonymous_4)
FN:78,(anonymous_5)
FN:85,(anonymous_6)
FN:102,(anonymous_7)
FNF:8
FNH:6
FNDA:3,(anonymous_0)
FNDA:6,(anonymous_1)
FNDA:1,(anonymous_2)
FNDA:2,(anonymous_3)
FNDA:2,(anonymous_4)
FNDA:0,(anonymous_5)
FNDA:0,(anonymous_6)
FNDA:3,(anonymous_7)
DA:1,1
DA:2,1
DA:3,1
DA:5,1
DA:6,3
DA:7,3
DA:8,1
DA:14,1
DA:16,2
DA:17,2
DA:23,2
DA:30,1
DA:31,6
DA:33,6
DA:34,2
DA:35,4
DA:36,3
DA:42,1
DA:43,1
DA:44,1
DA:45,1
DA:47,1
DA:48,1
DA:49,0
DA:50,0
DA:56,1
DA:57,2
DA:59,2
DA:60,1
DA:61,1
DA:62,1
DA:68,1
DA:69,2
DA:70,2
DA:71,1
DA:73,1
DA:74,1
DA:78,1
DA:79,0
DA:80,0
DA:81,0
DA:82,0
DA:83,0
DA:85,1
DA:86,0
DA:87,0
DA:88,0
DA:89,0
DA:90,0
DA:102,1
DA:103,3
DA:104,3
DA:105,3
DA:107,3
DA:108,1
DA:109,2
DA:110,2
LF:57
LH:45
BRDA:7,0,0,1
BRDA:7,0,1,2
BRDA:10,1,0,0
BRDA:10,1,1,1
BRDA:11,2,0,0
BRDA:11,2,1,1
BRDA:12,3,0,0
BRDA:12,3,1,1
BRDA:16,4,0,2
BRDA:16,4,1,0
BRDA:19,5,0,1
BRDA:19,5,1,1
BRDA:20,6,0,1
BRDA:20,6,1,1
BRDA:21,7,0,1
BRDA:21,7,1,1
BRDA:24,8,0,0
BRDA:24,8,1,2
BRDA:33,9,0,2
BRDA:33,9,1,4
BRDA:35,10,0,3
BRDA:35,10,1,1
BRDA:37,11,0,2
BRDA:37,11,1,1
BRDA:47,12,0,1
BRDA:47,12,1,0
BRDA:49,13,0,0
BRDA:49,13,1,0
BRDA:51,14,0,0
BRDA:51,14,1,0
BRDA:59,15,0,1
BRDA:59,15,1,1
BRDA:61,16,0,1
BRDA:61,16,1,0
BRDA:63,17,0,1
BRDA:63,17,1,0
BRDA:70,18,0,1
BRDA:70,18,1,1
BRDA:73,19,0,1
BRDA:73,19,1,0
BRDA:75,20,0,1
BRDA:75,20,1,0
BRDA:80,21,0,0
BRDA:80,21,1,0
BRDA:82,22,0,0
BRDA:82,22,1,0
BRDA:87,23,0,0
BRDA:87,23,1,0
BRDA:89,24,0,0
BRDA:89,24,1,0
BRDA:107,25,0,1
BRDA:107,25,1,2
BRDA:109,26,0,2
BRDA:109,26,1,0
BRDA:111,27,0,2
BRDA:111,27,1,0
BRF:56
BRH:32
end_of_record
TN:
SF:controllers/comment.controller.js
FN:5,(anonymous_0)
FN:36,(anonymous_1)
FN:39,(anonymous_2)
FN:46,(anonymous_3)
FN:53,(anonymous_4)
FN:98,(anonymous_5)
FN:142,(anonymous_6)
FN:185,(anonymous_7)
FN:201,(anonymous_8)
FNF:9
FNH:9
FNDA:3,(anonymous_0)
FNDA:10,(anonymous_1)
FNDA:15,(anonymous_2)
FNDA:6,(anonymous_3)
FNDA:5,(anonymous_4)
FNDA:5,(anonymous_5)
FNDA:5,(anonymous_6)
FNDA:2,(anonymous_7)
FNDA:2,(anonymous_8)
DA:1,1
DA:2,1
DA:3,1
DA:5,1
DA:6,3
DA:7,3
DA:8,3
DA:9,3
DA:11,2
DA:17,2
DA:18,2
DA:19,1
DA:24,1
DA:30,1
DA:36,1
DA:37,10
DA:38,9
DA:39,9
DA:40,15
DA:41,6
DA:44,9
DA:46,1
DA:47,6
DA:48,4
DA:50,2
DA:53,1
DA:54,5
DA:55,5
DA:56,5
DA:57,1
DA:62,5
DA:63,5
DA:64,5
DA:65,4
DA:66,3
DA:67,3
DA:68,2
DA:72,2
DA:73,2
DA:74,1
DA:80,1
DA:86,1
DA:92,2
DA:98,1
DA:99,5
DA:100,5
DA:101,5
DA:102,4
DA:103,4
DA:104,4
DA:105,3
DA:106,3
DA:107,3
DA:108,2
DA:109,2
DA:110,1
DA:116,1
DA:123,1
DA:129,1
DA:135,1
DA:142,1
DA:143,5
DA:144,5
DA:145,5
DA:146,4
DA:147,4
DA:148,4
DA:149,3
DA:150,3
DA:151,2
DA:152,2
DA:153,1
DA:159,1
DA:166,1
DA:172,1
DA:178,1
DA:185,1
DA:186,2
DA:187,2
DA:188,2
DA:189,1
DA:194,1
DA:201,1
DA:202,2
DA:203,2
DA:204,2
DA:205,1
DA:210,1
LF:88
LH:88
BRDA:18,0,0,1
BRDA:18,0,1,1
BRDA:40,1,0,6
BRDA:40,1,1,9
BRDA:40,2,0,15
BRDA:40,2,1,15
BRDA:47,3,0,4
BRDA:47,3,1,2
BRDA:56,4,0,1
BRDA:56,4,1,4
BRDA:67,5,0,2
BRDA:67,5,1,1
BRDA:67,6,0,3
BRDA:67,6,1,1
BRDA:73,7,0,1
BRDA:73,7,1,1
BRDA:101,8,0,4
BRDA:101,8,1,1
BRDA:107,9,0,2
BRDA:107,9,1,1
BRDA:107,10,0,3
BRDA:107,10,1,1
BRDA:109,11,0,1
BRDA:109,11,1,1
BRDA:145,12,0,4
BRDA:145,12,1,1
BRDA:150,13,0,2
BRDA:150,13,1,1
BRDA:152,14,0,1
BRDA:152,14,1,1
BRDA:188,15,0,1
BRDA:188,15,1,1
BRDA:204,16,0,1
BRDA:204,16,1,1
BRF:34
BRH:34
end_of_record
TN:
SF:controllers/customer.controller.js
FN:10,(anonymous_0)
FN:65,(anonymous_1)
FN:108,(anonymous_2)
FN:149,(anonymous_3)
FN:208,getSystems
FN:215,(anonymous_5)
FN:221,(anonymous_6)
FN:245,(anonymous_7)
FN:247,(anonymous_8)
FN:254,(anonymous_9)
FN:254,(anonymous_10)
FN:260,(anonymous_11)
FN:262,(anonymous_12)
FN:265,(anonymous_13)
FN:265,(anonymous_14)
FN:272,generateMapsSystemsLayout
FN:282,(anonymous_16)
FN:308,(anonymous_17)
FNF:18
FNH:17
FNDA:2,(anonymous_0)
FNDA:6,(anonymous_1)
FNDA:2,(anonymous_2)
FNDA:0,(anonymous_3)
FNDA:2,getSystems
FNDA:1,(anonymous_5)
FNDA:1,(anonymous_6)
FNDA:1,(anonymous_7)
FNDA:1,(anonymous_8)
FNDA:1,(anonymous_9)
FNDA:1,(anonymous_10)
FNDA:1,(anonymous_11)
FNDA:1,(anonymous_12)
FNDA:1,(anonymous_13)
FNDA:1,(anonymous_14)
FNDA:1,generateMapsSystemsLayout
FNDA:2,(anonymous_16)
FNDA:2,(anonymous_17)
DA:1,1
DA:2,1
DA:3,1
DA:4,1
DA:5,1
DA:6,1
DA:7,1
DA:10,1
DA:12,2
DA:16,2
DA:17,1
DA:18,1
DA:19,1
DA:22,2
DA:36,2
DA:37,0
DA:38,0
DA:40,0
DA:44,2
DA:45,2
DA:46,1
DA:52,1
DA:54,1
DA:55,1
DA:61,1
DA:65,1
DA:66,6
DA:67,6
DA:68,6
DA:69,6
DA:70,6
DA:71,6
DA:72,2
DA:74,6
DA:75,6
DA:87,6
DA:88,3
DA:94,3
DA:96,3
DA:97,2
DA:103,2
DA:108,1
DA:109,2
DA:110,2
DA:111,1
DA:112,1
DA:113,0
DA:114,0
DA:115,0
DA:117,0
DA:123,0
DA:128,1
DA:134,1
DA:136,1
DA:137,1
DA:143,1
DA:149,1
DA:151,0
DA:156,0
DA:157,0
DA:158,0
DA:159,0
DA:160,0
DA:163,0
DA:164,0
DA:165,0
DA:167,0
DA:172,0
DA:173,0
DA:174,0
DA:177,0
DA:178,0
DA:179,0
DA:182,0
DA:186,0
DA:187,0
DA:193,0
DA:195,0
DA:196,0
DA:202,0
DA:209,2
DA:210,2
DA:215,2
DA:216,1
DA:221,2
DA:222,2
DA:223,1
DA:228,1
DA:245,1
DA:246,1
DA:247,1
DA:253,1
DA:254,1
DA:257,1
DA:260,1
DA:261,1
DA:262,1
DA:265,1
DA:269,1
DA:273,1
DA:274,1
DA:276,1
DA:282,1
DA:283,2
DA:284,2
DA:285,2
DA:286,2
DA:287,1
DA:289,2
DA:290,1
DA:292,2
DA:298,2
DA:299,2
DA:301,2
DA:302,1
DA:304,1
DA:308,1
DA:309,2
DA:310,2
DA:311,1
DA:313,1
LF:121
LH:90
BRDA:16,0,0,1
BRDA:16,0,1,1
BRDA:23,1,0,2
BRDA:23,1,1,1
BRDA:24,2,0,2
BRDA:24,2,1,0
BRDA:25,3,0,2
BRDA:25,3,1,1
BRDA:26,4,0,2
BRDA:26,4,1,1
BRDA:28,5,0,1
BRDA:28,5,1,1
BRDA:29,6,0,1
BRDA:29,6,1,1
BRDA:32,7,0,2
BRDA:32,7,1,1
BRDA:33,8,0,2
BRDA:33,8,1,1
BRDA:36,9,0,0
BRDA:36,9,1,2
BRDA:37,10,0,0
BRDA:37,10,1,0
BRDA:45,11,0,1
BRDA:45,11,1,1
BRDA:48,12,0,0
BRDA:48,12,1,1
BRDA:49,13,0,0
BRDA:49,13,1,1
BRDA:50,14,0,0
BRDA:50,14,1,1
BRDA:54,15,0,1
BRDA:54,15,1,0
BRDA:57,16,0,0
BRDA:57,16,1,1
BRDA:58,17,0,0
BRDA:58,17,1,1
BRDA:59,18,0,0
BRDA:59,18,1,1
BRDA:71,19,0,2
BRDA:71,19,1,4
BRDA:87,20,0,3
BRDA:87,20,1,3
BRDA:90,21,0,1
BRDA:90,21,1,2
BRDA:91,22,0,1
BRDA:91,22,1,2
BRDA:92,23,0,1
BRDA:92,23,1,2
BRDA:96,24,0,2
BRDA:96,24,1,1
BRDA:99,25,0,1
BRDA:99,25,1,1
BRDA:100,26,0,1
BRDA:100,26,1,1
BRDA:101,27,0,1
BRDA:101,27,1,1
BRDA:110,28,0,1
BRDA:110,28,1,1
BRDA:111,29,0,1
BRDA:111,29,1,1
BRDA:112,30,0,0
BRDA:112,30,1,1
BRDA:114,31,0,0
BRDA:114,31,1,0
BRDA:119,32,0,0
BRDA:119,32,1,0
BRDA:120,33,0,0
BRDA:120,33,1,0
BRDA:121,34,0,0
BRDA:121,34,1,0
BRDA:124,35,0,0
BRDA:124,35,1,0
BRDA:130,36,0,0
BRDA:130,36,1,1
BRDA:131,37,0,0
BRDA:131,37,1,1
BRDA:132,38,0,0
BRDA:132,38,1,1
BRDA:136,39,0,1
BRDA:136,39,1,0
BRDA:139,40,0,0
BRDA:139,40,1,1
BRDA:140,41,0,0
BRDA:140,41,1,1
BRDA:141,42,0,0
BRDA:141,42,1,1
BRDA:144,43,0,1
BRDA:144,43,1,0
BRDA:156,44,0,0
BRDA:156,44,1,0
BRDA:163,45,0,0
BRDA:163,45,1,0
BRDA:164,46,0,0
BRDA:164,46,1,0
BRDA:172,47,0,0
BRDA:172,47,1,0
BRDA:177,48,0,0
BRDA:177,48,1,0
BRDA:186,49,0,0
BRDA:186,49,1,0
BRDA:189,50,0,0
BRDA:189,50,1,0
BRDA:190,51,0,0
BRDA:190,51,1,0
BRDA:191,52,0,0
BRDA:191,52,1,0
BRDA:195,53,0,0
BRDA:195,53,1,0
BRDA:198,54,0,0
BRDA:198,54,1,0
BRDA:199,55,0,0
BRDA:199,55,1,0
BRDA:200,56,0,0
BRDA:200,56,1,0
BRDA:203,57,0,0
BRDA:203,57,1,0
BRDA:222,58,0,1
BRDA:222,58,1,1
BRDA:286,59,0,1
BRDA:286,59,1,1
BRDA:289,60,0,1
BRDA:289,60,1,1
BRDA:299,61,0,2
BRDA:299,61,1,2
BRDA:299,61,2,1
BRDA:301,62,0,1
BRDA:301,62,1,1
BRDA:310,63,0,1
BRDA:310,63,1,1
BRF:129
BRH:71
end_of_record
TN:
SF:controllers/customerContact.controller.js
FN:7,(anonymous_0)
FN:20,(anonymous_1)
FN:36,(anonymous_2)
FN:51,(anonymous_3)
FN:68,(anonymous_4)
FN:85,(anonymous_5)
FN:88,(anonymous_6)
FN:119,(anonymous_7)
FN:137,(anonymous_8)
FN:195,(anonymous_9)
FN:224,(anonymous_10)
FN:238,(anonymous_11)
FN:265,(anonymous_12)
FNF:13
FNH:13
FNDA:3,(anonymous_0)
FNDA:2,(anonymous_1)
FNDA:2,(anonymous_2)
FNDA:2,(anonymous_3)
FNDA:4,(anonymous_4)
FNDA:4,(anonymous_5)
FNDA:8,(anonymous_6)
FNDA:2,(anonymous_7)
FNDA:5,(anonymous_8)
FNDA:5,(anonymous_9)
FNDA:8,(anonymous_10)
FNDA:3,(anonymous_11)
FNDA:2,(anonymous_12)
DA:1,1
DA:2,1
DA:3,1
DA:4,1
DA:7,1
DA:8,3
DA:9,3
DA:10,1
DA:13,2
DA:14,2
DA:20,1
DA:21,2
DA:25,2
DA:26,1
DA:29,1
DA:30,1
DA:36,1
DA:37,2
DA:40,2
DA:41,1
DA:44,1
DA:45,1
DA:51,1
DA:52,2
DA:56,2
DA:57,1
DA:60,1
DA:61,1
DA:68,1
DA:70,4
DA:71,4
DA:72,2
DA:80,2
DA:84,2
DA:85,2
DA:86,4
DA:87,4
DA:88,4
DA:89,8
DA:90,2
DA:92,8
DA:96,8
DA:103,2
DA:104,2
DA:105,1
DA:106,1
DA:107,1
DA:119,1
DA:120,2
DA:126,2
DA:127,1
DA:130,1
DA:131,1
DA:137,1
DA:139,5
DA:140,5
DA:141,1
DA:152,4
DA:156,4
DA:157,1
DA:164,3
DA:166,3
DA:171,0
DA:175,0
DA:179,0
DA:180,0
DA:184,0
DA:185,0
DA:195,1
DA:197,5
DA:198,5
DA:199,1
DA:208,4
DA:211,4
DA:212,1
DA:217,3
DA:218,3
DA:219,0
DA:223,3
DA:225,8
DA:229,3
DA:233,2
DA:237,1
DA:239,3
DA:242,1
DA:249,1
DA:250,1
DA:253,0
DA:254,0
DA:265,1
DA:267,2
DA:271,2
DA:272,1
DA:275,1
DA:276,1
LF:95
LH:86
BRDA:9,0,0,1
BRDA:9,0,1,2
BRDA:13,1,0,2
BRDA:13,1,1,0
BRDA:25,2,0,1
BRDA:25,2,1,1
BRDA:29,3,0,1
BRDA:29,3,1,0
BRDA:40,4,0,1
BRDA:40,4,1,1
BRDA:44,5,0,1
BRDA:44,5,1,0
BRDA:45,6,0,1
BRDA:45,6,1,0
BRDA:56,7,0,1
BRDA:56,7,1,1
BRDA:60,8,0,1
BRDA:60,8,1,0
BRDA:61,9,0,1
BRDA:61,9,1,0
BRDA:71,10,0,2
BRDA:71,10,1,2
BRDA:74,11,0,0
BRDA:74,11,1,2
BRDA:84,12,0,2
BRDA:84,12,1,0
BRDA:86,13,0,4
BRDA:86,13,1,0
BRDA:89,14,0,2
BRDA:89,14,1,6
BRDA:104,15,0,1
BRDA:104,15,1,1
BRDA:106,16,0,1
BRDA:106,16,1,0
BRDA:109,17,0,0
BRDA:109,17,1,1
BRDA:126,18,0,1
BRDA:126,18,1,1
BRDA:130,19,0,1
BRDA:130,19,1,0
BRDA:140,20,0,1
BRDA:140,20,1,4
BRDA:143,21,0,0
BRDA:143,21,1,0
BRDA:156,22,0,1
BRDA:156,22,1,3
BRDA:159,23,0,1
BRDA:159,23,1,0
BRDA:166,24,0,0
BRDA:166,24,1,0
BRDA:167,25,0,3
BRDA:167,25,1,3
BRDA:167,25,2,3
BRDA:179,26,0,0
BRDA:179,26,1,0
BRDA:184,27,0,0
BRDA:184,27,1,0
BRDA:187,28,0,0
BRDA:187,28,1,0
BRDA:198,29,0,1
BRDA:198,29,1,4
BRDA:201,30,0,1
BRDA:201,30,1,0
BRDA:211,31,0,1
BRDA:211,31,1,3
BRDA:214,32,0,1
BRDA:214,32,1,0
BRDA:218,33,0,0
BRDA:218,33,1,3
BRDA:229,34,0,2
BRDA:229,34,1,1
BRDA:230,35,0,3
BRDA:230,35,1,2
BRDA:249,36,0,1
BRDA:249,36,1,0
BRDA:253,37,0,0
BRDA:253,37,1,0
BRDA:256,38,0,0
BRDA:256,38,1,0
BRDA:271,39,0,1
BRDA:271,39,1,1
BRDA:275,40,0,1
BRDA:275,40,1,0
BRDA:276,41,0,1
BRDA:276,41,1,0
BRF:85
BRH:52
end_of_record
TN:
SF:controllers/host.controller.js
FN:6,(anonymous_0)
FN:15,(anonymous_1)
FN:28,(anonymous_2)
FN:40,(anonymous_3)
FN:52,(anonymous_4)
FNF:5
FNH:5
FNDA:2,(anonymous_0)
FNDA:3,(anonymous_1)
FNDA:2,(anonymous_2)
FNDA:2,(anonymous_3)
FNDA:2,(anonymous_4)
DA:1,1
DA:2,1
DA:3,1
DA:5,1
DA:7,2
DA:8,2
DA:9,1
DA:11,1
DA:16,3
DA:18,3
DA:20,3
DA:21,1
DA:23,2
DA:29,2
DA:30,2
DA:31,2
DA:32,1
DA:34,1
DA:41,2
DA:42,2
DA:43,2
DA:44,1
DA:46,1
DA:53,2
DA:54,2
DA:55,2
DA:56,1
DA:58,1
LF:28
LH:28
BRDA:8,0,0,1
BRDA:8,0,1,1
BRDA:20,1,0,1
BRDA:20,1,1,2
BRDA:24,2,0,2
BRDA:24,2,1,0
BRDA:31,3,0,1
BRDA:31,3,1,1
BRDA:35,4,0,1
BRDA:35,4,1,0
BRDA:43,5,0,1
BRDA:43,5,1,1
BRDA:47,6,0,1
BRDA:47,6,1,0
BRDA:55,7,0,1
BRDA:55,7,1,1
BRDA:59,8,0,1
BRDA:59,8,1,0
BRF:18
BRH:14
end_of_record
TN:
SF:controllers/itOperation.controller.js
FN:5,(anonymous_0)
FN:31,(anonymous_1)
FN:77,(anonymous_2)
FN:123,(anonymous_3)
FN:163,(anonymous_4)
FN:205,(anonymous_5)
FN:245,(anonymous_6)
FN:278,(anonymous_7)
FN:340,(anonymous_8)
FNF:9
FNH:9
FNDA:2,(anonymous_0)
FNDA:1,(anonymous_1)
FNDA:1,(anonymous_2)
FNDA:2,(anonymous_3)
FNDA:2,(anonymous_4)
FNDA:2,(anonymous_5)
FNDA:2,(anonymous_6)
FNDA:2,(anonymous_7)
FNDA:3,(anonymous_8)
DA:1,1
DA:2,1
DA:5,1
DA:6,2
DA:7,2
DA:9,2
DA:10,2
DA:11,1
DA:17,1
DA:19,1
DA:20,1
DA:26,1
DA:31,1
DA:32,1
DA:33,1
DA:34,1
DA:35,1
DA:36,1
DA:50,1
DA:54,1
DA:55,1
DA:61,1
DA:63,0
DA:64,0
DA:70,0
DA:77,1
DA:78,1
DA:79,1
DA:80,1
DA:81,1
DA:82,1
DA:96,1
DA:100,1
DA:101,1
DA:107,1
DA:109,0
DA:110,0
DA:116,0
DA:123,1
DA:124,2
DA:125,2
DA:126,2
DA:127,2
DA:128,2
DA:130,0
DA:132,2
DA:137,2
DA:138,1
DA:141,1
DA:147,1
DA:149,1
DA:150,1
DA:156,1
DA:163,1
DA:164,2
DA:165,2
DA:168,2
DA:169,2
DA:171,0
DA:172,0
DA:174,2
DA:179,2
DA:180,1
DA:183,1
DA:189,1
DA:191,1
DA:192,1
DA:198,1
DA:205,1
DA:206,2
DA:207,2
DA:208,2
DA:209,2
DA:211,0
DA:212,0
DA:214,2
DA:219,2
DA:220,1
DA:226,1
DA:229,1
DA:231,1
DA:232,1
DA:238,1
DA:245,1
DA:246,2
DA:247,2
DA:252,2
DA:253,1
DA:262,1
DA:264,1
DA:265,1
DA:271,1
DA:278,1
DA:279,2
DA:282,2
DA:287,2
DA:288,1
DA:292,0
DA:295,2
DA:296,1
DA:302,1
DA:308,1
DA:313,1
DA:314,1
DA:323,1
DA:325,0
DA:326,0
DA:332,0
DA:340,1
DA:341,3
DA:342,3
DA:343,3
DA:345,3
DA:350,3
DA:351,1
DA:352,2
DA:353,2
LF:117
LH:102
BRDA:6,0,0,2
BRDA:6,0,1,0
BRDA:10,1,0,1
BRDA:10,1,1,1
BRDA:13,2,0,0
BRDA:13,2,1,1
BRDA:14,3,0,0
BRDA:14,3,1,1
BRDA:15,4,0,0
BRDA:15,4,1,1
BRDA:19,5,0,1
BRDA:19,5,1,0
BRDA:22,6,0,0
BRDA:22,6,1,1
BRDA:23,7,0,0
BRDA:23,7,1,1
BRDA:24,8,0,0
BRDA:24,8,1,1
BRDA:54,9,0,1
BRDA:54,9,1,0
BRDA:57,10,0,0
BRDA:57,10,1,1
BRDA:58,11,0,0
BRDA:58,11,1,1
BRDA:59,12,0,0
BRDA:59,12,1,1
BRDA:63,13,0,0
BRDA:63,13,1,0
BRDA:66,14,0,0
BRDA:66,14,1,0
BRDA:67,15,0,0
BRDA:67,15,1,0
BRDA:68,16,0,0
BRDA:68,16,1,0
BRDA:71,17,0,0
BRDA:71,17,1,0
BRDA:100,18,0,1
BRDA:100,18,1,0
BRDA:103,19,0,0
BRDA:103,19,1,1
BRDA:104,20,0,0
BRDA:104,20,1,1
BRDA:105,21,0,0
BRDA:105,21,1,1
BRDA:109,22,0,0
BRDA:109,22,1,0
BRDA:112,23,0,0
BRDA:112,23,1,0
BRDA:113,24,0,0
BRDA:113,24,1,0
BRDA:114,25,0,0
BRDA:114,25,1,0
BRDA:117,26,0,0
BRDA:117,26,1,0
BRDA:127,27,0,2
BRDA:127,27,1,0
BRDA:137,28,0,1
BRDA:137,28,1,1
BRDA:138,29,0,0
BRDA:138,29,1,1
BRDA:143,30,0,0
BRDA:143,30,1,1
BRDA:144,31,0,0
BRDA:144,31,1,1
BRDA:145,32,0,0
BRDA:145,32,1,1
BRDA:149,33,0,1
BRDA:149,33,1,0
BRDA:152,34,0,0
BRDA:152,34,1,1
BRDA:153,35,0,0
BRDA:153,35,1,1
BRDA:154,36,0,0
BRDA:154,36,1,1
BRDA:157,37,0,1
BRDA:157,37,1,0
BRDA:168,38,0,2
BRDA:168,38,1,0
BRDA:179,39,0,1
BRDA:179,39,1,1
BRDA:180,40,0,0
BRDA:180,40,1,1
BRDA:185,41,0,0
BRDA:185,41,1,1
BRDA:186,42,0,0
BRDA:186,42,1,1
BRDA:187,43,0,0
BRDA:187,43,1,1
BRDA:191,44,0,1
BRDA:191,44,1,0
BRDA:194,45,0,0
BRDA:194,45,1,1
BRDA:195,46,0,0
BRDA:195,46,1,1
BRDA:196,47,0,0
BRDA:196,47,1,1
BRDA:199,48,0,1
BRDA:199,48,1,0
BRDA:208,49,0,2
BRDA:208,49,1,0
BRDA:219,50,0,1
BRDA:219,50,1,1
BRDA:222,51,0,0
BRDA:222,51,1,1
BRDA:223,52,0,0
BRDA:223,52,1,1
BRDA:224,53,0,0
BRDA:224,53,1,1
BRDA:226,54,0,0
BRDA:226,54,1,1
BRDA:231,55,0,1
BRDA:231,55,1,0
BRDA:234,56,0,0
BRDA:234,56,1,1
BRDA:235,57,0,0
BRDA:235,57,1,1
BRDA:236,58,0,0
BRDA:236,58,1,1
BRDA:239,59,0,1
BRDA:239,59,1,0
BRDA:252,60,0,1
BRDA:252,60,1,1
BRDA:255,61,0,0
BRDA:255,61,1,1
BRDA:256,62,0,0
BRDA:256,62,1,1
BRDA:257,63,0,0
BRDA:257,63,1,1
BRDA:264,64,0,1
BRDA:264,64,1,0
BRDA:267,65,0,0
BRDA:267,65,1,1
BRDA:268,66,0,0
BRDA:268,66,1,1
BRDA:269,67,0,0
BRDA:269,67,1,1
BRDA:272,68,0,1
BRDA:272,68,1,0
BRDA:287,69,0,1
BRDA:287,69,1,1
BRDA:288,70,0,0
BRDA:288,70,1,1
BRDA:289,71,0,1
BRDA:289,71,1,1
BRDA:295,72,0,1
BRDA:295,72,1,1
BRDA:298,73,0,0
BRDA:298,73,1,1
BRDA:299,74,0,0
BRDA:299,74,1,1
BRDA:300,75,0,0
BRDA:300,75,1,1
BRDA:303,76,0,1
BRDA:303,76,1,0
BRDA:313,77,0,1
BRDA:313,77,1,0
BRDA:316,78,0,0
BRDA:316,78,1,1
BRDA:317,79,0,0
BRDA:317,79,1,1
BRDA:318,80,0,0
BRDA:318,80,1,1
BRDA:325,81,0,0
BRDA:325,81,1,0
BRDA:328,82,0,0
BRDA:328,82,1,0
BRDA:329,83,0,0
BRDA:329,83,1,0
BRDA:330,84,0,0
BRDA:330,84,1,0
BRDA:333,85,0,0
BRDA:333,85,1,0
BRDA:350,86,0,1
BRDA:350,86,1,2
BRDA:352,87,0,2
BRDA:352,87,1,0
BRDA:354,88,0,2
BRDA:354,88,1,0
BRF:178
BRH:83
end_of_record
TN:
SF:controllers/level.controller.js
FN:3,(anonymous_0)
FN:15,(anonymous_1)
FN:21,(anonymous_2)
FNF:3
FNH:3
FNDA:3,(anonymous_0)
FNDA:2,(anonymous_1)
FNDA:2,(anonymous_2)
DA:1,1
DA:3,1
DA:4,3
DA:8,3
DA:9,3
DA:10,2
DA:15,1
DA:16,2
DA:17,2
DA:18,2
DA:19,1
DA:21,1
DA:22,2
DA:23,2
DA:24,2
DA:25,2
DA:26,2
DA:27,1
LF:18
LH:18
BRDA:8,0,0,1
BRDA:8,0,1,2
BRDA:9,1,0,2
BRDA:9,1,1,1
BRDA:11,2,0,1
BRDA:11,2,1,1
BRDA:17,3,0,1
BRDA:17,3,1,1
BRDA:18,4,0,1
BRDA:18,4,1,1
BRDA:25,5,0,1
BRDA:25,5,1,1
BRDA:26,6,0,1
BRDA:26,6,1,1
BRF:14
BRH:14
end_of_record
TN:
SF:controllers/licence.controller.js
FN:6,(anonymous_0)
FN:30,(anonymous_1)
FN:51,(anonymous_2)
FN:75,(anonymous_3)
FN:104,(anonymous_4)
FN:130,(anonymous_5)
FNF:6
FNH:6
FNDA:4,(anonymous_0)
FNDA:1,(anonymous_1)
FNDA:4,(anonymous_2)
FNDA:4,(anonymous_3)
FNDA:4,(anonymous_4)
FNDA:6,(anonymous_5)
DA:1,1
DA:2,1
DA:3,1
DA:6,1
DA:7,4
DA:8,4
DA:9,2
DA:15,2
DA:17,2
DA:18,2
DA:24,2
DA:30,1
DA:31,1
DA:32,1
DA:33,1
DA:34,1
DA:36,1
DA:42,1
DA:43,1
DA:44,0
DA:45,0
DA:51,1
DA:52,4
DA:53,4
DA:54,2
DA:60,2
DA:62,2
DA:63,2
DA:69,2
DA:75,1
DA:76,4
DA:80,4
DA:81,2
DA:87,2
DA:89,2
DA:90,2
DA:96,2
DA:104,1
DA:105,4
DA:106,4
DA:107,2
DA:113,2
DA:115,2
DA:116,2
DA:122,2
DA:130,1
DA:131,6
DA:132,6
DA:133,2
DA:139,2
DA:141,4
DA:142,4
DA:148,4
LF:53
LH:51
BRDA:8,0,0,2
BRDA:8,0,1,2
BRDA:11,1,0,1
BRDA:11,1,1,1
BRDA:12,2,0,1
BRDA:12,2,1,1
BRDA:13,3,0,1
BRDA:13,3,1,1
BRDA:17,4,0,2
BRDA:17,4,1,0
BRDA:20,5,0,1
BRDA:20,5,1,1
BRDA:21,6,0,1
BRDA:21,6,1,1
BRDA:22,7,0,1
BRDA:22,7,1,1
BRDA:42,8,0,1
BRDA:42,8,1,0
BRDA:44,9,0,0
BRDA:44,9,1,0
BRDA:46,10,0,0
BRDA:46,10,1,0
BRDA:53,11,0,2
BRDA:53,11,1,2
BRDA:56,12,0,1
BRDA:56,12,1,1
BRDA:57,13,0,1
BRDA:57,13,1,1
BRDA:58,14,0,1
BRDA:58,14,1,1
BRDA:62,15,0,2
BRDA:62,15,1,0
BRDA:65,16,0,1
BRDA:65,16,1,1
BRDA:66,17,0,1
BRDA:66,17,1,1
BRDA:67,18,0,1
BRDA:67,18,1,1
BRDA:70,19,0,2
BRDA:70,19,1,0
BRDA:80,20,0,2
BRDA:80,20,1,2
BRDA:83,21,0,1
BRDA:83,21,1,1
BRDA:84,22,0,1
BRDA:84,22,1,1
BRDA:85,23,0,1
BRDA:85,23,1,1
BRDA:89,24,0,2
BRDA:89,24,1,0
BRDA:92,25,0,1
BRDA:92,25,1,1
BRDA:93,26,0,1
BRDA:93,26,1,1
BRDA:94,27,0,1
BRDA:94,27,1,1
BRDA:97,28,0,2
BRDA:97,28,1,0
BRDA:106,29,0,2
BRDA:106,29,1,2
BRDA:109,30,0,1
BRDA:109,30,1,1
BRDA:110,31,0,1
BRDA:110,31,1,1
BRDA:111,32,0,1
BRDA:111,32,1,1
BRDA:115,33,0,2
BRDA:115,33,1,0
BRDA:118,34,0,1
BRDA:118,34,1,1
BRDA:119,35,0,1
BRDA:119,35,1,1
BRDA:120,36,0,1
BRDA:120,36,1,1
BRDA:123,37,0,2
BRDA:123,37,1,0
BRDA:132,38,0,2
BRDA:132,38,1,4
BRDA:135,39,0,1
BRDA:135,39,1,1
BRDA:136,40,0,1
BRDA:136,40,1,1
BRDA:137,41,0,1
BRDA:137,41,1,1
BRDA:141,42,0,4
BRDA:141,42,1,0
BRDA:144,43,0,2
BRDA:144,43,1,2
BRDA:145,44,0,2
BRDA:145,44,1,2
BRDA:146,45,0,2
BRDA:146,45,1,2
BRDA:149,46,0,4
BRDA:149,46,1,0
BRF:94
BRH:80
end_of_record
TN:
SF:controllers/map.controller.js
FN:9,(anonymous_0)
FN:29,(anonymous_1)
FN:41,(anonymous_2)
FN:54,(anonymous_3)
FN:91,(anonymous_4)
FN:110,(anonymous_5)
FNF:6
FNH:6
FNDA:3,(anonymous_0)
FNDA:3,(anonymous_1)
FNDA:4,(anonymous_2)
FNDA:5,(anonymous_3)
FNDA:6,(anonymous_4)
FNDA:4,(anonymous_5)
DA:2,1
DA:3,1
DA:4,1
DA:5,1
DA:9,1
DA:10,3
DA:20,0
DA:21,0
DA:22,0
DA:23,0
DA:24,0
DA:29,1
DA:30,3
DA:31,3
DA:32,3
DA:33,3
DA:34,1
DA:35,2
DA:36,1
DA:41,1
DA:42,4
DA:43,4
DA:44,1
DA:46,3
DA:54,1
DA:56,5
DA:66,0
DA:67,0
DA:69,0
DA:71,0
DA:72,0
DA:75,0
DA:76,0
DA:81,0
DA:82,0
DA:91,1
DA:92,6
DA:93,6
DA:94,1
DA:95,5
DA:96,4
DA:102,4
DA:110,1
DA:111,4
DA:112,4
DA:113,4
DA:114,4
DA:115,4
DA:116,4
DA:117,1
DA:119,3
LF:51
LH:37
BRDA:21,0,0,0
BRDA:21,0,1,0
BRDA:23,1,0,0
BRDA:23,1,1,0
BRDA:33,2,0,1
BRDA:33,2,1,2
BRDA:35,3,0,1
BRDA:35,3,1,1
BRDA:43,4,0,1
BRDA:43,4,1,3
BRDA:47,5,0,1
BRDA:47,5,1,2
BRDA:67,6,0,0
BRDA:67,6,1,0
BRDA:71,7,0,0
BRDA:71,7,1,0
BRDA:75,8,0,0
BRDA:75,8,1,0
BRDA:77,9,0,0
BRDA:77,9,1,0
BRDA:81,10,0,0
BRDA:81,10,1,0
BRDA:93,11,0,1
BRDA:93,11,1,5
BRDA:95,12,0,4
BRDA:95,12,1,1
BRDA:98,13,0,1
BRDA:98,13,1,3
BRDA:99,14,0,1
BRDA:99,14,1,3
BRDA:100,15,0,1
BRDA:100,15,1,3
BRDA:103,16,0,1
BRDA:103,16,1,3
BRDA:116,17,0,1
BRDA:116,17,1,3
BRDA:120,18,0,2
BRDA:120,18,1,1
BRF:38
BRH:24
end_of_record
TN:
SF:controllers/module.controller.js
FN:5,(anonymous_0)
FN:18,(anonymous_1)
FN:33,(anonymous_2)
FN:49,(anonymous_3)
FN:63,(anonymous_4)
FN:80,(anonymous_5)
FNF:6
FNH:6
FNDA:5,(anonymous_0)
FNDA:5,(anonymous_1)
FNDA:5,(anonymous_2)
FNDA:6,(anonymous_3)
FNDA:6,(anonymous_4)
FNDA:7,(anonymous_5)
DA:1,1
DA:2,1
DA:5,1
DA:6,5
DA:7,5
DA:8,2
DA:9,2
DA:11,3
DA:12,2
DA:13,2
DA:18,1
DA:19,5
DA:20,5
DA:21,5
DA:22,5
DA:23,2
DA:24,2
DA:26,3
DA:27,2
DA:28,2
DA:33,1
DA:34,5
DA:35,5
DA:36,5
DA:37,5
DA:38,5
DA:39,2
DA:40,2
DA:42,3
DA:43,2
DA:44,2
DA:49,1
DA:50,6
DA:51,6
DA:52,2
DA:53,2
DA:55,4
DA:56,3
DA:57,3
DA:63,1
DA:65,6
DA:66,6
DA:67,2
DA:68,2
DA:70,4
DA:71,3
DA:72,3
DA:80,1
DA:81,7
DA:82,7
DA:83,2
DA:84,2
DA:86,5
DA:87,4
DA:88,4
LF:55
LH:55
BRDA:7,0,0,2
BRDA:7,0,1,3
BRDA:8,1,0,1
BRDA:8,1,1,1
BRDA:8,2,0,1
BRDA:8,2,1,1
BRDA:8,3,0,1
BRDA:8,3,1,1
BRDA:11,4,0,2
BRDA:11,4,1,1
BRDA:12,5,0,1
BRDA:12,5,1,1
BRDA:12,6,0,1
BRDA:12,6,1,1
BRDA:12,7,0,1
BRDA:12,7,1,1
BRDA:22,8,0,2
BRDA:22,8,1,3
BRDA:23,9,0,1
BRDA:23,9,1,1
BRDA:23,10,0,1
BRDA:23,10,1,1
BRDA:23,11,0,1
BRDA:23,11,1,1
BRDA:26,12,0,2
BRDA:26,12,1,1
BRDA:27,13,0,1
BRDA:27,13,1,1
BRDA:27,14,0,1
BRDA:27,14,1,1
BRDA:27,15,0,1
BRDA:27,15,1,1
BRDA:38,16,0,2
BRDA:38,16,1,3
BRDA:39,17,0,1
BRDA:39,17,1,1
BRDA:39,18,0,1
BRDA:39,18,1,1
BRDA:39,19,0,1
BRDA:39,19,1,1
BRDA:42,20,0,2
BRDA:42,20,1,1
BRDA:43,21,0,1
BRDA:43,21,1,1
BRDA:43,22,0,1
BRDA:43,22,1,1
BRDA:43,23,0,1
BRDA:43,23,1,1
BRDA:51,24,0,2
BRDA:51,24,1,4
BRDA:52,25,0,1
BRDA:52,25,1,1
BRDA:52,26,0,1
BRDA:52,26,1,1
BRDA:52,27,0,1
BRDA:52,27,1,1
BRDA:55,28,0,3
BRDA:55,28,1,1
BRDA:56,29,0,1
BRDA:56,29,1,2
BRDA:56,30,0,1
BRDA:56,30,1,2
BRDA:56,31,0,1
BRDA:56,31,1,2
BRDA:58,32,0,2
BRDA:58,32,1,1
BRDA:66,33,0,2
BRDA:66,33,1,4
BRDA:67,34,0,1
BRDA:67,34,1,1
BRDA:67,35,0,1
BRDA:67,35,1,1
BRDA:67,36,0,1
BRDA:67,36,1,1
BRDA:70,37,0,3
BRDA:70,37,1,1
BRDA:71,38,0,1
BRDA:71,38,1,2
BRDA:71,39,0,1
BRDA:71,39,1,2
BRDA:71,40,0,1
BRDA:71,40,1,2
BRDA:73,41,0,2
BRDA:73,41,1,1
BRDA:82,42,0,2
BRDA:82,42,1,5
BRDA:83,43,0,1
BRDA:83,43,1,1
BRDA:83,44,0,1
BRDA:83,44,1,1
BRDA:83,45,0,1
BRDA:83,45,1,1
BRDA:86,46,0,4
BRDA:86,46,1,1
BRDA:87,47,0,1
BRDA:87,47,1,3
BRDA:87,48,0,1
BRDA:87,48,1,3
BRDA:87,49,0,1
BRDA:87,49,1,3
BRDA:88,50,0,1
BRDA:88,50,1,3
BRF:102
BRH:102
end_of_record
TN:
SF:controllers/monitoringActivity.controller.js
FN:4,(anonymous_0)
FN:13,(anonymous_1)
FN:31,(anonymous_2)
FN:55,(anonymous_3)
FNF:4
FNH:4
FNDA:2,(anonymous_0)
FNDA:3,(anonymous_1)
FNDA:2,(anonymous_2)
FNDA:3,(anonymous_3)
DA:1,1
DA:4,1
DA:5,2
DA:8,2
DA:9,2
DA:10,1
DA:13,1
DA:14,3
DA:19,3
DA:23,3
DA:24,3
DA:25,2
DA:31,1
DA:32,2
DA:33,2
DA:34,2
DA:35,2
DA:38,2
DA:40,2
DA:41,2
DA:43,0
DA:47,2
DA:48,2
DA:49,2
DA:50,1
DA:55,1
DA:56,3
DA:58,3
DA:59,3
DA:61,2
LF:30
LH:29
BRDA:8,0,0,1
BRDA:8,0,1,1
BRDA:9,1,0,1
BRDA:9,1,1,1
BRDA:23,2,0,1
BRDA:23,2,1,2
BRDA:24,3,0,2
BRDA:24,3,1,1
BRDA:26,4,0,1
BRDA:26,4,1,1
BRDA:41,5,0,0
BRDA:41,5,1,2
BRDA:48,6,0,1
BRDA:48,6,1,1
BRDA:49,7,0,1
BRDA:49,7,1,1
BRDA:59,8,0,1
BRDA:59,8,1,2
BRDA:62,9,0,1
BRDA:62,9,1,1
BRF:20
BRH:19
end_of_record
TN:
SF:controllers/monitoringType.controller.js
FN:5,(anonymous_0)
FN:13,(anonymous_1)
FN:25,(anonymous_2)
FN:33,(anonymous_3)
FN:51,(anonymous_4)
FNF:5
FNH:5
FNDA:3,(anonymous_0)
FNDA:3,(anonymous_1)
FNDA:3,(anonymous_2)
FNDA:4,(anonymous_3)
FNDA:3,(anonymous_4)
DA:1,1
DA:2,1
DA:5,1
DA:6,3
DA:7,3
DA:8,2
DA:9,1
DA:13,1
DA:14,3
DA:15,3
DA:16,3
DA:17,3
DA:18,3
DA:20,3
DA:21,2
DA:25,1
DA:26,3
DA:28,3
DA:29,2
DA:33,1
DA:34,4
DA:38,4
DA:42,4
DA:43,3
DA:44,2
DA:51,1
DA:52,3
DA:56,3
DA:57,1
DA:58,2
DA:59,1
LF:31
LH:31
BRDA:7,0,0,1
BRDA:7,0,1,2
BRDA:8,1,0,1
BRDA:8,1,1,1
BRDA:16,2,0,3
BRDA:16,2,1,3
BRDA:20,3,0,1
BRDA:20,3,1,2
BRDA:21,4,0,1
BRDA:21,4,1,1
BRDA:28,5,0,1
BRDA:28,5,1,2
BRDA:29,6,0,1
BRDA:29,6,1,1
BRDA:42,7,0,1
BRDA:42,7,1,3
BRDA:43,8,0,2
BRDA:43,8,1,1
BRDA:45,9,0,1
BRDA:45,9,1,1
BRDA:56,10,0,1
BRDA:56,10,1,2
BRDA:58,11,0,1
BRDA:58,11,1,1
BRF:24
BRH:24
end_of_record
TN:
SF:controllers/mtp.controller.js
FN:4,(anonymous_0)
FN:15,(anonymous_1)
FN:40,(anonymous_2)
FN:55,(anonymous_3)
FN:77,(anonymous_4)
FNF:5
FNH:5
FNDA:4,(anonymous_0)
FNDA:6,(anonymous_1)
FNDA:6,(anonymous_2)
FNDA:6,(anonymous_3)
FNDA:6,(anonymous_4)
DA:1,1
DA:4,1
DA:5,4
DA:6,4
DA:7,2
DA:9,2
DA:10,2
DA:15,1
DA:16,6
DA:17,6
DA:18,6
DA:19,6
DA:20,6
DA:21,6
DA:23,6
DA:28,6
DA:29,2
DA:31,4
DA:32,2
DA:34,2
DA:35,2
DA:40,1
DA:41,6
DA:43,6
DA:44,2
DA:46,4
DA:47,2
DA:50,2
DA:51,2
DA:55,1
DA:56,6
DA:60,6
DA:64,6
DA:65,2
DA:67,4
DA:68,2
DA:70,2
DA:71,2
DA:77,1
DA:78,6
DA:81,6
DA:84,6
DA:85,2
DA:87,4
DA:88,2
DA:90,2
DA:91,2
LF:47
LH:47
BRDA:6,0,0,2
BRDA:6,0,1,2
BRDA:9,1,0,2
BRDA:9,1,1,0
BRDA:20,2,0,6
BRDA:20,2,1,0
BRDA:28,3,0,2
BRDA:28,3,1,4
BRDA:31,4,0,2
BRDA:31,4,1,2
BRDA:34,5,0,2
BRDA:34,5,1,0
BRDA:43,6,0,2
BRDA:43,6,1,4
BRDA:46,7,0,2
BRDA:46,7,1,2
BRDA:50,8,0,2
BRDA:50,8,1,0
BRDA:64,9,0,2
BRDA:64,9,1,4
BRDA:67,10,0,2
BRDA:67,10,1,2
BRDA:70,11,0,2
BRDA:70,11,1,0
BRDA:72,12,0,2
BRDA:72,12,1,0
BRDA:84,13,0,2
BRDA:84,13,1,4
BRDA:87,14,0,2
BRDA:87,14,1,2
BRDA:90,15,0,2
BRDA:90,15,1,0
BRDA:92,16,0,2
BRDA:92,16,1,0
BRF:34
BRH:26
end_of_record
TN:
SF:controllers/newsFeed.controller.js
FN:7,(anonymous_0)
FN:10,(anonymous_1)
FN:18,(anonymous_2)
FN:26,(anonymous_3)
FN:49,(anonymous_4)
FN:62,(anonymous_5)
FN:105,(anonymous_6)
FN:129,(anonymous_7)
FN:179,(anonymous_8)
FN:229,(anonymous_9)
FN:277,(anonymous_10)
FN:303,(anonymous_11)
FNF:12
FNH:1
FNDA:0,(anonymous_0)
FNDA:0,(anonymous_1)
FNDA:0,(anonymous_2)
FNDA:0,(anonymous_3)
FNDA:5,(anonymous_4)
FNDA:0,(anonymous_5)
FNDA:0,(anonymous_6)
FNDA:0,(anonymous_7)
FNDA:0,(anonymous_8)
FNDA:0,(anonymous_9)
FNDA:0,(anonymous_10)
FNDA:0,(anonymous_11)
DA:1,1
DA:2,1
DA:3,1
DA:4,1
DA:5,1
DA:7,1
DA:8,0
DA:9,0
DA:10,0
DA:11,0
DA:12,0
DA:15,0
DA:18,1
DA:19,0
DA:20,0
DA:22,0
DA:26,1
DA:27,0
DA:28,0
DA:29,0
DA:30,0
DA:36,0
DA:38,0
DA:39,0
DA:45,0
DA:49,1
DA:50,5
DA:51,5
DA:52,5
DA:53,5
DA:54,5
DA:56,5
DA:57,5
DA:58,2
DA:59,2
DA:60,2
DA:61,0
DA:62,0
DA:63,0
DA:67,0
DA:80,0
DA:83,0
DA:85,0
DA:86,0
DA:92,0
DA:94,0
DA:95,0
DA:101,0
DA:105,1
DA:106,0
DA:107,0
DA:108,0
DA:109,0
DA:115,0
DA:117,0
DA:118,0
DA:124,0
DA:129,1
DA:130,0
DA:131,0
DA:132,0
DA:133,0
DA:134,0
DA:139,0
DA:140,0
DA:141,0
DA:142,0
DA:143,0
DA:144,0
DA:145,0
DA:146,0
DA:147,0
DA:153,0
DA:155,0
DA:161,0
DA:166,0
DA:172,0
DA:179,1
DA:180,0
DA:181,0
DA:182,0
DA:183,0
DA:188,0
DA:189,0
DA:190,0
DA:191,0
DA:192,0
DA:193,0
DA:195,0
DA:196,0
DA:197,0
DA:203,0
DA:205,0
DA:211,0
DA:216,0
DA:222,0
DA:229,1
DA:230,0
DA:231,0
DA:232,0
DA:233,0
DA:238,0
DA:239,0
DA:240,0
DA:241,0
DA:242,0
DA:243,0
DA:244,0
DA:245,0
DA:251,0
DA:253,0
DA:259,0
DA:264,0
DA:270,0
DA:277,1
DA:278,0
DA:279,0
DA:280,0
DA:281,0
DA:282,0
DA:288,0
DA:290,0
DA:291,0
DA:297,0
DA:303,1
DA:304,0
DA:305,0
DA:306,0
DA:307,0
DA:308,0
DA:314,0
DA:316,0
DA:317,0
DA:323,0
LF:134
LH:25
BRDA:11,0,0,0
BRDA:11,0,1,0
BRDA:11,1,0,0
BRDA:11,1,1,0
BRDA:19,2,0,0
BRDA:19,2,1,0
BRDA:29,3,0,0
BRDA:29,3,1,0
BRDA:32,4,0,0
BRDA:32,4,1,0
BRDA:33,5,0,0
BRDA:33,5,1,0
BRDA:34,6,0,0
BRDA:34,6,1,0
BRDA:38,7,0,0
BRDA:38,7,1,0
BRDA:41,8,0,0
BRDA:41,8,1,0
BRDA:42,9,0,0
BRDA:42,9,1,0
BRDA:43,10,0,0
BRDA:43,10,1,0
BRDA:85,11,0,0
BRDA:85,11,1,0
BRDA:88,12,0,0
BRDA:88,12,1,0
BRDA:89,13,0,0
BRDA:89,13,1,0
BRDA:90,14,0,0
BRDA:90,14,1,0
BRDA:94,15,0,0
BRDA:94,15,1,0
BRDA:97,16,0,0
BRDA:97,16,1,0
BRDA:98,17,0,0
BRDA:98,17,1,0
BRDA:99,18,0,0
BRDA:99,18,1,0
BRDA:108,19,0,0
BRDA:108,19,1,0
BRDA:111,20,0,0
BRDA:111,20,1,0
BRDA:112,21,0,0
BRDA:112,21,1,0
BRDA:113,22,0,0
BRDA:113,22,1,0
BRDA:117,23,0,0
BRDA:117,23,1,0
BRDA:120,24,0,0
BRDA:120,24,1,0
BRDA:121,25,0,0
BRDA:121,25,1,0
BRDA:122,26,0,0
BRDA:122,26,1,0
BRDA:125,27,0,0
BRDA:125,27,1,0
BRDA:133,28,0,0
BRDA:133,28,1,0
BRDA:144,29,0,0
BRDA:144,29,1,0
BRDA:144,30,0,0
BRDA:144,30,1,0
BRDA:146,31,0,0
BRDA:146,31,1,0
BRDA:149,32,0,0
BRDA:149,32,1,0
BRDA:150,33,0,0
BRDA:150,33,1,0
BRDA:151,34,0,0
BRDA:151,34,1,0
BRDA:157,35,0,0
BRDA:157,35,1,0
BRDA:158,36,0,0
BRDA:158,36,1,0
BRDA:159,37,0,0
BRDA:159,37,1,0
BRDA:162,38,0,0
BRDA:162,38,1,0
BRDA:182,39,0,0
BRDA:182,39,1,0
BRDA:193,40,0,0
BRDA:193,40,1,0
BRDA:193,41,0,0
BRDA:193,41,1,0
BRDA:196,42,0,0
BRDA:196,42,1,0
BRDA:199,43,0,0
BRDA:199,43,1,0
BRDA:200,44,0,0
BRDA:200,44,1,0
BRDA:201,45,0,0
BRDA:201,45,1,0
BRDA:207,46,0,0
BRDA:207,46,1,0
BRDA:208,47,0,0
BRDA:208,47,1,0
BRDA:209,48,0,0
BRDA:209,48,1,0
BRDA:212,49,0,0
BRDA:212,49,1,0
BRDA:232,50,0,0
BRDA:232,50,1,0
BRDA:242,51,0,0
BRDA:242,51,1,0
BRDA:244,52,0,0
BRDA:244,52,1,0
BRDA:247,53,0,0
BRDA:247,53,1,0
BRDA:248,54,0,0
BRDA:248,54,1,0
BRDA:249,55,0,0
BRDA:249,55,1,0
BRDA:255,56,0,0
BRDA:255,56,1,0
BRDA:256,57,0,0
BRDA:256,57,1,0
BRDA:257,58,0,0
BRDA:257,58,1,0
BRDA:260,59,0,0
BRDA:260,59,1,0
BRDA:281,60,0,0
BRDA:281,60,1,0
BRDA:284,61,0,0
BRDA:284,61,1,0
BRDA:285,62,0,0
BRDA:285,62,1,0
BRDA:286,63,0,0
BRDA:286,63,1,0
BRDA:290,64,0,0
BRDA:290,64,1,0
BRDA:293,65,0,0
BRDA:293,65,1,0
BRDA:294,66,0,0
BRDA:294,66,1,0
BRDA:295,67,0,0
BRDA:295,67,1,0
BRDA:298,68,0,0
BRDA:298,68,1,0
BRDA:307,69,0,0
BRDA:307,69,1,0
BRDA:310,70,0,0
BRDA:310,70,1,0
BRDA:311,71,0,0
BRDA:311,71,1,0
BRDA:312,72,0,0
BRDA:312,72,1,0
BRDA:316,73,0,0
BRDA:316,73,1,0
BRDA:319,74,0,0
BRDA:319,74,1,0
BRDA:320,75,0,0
BRDA:320,75,1,0
BRDA:321,76,0,0
BRDA:321,76,1,0
BRDA:324,77,0,0
BRDA:324,77,1,0
BRF:156
BRH:0
end_of_record
TN:
SF:controllers/nomenclature.controller.js
FN:4,(anonymous_0)
FNF:1
FNH:1
FNDA:7,(anonymous_0)
DA:1,1
DA:2,1
DA:4,1
DA:5,7
DA:6,7
DA:7,7
DA:8,7
DA:9,4
DA:15,4
DA:17,3
DA:18,2
DA:24,2
LF:12
LH:12
BRDA:6,0,0,6
BRDA:6,0,1,1
BRDA:8,1,0,4
BRDA:8,1,1,3
BRDA:11,2,0,1
BRDA:11,2,1,3
BRDA:12,3,0,1
BRDA:12,3,1,3
BRDA:13,4,0,1
BRDA:13,4,1,3
BRDA:17,5,0,2
BRDA:17,5,1,1
BRDA:20,6,0,1
BRDA:20,6,1,1
BRDA:21,7,0,1
BRDA:21,7,1,1
BRDA:22,8,0,1
BRDA:22,8,1,1
BRF:18
BRH:18
end_of_record
TN:
SF:controllers/result.controller.js
FN:11,(anonymous_0)
FN:65,(anonymous_1)
FN:110,(anonymous_2)
FN:115,(anonymous_3)
FN:154,(anonymous_4)
FN:162,(anonymous_5)
FN:197,(anonymous_6)
FN:212,(anonymous_7)
FN:214,(anonymous_8)
FN:215,(anonymous_9)
FN:242,(anonymous_10)
FN:247,(anonymous_11)
FNF:12
FNH:0
FNDA:0,(anonymous_0)
FNDA:0,(anonymous_1)
FNDA:0,(anonymous_2)
FNDA:0,(anonymous_3)
FNDA:0,(anonymous_4)
FNDA:0,(anonymous_5)
FNDA:0,(anonymous_6)
FNDA:0,(anonymous_7)
FNDA:0,(anonymous_8)
FNDA:0,(anonymous_9)
FNDA:0,(anonymous_10)
FNDA:0,(anonymous_11)
DA:1,1
DA:2,1
DA:3,1
DA:4,1
DA:5,1
DA:6,1
DA:7,1
DA:8,1
DA:11,1
DA:12,0
DA:13,0
DA:14,0
DA:15,0
DA:16,0
DA:22,0
DA:24,0
DA:26,0
DA:27,0
DA:28,0
DA:31,0
DA:32,0
DA:33,0
DA:34,0
DA:40,0
DA:41,0
DA:42,0
DA:48,0
DA:51,0
DA:52,0
DA:54,0
DA:60,0
DA:65,1
DA:66,0
DA:67,0
DA:68,0
DA:69,0
DA:70,0
DA:76,0
DA:78,0
DA:79,0
DA:80,0
DA:86,0
DA:88,0
DA:89,0
DA:91,0
DA:92,0
DA:93,0
DA:95,0
DA:97,0
DA:101,0
DA:102,0
DA:104,0
DA:110,1
DA:111,0
DA:112,0
DA:113,0
DA:114,0
DA:115,0
DA:116,0
DA:117,0
DA:118,0
DA:125,0
DA:131,0
DA:132,0
DA:138,0
DA:142,0
DA:148,0
DA:154,1
DA:155,0
DA:156,0
DA:157,0
DA:159,0
DA:160,0
DA:161,0
DA:162,0
DA:163,0
DA:164,0
DA:165,0
DA:172,0
DA:178,0
DA:179,0
DA:185,0
DA:187,0
DA:193,0
DA:197,1
DA:199,0
DA:200,0
DA:203,0
DA:204,0
DA:206,0
DA:207,0
DA:210,0
DA:211,0
DA:212,0
DA:213,0
DA:214,0
DA:215,0
DA:216,0
DA:217,0
DA:218,0
DA:225,0
DA:230,0
DA:234,0
DA:236,0
DA:242,1
DA:243,0
DA:244,0
DA:245,0
DA:246,0
DA:247,0
DA:248,0
DA:249,0
DA:250,0
DA:257,0
DA:263,0
DA:264,0
DA:266,0
LF:117
LH:14
BRDA:15,0,0,0
BRDA:15,0,1,0
BRDA:18,1,0,0
BRDA:18,1,1,0
BRDA:19,2,0,0
BRDA:19,2,1,0
BRDA:20,3,0,0
BRDA:20,3,1,0
BRDA:26,4,0,0
BRDA:26,4,1,0
BRDA:33,5,0,0
BRDA:33,5,1,0
BRDA:36,6,0,0
BRDA:36,6,1,0
BRDA:37,7,0,0
BRDA:37,7,1,0
BRDA:38,8,0,0
BRDA:38,8,1,0
BRDA:41,9,0,0
BRDA:41,9,1,0
BRDA:44,10,0,0
BRDA:44,10,1,0
BRDA:45,11,0,0
BRDA:45,11,1,0
BRDA:46,12,0,0
BRDA:46,12,1,0
BRDA:56,13,0,0
BRDA:56,13,1,0
BRDA:57,14,0,0
BRDA:57,14,1,0
BRDA:58,15,0,0
BRDA:58,15,1,0
BRDA:69,16,0,0
BRDA:69,16,1,0
BRDA:72,17,0,0
BRDA:72,17,1,0
BRDA:73,18,0,0
BRDA:73,18,1,0
BRDA:74,19,0,0
BRDA:74,19,1,0
BRDA:79,20,0,0
BRDA:79,20,1,0
BRDA:82,21,0,0
BRDA:82,21,1,0
BRDA:83,22,0,0
BRDA:83,22,1,0
BRDA:84,23,0,0
BRDA:84,23,1,0
BRDA:91,24,0,0
BRDA:91,24,1,0
BRDA:101,25,0,0
BRDA:101,25,1,0
BRDA:105,26,0,0
BRDA:105,26,1,0
BRDA:113,27,0,0
BRDA:113,27,1,0
BRDA:117,28,0,0
BRDA:117,28,1,0
BRDA:120,29,0,0
BRDA:120,29,1,0
BRDA:121,30,0,0
BRDA:121,30,1,0
BRDA:122,31,0,0
BRDA:122,31,1,0
BRDA:128,32,0,0
BRDA:128,32,1,0
BRDA:134,33,0,0
BRDA:134,33,1,0
BRDA:135,34,0,0
BRDA:135,34,1,0
BRDA:136,35,0,0
BRDA:136,35,1,0
BRDA:144,36,0,0
BRDA:144,36,1,0
BRDA:145,37,0,0
BRDA:145,37,1,0
BRDA:146,38,0,0
BRDA:146,38,1,0
BRDA:156,39,0,0
BRDA:156,39,1,0
BRDA:160,40,0,0
BRDA:160,40,1,0
BRDA:164,41,0,0
BRDA:164,41,1,0
BRDA:167,42,0,0
BRDA:167,42,1,0
BRDA:168,43,0,0
BRDA:168,43,1,0
BRDA:169,44,0,0
BRDA:169,44,1,0
BRDA:175,45,0,0
BRDA:175,45,1,0
BRDA:181,46,0,0
BRDA:181,46,1,0
BRDA:182,47,0,0
BRDA:182,47,1,0
BRDA:183,48,0,0
BRDA:183,48,1,0
BRDA:189,49,0,0
BRDA:189,49,1,0
BRDA:190,50,0,0
BRDA:190,50,1,0
BRDA:191,51,0,0
BRDA:191,51,1,0
BRDA:203,52,0,0
BRDA:203,52,1,0
BRDA:211,53,0,0
BRDA:211,53,1,0
BRDA:217,54,0,0
BRDA:217,54,1,0
BRDA:220,55,0,0
BRDA:220,55,1,0
BRDA:221,56,0,0
BRDA:221,56,1,0
BRDA:222,57,0,0
BRDA:222,57,1,0
BRDA:228,58,0,0
BRDA:228,58,1,0
BRDA:237,59,0,0
BRDA:237,59,1,0
BRDA:245,60,0,0
BRDA:245,60,1,0
BRDA:249,61,0,0
BRDA:249,61,1,0
BRDA:252,62,0,0
BRDA:252,62,1,0
BRDA:253,63,0,0
BRDA:253,63,1,0
BRDA:254,64,0,0
BRDA:254,64,1,0
BRDA:260,65,0,0
BRDA:260,65,1,0
BRDA:267,66,0,0
BRDA:267,66,1,0
BRF:134
BRH:0
end_of_record
TN:
SF:controllers/resultForm.controller.js
FN:4,(anonymous_0)
FN:13,(anonymous_1)
FN:34,(anonymous_2)
FN:60,(anonymous_3)
FN:83,(anonymous_4)
FN:106,(anonymous_5)
FN:129,(anonymous_6)
FNF:7
FNH:7
FNDA:2,(anonymous_0)
FNDA:4,(anonymous_1)
FNDA:6,(anonymous_2)
FNDA:4,(anonymous_3)
FNDA:4,(anonymous_4)
FNDA:4,(anonymous_5)
FNDA:5,(anonymous_6)
DA:1,1
DA:2,1
DA:4,1
DA:5,2
DA:6,2
DA:7,2
DA:8,1
DA:10,1
DA:13,1
DA:14,4
DA:15,4
DA:16,2
DA:22,2
DA:24,2
DA:25,2
DA:31,2
DA:34,1
DA:35,6
DA:36,6
DA:37,6
DA:38,6
DA:39,6
DA:40,6
DA:41,3
DA:47,3
DA:49,3
DA:50,2
DA:56,2
DA:60,1
DA:61,4
DA:62,4
DA:63,2
DA:69,2
DA:71,2
DA:72,2
DA:78,2
DA:83,1
DA:84,4
DA:85,4
DA:86,2
DA:92,2
DA:94,2
DA:95,2
DA:101,2
DA:106,1
DA:107,4
DA:108,4
DA:109,2
DA:115,2
DA:117,2
DA:118,2
DA:124,2
DA:129,1
DA:130,5
DA:131,5
DA:132,2
DA:138,2
DA:140,3
DA:146,3
LF:59
LH:59
BRDA:7,0,0,1
BRDA:7,0,1,1
BRDA:7,1,0,2
BRDA:7,1,1,2
BRDA:15,2,0,2
BRDA:15,2,1,2
BRDA:18,3,0,1
BRDA:18,3,1,1
BRDA:19,4,0,1
BRDA:19,4,1,1
BRDA:20,5,0,1
BRDA:20,5,1,1
BRDA:24,6,0,2
BRDA:24,6,1,0
BRDA:27,7,0,1
BRDA:27,7,1,1
BRDA:28,8,0,1
BRDA:28,8,1,1
BRDA:29,9,0,1
BRDA:29,9,1,1
BRDA:37,10,0,0
BRDA:37,10,1,6
BRDA:40,11,0,3
BRDA:40,11,1,3
BRDA:43,12,0,1
BRDA:43,12,1,2
BRDA:44,13,0,1
BRDA:44,13,1,2
BRDA:45,14,0,1
BRDA:45,14,1,2
BRDA:49,15,0,2
BRDA:49,15,1,1
BRDA:52,16,0,1
BRDA:52,16,1,1
BRDA:53,17,0,1
BRDA:53,17,1,1
BRDA:54,18,0,1
BRDA:54,18,1,1
BRDA:62,19,0,2
BRDA:62,19,1,2
BRDA:65,20,0,1
BRDA:65,20,1,1
BRDA:66,21,0,1
BRDA:66,21,1,1
BRDA:67,22,0,1
BRDA:67,22,1,1
BRDA:71,23,0,2
BRDA:71,23,1,0
BRDA:74,24,0,1
BRDA:74,24,1,1
BRDA:75,25,0,1
BRDA:75,25,1,1
BRDA:76,26,0,1
BRDA:76,26,1,1
BRDA:79,27,0,2
BRDA:79,27,1,0
BRDA:85,28,0,2
BRDA:85,28,1,2
BRDA:88,29,0,1
BRDA:88,29,1,1
BRDA:89,30,0,1
BRDA:89,30,1,1
BRDA:90,31,0,1
BRDA:90,31,1,1
BRDA:94,32,0,2
BRDA:94,32,1,0
BRDA:97,33,0,1
BRDA:97,33,1,1
BRDA:98,34,0,1
BRDA:98,34,1,1
BRDA:99,35,0,1
BRDA:99,35,1,1
BRDA:102,36,0,2
BRDA:102,36,1,0
BRDA:108,37,0,2
BRDA:108,37,1,2
BRDA:111,38,0,1
BRDA:111,38,1,1
BRDA:112,39,0,1
BRDA:112,39,1,1
BRDA:113,40,0,1
BRDA:113,40,1,1
BRDA:117,41,0,2
BRDA:117,41,1,0
BRDA:120,42,0,1
BRDA:120,42,1,1
BRDA:121,43,0,1
BRDA:121,43,1,1
BRDA:122,44,0,1
BRDA:122,44,1,1
BRDA:125,45,0,2
BRDA:125,45,1,0
BRDA:131,46,0,2
BRDA:131,46,1,3
BRDA:134,47,0,1
BRDA:134,47,1,1
BRDA:135,48,0,1
BRDA:135,48,1,1
BRDA:136,49,0,1
BRDA:136,49,1,1
BRDA:142,50,0,1
BRDA:142,50,1,2
BRDA:143,51,0,1
BRDA:143,51,1,2
BRDA:144,52,0,1
BRDA:144,52,1,2
BRDA:147,53,0,1
BRDA:147,53,1,2
BRF:108
BRH:100
end_of_record
TN:
SF:controllers/role.controller.js
FN:5,(anonymous_0)
FN:28,(anonymous_1)
FN:70,(anonymous_2)
FN:94,(anonymous_3)
FN:120,(anonymous_4)
FN:145,(anonymous_5)
FNF:6
FNH:6
FNDA:5,(anonymous_0)
FNDA:5,(anonymous_1)
FNDA:6,(anonymous_2)
FNDA:6,(anonymous_3)
FNDA:7,(anonymous_4)
FNDA:6,(anonymous_5)
DA:1,1
DA:2,1
DA:5,1
DA:6,5
DA:7,5
DA:8,2
DA:14,2
DA:16,3
DA:17,2
DA:23,2
DA:28,1
DA:29,5
DA:30,5
DA:31,5
DA:32,5
DA:33,5
DA:34,5
DA:36,5
DA:38,1
DA:43,5
DA:48,5
DA:49,5
DA:50,2
DA:56,2
DA:58,3
DA:59,2
DA:65,2
DA:70,1
DA:71,6
DA:72,6
DA:73,2
DA:79,2
DA:81,4
DA:82,3
DA:88,3
DA:94,1
DA:95,6
DA:96,6
DA:97,2
DA:103,2
DA:105,4
DA:106,3
DA:112,3
DA:120,1
DA:121,7
DA:122,7
DA:123,2
DA:129,2
DA:131,5
DA:132,4
DA:138,4
DA:145,1
DA:146,6
DA:151,6
DA:152,2
DA:158,2
DA:160,4
DA:161,3
DA:167,3
LF:59
LH:59
BRDA:7,0,0,2
BRDA:7,0,1,3
BRDA:10,1,0,1
BRDA:10,1,1,1
BRDA:11,2,0,1
BRDA:11,2,1,1
BRDA:12,3,0,1
BRDA:12,3,1,1
BRDA:16,4,0,2
BRDA:16,4,1,1
BRDA:19,5,0,1
BRDA:19,5,1,1
BRDA:20,6,0,1
BRDA:20,6,1,1
BRDA:21,7,0,1
BRDA:21,7,1,1
BRDA:36,8,0,1
BRDA:36,8,1,4
BRDA:45,9,0,0
BRDA:45,9,1,5
BRDA:49,10,0,2
BRDA:49,10,1,3
BRDA:52,11,0,1
BRDA:52,11,1,1
BRDA:53,12,0,1
BRDA:53,12,1,1
BRDA:54,13,0,1
BRDA:54,13,1,1
BRDA:58,14,0,2
BRDA:58,14,1,1
BRDA:61,15,0,1
BRDA:61,15,1,1
BRDA:62,16,0,1
BRDA:62,16,1,1
BRDA:63,17,0,1
BRDA:63,17,1,1
BRDA:72,18,0,2
BRDA:72,18,1,4
BRDA:75,19,0,1
BRDA:75,19,1,1
BRDA:76,20,0,1
BRDA:76,20,1,1
BRDA:77,21,0,1
BRDA:77,21,1,1
BRDA:81,22,0,3
BRDA:81,22,1,1
BRDA:84,23,0,1
BRDA:84,23,1,2
BRDA:85,24,0,1
BRDA:85,24,1,2
BRDA:86,25,0,1
BRDA:86,25,1,2
BRDA:89,26,0,2
BRDA:89,26,1,1
BRDA:96,27,0,2
BRDA:96,27,1,4
BRDA:99,28,0,1
BRDA:99,28,1,1
BRDA:100,29,0,1
BRDA:100,29,1,1
BRDA:101,30,0,1
BRDA:101,30,1,1
BRDA:105,31,0,3
BRDA:105,31,1,1
BRDA:108,32,0,1
BRDA:108,32,1,2
BRDA:109,33,0,1
BRDA:109,33,1,2
BRDA:110,34,0,1
BRDA:110,34,1,2
BRDA:113,35,0,2
BRDA:113,35,1,1
BRDA:122,36,0,2
BRDA:122,36,1,5
BRDA:125,37,0,1
BRDA:125,37,1,1
BRDA:126,38,0,1
BRDA:126,38,1,1
BRDA:127,39,0,1
BRDA:127,39,1,1
BRDA:131,40,0,4
BRDA:131,40,1,1
BRDA:134,41,0,1
BRDA:134,41,1,3
BRDA:135,42,0,1
BRDA:135,42,1,3
BRDA:136,43,0,1
BRDA:136,43,1,3
BRDA:139,44,0,2
BRDA:139,44,1,2
BRDA:151,45,0,2
BRDA:151,45,1,4
BRDA:154,46,0,1
BRDA:154,46,1,1
BRDA:155,47,0,1
BRDA:155,47,1,1
BRDA:156,48,0,1
BRDA:156,48,1,1
BRDA:160,49,0,3
BRDA:160,49,1,1
BRDA:163,50,0,1
BRDA:163,50,1,2
BRDA:164,51,0,1
BRDA:164,51,1,2
BRDA:165,52,0,1
BRDA:165,52,1,2
BRDA:168,53,0,2
BRDA:168,53,1,1
BRF:108
BRH:107
end_of_record
TN:
SF:controllers/roleHistory.controller.js
FN:6,(anonymous_0)
FN:29,(anonymous_1)
FN:42,(anonymous_2)
FN:54,(anonymous_3)
FNF:4
FNH:4
FNDA:5,(anonymous_0)
FNDA:4,(anonymous_1)
FNDA:3,(anonymous_2)
FNDA:4,(anonymous_3)
DA:2,1
DA:3,1
DA:6,1
DA:7,5
DA:8,5
DA:9,2
DA:15,2
DA:17,3
DA:18,2
DA:24,2
DA:29,1
DA:30,4
DA:32,4
DA:33,1
DA:34,3
DA:35,2
DA:42,1
DA:43,3
DA:44,3
DA:45,3
DA:47,3
DA:48,1
DA:49,2
DA:50,1
DA:54,1
DA:55,4
DA:57,4
DA:58,1
DA:59,3
DA:60,2
LF:30
LH:30
BRDA:8,0,0,2
BRDA:8,0,1,3
BRDA:11,1,0,1
BRDA:11,1,1,1
BRDA:12,2,0,1
BRDA:12,2,1,1
BRDA:13,3,0,1
BRDA:13,3,1,1
BRDA:17,4,0,2
BRDA:17,4,1,1
BRDA:20,5,0,1
BRDA:20,5,1,1
BRDA:21,6,0,1
BRDA:21,6,1,1
BRDA:22,7,0,1
BRDA:22,7,1,1
BRDA:32,8,0,1
BRDA:32,8,1,3
BRDA:34,9,0,2
BRDA:34,9,1,1
BRDA:36,10,0,1
BRDA:36,10,1,1
BRDA:47,11,0,1
BRDA:47,11,1,2
BRDA:49,12,0,1
BRDA:49,12,1,1
BRDA:57,13,0,1
BRDA:57,13,1,3
BRDA:59,14,0,2
BRDA:59,14,1,1
BRDA:61,15,0,1
BRDA:61,15,1,1
BRF:32
BRH:32
end_of_record
TN:
SF:controllers/shift.controller.js
FN:32,(anonymous_0)
FN:58,(anonymous_1)
FN:65,(anonymous_2)
FN:111,(anonymous_3)
FN:168,(anonymous_4)
FN:213,(anonymous_5)
FN:218,(anonymous_6)
FN:225,(anonymous_7)
FN:256,(anonymous_8)
FN:287,(anonymous_9)
FN:310,(anonymous_10)
FN:312,(anonymous_11)
FN:434,(anonymous_12)
FN:460,(anonymous_13)
FN:462,(anonymous_14)
FN:484,(anonymous_15)
FN:536,(anonymous_16)
FN:554,(anonymous_17)
FN:556,(anonymous_18)
FN:569,(anonymous_19)
FN:608,(anonymous_20)
FN:623,(anonymous_21)
FN:640,(anonymous_22)
FN:669,(anonymous_23)
FN:671,(anonymous_24)
FNF:25
FNH:7
FNDA:1,(anonymous_0)
FNDA:0,(anonymous_1)
FNDA:0,(anonymous_2)
FNDA:1,(anonymous_3)
FNDA:0,(anonymous_4)
FNDA:0,(anonymous_5)
FNDA:0,(anonymous_6)
FNDA:0,(anonymous_7)
FNDA:0,(anonymous_8)
FNDA:0,(anonymous_9)
FNDA:0,(anonymous_10)
FNDA:0,(anonymous_11)
FNDA:0,(anonymous_12)
FNDA:0,(anonymous_13)
FNDA:0,(anonymous_14)
FNDA:0,(anonymous_15)
FNDA:0,(anonymous_16)
FNDA:1,(anonymous_17)
FNDA:2,(anonymous_18)
FNDA:2,(anonymous_19)
FNDA:4,(anonymous_20)
FNDA:2,(anonymous_21)
FNDA:0,(anonymous_22)
FNDA:0,(anonymous_23)
FNDA:0,(anonymous_24)
DA:1,1
DA:2,1
DA:3,1
DA:4,1
DA:5,1
DA:6,1
DA:7,1
DA:8,1
DA:9,1
DA:10,1
DA:11,1
DA:12,1
DA:13,1
DA:14,1
DA:16,1
DA:32,1
DA:33,1
DA:34,1
DA:35,1
DA:36,1
DA:37,1
DA:38,1
DA:39,1
DA:40,1
DA:41,1
DA:42,1
DA:44,1
DA:45,1
DA:46,0
DA:52,0
DA:54,1
DA:55,1
DA:56,1
DA:57,1
DA:58,0
DA:59,0
DA:60,0
DA:64,1
DA:65,0
DA:66,0
DA:67,0
DA:71,1
DA:72,1
DA:73,1
DA:74,0
DA:80,0
DA:82,1
DA:83,1
DA:85,0
DA:86,0
DA:87,0
DA:93,0
DA:95,0
DA:96,0
DA:99,0
DA:100,0
DA:106,0
DA:111,1
DA:112,1
DA:113,1
DA:114,1
DA:115,1
DA:116,1
DA:117,0
DA:123,0
DA:125,1
DA:126,1
DA:127,1
DA:128,1
DA:129,1
DA:130,0
DA:136,0
DA:138,1
DA:139,1
DA:141,0
DA:142,0
DA:143,0
DA:149,0
DA:151,0
DA:152,0
DA:156,0
DA:157,0
DA:163,0
DA:168,1
DA:169,0
DA:178,0
DA:179,0
DA:180,0
DA:181,0
DA:182,0
DA:188,0
DA:190,0
DA:191,0
DA:193,0
DA:194,0
DA:195,0
DA:200,0
DA:201,0
DA:207,0
DA:209,0
DA:210,0
DA:213,0
DA:214,0
DA:217,0
DA:218,0
DA:219,0
DA:225,0
DA:226,0
DA:227,0
DA:228,0
DA:235,0
DA:244,0
DA:245,0
DA:247,0
DA:248,0
DA:252,0
DA:253,0
DA:254,0
DA:255,0
DA:256,0
DA:257,0
DA:261,0
DA:263,0
DA:264,0
DA:267,0
DA:268,0
DA:269,0
DA:275,0
DA:277,0
DA:278,0
DA:281,0
DA:284,0
DA:286,0
DA:287,0
DA:288,0
DA:295,0
DA:296,0
DA:297,0
DA:303,0
DA:305,0
DA:306,0
DA:308,0
DA:310,0
DA:312,0
DA:313,0
DA:314,0
DA:317,0
DA:318,0
DA:322,0
DA:323,0
DA:329,0
DA:331,0
DA:332,0
DA:336,0
DA:342,0
DA:353,0
DA:354,0
DA:356,0
DA:357,0
DA:358,0
DA:364,0
DA:423,0
DA:424,0
DA:425,0
DA:432,0
DA:434,0
DA:435,0
DA:443,0
DA:459,0
DA:460,0
DA:461,0
DA:462,0
DA:463,0
DA:467,0
DA:470,0
DA:471,0
DA:474,0
DA:475,0
DA:476,0
DA:483,0
DA:484,0
DA:485,0
DA:492,0
DA:508,0
DA:509,0
DA:516,0
DA:518,0
DA:520,0
DA:522,0
DA:524,0
DA:532,0
DA:534,0
DA:535,0
DA:536,0
DA:537,0
DA:538,0
DA:542,0
DA:545,0
DA:547,0
DA:549,0
DA:554,1
DA:555,1
DA:556,1
DA:557,2
DA:562,1
DA:563,1
DA:564,0
DA:566,1
DA:567,1
DA:568,1
DA:569,1
DA:570,2
DA:571,1
DA:572,1
DA:573,1
DA:574,1
DA:577,1
DA:578,1
DA:579,0
DA:585,0
DA:588,1
DA:591,1
DA:592,0
DA:598,0
DA:600,1
DA:602,0
DA:608,1
DA:609,4
DA:611,4
DA:612,4
DA:613,2
DA:616,2
DA:623,1
DA:624,2
DA:625,2
DA:626,2
DA:627,2
DA:628,2
DA:629,2
DA:630,2
DA:631,1
DA:633,1
DA:636,0
DA:640,1
DA:641,0
DA:642,0
DA:643,0
DA:644,0
DA:645,0
DA:646,0
DA:647,0
DA:649,0
DA:650,0
DA:651,0
DA:657,0
DA:659,0
DA:660,0
DA:661,0
DA:668,0
DA:669,0
DA:671,0
DA:673,0
DA:675,0
DA:676,0
DA:682,0
LF:265
LH:89
BRDA:36,0,0,0
BRDA:36,0,1,1
BRDA:37,1,0,0
BRDA:37,1,1,1
BRDA:41,2,0,0
BRDA:41,2,1,1
BRDA:42,3,0,0
BRDA:42,3,1,1
BRDA:45,4,0,0
BRDA:45,4,1,1
BRDA:48,5,0,0
BRDA:48,5,1,0
BRDA:49,6,0,0
BRDA:49,6,1,0
BRDA:50,7,0,0
BRDA:50,7,1,0
BRDA:55,8,0,1
BRDA:55,8,1,0
BRDA:57,9,0,0
BRDA:57,9,1,1
BRDA:59,10,0,0
BRDA:59,10,1,0
BRDA:64,11,0,0
BRDA:64,11,1,1
BRDA:66,12,0,0
BRDA:66,12,1,0
BRDA:71,13,0,1
BRDA:71,13,1,0
BRDA:73,14,0,0
BRDA:73,14,1,1
BRDA:76,15,0,0
BRDA:76,15,1,0
BRDA:77,16,0,0
BRDA:77,16,1,0
BRDA:78,17,0,0
BRDA:78,17,1,0
BRDA:82,18,0,0
BRDA:82,18,1,1
BRDA:82,19,0,0
BRDA:82,19,1,1
BRDA:82,20,0,0
BRDA:82,20,1,1
BRDA:86,21,0,0
BRDA:86,21,1,0
BRDA:89,22,0,0
BRDA:89,22,1,0
BRDA:90,23,0,0
BRDA:90,23,1,0
BRDA:91,24,0,0
BRDA:91,24,1,0
BRDA:95,25,0,0
BRDA:95,25,1,0
BRDA:95,26,0,0
BRDA:95,26,1,0
BRDA:95,27,0,0
BRDA:95,27,1,0
BRDA:99,28,0,0
BRDA:99,28,1,0
BRDA:102,29,0,0
BRDA:102,29,1,0
BRDA:103,30,0,0
BRDA:103,30,1,0
BRDA:104,31,0,0
BRDA:104,31,1,0
BRDA:113,32,0,0
BRDA:113,32,1,1
BRDA:114,33,0,0
BRDA:114,33,1,1
BRDA:116,34,0,0
BRDA:116,34,1,1
BRDA:119,35,0,0
BRDA:119,35,1,0
BRDA:120,36,0,0
BRDA:120,36,1,0
BRDA:121,37,0,0
BRDA:121,37,1,0
BRDA:126,38,0,1
BRDA:126,38,1,0
BRDA:127,39,0,1
BRDA:127,39,1,0
BRDA:129,40,0,0
BRDA:129,40,1,1
BRDA:132,41,0,0
BRDA:132,41,1,0
BRDA:133,42,0,0
BRDA:133,42,1,0
BRDA:134,43,0,0
BRDA:134,43,1,0
BRDA:138,44,0,0
BRDA:138,44,1,1
BRDA:138,45,0,0
BRDA:138,45,1,1
BRDA:138,46,0,0
BRDA:138,46,1,1
BRDA:142,47,0,0
BRDA:142,47,1,0
BRDA:145,48,0,0
BRDA:145,48,1,0
BRDA:146,49,0,0
BRDA:146,49,1,0
BRDA:147,50,0,0
BRDA:147,50,1,0
BRDA:151,51,0,0
BRDA:151,51,1,0
BRDA:151,52,0,0
BRDA:151,52,1,0
BRDA:151,53,0,0
BRDA:151,53,1,0
BRDA:156,54,0,0
BRDA:156,54,1,0
BRDA:159,55,0,0
BRDA:159,55,1,0
BRDA:160,56,0,0
BRDA:160,56,1,0
BRDA:161,57,0,0
BRDA:161,57,1,0
BRDA:181,58,0,0
BRDA:181,58,1,0
BRDA:184,59,0,0
BRDA:184,59,1,0
BRDA:185,60,0,0
BRDA:185,60,1,0
BRDA:186,61,0,0
BRDA:186,61,1,0
BRDA:200,62,0,0
BRDA:200,62,1,0
BRDA:203,63,0,0
BRDA:203,63,1,0
BRDA:204,64,0,0
BRDA:204,64,1,0
BRDA:205,65,0,0
BRDA:205,65,1,0
BRDA:227,66,0,0
BRDA:227,66,1,0
BRDA:230,67,0,0
BRDA:230,67,1,0
BRDA:231,68,0,0
BRDA:231,68,1,0
BRDA:232,69,0,0
BRDA:232,69,1,0
BRDA:237,70,0,0
BRDA:237,70,1,0
BRDA:238,71,0,0
BRDA:238,71,1,0
BRDA:239,72,0,0
BRDA:239,72,1,0
BRDA:244,73,0,0
BRDA:244,73,1,0
BRDA:255,74,0,0
BRDA:255,74,1,0
BRDA:268,75,0,0
BRDA:268,75,1,0
BRDA:271,76,0,0
BRDA:271,76,1,0
BRDA:272,77,0,0
BRDA:272,77,1,0
BRDA:273,78,0,0
BRDA:273,78,1,0
BRDA:286,79,0,0
BRDA:286,79,1,0
BRDA:296,80,0,0
BRDA:296,80,1,0
BRDA:299,81,0,0
BRDA:299,81,1,0
BRDA:300,82,0,0
BRDA:300,82,1,0
BRDA:301,83,0,0
BRDA:301,83,1,0
BRDA:313,84,0,0
BRDA:313,84,1,0
BRDA:317,85,0,0
BRDA:317,85,1,0
BRDA:322,86,0,0
BRDA:322,86,1,0
BRDA:325,87,0,0
BRDA:325,87,1,0
BRDA:326,88,0,0
BRDA:326,88,1,0
BRDA:327,89,0,0
BRDA:327,89,1,0
BRDA:353,90,0,0
BRDA:353,90,1,0
BRDA:356,91,0,0
BRDA:356,91,1,0
BRDA:357,92,0,0
BRDA:357,92,1,0
BRDA:364,93,0,0
BRDA:364,93,1,0
BRDA:373,94,0,0
BRDA:373,94,1,0
BRDA:388,95,0,0
BRDA:388,95,1,0
BRDA:404,96,0,0
BRDA:404,96,1,0
BRDA:424,97,0,0
BRDA:424,97,1,0
BRDA:427,98,0,0
BRDA:427,98,1,0
BRDA:428,99,0,0
BRDA:428,99,1,0
BRDA:429,100,0,0
BRDA:429,100,1,0
BRDA:437,101,0,0
BRDA:437,101,1,0
BRDA:438,102,0,0
BRDA:438,102,1,0
BRDA:439,103,0,0
BRDA:439,103,1,0
BRDA:463,104,0,0
BRDA:463,104,1,0
BRDA:463,105,0,0
BRDA:463,105,1,0
BRDA:463,105,2,0
BRDA:470,106,0,0
BRDA:470,106,1,0
BRDA:475,107,0,0
BRDA:475,107,1,0
BRDA:478,108,0,0
BRDA:478,108,1,0
BRDA:479,109,0,0
BRDA:479,109,1,0
BRDA:480,110,0,0
BRDA:480,110,1,0
BRDA:487,111,0,0
BRDA:487,111,1,0
BRDA:488,112,0,0
BRDA:488,112,1,0
BRDA:489,113,0,0
BRDA:489,113,1,0
BRDA:508,114,0,0
BRDA:508,114,1,0
BRDA:511,115,0,0
BRDA:511,115,1,0
BRDA:512,116,0,0
BRDA:512,116,1,0
BRDA:513,117,0,0
BRDA:513,117,1,0
BRDA:526,118,0,0
BRDA:526,118,1,0
BRDA:527,119,0,0
BRDA:527,119,1,0
BRDA:528,120,0,0
BRDA:528,120,1,0
BRDA:535,121,0,0
BRDA:535,121,1,0
BRDA:537,122,0,0
BRDA:537,122,1,0
BRDA:563,123,0,0
BRDA:563,123,1,1
BRDA:570,124,0,1
BRDA:570,124,1,1
BRDA:570,125,0,2
BRDA:570,125,1,1
BRDA:573,126,0,1
BRDA:573,126,1,0
BRDA:578,127,0,0
BRDA:578,127,1,1
BRDA:581,128,0,0
BRDA:581,128,1,0
BRDA:582,129,0,0
BRDA:582,129,1,0
BRDA:583,130,0,0
BRDA:583,130,1,0
BRDA:591,131,0,0
BRDA:591,131,1,1
BRDA:594,132,0,0
BRDA:594,132,1,0
BRDA:595,133,0,0
BRDA:595,133,1,0
BRDA:596,134,0,0
BRDA:596,134,1,0
BRDA:612,135,0,2
BRDA:612,135,1,2
BRDA:614,136,0,1
BRDA:614,136,1,1
BRDA:617,137,0,1
BRDA:617,137,1,1
BRDA:625,138,0,2
BRDA:625,138,1,0
BRDA:630,139,0,1
BRDA:630,139,1,1
BRDA:646,140,0,0
BRDA:646,140,1,0
BRDA:647,141,0,0
BRDA:647,141,1,0
BRDA:650,142,0,0
BRDA:650,142,1,0
BRDA:653,143,0,0
BRDA:653,143,1,0
BRDA:654,144,0,0
BRDA:654,144,1,0
BRDA:655,145,0,0
BRDA:655,145,1,0
BRDA:660,146,0,0
BRDA:660,146,1,0
BRDA:663,147,0,0
BRDA:663,147,1,0
BRDA:664,148,0,0
BRDA:664,148,1,0
BRDA:665,149,0,0
BRDA:665,149,1,0
BRDA:669,150,0,0
BRDA:669,150,1,0
BRDA:675,151,0,0
BRDA:675,151,1,0
BRDA:678,152,0,0
BRDA:678,152,1,0
BRDA:679,153,0,0
BRDA:679,153,1,0
BRDA:680,154,0,0
BRDA:680,154,1,0
BRF:311
BRH:39
end_of_record
TN:
SF:controllers/shiftSyncLog.controller.js
FN:3,(anonymous_0)
FNF:1
FNH:1
FNDA:2,(anonymous_0)
DA:1,1
DA:3,1
DA:4,2
DA:6,2
DA:7,1
DA:9,1
LF:6
LH:6
BRDA:6,0,0,1
BRDA:6,0,1,1
BRF:2
BRH:2
end_of_record
TN:
SF:controllers/sla.controller.js
FN:7,(anonymous_0)
FN:30,(anonymous_1)
FN:52,(anonymous_2)
FN:76,(anonymous_3)
FN:106,(anonymous_4)
FNF:5
FNH:5
FNDA:5,(anonymous_0)
FNDA:4,(anonymous_1)
FNDA:6,(anonymous_2)
FNDA:6,(anonymous_3)
FNDA:6,(anonymous_4)
DA:1,1
DA:2,1
DA:4,1
DA:7,1
DA:8,5
DA:9,5
DA:10,2
DA:16,2
DA:18,3
DA:19,2
DA:25,2
DA:30,1
DA:32,4
DA:33,4
DA:34,4
DA:35,4
DA:37,4
DA:43,4
DA:44,1
DA:45,3
DA:46,2
DA:52,1
DA:53,6
DA:54,6
DA:55,2
DA:61,2
DA:63,4
DA:64,3
DA:70,3
DA:76,1
DA:81,6
DA:82,6
DA:83,2
DA:89,2
DA:91,4
DA:92,3
DA:98,3
DA:106,1
DA:107,6
DA:108,6
DA:109,2
DA:115,2
DA:117,4
DA:118,3
DA:124,3
LF:45
LH:45
BRDA:9,0,0,2
BRDA:9,0,1,3
BRDA:12,1,0,1
BRDA:12,1,1,1
BRDA:13,2,0,1
BRDA:13,2,1,1
BRDA:14,3,0,1
BRDA:14,3,1,1
BRDA:18,4,0,2
BRDA:18,4,1,1
BRDA:21,5,0,1
BRDA:21,5,1,1
BRDA:22,6,0,1
BRDA:22,6,1,1
BRDA:23,7,0,1
BRDA:23,7,1,1
BRDA:43,8,0,1
BRDA:43,8,1,3
BRDA:45,9,0,2
BRDA:45,9,1,1
BRDA:47,10,0,1
BRDA:47,10,1,1
BRDA:54,11,0,2
BRDA:54,11,1,4
BRDA:57,12,0,1
BRDA:57,12,1,1
BRDA:58,13,0,1
BRDA:58,13,1,1
BRDA:59,14,0,1
BRDA:59,14,1,1
BRDA:63,15,0,3
BRDA:63,15,1,1
BRDA:66,16,0,1
BRDA:66,16,1,2
BRDA:67,17,0,1
BRDA:67,17,1,2
BRDA:68,18,0,1
BRDA:68,18,1,2
BRDA:71,19,0,2
BRDA:71,19,1,1
BRDA:82,20,0,2
BRDA:82,20,1,4
BRDA:85,21,0,1
BRDA:85,21,1,1
BRDA:86,22,0,1
BRDA:86,22,1,1
BRDA:87,23,0,1
BRDA:87,23,1,1
BRDA:91,24,0,3
BRDA:91,24,1,1
BRDA:94,25,0,1
BRDA:94,25,1,2
BRDA:95,26,0,1
BRDA:95,26,1,2
BRDA:96,27,0,1
BRDA:96,27,1,2
BRDA:99,28,0,2
BRDA:99,28,1,1
BRDA:108,29,0,2
BRDA:108,29,1,4
BRDA:111,30,0,1
BRDA:111,30,1,1
BRDA:112,31,0,1
BRDA:112,31,1,1
BRDA:113,32,0,1
BRDA:113,32,1,1
BRDA:117,33,0,3
BRDA:117,33,1,1
BRDA:120,34,0,1
BRDA:120,34,1,2
BRDA:121,35,0,1
BRDA:121,35,1,2
BRDA:122,36,0,1
BRDA:122,36,1,2
BRDA:125,37,0,2
BRDA:125,37,1,1
BRF:76
BRH:76
end_of_record
TN:
SF:controllers/slaContract.controller.js
FN:7,(anonymous_0)
FN:30,(anonymous_1)
FN:61,(anonymous_2)
FN:91,(anonymous_3)
FN:124,(anonymous_4)
FN:151,(anonymous_5)
FNF:6
FNH:6
FNDA:4,(anonymous_0)
FNDA:4,(anonymous_1)
FNDA:4,(anonymous_2)
FNDA:4,(anonymous_3)
FNDA:4,(anonymous_4)
FNDA:3,(anonymous_5)
DA:1,1
DA:2,1
DA:3,1
DA:4,1
DA:7,1
DA:8,4
DA:9,4
DA:10,2
DA:16,2
DA:18,2
DA:19,2
DA:25,2
DA:30,1
DA:31,4
DA:38,4
DA:39,2
DA:45,2
DA:47,2
DA:48,2
DA:54,2
DA:61,1
DA:62,4
DA:69,4
DA:70,2
DA:76,2
DA:78,2
DA:79,2
DA:85,2
DA:91,1
DA:96,4
DA:100,4
DA:101,2
DA:107,2
DA:109,2
DA:110,2
DA:116,2
DA:124,1
DA:125,4
DA:128,4
DA:129,2
DA:135,2
DA:137,2
DA:138,2
DA:144,2
DA:151,1
DA:152,3
DA:153,3
DA:154,3
DA:155,3
DA:156,3
DA:162,3
DA:163,1
DA:164,2
DA:165,2
LF:54
LH:54
BRDA:9,0,0,2
BRDA:9,0,1,2
BRDA:12,1,0,1
BRDA:12,1,1,1
BRDA:13,2,0,1
BRDA:13,2,1,1
BRDA:14,3,0,1
BRDA:14,3,1,1
BRDA:18,4,0,2
BRDA:18,4,1,0
BRDA:21,5,0,1
BRDA:21,5,1,1
BRDA:22,6,0,1
BRDA:22,6,1,1
BRDA:23,7,0,1
BRDA:23,7,1,1
BRDA:38,8,0,2
BRDA:38,8,1,2
BRDA:41,9,0,1
BRDA:41,9,1,1
BRDA:42,10,0,1
BRDA:42,10,1,1
BRDA:43,11,0,1
BRDA:43,11,1,1
BRDA:47,12,0,2
BRDA:47,12,1,0
BRDA:50,13,0,1
BRDA:50,13,1,1
BRDA:51,14,0,1
BRDA:51,14,1,1
BRDA:52,15,0,1
BRDA:52,15,1,1
BRDA:55,16,0,2
BRDA:55,16,1,0
BRDA:69,17,0,2
BRDA:69,17,1,2
BRDA:72,18,0,1
BRDA:72,18,1,1
BRDA:73,19,0,1
BRDA:73,19,1,1
BRDA:74,20,0,1
BRDA:74,20,1,1
BRDA:78,21,0,2
BRDA:78,21,1,0
BRDA:81,22,0,1
BRDA:81,22,1,1
BRDA:82,23,0,1
BRDA:82,23,1,1
BRDA:83,24,0,1
BRDA:83,24,1,1
BRDA:86,25,0,2
BRDA:86,25,1,0
BRDA:100,26,0,2
BRDA:100,26,1,2
BRDA:103,27,0,1
BRDA:103,27,1,1
BRDA:104,28,0,1
BRDA:104,28,1,1
BRDA:105,29,0,1
BRDA:105,29,1,1
BRDA:109,30,0,2
BRDA:109,30,1,0
BRDA:112,31,0,1
BRDA:112,31,1,1
BRDA:113,32,0,1
BRDA:113,32,1,1
BRDA:114,33,0,1
BRDA:114,33,1,1
BRDA:117,34,0,2
BRDA:117,34,1,0
BRDA:128,35,0,2
BRDA:128,35,1,2
BRDA:131,36,0,1
BRDA:131,36,1,1
BRDA:132,37,0,1
BRDA:132,37,1,1
BRDA:133,38,0,1
BRDA:133,38,1,1
BRDA:137,39,0,2
BRDA:137,39,1,0
BRDA:140,40,0,1
BRDA:140,40,1,1
BRDA:141,41,0,1
BRDA:141,41,1,1
BRDA:142,42,0,1
BRDA:142,42,1,1
BRDA:145,43,0,2
BRDA:145,43,1,0
BRDA:162,44,0,1
BRDA:162,44,1,2
BRDA:164,45,0,2
BRDA:164,45,1,0
BRDA:166,46,0,2
BRDA:166,46,1,0
BRF:94
BRH:83
end_of_record
TN:
SF:controllers/statistics.controller.js
FN:3,(anonymous_0)
FN:17,(anonymous_1)
FN:30,(anonymous_2)
FN:44,(anonymous_3)
FN:54,(anonymous_4)
FN:67,(anonymous_5)
FN:81,(anonymous_6)
FNF:7
FNH:6
FNDA:3,(anonymous_0)
FNDA:3,(anonymous_1)
FNDA:3,(anonymous_2)
FNDA:3,(anonymous_3)
FNDA:2,(anonymous_4)
FNDA:0,(anonymous_5)
FNDA:2,(anonymous_6)
DA:1,1
DA:3,1
DA:4,3
DA:5,3
DA:6,3
DA:7,1
DA:9,3
DA:10,3
DA:11,2
DA:13,1
DA:17,1
DA:18,3
DA:19,3
DA:20,3
DA:21,1
DA:23,3
DA:24,3
DA:25,2
DA:27,1
DA:30,1
DA:31,3
DA:32,3
DA:33,3
DA:34,1
DA:36,3
DA:37,3
DA:38,2
DA:40,1
DA:44,1
DA:45,3
DA:46,3
DA:47,3
DA:48,2
DA:50,1
DA:54,1
DA:55,2
DA:56,2
DA:57,2
DA:58,2
DA:59,2
DA:60,2
DA:61,1
DA:63,1
DA:67,1
DA:68,0
DA:69,0
DA:70,0
DA:71,0
DA:73,0
DA:74,0
DA:75,0
DA:77,0
DA:81,1
DA:82,2
DA:83,2
DA:84,2
DA:85,1
DA:87,1
LF:58
LH:50
BRDA:4,0,0,1
BRDA:5,1,0,1
BRDA:6,2,0,1
BRDA:6,2,1,2
BRDA:10,3,0,2
BRDA:10,3,1,1
BRDA:18,4,0,1
BRDA:19,5,0,1
BRDA:20,6,0,1
BRDA:20,6,1,2
BRDA:24,7,0,2
BRDA:24,7,1,1
BRDA:31,8,0,1
BRDA:32,9,0,1
BRDA:33,10,0,1
BRDA:33,10,1,2
BRDA:37,11,0,2
BRDA:37,11,1,1
BRDA:45,12,0,1
BRDA:45,13,0,1
BRDA:45,14,0,1
BRDA:45,15,0,1
BRDA:45,16,0,1
BRDA:45,17,0,1
BRDA:45,18,0,1
BRDA:47,19,0,2
BRDA:47,19,1,1
BRDA:60,20,0,1
BRDA:60,20,1,1
BRDA:68,21,0,0
BRDA:69,22,0,0
BRDA:70,23,0,0
BRDA:70,23,1,0
BRDA:74,24,0,0
BRDA:74,24,1,0
BRDA:84,25,0,1
BRDA:84,25,1,1
BRF:37
BRH:31
end_of_record
TN:
SF:controllers/sysclass.controller.js
FN:6,(anonymous_0)
FN:16,(anonymous_1)
FN:35,(anonymous_2)
FN:47,(anonymous_3)
FN:62,(anonymous_4)
FNF:5
FNH:5
FNDA:3,(anonymous_0)
FNDA:4,(anonymous_1)
FNDA:5,(anonymous_2)
FNDA:4,(anonymous_3)
FNDA:4,(anonymous_4)
DA:2,1
DA:6,1
DA:7,3
DA:8,3
DA:9,1
DA:10,2
DA:11,1
DA:16,1
DA:17,4
DA:18,4
DA:19,4
DA:20,4
DA:21,4
DA:22,4
DA:23,1
DA:26,4
DA:27,4
DA:28,2
DA:29,2
DA:30,1
DA:35,1
DA:36,5
DA:37,5
DA:38,1
DA:39,4
DA:40,2
DA:47,1
DA:48,4
DA:51,4
DA:52,4
DA:53,1
DA:54,3
DA:55,2
DA:62,1
DA:63,4
DA:64,4
DA:65,1
DA:66,3
DA:67,2
LF:39
LH:39
BRDA:8,0,0,1
BRDA:8,0,1,2
BRDA:10,1,0,1
BRDA:10,1,1,1
BRDA:22,2,0,1
BRDA:22,2,1,3
BRDA:27,3,0,2
BRDA:27,3,1,2
BRDA:29,4,0,1
BRDA:29,4,1,1
BRDA:37,5,0,1
BRDA:37,5,1,4
BRDA:39,6,0,2
BRDA:39,6,1,2
BRDA:41,7,0,1
BRDA:41,7,1,1
BRDA:52,8,0,1
BRDA:52,8,1,3
BRDA:54,9,0,2
BRDA:54,9,1,1
BRDA:56,10,0,1
BRDA:56,10,1,1
BRDA:64,11,0,1
BRDA:64,11,1,3
BRDA:66,12,0,2
BRDA:66,12,1,1
BRF:26
BRH:26
end_of_record
TN:
SF:controllers/system.controller.js
FN:5,(anonymous_0)
FN:17,(anonymous_1)
FN:30,(anonymous_2)
FN:44,(anonymous_3)
FN:62,(anonymous_4)
FN:76,(anonymous_5)
FN:98,(anonymous_6)
FN:116,(anonymous_7)
FN:133,(anonymous_8)
FN:148,(anonymous_9)
FN:165,(anonymous_10)
FN:184,(anonymous_11)
FN:201,(anonymous_12)
FN:221,(anonymous_13)
FN:237,(anonymous_14)
FNF:15
FNH:15
FNDA:3,(anonymous_0)
FNDA:3,(anonymous_1)
FNDA:2,(anonymous_2)
FNDA:2,(anonymous_3)
FNDA:2,(anonymous_4)
FNDA:3,(anonymous_5)
FNDA:2,(anonymous_6)
FNDA:2,(anonymous_7)
FNDA:3,(anonymous_8)
FNDA:2,(anonymous_9)
FNDA:2,(anonymous_10)
FNDA:3,(anonymous_11)
FNDA:3,(anonymous_12)
FNDA:2,(anonymous_13)
FNDA:2,(anonymous_14)
DA:1,1
DA:2,1
DA:5,1
DA:6,3
DA:7,3
DA:8,1
DA:10,2
DA:17,1
DA:18,3
DA:20,3
DA:21,1
DA:23,2
DA:30,1
DA:31,2
DA:32,2
DA:34,2
DA:35,1
DA:37,1
DA:44,1
DA:45,2
DA:50,2
DA:51,1
DA:53,1
DA:54,1
DA:62,1
DA:63,2
DA:64,2
DA:65,1
DA:67,1
DA:68,1
DA:76,1
DA:77,3
DA:78,3
DA:79,3
DA:80,3
DA:86,3
DA:87,1
DA:89,2
DA:90,2
DA:98,1
DA:99,2
DA:104,2
DA:105,1
DA:107,1
DA:108,1
DA:116,1
DA:117,2
DA:121,2
DA:122,1
DA:124,1
DA:125,1
DA:133,1
DA:134,3
DA:136,3
DA:137,1
DA:139,2
DA:140,2
DA:148,1
DA:149,2
DA:153,2
DA:154,1
DA:156,1
DA:157,1
DA:165,1
DA:166,2
DA:172,2
DA:173,1
DA:175,1
DA:176,1
DA:184,1
DA:185,3
DA:187,3
DA:189,3
DA:190,1
DA:192,2
DA:193,2
DA:201,1
DA:202,3
DA:203,3
DA:205,3
DA:210,3
DA:211,1
DA:213,2
DA:214,2
DA:221,1
DA:222,2
DA:223,2
DA:224,2
DA:225,2
DA:227,2
DA:229,2
DA:230,1
DA:232,1
DA:233,1
DA:237,1
DA:239,2
DA:240,2
DA:242,2
DA:243,1
DA:245,1
DA:246,1
LF:101
LH:101
BRDA:7,0,0,1
BRDA:7,0,1,2
BRDA:11,1,0,1
BRDA:11,1,1,1
BRDA:20,2,0,1
BRDA:20,2,1,2
BRDA:24,3,0,1
BRDA:24,3,1,1
BRDA:34,4,0,1
BRDA:34,4,1,1
BRDA:38,5,0,0
BRDA:38,5,1,1
BRDA:50,6,0,1
BRDA:50,6,1,1
BRDA:53,7,0,1
BRDA:53,7,1,0
BRDA:55,8,0,1
BRDA:55,8,1,0
BRDA:64,9,0,1
BRDA:64,9,1,1
BRDA:67,10,0,1
BRDA:67,10,1,0
BRDA:69,11,0,1
BRDA:69,11,1,0
BRDA:86,12,0,1
BRDA:86,12,1,2
BRDA:89,13,0,2
BRDA:89,13,1,0
BRDA:91,14,0,1
BRDA:91,14,1,1
BRDA:104,15,0,1
BRDA:104,15,1,1
BRDA:107,16,0,1
BRDA:107,16,1,0
BRDA:109,17,0,1
BRDA:109,17,1,0
BRDA:121,18,0,1
BRDA:121,18,1,1
BRDA:124,19,0,1
BRDA:124,19,1,0
BRDA:126,20,0,1
BRDA:126,20,1,0
BRDA:136,21,0,1
BRDA:136,21,1,2
BRDA:139,22,0,2
BRDA:139,22,1,0
BRDA:141,23,0,2
BRDA:141,23,1,0
BRDA:153,24,0,1
BRDA:153,24,1,1
BRDA:156,25,0,1
BRDA:156,25,1,0
BRDA:158,26,0,1
BRDA:158,26,1,0
BRDA:172,27,0,1
BRDA:172,27,1,1
BRDA:175,28,0,1
BRDA:175,28,1,0
BRDA:177,29,0,1
BRDA:177,29,1,0
BRDA:189,30,0,1
BRDA:189,30,1,2
BRDA:192,31,0,2
BRDA:192,31,1,0
BRDA:194,32,0,2
BRDA:194,32,1,0
BRDA:210,33,0,1
BRDA:210,33,1,2
BRDA:213,34,0,2
BRDA:213,34,1,0
BRDA:215,35,0,2
BRDA:215,35,1,0
BRDA:229,36,0,1
BRDA:229,36,1,1
BRDA:232,37,0,1
BRDA:232,37,1,0
BRDA:242,38,0,1
BRDA:242,38,1,1
BRDA:245,39,0,1
BRDA:245,39,1,0
BRF:80
BRH:58
end_of_record
TN:
SF:controllers/task.controller.js
FN:12,(anonymous_0)
FN:41,(anonymous_1)
FN:42,(anonymous_2)
FN:65,(anonymous_3)
FN:83,(anonymous_4)
FN:132,(anonymous_5)
FN:157,(anonymous_6)
FN:181,(anonymous_7)
FN:194,(anonymous_8)
FN:224,(anonymous_9)
FN:232,(anonymous_10)
FN:264,(anonymous_11)
FN:311,(anonymous_12)
FN:357,(anonymous_13)
FN:404,(anonymous_14)
FN:450,(anonymous_15)
FN:496,(anonymous_16)
FN:541,(anonymous_17)
FN:574,(anonymous_18)
FN:611,(anonymous_19)
FN:639,(anonymous_20)
FN:681,(anonymous_21)
FN:706,(anonymous_22)
FN:748,(anonymous_23)
FNF:24
FNH:22
FNDA:4,(anonymous_0)
FNDA:4,(anonymous_1)
FNDA:6,(anonymous_2)
FNDA:2,(anonymous_3)
FNDA:1,(anonymous_4)
FNDA:5,(anonymous_5)
FNDA:6,(anonymous_6)
FNDA:3,(anonymous_7)
FNDA:0,(anonymous_8)
FNDA:4,(anonymous_9)
FNDA:4,(anonymous_10)
FNDA:1,(anonymous_11)
FNDA:6,(anonymous_12)
FNDA:6,(anonymous_13)
FNDA:6,(anonymous_14)
FNDA:6,(anonymous_15)
FNDA:6,(anonymous_16)
FNDA:6,(anonymous_17)
FNDA:4,(anonymous_18)
FNDA:0,(anonymous_19)
FNDA:4,(anonymous_20)
FNDA:4,(anonymous_21)
FNDA:6,(anonymous_22)
FNDA:1,(anonymous_23)
DA:1,1
DA:2,1
DA:3,1
DA:4,1
DA:5,1
DA:6,1
DA:7,1
DA:8,1
DA:9,1
DA:12,1
DA:13,4
DA:14,4
DA:15,4
DA:16,2
DA:22,2
DA:23,2
DA:24,2
DA:25,0
DA:27,2
DA:28,2
DA:30,2
DA:36,2
DA:41,1
DA:42,4
DA:43,6
DA:44,0
DA:47,6
DA:48,6
DA:52,0
DA:57,4
DA:58,4
DA:59,2
DA:65,2
DA:66,2
DA:67,0
DA:70,2
DA:72,2
DA:73,2
DA:79,2
DA:83,1
DA:84,1
DA:85,1
DA:86,1
DA:87,1
DA:90,1
DA:92,1
DA:94,1
DA:96,1
DA:97,1
DA:99,1
DA:108,1
DA:109,1
DA:115,1
DA:116,0
DA:118,0
DA:121,0
DA:127,0
DA:132,1
DA:133,5
DA:134,5
DA:135,5
DA:136,5
DA:137,2
DA:143,2
DA:145,3
DA:146,2
DA:152,2
DA:157,1
DA:158,6
DA:159,6
DA:160,2
DA:166,2
DA:168,4
DA:169,3
DA:175,3
DA:181,1
DA:182,3
DA:183,3
DA:184,0
DA:187,3
DA:188,3
DA:189,3
DA:190,3
DA:191,0
DA:192,0
DA:193,0
DA:194,0
DA:195,0
DA:196,0
DA:197,0
DA:198,0
DA:202,0
DA:203,0
DA:207,0
DA:209,0
DA:210,0
DA:211,0
DA:213,0
DA:214,0
DA:215,0
DA:217,0
DA:218,0
DA:224,1
DA:225,4
DA:226,4
DA:227,4
DA:228,4
DA:229,4
DA:230,4
DA:231,4
DA:232,4
DA:233,4
DA:234,4
DA:235,0
DA:237,4
DA:238,2
DA:240,4
DA:241,4
DA:242,2
DA:248,2
DA:250,2
DA:251,2
DA:257,2
DA:264,1
DA:265,1
DA:266,1
DA:267,1
DA:268,1
DA:271,1
DA:272,1
DA:274,1
DA:276,1
DA:277,1
DA:278,1
DA:286,1
DA:287,1
DA:293,1
DA:297,0
DA:298,0
DA:300,0
DA:306,0
DA:311,1
DA:312,6
DA:313,6
DA:314,6
DA:315,1
DA:319,5
DA:320,5
DA:321,4
DA:322,4
DA:326,4
DA:327,2
DA:333,2
DA:340,2
DA:346,2
DA:349,1
DA:357,1
DA:358,6
DA:359,6
DA:360,6
DA:361,1
DA:365,5
DA:366,5
DA:367,4
DA:368,4
DA:369,4
DA:373,4
DA:374,2
DA:380,2
DA:387,2
DA:393,2
DA:396,1
DA:404,1
DA:405,6
DA:406,6
DA:407,6
DA:408,1
DA:412,5
DA:413,5
DA:414,4
DA:415,4
DA:419,4
DA:420,2
DA:426,2
DA:433,2
DA:439,2
DA:442,1
DA:450,1
DA:451,6
DA:452,6
DA:453,6
DA:454,1
DA:458,5
DA:459,5
DA:460,4
DA:461,4
DA:465,4
DA:466,2
DA:472,2
DA:479,2
DA:485,2
DA:488,1
DA:496,1
DA:497,6
DA:498,6
DA:499,6
DA:500,1
DA:504,5
DA:505,5
DA:506,4
DA:507,4
DA:511,4
DA:512,2
DA:518,2
DA:525,2
DA:531,2
DA:534,1
DA:541,1
DA:542,6
DA:543,6
DA:544,6
DA:545,6
DA:546,6
DA:547,6
DA:548,6
DA:549,6
DA:550,6
DA:552,6
DA:554,6
DA:555,4
DA:556,2
DA:557,2
DA:559,2
DA:560,2
DA:563,2
DA:564,2
DA:565,2
DA:566,0
DA:568,2
DA:574,1
DA:575,4
DA:576,4
DA:577,1
DA:579,3
DA:580,3
DA:581,3
DA:582,3
DA:583,3
DA:585,3
DA:592,3
DA:593,1
DA:595,2
DA:600,2
DA:601,0
DA:603,2
DA:611,1
DA:612,0
DA:613,0
DA:614,0
DA:615,0
DA:616,0
DA:617,0
DA:618,0
DA:619,0
DA:620,0
DA:622,0
DA:624,0
DA:625,0
DA:626,0
DA:627,0
DA:629,0
DA:630,0
DA:633,0
DA:634,0
DA:635,0
DA:639,1
DA:644,4
DA:645,4
DA:646,4
DA:648,4
DA:649,4
DA:651,4
DA:653,4
DA:655,4
DA:656,0
DA:659,4
DA:660,4
DA:661,4
DA:663,0
DA:666,4
DA:667,4
DA:668,2
DA:671,2
DA:673,2
DA:676,2
DA:681,1
DA:682,4
DA:683,4
DA:684,2
DA:690,2
DA:692,2
DA:693,2
DA:699,2
DA:706,1
DA:707,6
DA:708,6
DA:709,6
DA:710,1
DA:714,5
DA:715,5
DA:716,4
DA:717,4
DA:718,4
DA:719,2
DA:725,2
DA:732,2
DA:738,2
DA:741,1
DA:748,1
DA:752,1
DA:757,1
DA:758,1
DA:768,1
DA:770,1
DA:771,1
DA:774,0
DA:775,0
DA:777,0
LF:328
LH:269
BRDA:15,0,0,2
BRDA:15,0,1,2
BRDA:18,1,0,1
BRDA:18,1,1,1
BRDA:19,2,0,1
BRDA:19,2,1,1
BRDA:20,3,0,1
BRDA:20,3,1,1
BRDA:24,4,0,0
BRDA:24,4,1,2
BRDA:32,5,0,1
BRDA:32,5,1,1
BRDA:33,6,0,1
BRDA:33,6,1,1
BRDA:34,7,0,1
BRDA:34,7,1,1
BRDA:43,8,0,0
BRDA:43,8,1,6
BRDA:47,9,0,6
BRDA:47,9,1,0
BRDA:58,10,0,2
BRDA:58,10,1,2
BRDA:61,11,0,1
BRDA:61,11,1,1
BRDA:62,12,0,1
BRDA:62,12,1,1
BRDA:63,13,0,1
BRDA:63,13,1,1
BRDA:66,14,0,0
BRDA:66,14,1,2
BRDA:66,15,0,2
BRDA:66,15,1,2
BRDA:72,16,0,2
BRDA:72,16,1,0
BRDA:75,17,0,1
BRDA:75,17,1,1
BRDA:76,18,0,1
BRDA:76,18,1,1
BRDA:77,19,0,1
BRDA:77,19,1,1
BRDA:108,20,0,1
BRDA:108,20,1,0
BRDA:111,21,0,0
BRDA:111,21,1,1
BRDA:112,22,0,0
BRDA:112,22,1,1
BRDA:113,23,0,0
BRDA:113,23,1,1
BRDA:116,24,0,0
BRDA:116,24,1,0
BRDA:123,25,0,0
BRDA:123,25,1,0
BRDA:124,26,0,0
BRDA:124,26,1,0
BRDA:125,27,0,0
BRDA:125,27,1,0
BRDA:136,28,0,2
BRDA:136,28,1,3
BRDA:139,29,0,1
BRDA:139,29,1,1
BRDA:140,30,0,1
BRDA:140,30,1,1
BRDA:141,31,0,1
BRDA:141,31,1,1
BRDA:145,32,0,2
BRDA:145,32,1,1
BRDA:148,33,0,1
BRDA:148,33,1,1
BRDA:149,34,0,1
BRDA:149,34,1,1
BRDA:150,35,0,1
BRDA:150,35,1,1
BRDA:159,36,0,2
BRDA:159,36,1,4
BRDA:162,37,0,1
BRDA:162,37,1,1
BRDA:163,38,0,1
BRDA:163,38,1,1
BRDA:164,39,0,1
BRDA:164,39,1,1
BRDA:168,40,0,3
BRDA:168,40,1,1
BRDA:171,41,0,1
BRDA:171,41,1,2
BRDA:172,42,0,1
BRDA:172,42,1,2
BRDA:173,43,0,1
BRDA:173,43,1,2
BRDA:176,44,0,2
BRDA:176,44,1,1
BRDA:183,45,0,0
BRDA:183,45,1,3
BRDA:187,46,0,3
BRDA:187,46,1,0
BRDA:196,47,0,0
BRDA:196,47,1,0
BRDA:196,48,0,0
BRDA:196,48,1,0
BRDA:202,49,0,0
BRDA:202,49,1,0
BRDA:209,50,0,0
BRDA:209,50,1,0
BRDA:210,51,0,0
BRDA:210,51,1,0
BRDA:210,52,0,0
BRDA:210,52,1,0
BRDA:210,53,0,0
BRDA:210,53,1,0
BRDA:213,54,0,0
BRDA:213,54,1,0
BRDA:214,55,0,0
BRDA:214,55,1,0
BRDA:214,56,0,0
BRDA:214,56,1,0
BRDA:214,57,0,0
BRDA:214,57,1,0
BRDA:217,58,0,0
BRDA:217,58,1,0
BRDA:217,59,0,0
BRDA:217,59,1,0
BRDA:217,60,0,0
BRDA:217,60,1,0
BRDA:218,61,0,0
BRDA:218,61,1,0
BRDA:234,62,0,0
BRDA:234,62,1,4
BRDA:237,63,0,2
BRDA:237,63,1,2
BRDA:241,64,0,2
BRDA:241,64,1,2
BRDA:244,65,0,1
BRDA:244,65,1,1
BRDA:245,66,0,1
BRDA:245,66,1,1
BRDA:246,67,0,1
BRDA:246,67,1,1
BRDA:250,68,0,2
BRDA:250,68,1,0
BRDA:253,69,0,1
BRDA:253,69,1,1
BRDA:254,70,0,1
BRDA:254,70,1,1
BRDA:255,71,0,1
BRDA:255,71,1,1
BRDA:258,72,0,1
BRDA:258,72,1,1
BRDA:286,73,0,1
BRDA:286,73,1,0
BRDA:289,74,0,0
BRDA:289,74,1,1
BRDA:290,75,0,0
BRDA:290,75,1,1
BRDA:291,76,0,0
BRDA:291,76,1,1
BRDA:297,77,0,0
BRDA:297,77,1,0
BRDA:302,78,0,0
BRDA:302,78,1,0
BRDA:303,79,0,0
BRDA:303,79,1,0
BRDA:304,80,0,0
BRDA:304,80,1,0
BRDA:314,81,0,1
BRDA:314,81,1,5
BRDA:320,82,0,4
BRDA:320,82,1,1
BRDA:326,83,0,2
BRDA:326,83,1,2
BRDA:329,84,0,1
BRDA:329,84,1,1
BRDA:330,85,0,1
BRDA:330,85,1,1
BRDA:331,86,0,1
BRDA:331,86,1,1
BRDA:342,87,0,1
BRDA:342,87,1,1
BRDA:343,88,0,1
BRDA:343,88,1,1
BRDA:344,89,0,1
BRDA:344,89,1,1
BRDA:360,90,0,1
BRDA:360,90,1,5
BRDA:366,91,0,4
BRDA:366,91,1,1
BRDA:373,92,0,2
BRDA:373,92,1,2
BRDA:376,93,0,1
BRDA:376,93,1,1
BRDA:377,94,0,1
BRDA:377,94,1,1
BRDA:378,95,0,1
BRDA:378,95,1,1
BRDA:389,96,0,1
BRDA:389,96,1,1
BRDA:390,97,0,1
BRDA:390,97,1,1
BRDA:391,98,0,1
BRDA:391,98,1,1
BRDA:407,99,0,1
BRDA:407,99,1,5
BRDA:413,100,0,4
BRDA:413,100,1,1
BRDA:419,101,0,2
BRDA:419,101,1,2
BRDA:422,102,0,1
BRDA:422,102,1,1
BRDA:423,103,0,1
BRDA:423,103,1,1
BRDA:424,104,0,1
BRDA:424,104,1,1
BRDA:435,105,0,1
BRDA:435,105,1,1
BRDA:436,106,0,1
BRDA:436,106,1,1
BRDA:437,107,0,1
BRDA:437,107,1,1
BRDA:453,108,0,1
BRDA:453,108,1,5
BRDA:459,109,0,4
BRDA:459,109,1,1
BRDA:465,110,0,2
BRDA:465,110,1,2
BRDA:468,111,0,1
BRDA:468,111,1,1
BRDA:469,112,0,1
BRDA:469,112,1,1
BRDA:470,113,0,1
BRDA:470,113,1,1
BRDA:481,114,0,1
BRDA:481,114,1,1
BRDA:482,115,0,1
BRDA:482,115,1,1
BRDA:483,116,0,1
BRDA:483,116,1,1
BRDA:499,117,0,1
BRDA:499,117,1,5
BRDA:505,118,0,4
BRDA:505,118,1,1
BRDA:511,119,0,2
BRDA:511,119,1,2
BRDA:514,120,0,1
BRDA:514,120,1,1
BRDA:515,121,0,1
BRDA:515,121,1,1
BRDA:516,122,0,1
BRDA:516,122,1,1
BRDA:527,123,0,1
BRDA:527,123,1,1
BRDA:528,124,0,1
BRDA:528,124,1,1
BRDA:529,125,0,1
BRDA:529,125,1,1
BRDA:554,126,0,4
BRDA:554,126,1,2
BRDA:555,127,0,2
BRDA:555,127,1,2
BRDA:556,128,0,0
BRDA:556,128,1,2
BRDA:556,129,0,0
BRDA:556,129,1,2
BRDA:556,130,0,0
BRDA:556,130,1,2
BRDA:559,131,0,0
BRDA:559,131,1,2
BRDA:559,132,0,0
BRDA:559,132,1,2
BRDA:559,133,0,0
BRDA:559,133,1,2
BRDA:563,134,0,2
BRDA:563,134,1,0
BRDA:564,135,0,0
BRDA:564,135,1,2
BRDA:564,136,0,0
BRDA:564,136,1,2
BRDA:564,137,0,0
BRDA:564,137,1,2
BRDA:565,138,0,0
BRDA:565,138,1,2
BRDA:575,139,0,2
BRDA:575,139,1,2
BRDA:576,140,0,1
BRDA:576,140,1,3
BRDA:576,141,0,4
BRDA:576,141,1,2
BRDA:592,142,0,1
BRDA:592,142,1,2
BRDA:600,143,0,0
BRDA:600,143,1,2
BRDA:624,144,0,0
BRDA:624,144,1,0
BRDA:625,145,0,0
BRDA:625,145,1,0
BRDA:626,146,0,0
BRDA:626,146,1,0
BRDA:626,147,0,0
BRDA:626,147,1,0
BRDA:626,148,0,0
BRDA:626,148,1,0
BRDA:629,149,0,0
BRDA:629,149,1,0
BRDA:629,150,0,0
BRDA:629,150,1,0
BRDA:629,151,0,0
BRDA:629,151,1,0
BRDA:633,152,0,0
BRDA:633,152,1,0
BRDA:634,153,0,0
BRDA:634,153,1,0
BRDA:634,154,0,0
BRDA:634,154,1,0
BRDA:634,155,0,0
BRDA:634,155,1,0
BRDA:655,156,0,0
BRDA:655,156,1,4
BRDA:659,157,0,4
BRDA:659,157,1,0
BRDA:659,158,0,4
BRDA:659,158,1,4
BRDA:667,159,0,2
BRDA:667,159,1,2
BRDA:669,160,0,1
BRDA:669,160,1,1
BRDA:670,161,0,1
BRDA:670,161,1,1
BRDA:670,162,0,1
BRDA:670,162,1,1
BRDA:674,163,0,1
BRDA:674,163,1,1
BRDA:675,164,0,1
BRDA:675,164,1,1
BRDA:675,165,0,1
BRDA:675,165,1,1
BRDA:683,166,0,2
BRDA:683,166,1,2
BRDA:686,167,0,1
BRDA:686,167,1,1
BRDA:687,168,0,1
BRDA:687,168,1,1
BRDA:688,169,0,1
BRDA:688,169,1,1
BRDA:692,170,0,2
BRDA:692,170,1,0
BRDA:695,171,0,1
BRDA:695,171,1,1
BRDA:696,172,0,1
BRDA:696,172,1,1
BRDA:697,173,0,1
BRDA:697,173,1,1
BRDA:700,174,0,2
BRDA:700,174,1,0
BRDA:709,175,0,1
BRDA:709,175,1,5
BRDA:715,176,0,4
BRDA:715,176,1,1
BRDA:718,177,0,2
BRDA:718,177,1,2
BRDA:721,178,0,1
BRDA:721,178,1,1
BRDA:722,179,0,1
BRDA:722,179,1,1
BRDA:723,180,0,1
BRDA:723,180,1,1
BRDA:734,181,0,1
BRDA:734,181,1,1
BRDA:735,182,0,1
BRDA:735,182,1,1
BRDA:736,183,0,1
BRDA:736,183,1,1
BRDA:770,184,0,1
BRDA:770,184,1,0
BRDA:774,185,0,0
BRDA:774,185,1,0
BRF:372
BRH:266
end_of_record
TN:
SF:controllers/taskactivitylog.controller.js
FN:4,(anonymous_0)
FNF:1
FNH:1
FNDA:2,(anonymous_0)
DA:1,1
DA:2,1
DA:4,1
DA:5,2
DA:6,2
DA:7,0
DA:8,0
DA:9,0
DA:10,0
DA:12,0
LF:10
LH:5
BRDA:9,0,0,0
BRDA:9,0,1,0
BRF:2
BRH:0
end_of_record
TN:
SF:controllers/type.controller.js
FN:4,(anonymous_0)
FN:12,(anonymous_1)
FN:29,(anonymous_2)
FN:38,(anonymous_3)
FNF:4
FNH:4
FNDA:2,(anonymous_0)
FNDA:3,(anonymous_1)
FNDA:3,(anonymous_2)
FNDA:3,(anonymous_3)
DA:1,1
DA:2,1
DA:4,1
DA:5,2
DA:6,2
DA:7,2
DA:8,1
DA:12,1
DA:13,3
DA:14,3
DA:15,3
DA:16,3
DA:17,3
DA:18,3
DA:20,1
DA:23,3
DA:24,3
DA:25,3
DA:26,1
DA:29,1
DA:30,3
DA:31,3
DA:32,3
DA:33,2
DA:38,1
DA:39,3
DA:42,3
DA:43,3
DA:44,3
DA:45,2
LF:30
LH:30
BRDA:6,0,0,1
BRDA:6,0,1,1
BRDA:7,1,0,1
BRDA:7,1,1,1
BRDA:18,2,0,1
BRDA:18,2,1,2
BRDA:24,3,0,2
BRDA:24,3,1,1
BRDA:25,4,0,1
BRDA:25,4,1,2
BRDA:31,5,0,1
BRDA:31,5,1,2
BRDA:32,6,0,2
BRDA:32,6,1,1
BRDA:34,7,0,1
BRDA:34,7,1,1
BRDA:43,8,0,1
BRDA:43,8,1,2
BRDA:44,9,0,2
BRDA:44,9,1,1
BRDA:46,10,0,1
BRDA:46,10,1,1
BRF:22
BRH:22
end_of_record
TN:
SF:controllers/user.controller.js
FN:16,(anonymous_0)
FN:94,(anonymous_1)
FN:173,(anonymous_2)
FN:185,(anonymous_3)
FN:299,(anonymous_4)
FN:319,(anonymous_5)
FN:335,(anonymous_6)
FN:368,(anonymous_7)
FN:379,(anonymous_8)
FN:386,(anonymous_9)
FN:387,(anonymous_10)
FN:392,(anonymous_11)
FN:393,(anonymous_12)
FN:401,(anonymous_13)
FN:402,(anonymous_14)
FN:409,(anonymous_15)
FN:410,(anonymous_16)
FN:425,(anonymous_17)
FN:445,(anonymous_18)
FN:453,(anonymous_19)
FN:463,(anonymous_20)
FN:466,(anonymous_21)
FN:467,(anonymous_22)
FN:471,(anonymous_23)
FN:474,(anonymous_24)
FN:475,(anonymous_25)
FN:478,(anonymous_26)
FN:479,(anonymous_27)
FN:491,(anonymous_28)
FN:492,(anonymous_29)
FN:507,(anonymous_30)
FN:531,(anonymous_31)
FN:534,(anonymous_32)
FN:558,(anonymous_33)
FN:578,(anonymous_34)
FN:602,(anonymous_35)
FN:614,(anonymous_36)
FN:629,(anonymous_37)
FN:668,(anonymous_38)
FN:674,(anonymous_39)
FN:680,(anonymous_40)
FN:715,(anonymous_41)
FNF:42
FNH:16
FNDA:4,(anonymous_0)
FNDA:0,(anonymous_1)
FNDA:0,(anonymous_2)
FNDA:0,(anonymous_3)
FNDA:2,(anonymous_4)
FNDA:0,(anonymous_5)
FNDA:0,(anonymous_6)
FNDA:0,(anonymous_7)
FNDA:0,(anonymous_8)
FNDA:0,(anonymous_9)
FNDA:0,(anonymous_10)
FNDA:0,(anonymous_11)
FNDA:0,(anonymous_12)
FNDA:0,(anonymous_13)
FNDA:0,(anonymous_14)
FNDA:0,(anonymous_15)
FNDA:0,(anonymous_16)
FNDA:2,(anonymous_17)
FNDA:3,(anonymous_18)
FNDA:27,(anonymous_19)
FNDA:11,(anonymous_20)
FNDA:4,(anonymous_21)
FNDA:26,(anonymous_22)
FNDA:2,(anonymous_23)
FNDA:2,(anonymous_24)
FNDA:4,(anonymous_25)
FNDA:0,(anonymous_26)
FNDA:0,(anonymous_27)
FNDA:2,(anonymous_28)
FNDA:0,(anonymous_29)
FNDA:0,(anonymous_30)
FNDA:0,(anonymous_31)
FNDA:0,(anonymous_32)
FNDA:2,(anonymous_33)
FNDA:2,(anonymous_34)
FNDA:2,(anonymous_35)
FNDA:2,(anonymous_36)
FNDA:0,(anonymous_37)
FNDA:0,(anonymous_38)
FNDA:0,(anonymous_39)
FNDA:0,(anonymous_40)
FNDA:0,(anonymous_41)
DA:1,1
DA:2,1
DA:3,1
DA:4,1
DA:5,1
DA:6,1
DA:7,1
DA:8,1
DA:9,1
DA:10,1
DA:11,1
DA:12,1
DA:13,1
DA:14,1
DA:16,1
DA:19,4
DA:21,4
DA:23,4
DA:26,3
DA:27,1
DA:28,0
DA:30,1
DA:32,2
DA:37,2
DA:48,2
DA:49,1
DA:51,1
DA:52,1
DA:53,1
DA:54,1
DA:66,1
DA:67,0
DA:68,0
DA:70,0
DA:77,1
DA:78,1
DA:88,1
DA:90,1
DA:91,1
DA:94,1
DA:95,0
DA:96,0
DA:98,0
DA:99,0
DA:100,0
DA:109,0
DA:113,0
DA:114,0
DA:116,0
DA:117,0
DA:121,0
DA:127,0
DA:132,0
DA:138,0
DA:143,0
DA:147,0
DA:148,0
DA:155,0
DA:156,0
DA:167,0
DA:168,0
DA:173,1
DA:174,0
DA:175,0
DA:176,0
DA:177,0
DA:186,0
DA:187,0
DA:189,0
DA:190,0
DA:192,0
DA:194,0
DA:197,0
DA:203,0
DA:225,0
DA:229,0
DA:230,0
DA:232,0
DA:233,0
DA:237,0
DA:243,0
DA:252,0
DA:258,0
DA:267,0
DA:271,0
DA:272,0
DA:279,0
DA:280,0
DA:291,0
DA:292,0
DA:299,1
DA:300,2
DA:301,2
DA:308,2
DA:309,1
DA:314,1
DA:315,0
DA:319,1
DA:320,1
DA:322,1
DA:325,1
DA:326,1
DA:335,1
DA:336,0
DA:337,0
DA:338,0
DA:339,0
DA:340,0
DA:342,0
DA:349,0
DA:350,0
DA:357,0
DA:362,0
DA:363,0
DA:368,0
DA:369,0
DA:371,0
DA:374,0
DA:379,1
DA:380,0
DA:381,0
DA:382,0
DA:383,0
DA:385,0
DA:386,0
DA:387,0
DA:388,0
DA:391,0
DA:392,0
DA:393,0
DA:394,0
DA:397,0
DA:402,0
DA:403,0
DA:405,0
DA:410,0
DA:411,0
DA:413,0
DA:420,0
DA:421,0
DA:425,1
DA:426,2
DA:431,2
DA:432,1
DA:434,1
DA:435,1
DA:445,1
DA:446,3
DA:447,3
DA:448,3
DA:449,3
DA:451,3
DA:453,27
DA:454,3
DA:455,3
DA:456,1
DA:458,3
DA:460,2
DA:463,11
DA:464,1
DA:466,3
DA:467,26
DA:468,4
DA:470,3
DA:471,2
DA:473,1
DA:474,1
DA:475,4
DA:476,2
DA:478,1
DA:479,0
DA:480,0
DA:481,0
DA:485,3
DA:486,3
DA:487,3
DA:488,1
DA:491,3
DA:492,2
DA:493,0
DA:494,0
DA:498,3
DA:499,2
DA:501,1
DA:507,1
DA:508,0
DA:509,0
DA:513,0
DA:528,0
DA:529,0
DA:531,0
DA:532,0
DA:533,0
DA:534,0
DA:535,0
DA:536,0
DA:538,0
DA:545,0
DA:548,0
DA:549,0
DA:551,0
DA:552,0
DA:554,0
DA:555,0
DA:558,1
DA:560,2
DA:561,2
DA:562,1
DA:566,1
DA:567,1
DA:578,1
DA:579,2
DA:586,2
DA:587,1
DA:591,1
DA:592,1
DA:602,1
DA:603,2
DA:604,2
DA:605,1
DA:607,1
DA:608,1
DA:614,1
DA:615,2
DA:619,2
DA:620,1
DA:622,1
DA:623,1
DA:629,1
DA:630,0
DA:631,0
DA:632,0
DA:633,0
DA:634,0
DA:641,0
DA:642,0
DA:644,0
DA:645,0
DA:646,0
DA:653,0
DA:658,0
DA:659,0
DA:660,0
DA:661,0
DA:666,0
DA:668,0
DA:669,0
DA:670,0
DA:672,0
DA:674,0
DA:675,0
DA:676,0
DA:679,0
DA:680,0
DA:681,0
DA:695,0
DA:696,0
DA:697,0
DA:703,0
DA:710,0
DA:712,0
DA:716,0
DA:717,0
DA:722,0
DA:724,0
DA:734,0
DA:741,0
DA:746,0
DA:747,0
LF:269
LH:115
BRDA:26,0,0,1
BRDA:26,0,1,2
BRDA:27,1,0,0
BRDA:27,1,1,1
BRDA:48,2,0,1
BRDA:48,2,1,1
BRDA:51,3,0,1
BRDA:51,3,1,0
BRDA:53,4,0,1
BRDA:53,4,1,0
BRDA:66,5,0,0
BRDA:66,5,1,1
BRDA:77,6,0,1
BRDA:77,6,1,0
BRDA:99,7,0,0
BRDA:99,7,1,0
BRDA:102,8,0,0
BRDA:102,8,1,0
BRDA:113,9,0,0
BRDA:113,9,1,0
BRDA:116,10,0,0
BRDA:116,10,1,0
BRDA:147,11,0,0
BRDA:147,11,1,0
BRDA:155,12,0,0
BRDA:155,12,1,0
BRDA:158,13,0,0
BRDA:158,13,1,0
BRDA:186,14,0,0
BRDA:186,14,1,0
BRDA:194,15,0,0
BRDA:194,15,1,0
BRDA:229,16,0,0
BRDA:229,16,1,0
BRDA:229,17,0,0
BRDA:229,17,1,0
BRDA:232,18,0,0
BRDA:232,18,1,0
BRDA:271,19,0,0
BRDA:271,19,1,0
BRDA:279,20,0,0
BRDA:279,20,1,0
BRDA:282,21,0,0
BRDA:282,21,1,0
BRDA:308,22,0,1
BRDA:308,22,1,1
BRDA:314,23,0,0
BRDA:314,23,1,1
BRDA:325,24,0,1
BRDA:325,24,1,0
BRDA:328,25,0,1
BRDA:328,25,1,0
BRDA:339,26,0,0
BRDA:339,26,1,0
BRDA:349,27,0,0
BRDA:349,27,1,0
BRDA:352,28,0,0
BRDA:352,28,1,0
BRDA:362,29,0,0
BRDA:362,29,1,0
BRDA:382,30,0,0
BRDA:382,30,1,0
BRDA:402,31,0,0
BRDA:402,31,1,0
BRDA:410,32,0,0
BRDA:410,32,1,0
BRDA:431,33,0,1
BRDA:431,33,1,1
BRDA:434,34,0,1
BRDA:434,34,1,0
BRDA:437,35,0,1
BRDA:437,35,1,0
BRDA:455,36,0,1
BRDA:455,36,1,2
BRDA:458,37,0,2
BRDA:458,37,1,1
BRDA:470,38,0,1
BRDA:470,38,1,2
BRDA:487,39,0,1
BRDA:487,39,1,2
BRDA:498,40,0,2
BRDA:498,40,1,1
BRDA:502,41,0,0
BRDA:502,41,1,1
BRDA:528,42,0,0
BRDA:528,42,1,0
BRDA:535,43,0,0
BRDA:535,43,1,0
BRDA:535,44,0,0
BRDA:535,44,1,0
BRDA:561,45,0,1
BRDA:561,45,1,1
BRDA:566,46,0,1
BRDA:566,46,1,0
BRDA:569,47,0,1
BRDA:569,47,1,0
BRDA:586,48,0,1
BRDA:586,48,1,1
BRDA:591,49,0,1
BRDA:591,49,1,0
BRDA:594,50,0,1
BRDA:594,50,1,0
BRDA:604,51,0,1
BRDA:604,51,1,1
BRDA:607,52,0,1
BRDA:607,52,1,0
BRDA:609,53,0,1
BRDA:609,53,1,0
BRDA:619,54,0,1
BRDA:619,54,1,1
BRDA:622,55,0,1
BRDA:622,55,1,0
BRDA:624,56,0,1
BRDA:624,56,1,0
BRDA:631,57,0,0
BRDA:631,57,1,0
BRDA:641,58,0,0
BRDA:641,58,1,0
BRDA:642,59,0,0
BRDA:642,59,1,0
BRDA:642,60,0,0
BRDA:642,60,1,0
BRDA:645,61,0,0
BRDA:645,61,1,0
BRDA:658,62,0,0
BRDA:658,62,1,0
BRDA:660,63,0,0
BRDA:660,63,1,0
BRDA:663,64,0,0
BRDA:663,64,1,0
BRDA:664,65,0,0
BRDA:664,65,1,0
BRDA:669,66,0,0
BRDA:669,66,1,0
BRDA:669,67,0,0
BRDA:669,67,1,0
BRDA:675,68,0,0
BRDA:675,68,1,0
BRDA:679,69,0,0
BRDA:679,69,1,0
BRDA:683,70,0,0
BRDA:683,70,1,0
BRDA:696,71,0,0
BRDA:696,71,1,0
BRDA:699,72,0,0
BRDA:699,72,1,0
BRDA:700,73,0,0
BRDA:700,73,1,0
BRDA:705,74,0,0
BRDA:705,74,1,0
BRDA:706,75,0,0
BRDA:706,75,1,0
BRDA:710,76,0,0
BRDA:710,76,1,0
BRDA:716,77,0,0
BRDA:716,77,1,0
BRDA:719,78,0,0
BRDA:719,78,1,0
BRDA:720,79,0,0
BRDA:720,79,1,0
BRDA:726,80,0,0
BRDA:726,80,1,0
BRDA:727,81,0,0
BRDA:727,81,1,0
BRDA:746,82,0,0
BRDA:746,82,1,0
BRDA:748,83,0,0
BRDA:748,83,1,0
BRF:168
BRH:45
end_of_record
TN:
SF:kafka/kafkaPoducer.js
FN:11,(anonymous_0)
FN:26,(anonymous_1)
FN:41,(anonymous_2)
FNF:3
FNH:1
FNDA:0,(anonymous_0)
FNDA:0,(anonymous_1)
FNDA:1,(anonymous_2)
DA:1,1
DA:2,1
DA:4,1
DA:9,1
DA:11,1
DA:12,0
DA:13,0
DA:14,0
DA:20,0
DA:22,0
DA:26,1
DA:27,0
DA:28,0
DA:29,0
DA:35,0
DA:37,0
DA:41,1
DA:42,1
DA:43,1
DA:44,1
DA:45,0
DA:51,0
DA:53,1
DA:56,1
LF:24
LH:12
BRF:0
BRH:0
end_of_record
TN:
SF:kafka/notificationServiceKafka.js
FN:13,(anonymous_0)
FN:40,(anonymous_1)
FN:68,(anonymous_2)
FN:83,(anonymous_3)
FN:100,(anonymous_4)
FN:117,(anonymous_5)
FN:132,(anonymous_6)
FNF:7
FNH:2
FNDA:0,(anonymous_0)
FNDA:0,(anonymous_1)
FNDA:0,(anonymous_2)
FNDA:1,(anonymous_3)
FNDA:0,(anonymous_4)
FNDA:1,(anonymous_5)
FNDA:0,(anonymous_6)
DA:1,1
DA:2,1
DA:4,1
DA:9,1
DA:11,1
DA:13,1
DA:14,0
DA:15,0
DA:16,0
DA:17,0
DA:23,0
DA:25,0
DA:30,1
DA:40,1
DA:44,0
DA:45,0
DA:46,0
DA:47,0
DA:55,0
DA:59,0
DA:62,0
DA:68,1
DA:69,0
DA:70,0
DA:71,0
DA:77,0
DA:79,0
DA:83,1
DA:84,1
DA:85,1
DA:86,1
DA:87,0
DA:93,0
DA:95,1
DA:100,1
DA:101,0
DA:102,0
DA:103,0
DA:104,0
DA:110,0
DA:112,0
DA:117,1
DA:118,1
DA:119,1
DA:120,1
DA:121,0
DA:125,0
DA:127,1
DA:132,1
DA:133,0
DA:134,0
DA:135,0
DA:136,0
DA:140,0
DA:142,0
LF:55
LH:21
BRDA:13,0,0,0
BRDA:14,1,0,0
BRDA:14,1,1,0
BRDA:44,2,0,0
BRDA:44,2,1,0
BRDA:68,3,0,0
BRDA:83,4,0,0
BRDA:84,5,0,1
BRDA:84,5,1,0
BRDA:100,6,0,0
BRDA:101,7,0,0
BRDA:101,7,1,0
BRDA:117,8,0,0
BRDA:118,9,0,1
BRDA:118,9,1,0
BRDA:132,10,0,0
BRDA:133,11,0,0
BRDA:133,11,1,0
BRF:18
BRH:2
end_of_record
TN:
SF:middleware/authentication.js
FN:5,(anonymous_0)
FN:18,(anonymous_1)
FN:21,(anonymous_2)
FNF:3
FNH:0
FNDA:0,(anonymous_0)
FNDA:0,(anonymous_1)
FNDA:0,(anonymous_2)
DA:1,1
DA:2,1
DA:3,1
DA:5,1
DA:8,0
DA:9,0
DA:12,0
DA:13,0
DA:17,0
DA:18,0
DA:19,0
DA:20,0
DA:21,0
DA:22,0
DA:23,0
DA:27,0
DA:32,0
DA:36,0
DA:39,0
DA:42,0
DA:43,0
DA:44,0
DA:51,0
DA:56,0
DA:61,0
DA:64,0
DA:65,0
DA:66,0
DA:73,0
DA:74,0
LF:30
LH:4
BRDA:12,0,0,0
BRDA:12,0,1,0
BRDA:12,1,0,0
BRDA:12,1,1,0
BRDA:19,2,0,0
BRDA:19,2,1,0
BRDA:20,3,0,0
BRDA:20,3,1,0
BRDA:22,4,0,0
BRDA:22,4,1,0
BRF:10
BRH:0
end_of_record
TN:
SF:middleware/authorization.js
FN:3,(anonymous_0)
FN:10,(anonymous_1)
FN:11,(anonymous_2)
FN:17,(anonymous_3)
FN:26,(anonymous_4)
FN:27,(anonymous_5)
FNF:6
FNH:0
FNDA:0,(anonymous_0)
FNDA:0,(anonymous_1)
FNDA:0,(anonymous_2)
FNDA:0,(anonymous_3)
FNDA:0,(anonymous_4)
FNDA:0,(anonymous_5)
DA:1,1
DA:3,1
DA:4,0
DA:5,0
DA:6,0
DA:7,0
DA:8,0
DA:9,0
DA:10,0
DA:11,0
DA:12,0
DA:17,0
DA:18,0
DA:24,0
DA:25,0
DA:26,0
DA:27,0
DA:28,0
DA:29,0
DA:32,0
DA:34,0
DA:35,0
DA:38,0
DA:41,0
LF:24
LH:2
BRDA:5,0,0,0
BRDA:5,0,1,0
BRDA:7,1,0,0
BRDA:7,1,1,0
BRDA:26,2,0,0
BRDA:26,2,1,0
BRDA:26,3,0,0
BRDA:26,3,1,0
BRDA:27,4,0,0
BRDA:27,4,1,0
BRDA:27,5,0,0
BRDA:27,5,1,0
BRF:12
BRH:0
end_of_record
TN:
SF:middleware/uploadFile.js
FN:8,(anonymous_0)
FNF:1
FNH:0
FNDA:0,(anonymous_0)
DA:1,1
DA:2,1
DA:3,1
DA:6,1
DA:9,0
DA:26,1
DA:38,1
LF:7
LH:6
BRF:0
BRH:0
end_of_record
TN:
SF:middleware/validators/MonitoringAct/add.js
FN:3,(anonymous_0)
FN:17,(anonymous_1)
FNF:2
FNH:0
FNDA:0,(anonymous_0)
FNDA:0,(anonymous_1)
DA:1,1
DA:3,1
DA:4,0
DA:10,0
DA:11,0
DA:12,0
DA:13,0
DA:17,0
DA:21,0
DA:23,0
DA:24,0
DA:25,0
DA:32,0
DA:35,0
LF:14
LH:2
BRDA:12,0,0,0
BRDA:12,0,1,0
BRDA:24,1,0,0
BRDA:24,1,1,0
BRF:4
BRH:0
end_of_record
TN:
SF:middleware/validators/MonitoringAct/getAll.js
FN:3,(anonymous_0)
FN:20,(anonymous_1)
FN:35,(anonymous_2)
FNF:3
FNH:0
FNDA:0,(anonymous_0)
FNDA:0,(anonymous_1)
FNDA:0,(anonymous_2)
DA:1,1
DA:3,1
DA:4,0
DA:5,0
DA:12,0
DA:13,0
DA:14,0
DA:20,0
DA:25,0
DA:27,0
DA:28,0
DA:29,0
DA:35,0
DA:39,0
DA:41,0
DA:43,0
LF:16
LH:2
BRDA:13,0,0,0
BRDA:13,0,1,0
BRDA:28,1,0,0
BRDA:28,1,1,0
BRF:4
BRH:0
end_of_record
TN:
[...]
TN:
SF:services/sysclass/getById.js
FN:4,(anonymous_0)
FNF:1
FNH:1
FNDA:3,(anonymous_0)
DA:2,1
DA:4,1
DA:5,3
DA:6,3
DA:7,2
DA:8,1
DA:14,1
DA:16,1
LF:8
LH:8
BRDA:7,0,0,1
BRDA:7,0,1,1
BRF:2
BRH:2
end_of_record
TN:
SF:services/sysclass/index.js
FNF:0
FNH:0
DA:1,1
DA:2,1
DA:3,1
DA:4,1
DA:5,1
DA:6,1
LF:6
LH:6
BRF:0
BRH:0
end_of_record
TN:
SF:services/sysclass/update.js
FN:4,(anonymous_0)
FNF:1
FNH:1
FNDA:4,(anonymous_0)
DA:2,1
DA:4,1
DA:5,4
DA:6,4
DA:7,1
DA:13,2
DA:14,2
DA:15,1
DA:21,1
DA:22,1
DA:24,1
LF:11
LH:11
BRDA:6,0,0,1
BRDA:6,0,1,2
BRDA:14,1,0,1
BRDA:14,1,1,1
BRF:4
BRH:4
end_of_record
TN:
SF:services/system/add.js
FN:4,(anonymous_0)
FNF:1
FNH:1
FNDA:4,(anonymous_0)
DA:1,1
DA:4,1
DA:5,4
DA:6,4
DA:7,1
DA:9,3
LF:6
LH:6
BRF:0
BRH:0
end_of_record
TN:
SF:services/system/addSystemContact.js
FN:3,(anonymous_0)
FNF:1
FNH:1
FNDA:4,(anonymous_0)
DA:1,1
DA:3,1
DA:4,4
DA:5,4
DA:11,3
DA:12,2
DA:18,1
DA:20,1
LF:8
LH:8
BRDA:11,0,0,2
BRDA:11,0,1,1
BRF:2
BRH:2
end_of_record
TN:
SF:services/system/delete.js
FN:4,(anonymous_0)
FNF:1
FNH:1
FNDA:7,(anonymous_0)
DA:1,1
DA:2,1
DA:4,1
DA:5,7
DA:6,7
DA:8,3
DA:9,2
DA:15,1
DA:18,4
LF:9
LH:9
BRDA:8,0,0,2
BRDA:8,0,1,1
BRF:2
BRH:2
end_of_record
TN:
SF:services/system/getAll.js
FN:3,(anonymous_0)
FNF:1
FNH:1
FNDA:2,(anonymous_0)
DA:1,1
DA:3,1
DA:4,2
DA:5,2
DA:6,2
DA:11,2
DA:12,1
DA:14,1
LF:8
LH:8
BRDA:5,0,0,0
BRDA:5,0,1,2
BRF:2
BRH:1
end_of_record
TN:
SF:services/system/getAllCategoriesByCustomerId.js
FN:3,getUniqueListBy
FN:4,(anonymous_1)
FN:6,(anonymous_2)
FNF:3
FNH:3
FNDA:2,getUniqueListBy
FNDA:1,(anonymous_1)
FNDA:4,(anonymous_2)
DA:1,1
DA:4,2
DA:6,1
DA:7,4
DA:8,4
DA:9,4
DA:22,3
DA:23,1
DA:30,2
DA:31,2
DA:32,1
DA:39,2
DA:41,2
DA:46,1
LF:14
LH:14
BRDA:22,0,0,1
BRDA:22,0,1,2
BRDA:31,1,0,1
BRDA:31,1,1,1
BRF:4
BRH:4
end_of_record
TN:
SF:services/system/getAllSystemByCustomerId.js
FN:3,(anonymous_0)
FNF:1
FNH:1
FNDA:3,(anonymous_0)
DA:1,1
DA:2,1
DA:3,1
DA:4,3
DA:6,3
DA:10,3
DA:15,3
DA:19,2
DA:20,1
DA:26,1
DA:31,1
DA:32,1
LF:12
LH:12
BRDA:19,0,0,1
BRDA:19,0,1,1
BRF:2
BRH:2
end_of_record
TN:
SF:services/system/getAllTypesByCustomerIdCategoryId.js
FN:3,getUniqueListBy
FN:4,(anonymous_1)
FN:6,(anonymous_2)
FNF:3
FNH:3
FNDA:2,getUniqueListBy
FNDA:3,(anonymous_1)
FNDA:4,(anonymous_2)
DA:1,1
DA:4,3
DA:6,1
DA:7,4
DA:8,4
DA:9,4
DA:21,3
DA:22,1
DA:29,2
DA:30,3
DA:31,3
DA:38,2
DA:40,2
DA:45,1
LF:14
LH:14
BRDA:21,0,0,1
BRDA:21,0,1,2
BRDA:30,1,0,3
BRDA:30,1,1,0
BRF:4
BRH:3
end_of_record
TN:
SF:services/system/getById.js
FN:4,(anonymous_0)
FNF:1
FNH:1
FNDA:3,(anonymous_0)
DA:1,1
DA:2,1
DA:4,1
DA:5,3
DA:6,3
DA:21,2
DA:23,1
DA:29,1
DA:31,1
LF:9
LH:9
BRDA:21,0,0,1
BRDA:21,0,1,1
BRF:2
BRH:2
end_of_record
TN:
SF:services/system/getCategoriesByTypeByCustomer.js
FN:4,getUniqueListBy
FN:5,(anonymous_1)
FN:7,(anonymous_2)
FNF:3
FNH:3
FNDA:2,getUniqueListBy
FNDA:3,(anonymous_1)
FNDA:4,(anonymous_2)
DA:1,1
DA:2,1
DA:5,3
DA:7,1
DA:8,4
DA:9,4
DA:10,4
DA:23,3
DA:24,1
DA:30,2
DA:31,3
DA:32,3
DA:38,2
DA:40,2
DA:45,1
DA:46,1
LF:16
LH:16
BRDA:23,0,0,1
BRDA:23,0,1,2
BRDA:31,1,0,3
BRDA:31,1,1,0
BRF:4
BRH:3
end_of_record
TN:
SF:services/system/getContactList.js
FN:5,(anonymous_0)
FN:27,(anonymous_1)
FN:91,(anonymous_2)
FNF:3
FNH:3
FNDA:7,(anonymous_0)
FNDA:3,(anonymous_1)
FNDA:4,(anonymous_2)
DA:1,1
DA:2,1
DA:3,1
DA:5,1
DA:6,7
DA:7,7
DA:8,7
DA:27,7
DA:28,3
DA:46,7
DA:91,6
DA:92,4
DA:95,6
DA:96,2
DA:103,3
DA:105,2
LF:16
LH:16
BRDA:95,0,0,2
BRDA:95,0,1,3
BRF:2
BRH:2
end_of_record
TN:
SF:services/system/getSystemByTypeIdByCategoryIdByCustomerId.js
FN:5,(anonymous_0)
FNF:1
FNH:1
FNDA:3,(anonymous_0)
DA:1,1
DA:2,1
DA:5,1
DA:6,3
DA:7,3
DA:15,2
DA:17,1
DA:23,1
DA:25,1
LF:9
LH:9
BRDA:15,0,0,1
BRDA:15,0,1,1
BRF:2
BRH:2
end_of_record
TN:
SF:services/system/getSystemsForMapsService.js
FN:4,(anonymous_0)
FNF:1
FNH:1
FNDA:4,(anonymous_0)
DA:1,1
DA:2,1
DA:4,1
DA:5,4
DA:6,4
DA:7,4
DA:8,4
DA:9,4
DA:10,4
DA:11,4
DA:71,4
DA:72,3
DA:74,1
LF:13
LH:13
BRDA:7,0,0,4
BRDA:7,0,1,1
BRDA:8,1,0,4
BRDA:8,1,1,1
BRDA:9,2,0,4
BRDA:9,2,1,1
BRDA:10,3,0,4
BRDA:10,3,1,1
BRF:8
BRH:8
end_of_record
TN:
SF:services/system/getSystemsInfoForDashboard.js
FN:4,(anonymous_0)
FNF:1
FNH:1
FNDA:3,(anonymous_0)
DA:1,1
DA:2,1
DA:3,1
DA:4,1
DA:5,3
DA:6,3
DA:7,3
DA:117,2
DA:118,1
DA:124,1
DA:126,1
LF:11
LH:11
BRDA:117,0,0,1
BRDA:117,0,1,1
BRF:2
BRH:2
end_of_record
TN:
SF:services/system/getTypesbyCustomerId.js
FN:4,getUniqueListBy
FN:5,(anonymous_1)
FN:7,(anonymous_2)
FNF:3
FNH:3
FNDA:2,getUniqueListBy
FNDA:3,(anonymous_1)
FNDA:4,(anonymous_2)
DA:1,1
DA:2,1
DA:5,3
DA:7,1
DA:8,4
DA:9,4
DA:10,4
DA:22,3
DA:23,1
DA:29,2
DA:30,3
DA:31,3
DA:37,2
DA:39,2
DA:44,1
DA:45,1
LF:16
LH:16
BRDA:22,0,0,1
BRDA:22,0,1,2
BRDA:30,1,0,3
BRDA:30,1,1,0
BRF:4
BRH:3
end_of_record
TN:
SF:services/system/index.js
FNF:0
FNH:0
DA:1,1
DA:2,1
DA:3,1
DA:4,1
DA:5,1
DA:6,1
DA:7,1
DA:8,1
DA:9,1
DA:10,1
DA:11,1
DA:12,1
DA:13,1
DA:14,1
DA:15,1
DA:17,1
LF:16
LH:16
BRF:0
BRH:0
end_of_record
TN:
SF:services/system/update.js
FN:3,(anonymous_0)
FNF:1
FNH:1
FNDA:4,(anonymous_0)
DA:1,1
DA:3,1
DA:4,4
DA:5,4
DA:11,3
DA:12,2
DA:18,1
DA:21,1
LF:8
LH:8
BRDA:11,0,0,2
BRDA:11,0,1,1
BRF:2
BRH:2
end_of_record
TN:
SF:services/task/addManyTask.service.js
FN:4,(anonymous_0)
FNF:1
FNH:1
FNDA:4,(anonymous_0)
DA:2,1
DA:4,1
DA:5,4
DA:6,4
DA:7,2
DA:9,2
LF:6
LH:6
BRF:0
BRH:0
end_of_record
TN:
SF:services/task/addTask.service.js
FN:6,(anonymous_0)
FNF:1
FNH:1
FNDA:4,(anonymous_0)
DA:2,1
DA:3,1
DA:4,1
DA:6,1
DA:7,4
DA:8,4
DA:9,4
DA:10,0
DA:11,4
DA:12,4
DA:14,4
DA:15,4
DA:16,2
DA:18,2
LF:14
LH:13
BRDA:9,0,0,0
BRDA:9,0,1,4
BRDA:11,1,0,4
BRDA:11,1,1,0
BRDA:11,2,0,4
BRDA:11,2,1,4
BRF:6
BRH:4
end_of_record
TN:
SF:services/task/autoCancelCron.js
FN:7,(anonymous_0)
FN:13,(anonymous_1)
FNF:2
FNH:0
FNDA:0,(anonymous_0)
FNDA:0,(anonymous_1)
DA:1,1
DA:2,1
DA:3,1
DA:4,1
DA:5,1
DA:7,1
DA:8,0
DA:9,0
DA:10,0
DA:11,0
DA:14,0
DA:15,0
DA:16,0
DA:17,0
DA:18,0
DA:19,0
DA:20,0
DA:22,0
DA:24,0
DA:25,0
DA:26,0
DA:27,0
DA:28,0
DA:30,0
DA:44,0
DA:45,0
DA:48,0
LF:27
LH:6
BRDA:15,0,0,0
BRDA:15,0,1,0
BRDA:15,1,0,0
BRDA:15,1,1,0
BRDA:18,2,0,0
BRDA:18,2,1,0
BRDA:24,3,0,0
BRDA:24,3,1,0
BRDA:27,4,0,0
BRDA:27,4,1,0
BRF:10
BRH:0
end_of_record
TN:
SF:services/task/autoStartTaskCron.js
FN:7,(anonymous_0)
FN:16,(anonymous_1)
FNF:2
FNH:1
FNDA:6,(anonymous_0)
FNDA:0,(anonymous_1)
DA:1,1
DA:2,1
DA:3,1
DA:4,1
DA:5,1
DA:7,1
DA:8,6
DA:9,6
DA:10,6
DA:11,6
DA:12,0
DA:13,6
DA:14,4
DA:17,0
DA:18,0
DA:21,0
DA:22,0
DA:23,0
DA:24,0
DA:25,0
DA:27,0
DA:35,0
DA:36,0
DA:40,4
LF:24
LH:13
BRDA:9,0,0,6
BRDA:9,0,1,0
BRDA:11,1,0,0
BRDA:11,1,1,6
BRDA:11,2,0,6
BRDA:11,2,1,6
BRDA:13,3,0,4
BRDA:13,3,1,2
BRDA:17,4,0,0
BRDA:17,4,1,0
BRDA:22,5,0,0
BRDA:22,5,1,0
BRF:12
BRH:6
end_of_record
TN:
SF:services/task/checkCreatedTasks.service.js
FN:6,(anonymous_0)
FN:30,(anonymous_1)
FN:32,(anonymous_2)
FNF:3
FNH:3
FNDA:3,(anonymous_0)
FNDA:4,(anonymous_1)
FNDA:4,(anonymous_2)
DA:2,1
DA:3,1
DA:4,1
DA:6,1
DA:7,3
DA:8,3
DA:9,3
DA:10,3
DA:11,3
DA:12,3
DA:19,3
DA:30,2
DA:31,4
DA:32,4
DA:33,4
DA:35,2
DA:36,2
DA:39,4
DA:42,2
DA:44,1
LF:20
LH:20
BRDA:12,0,0,1
BRDA:12,0,1,2
BRDA:33,1,0,2
BRDA:33,1,1,2
BRDA:33,2,0,4
BRDA:33,2,1,4
BRDA:39,3,0,4
BRDA:39,3,1,2
BRDA:42,4,0,1
BRDA:42,4,1,1
BRF:10
BRH:10
end_of_record
TN:
SF:services/task/getAllTask.service.js
FN:4,(anonymous_0)
FNF:1
FNH:1
FNDA:2,(anonymous_0)
DA:2,1
DA:4,1
DA:5,2
DA:6,2
DA:10,2
DA:11,1
DA:13,1
LF:7
LH:7
BRF:0
BRH:0
end_of_record
TN:
SF:services/task/getByIdTask.service.js
FN:4,(anonymous_0)
FNF:1
FNH:1
FNDA:3,(anonymous_0)
DA:2,1
DA:4,1
DA:5,3
DA:6,3
DA:9,2
DA:10,1
DA:16,1
DA:18,1
LF:8
LH:8
BRDA:9,0,0,1
BRDA:9,0,1,1
BRF:2
BRH:2
end_of_record
TN:
SF:services/task/getSystemStatsService.js
FN:7,getSystemsWithoutDuplicate
FN:8,(anonymous_1)
FN:9,(anonymous_2)
FN:14,calculateSystemOccurence
FN:16,(anonymous_4)
FN:21,(anonymous_5)
FN:33,(anonymous_6)
FN:105,(anonymous_7)
FNF:8
FNH:8
FNDA:4,getSystemsWithoutDuplicate
FNDA:231,(anonymous_1)
FNDA:3,(anonymous_2)
FNDA:6,calculateSystemOccurence
FNDA:237,(anonymous_4)
FNDA:5,(anonymous_5)
FNDA:24,(anonymous_6)
FNDA:3,(anonymous_7)
DA:1,1
DA:2,1
DA:3,1
DA:4,1
DA:5,1
DA:8,231
DA:9,4
DA:10,3
DA:15,6
DA:16,237
DA:21,1
DA:28,5
DA:29,5
DA:33,24
DA:34,4
DA:36,4
DA:43,4
DA:104,4
DA:105,4
DA:106,3
DA:107,3
DA:108,3
DA:115,4
DA:117,3
DA:118,3
DA:119,2
DA:121,1
DA:128,1
DA:135,1
LF:29
LH:29
BRDA:16,0,0,237
BRDA:16,0,1,0
BRDA:30,1,0,1
BRDA:30,1,1,4
BRDA:115,2,0,3
BRDA:115,2,1,1
BRDA:118,3,0,2
BRDA:118,3,1,1
BRF:8
BRH:7
end_of_record
TN:
SF:services/task/getTaskByUserId.js
FN:4,(anonymous_0)
FN:40,(anonymous_1)
FN:164,(anonymous_2)
FNF:3
FNH:3
FNDA:3,(anonymous_0)
FNDA:6,(anonymous_1)
FNDA:4,(anonymous_2)
DA:1,1
DA:2,1
DA:3,1
DA:4,1
DA:13,3
DA:14,3
DA:15,3
DA:40,3
DA:41,6
DA:65,3
DA:164,2
DA:165,4
DA:167,2
DA:168,1
DA:174,1
DA:176,1
LF:16
LH:16
BRDA:167,0,0,1
BRDA:167,0,1,1
BRF:2
BRH:2
end_of_record
TN:
SF:services/task/getTaskHighlights.js
FN:4,(anonymous_0)
FN:60,(anonymous_1)
FNF:2
FNH:2
FNDA:3,(anonymous_0)
FNDA:10,(anonymous_1)
DA:1,1
DA:2,1
DA:3,1
DA:4,1
DA:9,3
DA:10,3
DA:42,3
DA:60,10
DA:62,2
DA:64,1
LF:10
LH:10
BRDA:10,0,0,2
BRDA:10,0,1,1
BRF:2
BRH:2
end_of_record
TN:
SF:services/task/getTaskList.js
FN:5,(anonymous_0)
FN:66,(anonymous_1)
FN:222,(anonymous_2)
FNF:3
FNH:3
FNDA:3,(anonymous_0)
FNDA:6,(anonymous_1)
FNDA:1,(anonymous_2)
DA:2,1
DA:3,1
DA:4,1
DA:5,1
DA:16,3
DA:17,3
DA:18,3
DA:19,3
DA:20,3
DA:21,0
DA:23,3
DA:28,3
DA:29,3
DA:66,3
DA:67,6
DA:103,3
DA:220,2
DA:221,2
DA:222,1
DA:223,1
DA:224,1
DA:228,2
DA:229,1
DA:235,1
DA:237,1
LF:25
LH:24
BRDA:20,0,0,0
BRDA:20,0,1,3
BRDA:221,1,0,1
BRDA:221,1,1,1
BRDA:228,2,0,1
BRDA:228,2,1,1
BRF:6
BRH:5
end_of_record
TN:
SF:services/task/getTasks.js
FN:4,(anonymous_0)
FN:45,(anonymous_1)
FN:176,(anonymous_2)
FNF:3
FNH:3
FNDA:3,(anonymous_0)
FNDA:6,(anonymous_1)
FNDA:4,(anonymous_2)
DA:2,1
DA:3,1
DA:4,1
DA:12,3
DA:13,3
DA:14,3
DA:45,3
DA:46,6
DA:76,3
DA:176,2
DA:177,4
DA:180,2
DA:181,1
DA:187,1
DA:189,1
LF:15
LH:15
BRDA:180,0,0,1
BRDA:180,0,1,1
BRF:2
BRH:2
end_of_record
TN:
SF:services/task/getTasksByFilter.service.js
FN:10,(anonymous_0)
FN:70,(anonymous_1)
FNF:2
FNH:0
FNDA:0,(anonymous_0)
FNDA:0,(anonymous_1)
DA:1,1
DA:2,1
DA:3,1
DA:4,1
DA:5,1
DA:6,1
DA:7,1
DA:8,1
DA:10,1
DA:11,0
DA:13,0
DA:14,0
DA:16,0
DA:17,0
DA:18,0
DA:19,0
DA:20,0
DA:26,0
DA:27,0
DA:29,0
DA:30,0
DA:33,0
DA:34,0
DA:35,0
DA:37,0
DA:38,0
DA:39,0
DA:40,0
DA:41,0
DA:42,0
DA:46,0
DA:47,0
DA:48,0
DA:50,0
DA:51,0
DA:55,0
DA:56,0
DA:58,0
DA:59,0
DA:61,0
DA:62,0
DA:64,0
DA:66,0
DA:67,0
DA:70,0
DA:72,0
DA:74,0
DA:75,0
DA:78,0
DA:80,0
DA:81,0
DA:83,0
DA:84,0
DA:85,0
DA:87,0
DA:90,0
LF:56
LH:9
BRDA:13,0,0,0
BRDA:13,0,1,0
BRDA:19,1,0,0
BRDA:19,1,1,0
BRDA:26,2,0,0
BRDA:26,2,1,0
BRDA:29,3,0,0
BRDA:29,3,1,0
BRDA:33,4,0,0
BRDA:33,4,1,0
BRDA:33,5,0,0
BRDA:33,5,1,0
BRDA:41,6,0,0
BRDA:41,6,1,0
BRDA:47,7,0,0
BRDA:47,7,1,0
BRDA:50,8,0,0
BRDA:50,8,1,0
BRDA:58,9,0,0
BRDA:58,9,1,0
BRDA:58,10,0,0
BRDA:58,10,1,0
BRDA:61,11,0,0
BRDA:61,11,1,0
BRDA:62,12,0,0
BRDA:62,12,1,0
BRDA:66,13,0,0
BRDA:66,13,1,0
BRDA:74,14,0,0
BRDA:74,14,1,0
BRDA:80,15,0,0
BRDA:80,15,1,0
BRDA:84,16,0,0
BRDA:84,16,1,0
BRF:34
BRH:0
end_of_record
TN:
SF:services/task/getUserTasksWithState.js
FN:4,(anonymous_0)
FN:115,(anonymous_1)
FN:120,(anonymous_2)
FNF:3
FNH:3
FNDA:3,(anonymous_0)
FNDA:4,(anonymous_1)
FNDA:4,(anonymous_2)
DA:1,1
DA:2,1
DA:3,1
DA:4,1
DA:12,3
DA:14,3
DA:15,3
DA:16,3
DA:17,3
DA:18,3
DA:21,3
DA:115,2
DA:116,4
DA:120,4
DA:121,2
DA:123,2
DA:124,0
DA:126,2
DA:127,0
DA:129,2
DA:130,2
DA:132,0
DA:135,2
DA:148,2
DA:149,1
DA:155,1
DA:157,1
LF:27
LH:24
BRDA:120,0,0,2
BRDA:120,0,1,2
BRDA:123,1,0,0
BRDA:123,1,1,2
BRDA:126,2,0,0
BRDA:126,2,1,2
BRDA:129,3,0,2
BRDA:129,3,1,0
BRDA:148,4,0,1
BRDA:148,4,1,1
BRF:10
BRH:7
end_of_record
TN:
SF:services/task/index.js
FNF:0
FNH:0
DA:1,1
DA:2,1
DA:3,1
DA:4,1
DA:5,1
DA:6,1
DA:7,1
DA:8,1
DA:9,1
DA:10,1
DA:11,1
DA:12,1
DA:13,1
DA:14,1
DA:15,1
DA:16,1
DA:17,1
DA:18,1
DA:19,1
DA:21,1
LF:20
LH:20
BRF:0
BRH:0
end_of_record
TN:
SF:services/task/numberOfTasksByCriteria.js
FN:5,(anonymous_0)
FN:56,(anonymous_1)
FN:190,(anonymous_2)
FNF:3
FNH:3
FNDA:3,(anonymous_0)
FNDA:6,(anonymous_1)
FNDA:8,(anonymous_2)
DA:2,1
DA:3,1
DA:4,1
DA:5,1
DA:6,3
DA:8,3
DA:9,3
DA:10,3
DA:11,3
DA:12,3
DA:13,3
DA:14,3
DA:15,3
DA:17,3
DA:20,3
DA:24,3
DA:25,3
DA:56,3
DA:57,6
DA:87,3
DA:190,2
DA:191,8
DA:193,1
DA:196,1
DA:199,1
DA:202,1
DA:205,1
DA:208,1
DA:211,1
DA:214,1
DA:218,2
DA:229,2
DA:230,1
DA:236,1
DA:238,1
LF:35
LH:35
BRDA:191,0,0,1
BRDA:191,0,1,1
BRDA:191,0,2,1
BRDA:191,0,3,1
BRDA:191,0,4,1
BRDA:191,0,5,1
BRDA:191,0,6,1
BRDA:191,0,7,1
BRDA:229,1,0,1
BRDA:229,1,1,1
BRF:10
BRH:10
end_of_record
TN:
SF:services/task/updateAssignee.js
FN:2,(anonymous_0)
FN:5,(anonymous_1)
FN:23,(anonymous_2)
FNF:3
FNH:1
FNDA:5,(anonymous_0)
FNDA:0,(anonymous_1)
FNDA:0,(anonymous_2)
DA:1,1
DA:2,1
DA:3,5
DA:4,5
DA:5,5
DA:6,0
DA:9,0
DA:18,0
DA:19,0
DA:23,0
DA:24,0
DA:25,0
DA:30,0
DA:31,0
DA:39,0
DA:40,0
DA:47,0
DA:48,0
DA:56,0
DA:58,5
LF:20
LH:6
BRDA:24,0,0,0
BRDA:24,0,1,0
BRDA:24,1,0,0
BRDA:24,1,1,0
BRDA:30,2,0,0
BRDA:30,2,1,0
BRDA:30,3,0,0
BRDA:30,3,1,0
BRDA:39,4,0,0
BRDA:39,4,1,0
BRDA:47,5,0,0
BRDA:47,5,1,0
BRF:12
BRH:0
end_of_record
TN:
SF:services/task/updateTaskByUserRole.service.js
FN:2,(anonymous_0)
FNF:1
FNH:1
FNDA:5,(anonymous_0)
DA:1,1
DA:2,1
DA:3,5
DA:4,5
DA:5,3
DA:15,2
DA:16,1
DA:22,1
DA:25,2
DA:33,1
LF:10
LH:10
BRDA:4,0,0,3
BRDA:4,0,1,2
BRDA:15,1,0,1
BRDA:15,1,1,1
BRF:4
BRH:4
end_of_record
TN:
SF:services/task/updateTasks.js
FN:7,(anonymous_0)
FNF:1
FNH:1
FNDA:4,(anonymous_0)
DA:1,1
DA:4,1
DA:5,1
DA:7,1
DA:8,4
DA:9,4
DA:18,3
DA:19,2
DA:25,1
DA:26,1
DA:34,1
DA:35,1
DA:38,1
DA:40,1
DA:41,1
LF:15
LH:15
BRDA:18,0,0,2
BRDA:18,0,1,1
BRDA:25,1,0,1
BRDA:25,1,1,0
BRF:4
BRH:3
end_of_record
TN:
SF:services/task/virtualTasksGenerator.js
FN:3,(anonymous_0)
FN:9,(anonymous_1)
FNF:2
FNH:2
FNDA:6,(anonymous_0)
FNDA:180,(anonymous_1)
DA:1,1
DA:3,1
DA:4,6
DA:5,6
DA:6,6
DA:7,6
DA:9,6
DA:11,180
DA:12,180
DA:13,180
DA:14,180
DA:15,180
DA:16,180
DA:18,180
DA:19,180
DA:21,180
DA:22,180
DA:24,180
DA:26,2823
DA:27,231
DA:39,231
DA:41,2823
DA:45,6
DA:47,0
LF:24
LH:23
BRDA:11,0,0,180
BRDA:11,0,1,0
BRDA:12,1,0,180
BRDA:12,1,1,0
BRDA:13,2,0,180
BRDA:13,2,1,0
BRDA:14,3,0,180
BRDA:14,3,1,0
BRDA:15,4,0,180
BRDA:15,4,1,0
BRDA:16,5,0,180
BRDA:16,5,1,0
BRDA:24,6,0,3003
BRDA:24,6,1,3003
BRDA:26,7,0,231
BRDA:26,7,1,2592
BRDA:26,8,0,2823
BRDA:26,8,1,1880
BRDA:36,9,0,231
BRDA:36,9,1,0
BRF:20
BRH:13
end_of_record
TN:
SF:services/taskActivityLog/getTaskActivityLogs.service.js
FN:3,(anonymous_0)
FNF:1
FNH:1
FNDA:3,(anonymous_0)
DA:1,1
DA:3,1
DA:4,3
DA:5,3
DA:22,2
DA:23,1
DA:29,1
DA:36,1
LF:8
LH:8
BRDA:22,0,0,1
BRDA:22,0,1,1
BRF:2
BRH:2
end_of_record
TN:
SF:services/taskActivityLog/index.js
FNF:0
FNH:0
DA:1,1
DA:2,1
DA:3,1
DA:5,1
LF:4
LH:4
BRF:0
BRH:0
end_of_record
TN:
SF:services/taskActivityLog/saveTaskActivity.service.js
FN:3,(anonymous_0)
FNF:1
FNH:0
FNDA:0,(anonymous_0)
DA:1,1
DA:3,1
DA:5,0
DA:6,0
DA:13,0
DA:14,0
DA:15,0
DA:17,0
DA:25,0
DA:27,0
DA:30,0
LF:11
LH:2
BRDA:13,0,0,0
BRDA:13,0,1,0
BRF:2
BRH:0
end_of_record
TN:
SF:services/taskActivityLog/updateCurrentTaskActivity.service.js
FN:10,getSystemsWithoutDuplicate
FN:11,(anonymous_1)
FN:12,(anonymous_2)
FN:15,calculateSystemOccurence
FN:17,(anonymous_4)
FN:21,calculateCanceledTasks
FN:23,(anonymous_6)
FN:32,(anonymous_7)
FN:41,(anonymous_8)
FN:122,(anonymous_9)
FNF:10
FNH:3
FNDA:2,getSystemsWithoutDuplicate
FNDA:0,(anonymous_1)
FNDA:0,(anonymous_2)
FNDA:0,calculateSystemOccurence
FNDA:0,(anonymous_4)
FNDA:0,calculateCanceledTasks
FNDA:0,(anonymous_6)
FNDA:2,(anonymous_7)
FNDA:18,(anonymous_8)
FNDA:0,(anonymous_9)
DA:1,1
DA:2,1
DA:3,1
DA:4,1
DA:6,1
DA:7,1
DA:8,1
DA:11,2
DA:12,2
DA:16,0
DA:17,0
DA:22,0
DA:24,0
DA:32,1
DA:33,2
DA:34,2
DA:35,2
DA:36,2
DA:37,2
DA:39,2
DA:41,18
DA:42,2
DA:44,2
DA:51,2
DA:119,2
DA:122,2
DA:123,0
DA:127,0
DA:128,0
DA:129,0
DA:137,2
DA:138,0
DA:139,0
DA:140,0
DA:145,0
DA:158,2
DA:165,0
LF:37
LH:24
BRDA:17,0,0,0
BRDA:17,0,1,0
BRDA:24,1,0,0
BRDA:24,1,1,0
BRDA:24,2,0,0
BRDA:24,2,1,0
BRDA:137,3,0,0
BRDA:137,3,1,2
BRDA:139,4,0,0
BRDA:139,4,1,0
BRF:10
BRH:1
end_of_record
TN:
SF:services/type/add.js
FN:2,(anonymous_0)
FNF:1
FNH:1
FNDA:4,(anonymous_0)
DA:1,1
DA:2,1
DA:3,4
DA:4,4
DA:5,2
DA:10,2
LF:6
LH:6
BRF:0
BRH:0
end_of_record
TN:
SF:services/type/getAll.js
FN:2,(anonymous_0)
FNF:1
FNH:1
FNDA:3,(anonymous_0)
DA:1,1
DA:2,1
DA:3,3
DA:4,3
DA:9,3
DA:15,3
DA:16,2
DA:18,1
DA:19,1
LF:9
LH:9
BRDA:11,0,0,1
BRDA:11,0,1,2
BRF:2
BRH:2
end_of_record
TN:
SF:services/type/getById.js
FN:2,(anonymous_0)
FNF:1
FNH:1
FNDA:3,(anonymous_0)
DA:1,1
DA:2,1
DA:3,3
DA:4,3
DA:6,2
DA:7,1
DA:14,1
DA:16,1
LF:8
LH:8
BRDA:6,0,0,1
BRDA:6,0,1,1
BRF:2
BRH:2
end_of_record
TN:
SF:services/type/index.js
FNF:0
FNH:0
DA:1,1
DA:2,1
DA:3,1
DA:4,1
DA:6,1
LF:5
LH:5
BRF:0
BRH:0
end_of_record
TN:
SF:services/type/update.js
FN:2,(anonymous_0)
FNF:1
FNH:1
FNDA:4,(anonymous_0)
DA:1,1
DA:2,1
DA:3,4
DA:4,4
DA:6,3
DA:7,2
DA:14,1
DA:16,1
DA:18,1
LF:9
LH:9
BRDA:6,0,0,2
BRDA:6,0,1,1
BRF:2
BRH:2
end_of_record
TN:
SF:services/user/activateUser.js
FN:2,(anonymous_0)
FNF:1
FNH:1
FNDA:4,(anonymous_0)
DA:1,1
DA:2,1
DA:3,4
DA:4,4
DA:11,3
DA:12,2
DA:18,1
DA:20,1
LF:8
LH:8
BRDA:11,0,0,2
BRDA:11,0,1,1
BRF:2
BRH:2
end_of_record
TN:
SF:services/user/addUser.service.js
FN:3,(anonymous_0)
FNF:1
FNH:1
FNDA:3,(anonymous_0)
DA:1,1
DA:2,1
DA:3,1
DA:4,3
DA:5,3
DA:6,3
DA:7,3
DA:19,3
DA:20,1
DA:25,2
DA:27,0
LF:11
LH:10
BRDA:19,0,0,1
BRDA:19,0,1,2
BRF:2
BRH:2
end_of_record
TN:
SF:services/user/changePassword.service.js
FN:4,(anonymous_0)
FNF:1
FNH:1
FNDA:4,(anonymous_0)
DA:1,1
DA:3,1
DA:4,1
DA:5,4
DA:7,4
DA:9,3
DA:10,1
DA:16,2
DA:17,2
DA:18,2
DA:20,2
DA:21,1
DA:27,1
DA:34,1
DA:40,1
LF:15
LH:15
BRDA:9,0,0,1
BRDA:9,0,1,2
BRDA:20,1,0,1
BRDA:20,1,1,1
BRF:4
BRH:4
end_of_record
TN:
SF:services/user/changeSimpleUserInformation.service.js
FN:3,(anonymous_0)
FNF:1
FNH:1
FNDA:3,(anonymous_0)
DA:1,1
DA:3,1
DA:4,3
DA:5,3
DA:13,1
DA:18,2
LF:6
LH:6
BRF:0
BRH:0
end_of_record
TN:
SF:services/user/deleteUserById.service.js
FN:2,(anonymous_0)
FNF:1
FNH:1
FNDA:3,(anonymous_0)
DA:1,1
DA:2,1
DA:3,3
DA:5,3
DA:6,2
DA:7,1
DA:13,1
DA:18,1
LF:8
LH:8
BRDA:6,0,0,1
BRDA:6,0,1,1
BRF:2
BRH:2
end_of_record
TN:
SF:services/user/findUserByProperty.service.js
FN:5,(anonymous_0)
FNF:1
FNH:1
FNDA:4,(anonymous_0)
DA:1,1
DA:2,1
DA:5,1
DA:6,4
DA:8,4
DA:9,2
DA:15,2
DA:18,3
DA:19,1
DA:25,2
DA:30,1
DA:33,1
LF:12
LH:12
BRDA:5,0,0,1
BRDA:5,1,0,1
BRDA:8,2,0,2
BRDA:8,2,1,2
BRDA:18,3,0,1
BRDA:18,3,1,2
BRF:6
BRH:6
end_of_record
TN:
SF:services/user/getAllUser.service.js
FN:2,(anonymous_0)
FNF:1
FNH:1
FNDA:2,(anonymous_0)
DA:1,1
DA:2,1
DA:3,2
DA:4,2
DA:10,2
DA:12,1
DA:17,1
DA:18,1
LF:8
LH:8
BRDA:2,0,0,2
BRDA:2,1,0,2
BRDA:2,2,0,2
BRF:3
BRH:3
end_of_record
TN:
SF:services/user/getAllUsers.js
FN:3,(anonymous_0)
FN:19,(anonymous_1)
FNF:2
FNH:1
FNDA:2,(anonymous_0)
FNDA:0,(anonymous_1)
DA:1,1
DA:3,1
DA:4,2
DA:5,2
DA:11,2
DA:12,2
DA:19,2
DA:20,0
DA:29,2
DA:36,1
DA:38,1
LF:11
LH:10
BRF:0
BRH:0
end_of_record
TN:
SF:services/user/index.js
FNF:0
FNH:0
DA:1,1
DA:2,1
DA:3,1
DA:4,1
DA:5,1
DA:6,1
DA:7,1
DA:8,1
DA:9,1
LF:9
LH:9
BRF:0
BRH:0
end_of_record
TN:
SF:utils/minutesToString.js
FN:3,(anonymous_0)
FNF:1
FNH:1
FNDA:9,(anonymous_0)
DA:1,1
DA:3,1
DA:8,9
DA:9,9
DA:10,9
DA:11,9
DA:12,9
DA:13,9
DA:14,3
DA:16,6
DA:19,0
DA:20,0
LF:12
LH:10
BRDA:13,0,0,3
BRDA:13,0,1,6
BRF:2
BRH:2
end_of_record
TN:
SF:utils/paginateArray.js
FN:3,(anonymous_0)
FNF:1
FNH:1
FNDA:2,(anonymous_0)
DA:1,1
DA:3,1
DA:4,2
DA:5,2
DA:6,2
DA:7,2
DA:8,2
DA:25,0
LF:8
LH:7
BRDA:15,0,0,1
BRDA:15,0,1,1
BRDA:20,1,0,0
BRDA:20,1,1,2
BRDA:21,2,0,1
BRDA:21,2,1,1
BRDA:21,3,0,1
BRDA:21,3,1,1
BRF:8
BRH:7
end_of_record
TN:
SF:utils/stringToMinutes.js
FN:1,(anonymous_0)
FNF:1
FNH:1
FNDA:16,(anonymous_0)
DA:1,1
DA:4,16
DA:5,16
DA:6,16
DA:7,16
DA:9,0
DA:10,0
LF:7
LH:5
BRF:0
BRH:0
end_of_record
TN:
SF:utils/toBase64.js
FN:4,(anonymous_0)
FNF:1
FNH:0
FNDA:0,(anonymous_0)
DA:1,1
DA:4,1
DA:5,0
DA:7,0
DA:9,0
DA:10,0
DA:13,0
LF:7
LH:2
BRF:0
BRH:0
end_of_record
TN:
SF:utils/toUTC.js
FN:3,(anonymous_0)
FNF:1
FNH:1
FNDA:47,(anonymous_0)
DA:1,1
DA:3,1
DA:8,47
DA:9,47
DA:10,47
DA:11,47
DA:13,0
LF:7
LH:6
BRF:0
BRH:0
end_of_record
