TN:
SF:config/logger.js
FNF:0
FNH:0
DA:1,1
DA:108,1
DA:110,1
DA:111,1
DA:112,1
LF:5
LH:5
BRF:0
BRH:0
end_of_record
TN:
SF:controllers/resultForm.controller.js
FN:4,(anonymous_0)
FN:13,(anonymous_1)
FN:34,(anonymous_2)
FN:60,(anonymous_3)
FN:83,(anonymous_4)
FN:106,(anonymous_5)
FN:129,(anonymous_6)
FNF:7
FNH:7
FNDA:2,(anonymous_0)
FNDA:4,(anonymous_1)
FNDA:6,(anonymous_2)
FNDA:4,(anonymous_3)
FNDA:4,(anonymous_4)
FNDA:4,(anonymous_5)
FNDA:5,(anonymous_6)
DA:1,1
DA:2,1
DA:4,1
DA:5,2
DA:6,2
DA:7,2
DA:8,1
DA:10,1
DA:13,1
DA:14,4
DA:15,4
DA:16,2
DA:22,2
DA:24,2
DA:25,2
DA:31,2
DA:34,1
DA:35,6
DA:36,6
DA:37,6
DA:38,6
DA:39,6
DA:40,6
DA:41,3
DA:47,3
DA:49,3
DA:50,2
DA:56,2
DA:60,1
DA:61,4
DA:62,4
DA:63,2
DA:69,2
DA:71,2
DA:72,2
DA:78,2
DA:83,1
DA:84,4
DA:85,4
DA:86,2
DA:92,2
DA:94,2
DA:95,2
DA:101,2
DA:106,1
DA:107,4
DA:108,4
DA:109,2
DA:115,2
DA:117,2
DA:118,2
DA:124,2
DA:129,1
DA:130,5
DA:131,5
DA:132,2
DA:138,2
DA:140,3
DA:146,3
LF:59
LH:59
BRDA:7,0,0,1
BRDA:7,0,1,1
BRDA:7,1,0,2
BRDA:7,1,1,2
BRDA:15,2,0,2
BRDA:15,2,1,2
BRDA:18,3,0,1
BRDA:18,3,1,1
BRDA:19,4,0,1
BRDA:19,4,1,1
BRDA:20,5,0,1
BRDA:20,5,1,1
BRDA:24,6,0,2
BRDA:24,6,1,0
BRDA:27,7,0,1
BRDA:27,7,1,1
BRDA:28,8,0,1
BRDA:28,8,1,1
BRDA:29,9,0,1
BRDA:29,9,1,1
BRDA:37,10,0,0
BRDA:37,10,1,6
BRDA:40,11,0,3
BRDA:40,11,1,3
BRDA:43,12,0,1
BRDA:43,12,1,2
BRDA:44,13,0,1
BRDA:44,13,1,2
BRDA:45,14,0,1
BRDA:45,14,1,2
BRDA:49,15,0,2
BRDA:49,15,1,1
BRDA:52,16,0,1
BRDA:52,16,1,1
BRDA:53,17,0,1
BRDA:53,17,1,1
BRDA:54,18,0,1
BRDA:54,18,1,1
BRDA:62,19,0,2
BRDA:62,19,1,2
BRDA:65,20,0,1
BRDA:65,20,1,1
BRDA:66,21,0,1
BRDA:66,21,1,1
BRDA:67,22,0,1
BRDA:67,22,1,1
BRDA:71,23,0,2
BRDA:71,23,1,0
BRDA:74,24,0,1
BRDA:74,24,1,1
BRDA:75,25,0,1
BRDA:75,25,1,1
BRDA:76,26,0,1
BRDA:76,26,1,1
BRDA:79,27,0,2
BRDA:79,27,1,0
BRDA:85,28,0,2
BRDA:85,28,1,2
BRDA:88,29,0,1
BRDA:88,29,1,1
BRDA:89,30,0,1
BRDA:89,30,1,1
BRDA:90,31,0,1
BRDA:90,31,1,1
BRDA:94,32,0,2
BRDA:94,32,1,0
BRDA:97,33,0,1
BRDA:97,33,1,1
BRDA:98,34,0,1
BRDA:98,34,1,1
BRDA:99,35,0,1
BRDA:99,35,1,1
BRDA:102,36,0,2
BRDA:102,36,1,0
BRDA:108,37,0,2
BRDA:108,37,1,2
BRDA:111,38,0,1
BRDA:111,38,1,1
BRDA:112,39,0,1
BRDA:112,39,1,1
BRDA:113,40,0,1
BRDA:113,40,1,1
BRDA:117,41,0,2
BRDA:117,41,1,0
BRDA:120,42,0,1
BRDA:120,42,1,1
BRDA:121,43,0,1
BRDA:121,43,1,1
BRDA:122,44,0,1
BRDA:122,44,1,1
BRDA:125,45,0,2
BRDA:125,45,1,0
BRDA:131,46,0,2
BRDA:131,46,1,3
BRDA:134,47,0,1
BRDA:134,47,1,1
BRDA:135,48,0,1
BRDA:135,48,1,1
BRDA:136,49,0,1
BRDA:136,49,1,1
BRDA:142,50,0,1
BRDA:142,50,1,2
BRDA:143,51,0,1
BRDA:143,51,1,2
BRDA:144,52,0,1
BRDA:144,52,1,2
BRDA:147,53,0,1
BRDA:147,53,1,2
BRF:108
BRH:100
end_of_record
TN:
SF:models/MonitoringActivity.js
FNF:0
FNH:0
DA:1,1
DA:2,1
DA:3,1
DA:4,1
DA:19,1
DA:20,1
DA:22,1
LF:7
LH:7
BRF:0
BRH:0
end_of_record
TN:
SF:models/MonitoringActivityPlannification.js
FNF:0
FNH:0
DA:1,1
DA:2,1
DA:3,1
DA:4,1
DA:6,1
DA:46,1
DA:47,1
DA:48,1
DA:50,1
LF:9
LH:9
BRF:0
BRH:0
end_of_record
TN:
SF:models/ResultForm.js
FNF:0
FNH:0
DA:1,1
DA:2,1
DA:3,1
DA:6,1
DA:36,1
DA:37,1
DA:38,1
LF:7
LH:7
BRF:0
BRH:0
end_of_record
TN:
SF:models/Task.js
FNF:0
FNH:0
DA:1,1
DA:2,1
DA:3,1
DA:4,1
DA:6,1
DA:77,1
DA:78,1
DA:80,1
DA:82,1
LF:9
LH:9
BRF:0
BRH:0
end_of_record
TN:
SF:services/monitoringActivity/add.js
FN:2,(anonymous_0)
FNF:1
FNH:0
FNDA:0,(anonymous_0)
DA:1,1
DA:2,1
DA:3,0
DA:4,0
DA:6,0
DA:11,0
DA:12,0
LF:7
LH:2
BRF:0
BRH:0
end_of_record
TN:
SF:services/monitoringActivity/getAll.js
FN:2,(anonymous_0)
FN:29,(anonymous_1)
FNF:2
FNH:0
FNDA:0,(anonymous_0)
FNDA:0,(anonymous_1)
DA:1,1
DA:2,1
DA:3,0
DA:4,0
DA:5,0
DA:6,0
DA:8,0
DA:15,0
DA:16,0
DA:29,0
DA:31,0
DA:44,0
DA:51,0
DA:52,0
DA:57,0
DA:58,0
LF:16
LH:2
BRDA:5,0,0,0
BRDA:5,0,1,0
BRF:2
BRH:0
end_of_record
TN:
SF:services/monitoringActivity/index.js
FNF:0
FNH:0
DA:1,1
DA:2,1
DA:3,1
DA:4,1
DA:6,1
LF:5
LH:5
BRF:0
BRH:0
end_of_record
TN:
SF:services/monitoringActivity/notAssignedActivity.js
FN:4,(anonymous_0)
FN:15,(anonymous_1)
FN:17,(anonymous_2)
FNF:3
FNH:0
FNDA:0,(anonymous_0)
FNDA:0,(anonymous_1)
FNDA:0,(anonymous_2)
DA:1,1
DA:2,1
DA:4,1
DA:5,0
DA:6,0
DA:8,0
DA:12,0
DA:14,0
DA:15,0
DA:16,0
DA:17,0
DA:18,0
DA:19,0
DA:22,0
DA:23,0
DA:28,0
DA:33,0
DA:34,0
LF:18
LH:3
BRDA:14,0,0,0
BRDA:14,0,1,0
BRDA:14,1,0,0
BRDA:14,1,1,0
BRDA:18,2,0,0
BRDA:18,2,1,0
BRDA:22,3,0,0
BRDA:22,3,1,0
BRF:8
BRH:0
end_of_record
TN:
SF:services/monitoringActivity/update.js
FN:2,(anonymous_0)
FNF:1
FNH:0
FNDA:0,(anonymous_0)
DA:1,1
DA:2,1
DA:3,0
DA:5,0
DA:8,0
DA:9,0
DA:15,0
DA:20,0
LF:8
LH:2
BRDA:8,0,0,0
BRDA:8,0,1,0
BRF:2
BRH:0
end_of_record
TN:
SF:services/resultForm/addResultForm.service.js
FN:2,(anonymous_0)
FNF:1
FNH:1
FNDA:2,(anonymous_0)
DA:1,1
DA:2,1
DA:3,2
DA:4,2
DA:6,1
DA:8,1
DA:9,1
LF:7
LH:7
BRF:0
BRH:0
end_of_record
TN:
SF:services/resultForm/deleteResultForm.service.js
FN:2,(anonymous_0)
FNF:1
FNH:1
FNDA:4,(anonymous_0)
DA:1,1
DA:2,1
DA:3,4
DA:4,4
DA:5,3
DA:10,2
DA:11,1
DA:14,1
DA:16,1
LF:9
LH:9
BRDA:4,0,0,1
BRDA:4,0,1,3
BRDA:10,1,0,1
BRDA:10,1,1,1
BRF:4
BRH:4
end_of_record
TN:
SF:services/resultForm/getAllResultForm.service.js
FN:3,(anonymous_0)
FNF:1
FNH:1
FNDA:5,(anonymous_0)
DA:1,1
DA:3,1
DA:4,5
DA:5,5
DA:10,5
DA:17,3
DA:19,2
LF:7
LH:7
BRDA:13,0,0,1
BRDA:13,0,1,4
BRF:2
BRH:2
end_of_record
TN:
SF:services/resultForm/getMonitoringActivitiesWithoutResultForm.service.js
FN:5,(anonymous_0)
FN:9,(anonymous_1)
FN:9,(anonymous_2)
FNF:3
FNH:3
FNDA:2,(anonymous_0)
FNDA:2,(anonymous_1)
FNDA:1,(anonymous_2)
DA:2,1
DA:3,1
DA:5,1
DA:6,2
DA:7,2
DA:8,2
DA:9,2
DA:10,1
DA:11,1
DA:13,1
LF:10
LH:10
BRF:0
BRH:0
end_of_record
TN:
SF:services/resultForm/getResultFormById.service.js
FN:2,(anonymous_0)
FNF:1
FNH:1
FNDA:3,(anonymous_0)
DA:1,1
DA:2,1
DA:3,3
DA:4,3
DA:5,2
DA:6,1
DA:12,1
DA:14,1
LF:8
LH:8
BRDA:5,0,0,1
BRDA:5,0,1,1
BRF:2
BRH:2
end_of_record
TN:
SF:services/resultForm/getResultFormByTaskId.js
FN:4,(anonymous_0)
FNF:1
FNH:1
FNDA:3,(anonymous_0)
DA:1,1
DA:2,1
DA:4,1
DA:5,3
DA:6,3
DA:51,2
DA:52,1
DA:59,1
DA:66,1
LF:9
LH:9
BRDA:51,0,0,1
BRDA:51,0,1,1
BRF:2
BRH:2
end_of_record
TN:
SF:services/resultForm/index.js
FNF:0
FNH:0
DA:1,1
DA:2,1
DA:3,1
DA:4,1
DA:5,1
DA:6,1
DA:7,1
DA:8,1
LF:8
LH:8
BRF:0
BRH:0
end_of_record
TN:
SF:services/resultForm/updateResultForm.service.js
FN:2,(anonymous_0)
FNF:1
FNH:1
FNDA:4,(anonymous_0)
DA:1,1
DA:2,1
DA:3,4
DA:4,4
DA:14,3
DA:15,2
DA:21,1
DA:25,1
LF:8
LH:8
BRDA:14,0,0,2
BRDA:14,0,1,1
BRF:2
BRH:2
end_of_record
